Node  1: Res =  4: Type =  0: edges:    0 328 648  66  14 442 799 528 197 455  85 564 748 186 328 711 598 841  51 692 143 380 908 103 327 118 832 804 3898888
Node  2: Res =  7: Type =  1: edges:    0   0 667 986  94 426 425 892 953 622 344  35 183 837 220 510 545 563  94 595 252 984 720 157  84  44 274 662 847 408
Node  3: Res =  1: Type =  1: edges:    0   0   0 182 411 914 275 836 336 912 786 9571001 566 885 835 531 138 377  91 979 971 342 961 689 245 790 478 264 449
Node  4: Res = 10: Type =  0: edges:    0   0   0   0 193 999 853 349 910 873 182 991 782 713 692 780  22 320 358 552 458 734 642 434 448 730 138 882 974 674
Node  5: Res =  6: Type =  0: edges:    0   0   0   0   0 868 920 652  59 662 248 407 315 118 335 303 645 793 740 168 815  58 525 364 515 256 752 694 450 479
Node  6: Res =  7: Type =  1: edges:    0   0   0   0   0   0 196 249 178 430 114 843 828 172 502  73 325 816 939 405 865 581 195 602 749   7 659  17 371 919
Node  7: Res =  6: Type =  1: edges:    0   0   0   0   0   0   0 611 468 344 186 288 539 180 212 714 293  52 539 211 300 358 535 113  40 939 723 366 131  69
Node  8: Res =  5: Type =  1: edges:    0   0   0   0   0   0   0   0 727 877 254 644 895 1191000 106 462 931 393 746 108 604 457 400 656 742 356 955 845 890
Node  9: Res =  5: Type =  0: edges:    0   0   0   0   0   0   0   0   0 572 280 247 449 348 105 332  72 981 585 461 873 449 204 724 910 880 114 399 987 718
Node 10: Res =  2: Type =  0: edges:    0   0   0   0   0   0   0   0   0   0 117 340 486  69 182 120 627 811 691 906  56 885 251 908 214  69 632 544 529 248
Node 11: Res =  2: Type =  1: edges:    0   0   0   0   0   0   0   0   0   0   0 971 645 356  82  41  87 545 642 217 661 981 448 475 909 567 100 717   2   3
Node 12: Res =  8: Type =  1: edges:    0   0   0   0   0   0   0   0   0   0   0   01002 169 846  68 800 387 342  45 123 820 761 767 922 843 554   6 385 193
Node 13: Res =  7: Type =  1: edges:    0   0   0   0   0   0   0   0   0   0   0   0   0 919 669 264 825 982 109 286 983 112 549 612 859 718 455 926 261 588
Node 14: Res =  3: Type =  1: edges:    0   0   0   0   0   0   0   0   0   0   0   0   0   0 710 577 812 220 496 652 773 501 783 711 468 572 628 882 581 196
Node 15: Res =  8: Type =  0: edges:    0   0   0   0   0   0   0   0   0   0   0   0   0   0   0 227 587 547 776 945 403 237 397  72 497 984 830 548 437 404
Node 16: Res =  9: Type =  0: edges:    0   0   0   0   0   0   0   0   0   0   0   0   0   0   0   0 645 755 173 891 535 884 102 852 255 984 177 450 588 866
Node 17: Res =  5: Type =  0: edges:    0   0   0   0   0   0   0   0   0   0   0   0   0   0   0   0   0 156 196 863 304 432   3 375 928 733 950 220 167 352
Node 18: Res =  1: Type =  1: edges:    0   0   0   0   0   0   0   0   0   0   0   0   0   0   0   0   0   0 996  75 742 885 356 369 732 953 623 713 127  70
Node 19: Res =  6: Type =  0: edges:    0   0   0   0   0   0   0   0   0   0   0   0   0   0   0   0   0   0   0 492 711 893 687 317 194 864 319 314 536 797
Node 20: Res =  4: Type =  0: edges:    0   0   0   0   0   0   0   0   0   0   0   0   0   0   0   0   0   0   0   0 964 359  75 276  98 149  15 728 250 383
Node 21: Res =  9: Type =  1: edges:    0   0   0   0   0   0   0   0   0   0   0   0   0   0   0   0   0   0   0   0   0   3 916  73 821 706 811 310 414 447
Node 22: Res = 10: Type =  0: edges:    0   0   0   0   0   0   0   0   0   0   0   0   0   0   0   0   0   0   0   0   0   0 387 604 795 446 137 589 453 637
Node 23: Res =  9: Type =  0: edges:    0   0   0   0   0   0   0   0   0   0   0   0   0   0   0   0   0   0   0   0   0   0   0 711 572 401 606 332 126 601
Node 24: Res = 10: Type =  0: edges:    0   0   0   0   0   0   0   0   0   0   0   0   0   0   0   0   0   0   0   0   0   0   0   0 801 463 991 874  27 694
Node 25: Res =  6: Type =  0: edges:    0   0   0   0   0   0   0   0   0   0   0   0   0   0   0   0   0   0   0   0   0   0   0   0   0 106 874 825 581   4
Node 26: Res =  7: Type =  0: edges:    0   0   0   0   0   0   0   0   0   0   0   0   0   0   0   0   0   0   0   0   0   0   0   0   0   0 450 309 454 648
Node 27: Res =  1: Type =  0: edges:    0   0   0   0   0   0   0   0   0   0   0   0   0   0   0   0   0   0   0   0   0   0   0   0   0   0   0 203 146  64
Node 28: Res =  5: Type =  1: edges:    0   0   0   0   0   0   0   0   0   0   0   0   0   0   0   0   0   0   0   0   0   0   0   0   0   0   0   0 396 474
Node 29: Res =  2: Type =  1: edges:    0   0   0   0   0   0   0   0   0   0   0   0   0   0   0   0   0   0   0   0   0   0   0   0   0   0   0   0   0 549
Node 30: Res =  3: Type =  0: edges:    0   0   0   0   0   0   0   0   0   0   0   0   0   0   0   0   0   0   0   0   0   0   0   0   0   0   0   0   0   0
=========================================================================
Output NDL: robot1.ndl
Bound for NDL:240000
Output NDL: robot2.ndl
Bound for NDL:136
Output NDL: robot3.ndl
Bound for NDL:44
Output NDL: robot4.ndl
Bound for NDL:87
