Node  1: Res =  6: Type =  0: edges:    0 328 648  66  14 442 799 528 197 455  85 564 748 186 328 711 598 841  51 692 143 380 908 103 327 118 832 804 389 340 592  28 667 986  94 426 425 892 953 622 344  35 183 837 220 510 545 563  948888
Node  2: Res =  7: Type =  1: edges:    0   0 720 157  84  44 274 662 847 4081001 183 182 411 914 275 836 336 912 786 9571001 566 885 835 531 138 377  91 979 971 342 961 689 245 790 478 264 449  69 672 193 999 853 349 910 873 182 991 782
Node  3: Res = 10: Type =  1: edges:    0   0   0 780  22 320 358 552 458 734 642 434 448 730 138 882 974 674 104 235 868 920 652  59 662 248 407 315 118 335 303 645 793 740 168 815  58 525 364 515 256 752 694 450 479 578  75 196 249 178
Node  4: Res =  3: Type =  0: edges:    0   0   0   0 843 828 172 502  73 325 816 939 405 865 581 195 602 749   7 659  17 371 919  19 120 611 468 344 186 288 539 180 212 714 293  52 539 211 300 358 535 113  40 939 723 366 131  69 112 138
Node  5: Res =  7: Type =  1: edges:    0   0   0   0   0 254 644 895 1191000 106 462 931 393 746 108 604 457 400 656 742 356 955 845 890 813 884 572 280 247 449 348 105 332  72 981 585 461 873 449 204 724 910 880 114 399 987 718 855 131
Node  6: Res =  8: Type =  1: edges:    0   0   0   0   0   0 486  69 182 120 627 811 691 906  56 885 251 908 214  69 632 544 529 248 992 479 971 645 356  82  41  87 545 642 217 661 981 448 475 909 567 100 717   2   3 518 8861002 169 846
Node  7: Res =  3: Type =  1: edges:    0   0   0   0   0   0   0 387 342  45 123 820 761 767 922 843 554   6 385 193 222 792 919 669 264 825 982 109 286 983 112 549 612 859 718 455 926 261 588  11 306 710 577 812 220 496 652 773 501 783
Node  8: Res =  1: Type =  1: edges:    0   0   0   0   0   0   0   0 572 628 882 581 196 607 690 227 587 547 776 945 403 237 397  72 497 984 830 548 437 404 358 657 645 755 173 891 535 884 102 852 255 984 177 450 588 866 677 921 156 196
Node  9: Res =  2: Type =  1: edges:    0   0   0   0   0   0   0   0   0 432   3 375 928 733 950 220 167 352 323 569 996  75 742 885 356 369 732 953 623 713 127  70  45 738 492 711 893 687 317 194 864 319 314 536 797   8 755 964 359  75
Node 10: Res = 10: Type =  0: edges:    0   0   0   0   0   0   0   0   0   0 149  15 728 250 383 458 201   3 916  73 821 706 811 310 414 447 743 730 387 604 795 446 137 589 453 637 296 557 711 572 401 606 332 126 601 715 329 801 463 991
Node 11: Res =  6: Type =  1: edges:    0   0   0   0   0   0   0   0   0   0   0 694 428  83 106 874 825 581   4 172 119 450 309 454 648 691 749 203 146  64 603 751 396 474 349 856 549 896 316 537 513  89 228 940 171  79 557 741 406 307
Node 12: Res =  7: Type =  0: edges:    0   0   0   0   0   0   0   0   0   0   0   0 756 966 723 147 655 470  95 800 279 697 294 674 917 388 527 463  27 589 999 539 677 972 222 593  49 525 331 200 831 240 469 330 952 190 476 604 405 571
Node 13: Res =  6: Type =  0: edges:    0   0   0   0   0   0   0   0   0   0   0   0   0  11 186 355 673 573 627 133 600 213 877 884 635 593 104 225 641 628 555 840 456 541 306 785 490 241   4 839 645 320 731 326 331 916 426   1 486  50
Node 14: Res =  3: Type =  0: edges:    0   0   0   0   0   0   0   0   0   0   0   0   0   0 263 502 713 897  92 816 868 478 187 166 315 388 706 367 170 941 353 921 777 998 239 251  67 315 164 492 315 396 287 942 224 549 442 936 190 279
Node 15: Res =  1: Type =  1: edges:    0   0   0   0   0   0   0   0   0   0   0   0   0   0   0 757 427 968  69 814 672 181 729 356 280 648 879 275 632 127  87 946 291 324   4 686 610 946 909 905 131 589  92 409 829 640 1631002 605 980
Node 16: Res =  5: Type =  0: edges:    0   0   0   0   0   0   0   0   0   0   0   0   0   0   0   0 906 540 376 183 933 252 203 562 378 289 251 414 612 254  97 220 945 752 870 821  84 961 228 658 344 136 657 948 861 468 968 765 753  87
Node 17: Res =  9: Type =  0: edges:    0   0   0   0   0   0   0   0   0   0   0   0   0   0   0   0   0  84 896 736 461 930 986 621 286 985 717 251 928 212 118 746  41 824 719 699 165 601 353 110 459 566 823 969  62 655 660 490 738 299
Node 18: Res =  4: Type =  0: edges:    0   0   0   0   0   0   0   0   0   0   0   0   0   0   0   0   0   0 226 206 563 511 937  23 761 862 235 624 351 275 445 816 719 609 414 818 465 618 381 285 585 189 940 990 678 675 286 647 617 257
Node 19: Res =  7: Type =  0: edges:    0   0   0   0   0   0   0   0   0   0   0   0   0   0   0   0   0   0   0 514 532 948 272 137 180 642 488 200  84  47 919 693 206 734 903 823 860 933 151  46 616 138 470  35 423 114 651 680 711 574
Node 20: Res =  4: Type =  1: edges:    0   0   0   0   0   0   0   0   0   0   0   0   0   0   0   0   0   0   0   0 519 208 377 444 849 610 643 679 656 305 115 861  36  15 428 642 947 578 687 561 716 154 595 884  13 991 561 724 308 497
Node 21: Res =  3: Type =  0: edges:    0   0   0   0   0   0   0   0   0   0   0   0   0   0   0   0   0   0   0   0   0 451 832  13  43 186 402 721 841 452 835 446 488 849 619 875 540 194 559  98 655 459 438 537 471 426 843 940 734 338
Node 22: Res =  5: Type =  1: edges:    0   0   0   0   0   0   0   0   0   0   0   0   0   0   0   0   0   0   0   0   0   0 534 971  62 576 154 209 295 740 660 875 183 893 468 547 765   5 741  68 850 393 272 285 929 488 710 770 426 187
Node 23: Res = 10: Type =  1: edges:    0   0   0   0   0   0   0   0   0   0   0   0   0   0   0   0   0   0   0   0   0   0   0 236 384 532  43 959 685 999 999 423 656 872 351 293  83 644  55  87 382 870 936 520 139 966 193 627 419 708
Node 24: Res =  9: Type =  0: edges:    0   0   0   0   0   0   0   0   0   0   0   0   0   0   0   0   0   0   0   0   0   0   0   0 558 359 587 687 637 375 389  65 371 132 233 772 749 584  62 831 225 865 917 352 732 596 617 871 305 809
Node 25: Res = 10: Type =  0: edges:    0   0   0   0   0   0   0   0   0   0   0   0   0   0   0   0   0   0   0   0   0   0   0   0   0 514  36  72 817 140 404 247 776 524 636 587 894 767 819 410 513 146 471 341 116  79   1 467 811 342
Node 26: Res = 10: Type =  1: edges:    0   0   0   0   0   0   0   0   0   0   0   0   0   0   0   0   0   0   0   0   0   0   0   0   0   0 646 636 919 112 148 700 932 710 839 333 957 359 857 590 945 494 100 761 649 358 907 866 444  20
Node 27: Res =  5: Type =  0: edges:    0   0   0   0   0   0   0   0   0   0   0   0   0   0   0   0   0   0   0   0   0   0   0   0   0   0   0 233 752 531  60 174 922 695 838 779 588 535 708 296 372  39 250 476 641 585 418 880 430 924
Node 28: Res =  6: Type =  1: edges:    0   0   0   0   0   0   0   0   0   0   0   0   0   0   0   0   0   0   0   0   0   0   0   0   0   0   0   0 828 390 228 594 331 417 826  81 693 885 254 612 323  90 388 911 370  94 204 487 880 199
Node 29: Res =  9: Type =  0: edges:    0   0   0   0   0   0   0   0   0   0   0   0   0   0   0   0   0   0   0   0   0   0   0   0   0   0   0   0   0 529 123 141 704  45 667 488 618  54 461 209 131 877 780 959 567 408 210 924 731  45
Node 30: Res =  2: Type =  0: edges:    0   0   0   0   0   0   0   0   0   0   0   0   0   0   0   0   0   0   0   0   0   0   0   0   0   0   0   0   0   0 161 148 842 647 773 786 607  34  58 475 175 761 519 841 246 135 641 452  89 517
Node 31: Res =  7: Type =  0: edges:    0   0   0   0   0   0   0   0   0   0   0   0   0   0   0   0   0   0   0   0   0   0   0   0   0   0   0   0   0   0   0 473 638 274 428 559   2 219 613 386 379 507 225  23 277 756 375  57 813 850
Node 32: Res =  7: Type =  0: edges:    0   0   0   0   0   0   0   0   0   0   0   0   0   0   0   0   0   0   0   0   0   0   0   0   0   0   0   0   0   0   0   0 112 817 562 994 201  11 829 717  82 695 187 719 714 615  21 462 833 380
Node 33: Res =  4: Type =  1: edges:    0   0   0   0   0   0   0   0   0   0   0   0   0   0   0   0   0   0   0   0   0   0   0   0   0   0   0   0   0   0   0   0   0 632 818 979 654 317  98 710 128 693 686 444 804 501   4 542 447 762
Node 34: Res =  2: Type =  1: edges:    0   0   0   0   0   0   0   0   0   0   0   0   0   0   0   0   0   0   0   0   0   0   0   0   0   0   0   0   0   0   0   0   0   0 844 808 348 306 265 708  73 726 284 198 317 492 829 880 215 480
Node 35: Res =  8: Type =  1: edges:    0   0   0   0   0   0   0   0   0   0   0   0   0   0   0   0   0   0   0   0   0   0   0   0   0   0   0   0   0   0   0   0   0   0   0 188  67 750 619 511 297 117 260 838 564  19 203 471 608 756
Node 36: Res =  5: Type =  0: edges:    0   0   0   0   0   0   0   0   0   0   0   0   0   0   0   0   0   0   0   0   0   0   0   0   0   0   0   0   0   0   0   0   0   0   0   0  19 270 732 490 553 929 552 791 501 429 751 980 369 808
Node 37: Res =  1: Type =  0: edges:    0   0   0   0   0   0   0   0   0   0   0   0   0   0   0   0   0   0   0   0   0   0   0   0   0   0   0   0   0   0   0   0   0   0   0   0   0 555 530 945 851 392 950 687 701 715 635 169 320 389
Node 38: Res = 10: Type =  0: edges:    0   0   0   0   0   0   0   0   0   0   0   0   0   0   0   0   0   0   0   0   0   0   0   0   0   0   0   0   0   0   0   0   0   0   0   0   0   0 153 748 200 642  44 126 940 580 372 366 328 350
Node 39: Res =  4: Type =  1: edges:    0   0   0   0   0   0   0   0   0   0   0   0   0   0   0   0   0   0   0   0   0   0   0   0   0   0   0   0   0   0   0   0   0   0   0   0   0   0   0   6 915 687 281 603 536 673 551 968 371 263
Node 40: Res =  3: Type =  1: edges:    0   0   0   0   0   0   0   0   0   0   0   0   0   0   0   0   0   0   0   0   0   0   0   0   0   0   0   0   0   0   0   0   0   0   0   0   0   0   0   0 328 480 764  51 632 255 998  18 298 870
Node 41: Res = 10: Type =  1: edges:    0   0   0   0   0   0   0   0   0   0   0   0   0   0   0   0   0   0   0   0   0   0   0   0   0   0   0   0   0   0   0   0   0   0   0   0   0   0   0   0   0 239  66 203 588 546  82 340 204 768
Node 42: Res = 10: Type =  0: edges:    0   0   0   0   0   0   0   0   0   0   0   0   0   0   0   0   0   0   0   0   0   0   0   0   0   0   0   0   0   0   0   0   0   0   0   0   0   0   0   0   0   0  47 290 100 760 407 108 104 438
Node 43: Res = 10: Type =  1: edges:    0   0   0   0   0   0   0   0   0   0   0   0   0   0   0   0   0   0   0   0   0   0   0   0   0   0   0   0   0   0   0   0   0   0   0   0   0   0   0   0   0   0   0 947 980 961 199 975 978 496
Node 44: Res =  5: Type =  0: edges:    0   0   0   0   0   0   0   0   0   0   0   0   0   0   0   0   0   0   0   0   0   0   0   0   0   0   0   0   0   0   0   0   0   0   0   0   0   0   0   0   0   0   0   0 117  79 489 320 412  32
Node 45: Res =  8: Type =  1: edges:    0   0   0   0   0   0   0   0   0   0   0   0   0   0   0   0   0   0   0   0   0   0   0   0   0   0   0   0   0   0   0   0   0   0   0   0   0   0   0   0   0   0   0   0   0 235 914 115 787 707
Node 46: Res =  9: Type =  0: edges:    0   0   0   0   0   0   0   0   0   0   0   0   0   0   0   0   0   0   0   0   0   0   0   0   0   0   0   0   0   0   0   0   0   0   0   0   0   0   0   0   0   0   0   0   0   0 464 302 740 313
Node 47: Res =  6: Type =  0: edges:    0   0   0   0   0   0   0   0   0   0   0   0   0   0   0   0   0   0   0   0   0   0   0   0   0   0   0   0   0   0   0   0   0   0   0   0   0   0   0   0   0   0   0   0   0   0   0 642 683 898
Node 48: Res =  3: Type =  1: edges:    0   0   0   0   0   0   0   0   0   0   0   0   0   0   0   0   0   0   0   0   0   0   0   0   0   0   0   0   0   0   0   0   0   0   0   0   0   0   0   0   0   0   0   0   0   0   0   0 870 321
Node 49: Res =  1: Type =  1: edges:    0   0   0   0   0   0   0   0   0   0   0   0   0   0   0   0   0   0   0   0   0   0   0   0   0   0   0   0   0   0   0   0   0   0   0   0   0   0   0   0   0   0   0   0   0   0   0   0   0 744
Node 50: Res =  6: Type =  0: edges:    0   0   0   0   0   0   0   0   0   0   0   0   0   0   0   0   0   0   0   0   0   0   0   0   0   0   0   0   0   0   0   0   0   0   0   0   0   0   0   0   0   0   0   0   0   0   0   0   0   0
=========================================================================
Output NDL: robot1.ndl
Bound for NDL:240000
Output NDL: robot2.ndl
Bound for NDL:1164
Output NDL: robot3.ndl
Bound for NDL:460
Output NDL: robot4.ndl
Bound for NDL:137
Output NDL: robot5.ndl
Bound for NDL:59
Output NDL: robot6.ndl
Bound for NDL:88
Output NDL: robot7.ndl
Bound for NDL:103
Output NDL: robot8.ndl
Bound for NDL:110
Output NDL: robot9.ndl
Bound for NDL:114
Output NDL: robot10.ndl
Bound for NDL:116
Output NDL: robot11.ndl
Bound for NDL:117
