CBMC version 5.11 (cbmc-5.11) 64-bit x86_64 linux
Parsing bakery.c
Converting
Type-checking bakery
Generating GOTO Program
Adding CPROVER library (x86_64)
Removal of function pointers and virtual functions
Generic Property Instrumentation
Running with 8 object bits, 56 offset bits (default)
Starting Bounded Model Checking
Unwinding loop maxticket.0 iteration 1 file bakery.c line 56 function maxticket thread 0
Unwinding loop maxticket.0 iteration 2 file bakery.c line 56 function maxticket thread 0
Unwinding loop minticket.0 iteration 1 file bakery.c line 50 function minticket thread 0
Unwinding loop minticket.0 iteration 2 file bakery.c line 50 function minticket thread 0
Unwinding loop mutex.0 iteration 1 file bakery.c line 44 function mutex thread 0
Unwinding loop mutex.0 iteration 2 file bakery.c line 44 function mutex thread 0
aborting path on assume(false) at file <builtin-library-exit> line 7 function exit thread 0
Unwinding loop main.0 iteration 1 file bakery.c line 25 function main thread 0
Unwinding loop maxticket.0 iteration 1 file bakery.c line 56 function maxticket thread 0
Unwinding loop maxticket.0 iteration 2 file bakery.c line 56 function maxticket thread 0
Unwinding loop minticket.0 iteration 1 file bakery.c line 50 function minticket thread 0
Unwinding loop minticket.0 iteration 2 file bakery.c line 50 function minticket thread 0
Unwinding loop mutex.0 iteration 1 file bakery.c line 44 function mutex thread 0
Unwinding loop mutex.0 iteration 2 file bakery.c line 44 function mutex thread 0
aborting path on assume(false) at file <builtin-library-exit> line 7 function exit thread 0
Unwinding loop main.0 iteration 2 file bakery.c line 25 function main thread 0
Unwinding loop maxticket.0 iteration 1 file bakery.c line 56 function maxticket thread 0
Unwinding loop maxticket.0 iteration 2 file bakery.c line 56 function maxticket thread 0
Unwinding loop minticket.0 iteration 1 file bakery.c line 50 function minticket thread 0
Unwinding loop minticket.0 iteration 2 file bakery.c line 50 function minticket thread 0
Unwinding loop mutex.0 iteration 1 file bakery.c line 44 function mutex thread 0
Unwinding loop mutex.0 iteration 2 file bakery.c line 44 function mutex thread 0
aborting path on assume(false) at file <builtin-library-exit> line 7 function exit thread 0
Unwinding loop main.0 iteration 3 file bakery.c line 25 function main thread 0
Unwinding loop maxticket.0 iteration 1 file bakery.c line 56 function maxticket thread 0
Unwinding loop maxticket.0 iteration 2 file bakery.c line 56 function maxticket thread 0
Unwinding loop minticket.0 iteration 1 file bakery.c line 50 function minticket thread 0
Unwinding loop minticket.0 iteration 2 file bakery.c line 50 function minticket thread 0
Unwinding loop mutex.0 iteration 1 file bakery.c line 44 function mutex thread 0
Unwinding loop mutex.0 iteration 2 file bakery.c line 44 function mutex thread 0
aborting path on assume(false) at file <builtin-library-exit> line 7 function exit thread 0
Unwinding loop main.0 iteration 4 file bakery.c line 25 function main thread 0
Unwinding loop maxticket.0 iteration 1 file bakery.c line 56 function maxticket thread 0
Unwinding loop maxticket.0 iteration 2 file bakery.c line 56 function maxticket thread 0
Unwinding loop minticket.0 iteration 1 file bakery.c line 50 function minticket thread 0
Unwinding loop minticket.0 iteration 2 file bakery.c line 50 function minticket thread 0
Unwinding loop mutex.0 iteration 1 file bakery.c line 44 function mutex thread 0
Unwinding loop mutex.0 iteration 2 file bakery.c line 44 function mutex thread 0
aborting path on assume(false) at file <builtin-library-exit> line 7 function exit thread 0
Unwinding loop main.0 iteration 5 file bakery.c line 25 function main thread 0
Unwinding loop maxticket.0 iteration 1 file bakery.c line 56 function maxticket thread 0
Unwinding loop maxticket.0 iteration 2 file bakery.c line 56 function maxticket thread 0
Unwinding loop minticket.0 iteration 1 file bakery.c line 50 function minticket thread 0
Unwinding loop minticket.0 iteration 2 file bakery.c line 50 function minticket thread 0
Unwinding loop mutex.0 iteration 1 file bakery.c line 44 function mutex thread 0
Unwinding loop mutex.0 iteration 2 file bakery.c line 44 function mutex thread 0
aborting path on assume(false) at file <builtin-library-exit> line 7 function exit thread 0
Unwinding loop main.0 iteration 6 file bakery.c line 25 function main thread 0
Unwinding loop maxticket.0 iteration 1 file bakery.c line 56 function maxticket thread 0
Unwinding loop maxticket.0 iteration 2 file bakery.c line 56 function maxticket thread 0
Unwinding loop minticket.0 iteration 1 file bakery.c line 50 function minticket thread 0
Unwinding loop minticket.0 iteration 2 file bakery.c line 50 function minticket thread 0
Unwinding loop mutex.0 iteration 1 file bakery.c line 44 function mutex thread 0
Unwinding loop mutex.0 iteration 2 file bakery.c line 44 function mutex thread 0
aborting path on assume(false) at file <builtin-library-exit> line 7 function exit thread 0
Unwinding loop main.0 iteration 7 file bakery.c line 25 function main thread 0
Unwinding loop maxticket.0 iteration 1 file bakery.c line 56 function maxticket thread 0
Unwinding loop maxticket.0 iteration 2 file bakery.c line 56 function maxticket thread 0
Unwinding loop minticket.0 iteration 1 file bakery.c line 50 function minticket thread 0
Unwinding loop minticket.0 iteration 2 file bakery.c line 50 function minticket thread 0
Unwinding loop mutex.0 iteration 1 file bakery.c line 44 function mutex thread 0
Unwinding loop mutex.0 iteration 2 file bakery.c line 44 function mutex thread 0
aborting path on assume(false) at file <builtin-library-exit> line 7 function exit thread 0
Unwinding loop main.0 iteration 8 file bakery.c line 25 function main thread 0
Unwinding loop maxticket.0 iteration 1 file bakery.c line 56 function maxticket thread 0
Unwinding loop maxticket.0 iteration 2 file bakery.c line 56 function maxticket thread 0
Unwinding loop minticket.0 iteration 1 file bakery.c line 50 function minticket thread 0
Unwinding loop minticket.0 iteration 2 file bakery.c line 50 function minticket thread 0
Unwinding loop mutex.0 iteration 1 file bakery.c line 44 function mutex thread 0
Unwinding loop mutex.0 iteration 2 file bakery.c line 44 function mutex thread 0
aborting path on assume(false) at file <builtin-library-exit> line 7 function exit thread 0
Unwinding loop main.0 iteration 9 file bakery.c line 25 function main thread 0
Unwinding loop maxticket.0 iteration 1 file bakery.c line 56 function maxticket thread 0
Unwinding loop maxticket.0 iteration 2 file bakery.c line 56 function maxticket thread 0
Unwinding loop minticket.0 iteration 1 file bakery.c line 50 function minticket thread 0
Unwinding loop minticket.0 iteration 2 file bakery.c line 50 function minticket thread 0
Unwinding loop mutex.0 iteration 1 file bakery.c line 44 function mutex thread 0
Unwinding loop mutex.0 iteration 2 file bakery.c line 44 function mutex thread 0
aborting path on assume(false) at file <builtin-library-exit> line 7 function exit thread 0
Unwinding loop main.0 iteration 10 file bakery.c line 25 function main thread 0
Unwinding loop maxticket.0 iteration 1 file bakery.c line 56 function maxticket thread 0
Unwinding loop maxticket.0 iteration 2 file bakery.c line 56 function maxticket thread 0
Unwinding loop minticket.0 iteration 1 file bakery.c line 50 function minticket thread 0
Unwinding loop minticket.0 iteration 2 file bakery.c line 50 function minticket thread 0
Unwinding loop mutex.0 iteration 1 file bakery.c line 44 function mutex thread 0
Unwinding loop mutex.0 iteration 2 file bakery.c line 44 function mutex thread 0
aborting path on assume(false) at file <builtin-library-exit> line 7 function exit thread 0
Unwinding loop main.0 iteration 11 file bakery.c line 25 function main thread 0
Unwinding loop maxticket.0 iteration 1 file bakery.c line 56 function maxticket thread 0
Unwinding loop maxticket.0 iteration 2 file bakery.c line 56 function maxticket thread 0
Unwinding loop minticket.0 iteration 1 file bakery.c line 50 function minticket thread 0
Unwinding loop minticket.0 iteration 2 file bakery.c line 50 function minticket thread 0
Unwinding loop mutex.0 iteration 1 file bakery.c line 44 function mutex thread 0
Unwinding loop mutex.0 iteration 2 file bakery.c line 44 function mutex thread 0
aborting path on assume(false) at file <builtin-library-exit> line 7 function exit thread 0
Unwinding loop main.0 iteration 12 file bakery.c line 25 function main thread 0
Unwinding loop maxticket.0 iteration 1 file bakery.c line 56 function maxticket thread 0
Unwinding loop maxticket.0 iteration 2 file bakery.c line 56 function maxticket thread 0
Unwinding loop minticket.0 iteration 1 file bakery.c line 50 function minticket thread 0
Unwinding loop minticket.0 iteration 2 file bakery.c line 50 function minticket thread 0
Unwinding loop mutex.0 iteration 1 file bakery.c line 44 function mutex thread 0
Unwinding loop mutex.0 iteration 2 file bakery.c line 44 function mutex thread 0
aborting path on assume(false) at file <builtin-library-exit> line 7 function exit thread 0
Unwinding loop main.0 iteration 13 file bakery.c line 25 function main thread 0
Unwinding loop maxticket.0 iteration 1 file bakery.c line 56 function maxticket thread 0
Unwinding loop maxticket.0 iteration 2 file bakery.c line 56 function maxticket thread 0
Unwinding loop minticket.0 iteration 1 file bakery.c line 50 function minticket thread 0
Unwinding loop minticket.0 iteration 2 file bakery.c line 50 function minticket thread 0
Unwinding loop mutex.0 iteration 1 file bakery.c line 44 function mutex thread 0
Unwinding loop mutex.0 iteration 2 file bakery.c line 44 function mutex thread 0
aborting path on assume(false) at file <builtin-library-exit> line 7 function exit thread 0
Unwinding loop main.0 iteration 14 file bakery.c line 25 function main thread 0
Unwinding loop maxticket.0 iteration 1 file bakery.c line 56 function maxticket thread 0
Unwinding loop maxticket.0 iteration 2 file bakery.c line 56 function maxticket thread 0
Unwinding loop minticket.0 iteration 1 file bakery.c line 50 function minticket thread 0
Unwinding loop minticket.0 iteration 2 file bakery.c line 50 function minticket thread 0
Unwinding loop mutex.0 iteration 1 file bakery.c line 44 function mutex thread 0
Unwinding loop mutex.0 iteration 2 file bakery.c line 44 function mutex thread 0
aborting path on assume(false) at file <builtin-library-exit> line 7 function exit thread 0
Unwinding loop main.0 iteration 15 file bakery.c line 25 function main thread 0
Unwinding loop maxticket.0 iteration 1 file bakery.c line 56 function maxticket thread 0
Unwinding loop maxticket.0 iteration 2 file bakery.c line 56 function maxticket thread 0
Unwinding loop minticket.0 iteration 1 file bakery.c line 50 function minticket thread 0
Unwinding loop minticket.0 iteration 2 file bakery.c line 50 function minticket thread 0
Unwinding loop mutex.0 iteration 1 file bakery.c line 44 function mutex thread 0
Unwinding loop mutex.0 iteration 2 file bakery.c line 44 function mutex thread 0
aborting path on assume(false) at file <builtin-library-exit> line 7 function exit thread 0
Unwinding loop main.0 iteration 16 file bakery.c line 25 function main thread 0
Unwinding loop maxticket.0 iteration 1 file bakery.c line 56 function maxticket thread 0
Unwinding loop maxticket.0 iteration 2 file bakery.c line 56 function maxticket thread 0
Unwinding loop minticket.0 iteration 1 file bakery.c line 50 function minticket thread 0
Unwinding loop minticket.0 iteration 2 file bakery.c line 50 function minticket thread 0
Unwinding loop mutex.0 iteration 1 file bakery.c line 44 function mutex thread 0
Unwinding loop mutex.0 iteration 2 file bakery.c line 44 function mutex thread 0
aborting path on assume(false) at file <builtin-library-exit> line 7 function exit thread 0
Unwinding loop main.0 iteration 17 file bakery.c line 25 function main thread 0
Unwinding loop maxticket.0 iteration 1 file bakery.c line 56 function maxticket thread 0
Unwinding loop maxticket.0 iteration 2 file bakery.c line 56 function maxticket thread 0
Unwinding loop minticket.0 iteration 1 file bakery.c line 50 function minticket thread 0
Unwinding loop minticket.0 iteration 2 file bakery.c line 50 function minticket thread 0
Unwinding loop mutex.0 iteration 1 file bakery.c line 44 function mutex thread 0
Unwinding loop mutex.0 iteration 2 file bakery.c line 44 function mutex thread 0
aborting path on assume(false) at file <builtin-library-exit> line 7 function exit thread 0
Unwinding loop main.0 iteration 18 file bakery.c line 25 function main thread 0
Unwinding loop maxticket.0 iteration 1 file bakery.c line 56 function maxticket thread 0
Unwinding loop maxticket.0 iteration 2 file bakery.c line 56 function maxticket thread 0
Unwinding loop minticket.0 iteration 1 file bakery.c line 50 function minticket thread 0
Unwinding loop minticket.0 iteration 2 file bakery.c line 50 function minticket thread 0
Unwinding loop mutex.0 iteration 1 file bakery.c line 44 function mutex thread 0
Unwinding loop mutex.0 iteration 2 file bakery.c line 44 function mutex thread 0
aborting path on assume(false) at file <builtin-library-exit> line 7 function exit thread 0
Unwinding loop main.0 iteration 19 file bakery.c line 25 function main thread 0
Unwinding loop maxticket.0 iteration 1 file bakery.c line 56 function maxticket thread 0
Unwinding loop maxticket.0 iteration 2 file bakery.c line 56 function maxticket thread 0
Unwinding loop minticket.0 iteration 1 file bakery.c line 50 function minticket thread 0
Unwinding loop minticket.0 iteration 2 file bakery.c line 50 function minticket thread 0
Unwinding loop mutex.0 iteration 1 file bakery.c line 44 function mutex thread 0
Unwinding loop mutex.0 iteration 2 file bakery.c line 44 function mutex thread 0
aborting path on assume(false) at file <builtin-library-exit> line 7 function exit thread 0
Not unwinding loop main.0 iteration 20 file bakery.c line 25 function main thread 0
Unwinding loop main.1 iteration 1 file bakery.c line 36 function main thread 0
Unwinding loop main.1 iteration 2 file bakery.c line 36 function main thread 0
Unwinding loop main.1 iteration 3 file bakery.c line 36 function main thread 0
Unwinding loop main.1 iteration 4 file bakery.c line 36 function main thread 0
Unwinding loop main.1 iteration 5 file bakery.c line 36 function main thread 0
Unwinding loop main.1 iteration 6 file bakery.c line 36 function main thread 0
Unwinding loop main.1 iteration 7 file bakery.c line 36 function main thread 0
Unwinding loop main.1 iteration 8 file bakery.c line 36 function main thread 0
Unwinding loop main.1 iteration 9 file bakery.c line 36 function main thread 0
Unwinding loop main.1 iteration 10 file bakery.c line 36 function main thread 0
Unwinding loop main.1 iteration 11 file bakery.c line 36 function main thread 0
Unwinding loop main.1 iteration 12 file bakery.c line 36 function main thread 0
size of program expression: 4048 steps
simple slicing removed 422 assignments
Generated 38 VCC(s), 38 remaining after simplification
Passing problem to propositional reduction
converting SSA
Running propositional reduction
Post-processing
Solving with MiniSAT 2.2.1 with simplifier
77884 variables, 270927 clauses
SAT checker: instance is SATISFIABLE
Runtime decision procedure: 0.296263s

** Results:
bakery.c function mutex
[mutex.assertion.1] line 44 Mutex Violated!: FAILURE

** 1 of 1 failed (1 iteration)
VERIFICATION FAILED
