CBMC version 5.11 (cbmc-5.11) 64-bit x86_64 linux
Parsing bakery.c
Converting
Type-checking bakery
Generating GOTO Program
Adding CPROVER library (x86_64)
Removal of function pointers and virtual functions
Generic Property Instrumentation
Running with 8 object bits, 56 offset bits (default)
Starting Bounded Model Checking
Unwinding loop maxticket.0 iteration 1 file bakery.c line 56 function maxticket thread 0
Unwinding loop maxticket.0 iteration 2 file bakery.c line 56 function maxticket thread 0
Unwinding loop maxticket.0 iteration 3 file bakery.c line 56 function maxticket thread 0
Unwinding loop minticket.0 iteration 1 file bakery.c line 50 function minticket thread 0
Unwinding loop minticket.0 iteration 2 file bakery.c line 50 function minticket thread 0
Unwinding loop minticket.0 iteration 3 file bakery.c line 50 function minticket thread 0
Unwinding loop mutex.0 iteration 1 file bakery.c line 44 function mutex thread 0
Unwinding loop mutex.0 iteration 2 file bakery.c line 44 function mutex thread 0
Unwinding loop mutex.0 iteration 3 file bakery.c line 44 function mutex thread 0
aborting path on assume(false) at file <builtin-library-exit> line 7 function exit thread 0
Unwinding loop main.0 iteration 1 file bakery.c line 25 function main thread 0
Unwinding loop maxticket.0 iteration 1 file bakery.c line 56 function maxticket thread 0
Unwinding loop maxticket.0 iteration 2 file bakery.c line 56 function maxticket thread 0
Unwinding loop maxticket.0 iteration 3 file bakery.c line 56 function maxticket thread 0
Unwinding loop minticket.0 iteration 1 file bakery.c line 50 function minticket thread 0
Unwinding loop minticket.0 iteration 2 file bakery.c line 50 function minticket thread 0
Unwinding loop minticket.0 iteration 3 file bakery.c line 50 function minticket thread 0
Unwinding loop mutex.0 iteration 1 file bakery.c line 44 function mutex thread 0
Unwinding loop mutex.0 iteration 2 file bakery.c line 44 function mutex thread 0
Unwinding loop mutex.0 iteration 3 file bakery.c line 44 function mutex thread 0
aborting path on assume(false) at file <builtin-library-exit> line 7 function exit thread 0
Unwinding loop main.0 iteration 2 file bakery.c line 25 function main thread 0
Unwinding loop maxticket.0 iteration 1 file bakery.c line 56 function maxticket thread 0
Unwinding loop maxticket.0 iteration 2 file bakery.c line 56 function maxticket thread 0
Unwinding loop maxticket.0 iteration 3 file bakery.c line 56 function maxticket thread 0
Unwinding loop minticket.0 iteration 1 file bakery.c line 50 function minticket thread 0
Unwinding loop minticket.0 iteration 2 file bakery.c line 50 function minticket thread 0
Unwinding loop minticket.0 iteration 3 file bakery.c line 50 function minticket thread 0
Unwinding loop mutex.0 iteration 1 file bakery.c line 44 function mutex thread 0
Unwinding loop mutex.0 iteration 2 file bakery.c line 44 function mutex thread 0
Unwinding loop mutex.0 iteration 3 file bakery.c line 44 function mutex thread 0
aborting path on assume(false) at file <builtin-library-exit> line 7 function exit thread 0
Unwinding loop main.0 iteration 3 file bakery.c line 25 function main thread 0
Unwinding loop maxticket.0 iteration 1 file bakery.c line 56 function maxticket thread 0
Unwinding loop maxticket.0 iteration 2 file bakery.c line 56 function maxticket thread 0
Unwinding loop maxticket.0 iteration 3 file bakery.c line 56 function maxticket thread 0
Unwinding loop minticket.0 iteration 1 file bakery.c line 50 function minticket thread 0
Unwinding loop minticket.0 iteration 2 file bakery.c line 50 function minticket thread 0
Unwinding loop minticket.0 iteration 3 file bakery.c line 50 function minticket thread 0
Unwinding loop mutex.0 iteration 1 file bakery.c line 44 function mutex thread 0
Unwinding loop mutex.0 iteration 2 file bakery.c line 44 function mutex thread 0
Unwinding loop mutex.0 iteration 3 file bakery.c line 44 function mutex thread 0
aborting path on assume(false) at file <builtin-library-exit> line 7 function exit thread 0
Unwinding loop main.0 iteration 4 file bakery.c line 25 function main thread 0
Unwinding loop maxticket.0 iteration 1 file bakery.c line 56 function maxticket thread 0
Unwinding loop maxticket.0 iteration 2 file bakery.c line 56 function maxticket thread 0
Unwinding loop maxticket.0 iteration 3 file bakery.c line 56 function maxticket thread 0
Unwinding loop minticket.0 iteration 1 file bakery.c line 50 function minticket thread 0
Unwinding loop minticket.0 iteration 2 file bakery.c line 50 function minticket thread 0
Unwinding loop minticket.0 iteration 3 file bakery.c line 50 function minticket thread 0
Unwinding loop mutex.0 iteration 1 file bakery.c line 44 function mutex thread 0
Unwinding loop mutex.0 iteration 2 file bakery.c line 44 function mutex thread 0
Unwinding loop mutex.0 iteration 3 file bakery.c line 44 function mutex thread 0
aborting path on assume(false) at file <builtin-library-exit> line 7 function exit thread 0
Unwinding loop main.0 iteration 5 file bakery.c line 25 function main thread 0
Unwinding loop maxticket.0 iteration 1 file bakery.c line 56 function maxticket thread 0
Unwinding loop maxticket.0 iteration 2 file bakery.c line 56 function maxticket thread 0
Unwinding loop maxticket.0 iteration 3 file bakery.c line 56 function maxticket thread 0
Unwinding loop minticket.0 iteration 1 file bakery.c line 50 function minticket thread 0
Unwinding loop minticket.0 iteration 2 file bakery.c line 50 function minticket thread 0
Unwinding loop minticket.0 iteration 3 file bakery.c line 50 function minticket thread 0
Unwinding loop mutex.0 iteration 1 file bakery.c line 44 function mutex thread 0
Unwinding loop mutex.0 iteration 2 file bakery.c line 44 function mutex thread 0
Unwinding loop mutex.0 iteration 3 file bakery.c line 44 function mutex thread 0
aborting path on assume(false) at file <builtin-library-exit> line 7 function exit thread 0
Unwinding loop main.0 iteration 6 file bakery.c line 25 function main thread 0
Unwinding loop maxticket.0 iteration 1 file bakery.c line 56 function maxticket thread 0
Unwinding loop maxticket.0 iteration 2 file bakery.c line 56 function maxticket thread 0
Unwinding loop maxticket.0 iteration 3 file bakery.c line 56 function maxticket thread 0
Unwinding loop minticket.0 iteration 1 file bakery.c line 50 function minticket thread 0
Unwinding loop minticket.0 iteration 2 file bakery.c line 50 function minticket thread 0
Unwinding loop minticket.0 iteration 3 file bakery.c line 50 function minticket thread 0
Unwinding loop mutex.0 iteration 1 file bakery.c line 44 function mutex thread 0
Unwinding loop mutex.0 iteration 2 file bakery.c line 44 function mutex thread 0
Unwinding loop mutex.0 iteration 3 file bakery.c line 44 function mutex thread 0
aborting path on assume(false) at file <builtin-library-exit> line 7 function exit thread 0
Unwinding loop main.0 iteration 7 file bakery.c line 25 function main thread 0
Unwinding loop maxticket.0 iteration 1 file bakery.c line 56 function maxticket thread 0
Unwinding loop maxticket.0 iteration 2 file bakery.c line 56 function maxticket thread 0
Unwinding loop maxticket.0 iteration 3 file bakery.c line 56 function maxticket thread 0
Unwinding loop minticket.0 iteration 1 file bakery.c line 50 function minticket thread 0
Unwinding loop minticket.0 iteration 2 file bakery.c line 50 function minticket thread 0
Unwinding loop minticket.0 iteration 3 file bakery.c line 50 function minticket thread 0
Unwinding loop mutex.0 iteration 1 file bakery.c line 44 function mutex thread 0
Unwinding loop mutex.0 iteration 2 file bakery.c line 44 function mutex thread 0
Unwinding loop mutex.0 iteration 3 file bakery.c line 44 function mutex thread 0
aborting path on assume(false) at file <builtin-library-exit> line 7 function exit thread 0
Unwinding loop main.0 iteration 8 file bakery.c line 25 function main thread 0
Unwinding loop maxticket.0 iteration 1 file bakery.c line 56 function maxticket thread 0
Unwinding loop maxticket.0 iteration 2 file bakery.c line 56 function maxticket thread 0
Unwinding loop maxticket.0 iteration 3 file bakery.c line 56 function maxticket thread 0
Unwinding loop minticket.0 iteration 1 file bakery.c line 50 function minticket thread 0
Unwinding loop minticket.0 iteration 2 file bakery.c line 50 function minticket thread 0
Unwinding loop minticket.0 iteration 3 file bakery.c line 50 function minticket thread 0
Unwinding loop mutex.0 iteration 1 file bakery.c line 44 function mutex thread 0
Unwinding loop mutex.0 iteration 2 file bakery.c line 44 function mutex thread 0
Unwinding loop mutex.0 iteration 3 file bakery.c line 44 function mutex thread 0
aborting path on assume(false) at file <builtin-library-exit> line 7 function exit thread 0
Unwinding loop main.0 iteration 9 file bakery.c line 25 function main thread 0
Unwinding loop maxticket.0 iteration 1 file bakery.c line 56 function maxticket thread 0
Unwinding loop maxticket.0 iteration 2 file bakery.c line 56 function maxticket thread 0
Unwinding loop maxticket.0 iteration 3 file bakery.c line 56 function maxticket thread 0
Unwinding loop minticket.0 iteration 1 file bakery.c line 50 function minticket thread 0
Unwinding loop minticket.0 iteration 2 file bakery.c line 50 function minticket thread 0
Unwinding loop minticket.0 iteration 3 file bakery.c line 50 function minticket thread 0
Unwinding loop mutex.0 iteration 1 file bakery.c line 44 function mutex thread 0
Unwinding loop mutex.0 iteration 2 file bakery.c line 44 function mutex thread 0
Unwinding loop mutex.0 iteration 3 file bakery.c line 44 function mutex thread 0
aborting path on assume(false) at file <builtin-library-exit> line 7 function exit thread 0
Unwinding loop main.0 iteration 10 file bakery.c line 25 function main thread 0
Unwinding loop maxticket.0 iteration 1 file bakery.c line 56 function maxticket thread 0
Unwinding loop maxticket.0 iteration 2 file bakery.c line 56 function maxticket thread 0
Unwinding loop maxticket.0 iteration 3 file bakery.c line 56 function maxticket thread 0
Unwinding loop minticket.0 iteration 1 file bakery.c line 50 function minticket thread 0
Unwinding loop minticket.0 iteration 2 file bakery.c line 50 function minticket thread 0
Unwinding loop minticket.0 iteration 3 file bakery.c line 50 function minticket thread 0
Unwinding loop mutex.0 iteration 1 file bakery.c line 44 function mutex thread 0
Unwinding loop mutex.0 iteration 2 file bakery.c line 44 function mutex thread 0
Unwinding loop mutex.0 iteration 3 file bakery.c line 44 function mutex thread 0
aborting path on assume(false) at file <builtin-library-exit> line 7 function exit thread 0
Unwinding loop main.0 iteration 11 file bakery.c line 25 function main thread 0
Unwinding loop maxticket.0 iteration 1 file bakery.c line 56 function maxticket thread 0
Unwinding loop maxticket.0 iteration 2 file bakery.c line 56 function maxticket thread 0
Unwinding loop maxticket.0 iteration 3 file bakery.c line 56 function maxticket thread 0
Unwinding loop minticket.0 iteration 1 file bakery.c line 50 function minticket thread 0
Unwinding loop minticket.0 iteration 2 file bakery.c line 50 function minticket thread 0
Unwinding loop minticket.0 iteration 3 file bakery.c line 50 function minticket thread 0
Unwinding loop mutex.0 iteration 1 file bakery.c line 44 function mutex thread 0
Unwinding loop mutex.0 iteration 2 file bakery.c line 44 function mutex thread 0
Unwinding loop mutex.0 iteration 3 file bakery.c line 44 function mutex thread 0
aborting path on assume(false) at file <builtin-library-exit> line 7 function exit thread 0
Unwinding loop main.0 iteration 12 file bakery.c line 25 function main thread 0
Unwinding loop maxticket.0 iteration 1 file bakery.c line 56 function maxticket thread 0
Unwinding loop maxticket.0 iteration 2 file bakery.c line 56 function maxticket thread 0
Unwinding loop maxticket.0 iteration 3 file bakery.c line 56 function maxticket thread 0
Unwinding loop minticket.0 iteration 1 file bakery.c line 50 function minticket thread 0
Unwinding loop minticket.0 iteration 2 file bakery.c line 50 function minticket thread 0
Unwinding loop minticket.0 iteration 3 file bakery.c line 50 function minticket thread 0
Unwinding loop mutex.0 iteration 1 file bakery.c line 44 function mutex thread 0
Unwinding loop mutex.0 iteration 2 file bakery.c line 44 function mutex thread 0
Unwinding loop mutex.0 iteration 3 file bakery.c line 44 function mutex thread 0
aborting path on assume(false) at file <builtin-library-exit> line 7 function exit thread 0
Unwinding loop main.0 iteration 13 file bakery.c line 25 function main thread 0
Unwinding loop maxticket.0 iteration 1 file bakery.c line 56 function maxticket thread 0
Unwinding loop maxticket.0 iteration 2 file bakery.c line 56 function maxticket thread 0
Unwinding loop maxticket.0 iteration 3 file bakery.c line 56 function maxticket thread 0
Unwinding loop minticket.0 iteration 1 file bakery.c line 50 function minticket thread 0
Unwinding loop minticket.0 iteration 2 file bakery.c line 50 function minticket thread 0
Unwinding loop minticket.0 iteration 3 file bakery.c line 50 function minticket thread 0
Unwinding loop mutex.0 iteration 1 file bakery.c line 44 function mutex thread 0
Unwinding loop mutex.0 iteration 2 file bakery.c line 44 function mutex thread 0
Unwinding loop mutex.0 iteration 3 file bakery.c line 44 function mutex thread 0
aborting path on assume(false) at file <builtin-library-exit> line 7 function exit thread 0
Unwinding loop main.0 iteration 14 file bakery.c line 25 function main thread 0
Unwinding loop maxticket.0 iteration 1 file bakery.c line 56 function maxticket thread 0
Unwinding loop maxticket.0 iteration 2 file bakery.c line 56 function maxticket thread 0
Unwinding loop maxticket.0 iteration 3 file bakery.c line 56 function maxticket thread 0
Unwinding loop minticket.0 iteration 1 file bakery.c line 50 function minticket thread 0
Unwinding loop minticket.0 iteration 2 file bakery.c line 50 function minticket thread 0
Unwinding loop minticket.0 iteration 3 file bakery.c line 50 function minticket thread 0
Unwinding loop mutex.0 iteration 1 file bakery.c line 44 function mutex thread 0
Unwinding loop mutex.0 iteration 2 file bakery.c line 44 function mutex thread 0
Unwinding loop mutex.0 iteration 3 file bakery.c line 44 function mutex thread 0
aborting path on assume(false) at file <builtin-library-exit> line 7 function exit thread 0
Unwinding loop main.0 iteration 15 file bakery.c line 25 function main thread 0
Unwinding loop maxticket.0 iteration 1 file bakery.c line 56 function maxticket thread 0
Unwinding loop maxticket.0 iteration 2 file bakery.c line 56 function maxticket thread 0
Unwinding loop maxticket.0 iteration 3 file bakery.c line 56 function maxticket thread 0
Unwinding loop minticket.0 iteration 1 file bakery.c line 50 function minticket thread 0
Unwinding loop minticket.0 iteration 2 file bakery.c line 50 function minticket thread 0
Unwinding loop minticket.0 iteration 3 file bakery.c line 50 function minticket thread 0
Unwinding loop mutex.0 iteration 1 file bakery.c line 44 function mutex thread 0
Unwinding loop mutex.0 iteration 2 file bakery.c line 44 function mutex thread 0
Unwinding loop mutex.0 iteration 3 file bakery.c line 44 function mutex thread 0
aborting path on assume(false) at file <builtin-library-exit> line 7 function exit thread 0
Unwinding loop main.0 iteration 16 file bakery.c line 25 function main thread 0
Unwinding loop maxticket.0 iteration 1 file bakery.c line 56 function maxticket thread 0
Unwinding loop maxticket.0 iteration 2 file bakery.c line 56 function maxticket thread 0
Unwinding loop maxticket.0 iteration 3 file bakery.c line 56 function maxticket thread 0
Unwinding loop minticket.0 iteration 1 file bakery.c line 50 function minticket thread 0
Unwinding loop minticket.0 iteration 2 file bakery.c line 50 function minticket thread 0
Unwinding loop minticket.0 iteration 3 file bakery.c line 50 function minticket thread 0
Unwinding loop mutex.0 iteration 1 file bakery.c line 44 function mutex thread 0
Unwinding loop mutex.0 iteration 2 file bakery.c line 44 function mutex thread 0
Unwinding loop mutex.0 iteration 3 file bakery.c line 44 function mutex thread 0
aborting path on assume(false) at file <builtin-library-exit> line 7 function exit thread 0
Unwinding loop main.0 iteration 17 file bakery.c line 25 function main thread 0
Unwinding loop maxticket.0 iteration 1 file bakery.c line 56 function maxticket thread 0
Unwinding loop maxticket.0 iteration 2 file bakery.c line 56 function maxticket thread 0
Unwinding loop maxticket.0 iteration 3 file bakery.c line 56 function maxticket thread 0
Unwinding loop minticket.0 iteration 1 file bakery.c line 50 function minticket thread 0
Unwinding loop minticket.0 iteration 2 file bakery.c line 50 function minticket thread 0
Unwinding loop minticket.0 iteration 3 file bakery.c line 50 function minticket thread 0
Unwinding loop mutex.0 iteration 1 file bakery.c line 44 function mutex thread 0
Unwinding loop mutex.0 iteration 2 file bakery.c line 44 function mutex thread 0
Unwinding loop mutex.0 iteration 3 file bakery.c line 44 function mutex thread 0
aborting path on assume(false) at file <builtin-library-exit> line 7 function exit thread 0
Unwinding loop main.0 iteration 18 file bakery.c line 25 function main thread 0
Unwinding loop maxticket.0 iteration 1 file bakery.c line 56 function maxticket thread 0
Unwinding loop maxticket.0 iteration 2 file bakery.c line 56 function maxticket thread 0
Unwinding loop maxticket.0 iteration 3 file bakery.c line 56 function maxticket thread 0
Unwinding loop minticket.0 iteration 1 file bakery.c line 50 function minticket thread 0
Unwinding loop minticket.0 iteration 2 file bakery.c line 50 function minticket thread 0
Unwinding loop minticket.0 iteration 3 file bakery.c line 50 function minticket thread 0
Unwinding loop mutex.0 iteration 1 file bakery.c line 44 function mutex thread 0
Unwinding loop mutex.0 iteration 2 file bakery.c line 44 function mutex thread 0
Unwinding loop mutex.0 iteration 3 file bakery.c line 44 function mutex thread 0
aborting path on assume(false) at file <builtin-library-exit> line 7 function exit thread 0
Unwinding loop main.0 iteration 19 file bakery.c line 25 function main thread 0
Unwinding loop maxticket.0 iteration 1 file bakery.c line 56 function maxticket thread 0
Unwinding loop maxticket.0 iteration 2 file bakery.c line 56 function maxticket thread 0
Unwinding loop maxticket.0 iteration 3 file bakery.c line 56 function maxticket thread 0
Unwinding loop minticket.0 iteration 1 file bakery.c line 50 function minticket thread 0
Unwinding loop minticket.0 iteration 2 file bakery.c line 50 function minticket thread 0
Unwinding loop minticket.0 iteration 3 file bakery.c line 50 function minticket thread 0
Unwinding loop mutex.0 iteration 1 file bakery.c line 44 function mutex thread 0
Unwinding loop mutex.0 iteration 2 file bakery.c line 44 function mutex thread 0
Unwinding loop mutex.0 iteration 3 file bakery.c line 44 function mutex thread 0
aborting path on assume(false) at file <builtin-library-exit> line 7 function exit thread 0
Unwinding loop main.0 iteration 20 file bakery.c line 25 function main thread 0
Unwinding loop maxticket.0 iteration 1 file bakery.c line 56 function maxticket thread 0
Unwinding loop maxticket.0 iteration 2 file bakery.c line 56 function maxticket thread 0
Unwinding loop maxticket.0 iteration 3 file bakery.c line 56 function maxticket thread 0
Unwinding loop minticket.0 iteration 1 file bakery.c line 50 function minticket thread 0
Unwinding loop minticket.0 iteration 2 file bakery.c line 50 function minticket thread 0
Unwinding loop minticket.0 iteration 3 file bakery.c line 50 function minticket thread 0
Unwinding loop mutex.0 iteration 1 file bakery.c line 44 function mutex thread 0
Unwinding loop mutex.0 iteration 2 file bakery.c line 44 function mutex thread 0
Unwinding loop mutex.0 iteration 3 file bakery.c line 44 function mutex thread 0
aborting path on assume(false) at file <builtin-library-exit> line 7 function exit thread 0
Unwinding loop main.0 iteration 21 file bakery.c line 25 function main thread 0
Unwinding loop maxticket.0 iteration 1 file bakery.c line 56 function maxticket thread 0
Unwinding loop maxticket.0 iteration 2 file bakery.c line 56 function maxticket thread 0
Unwinding loop maxticket.0 iteration 3 file bakery.c line 56 function maxticket thread 0
Unwinding loop minticket.0 iteration 1 file bakery.c line 50 function minticket thread 0
Unwinding loop minticket.0 iteration 2 file bakery.c line 50 function minticket thread 0
Unwinding loop minticket.0 iteration 3 file bakery.c line 50 function minticket thread 0
Unwinding loop mutex.0 iteration 1 file bakery.c line 44 function mutex thread 0
Unwinding loop mutex.0 iteration 2 file bakery.c line 44 function mutex thread 0
Unwinding loop mutex.0 iteration 3 file bakery.c line 44 function mutex thread 0
aborting path on assume(false) at file <builtin-library-exit> line 7 function exit thread 0
Unwinding loop main.0 iteration 22 file bakery.c line 25 function main thread 0
Unwinding loop maxticket.0 iteration 1 file bakery.c line 56 function maxticket thread 0
Unwinding loop maxticket.0 iteration 2 file bakery.c line 56 function maxticket thread 0
Unwinding loop maxticket.0 iteration 3 file bakery.c line 56 function maxticket thread 0
Unwinding loop minticket.0 iteration 1 file bakery.c line 50 function minticket thread 0
Unwinding loop minticket.0 iteration 2 file bakery.c line 50 function minticket thread 0
Unwinding loop minticket.0 iteration 3 file bakery.c line 50 function minticket thread 0
Unwinding loop mutex.0 iteration 1 file bakery.c line 44 function mutex thread 0
Unwinding loop mutex.0 iteration 2 file bakery.c line 44 function mutex thread 0
Unwinding loop mutex.0 iteration 3 file bakery.c line 44 function mutex thread 0
aborting path on assume(false) at file <builtin-library-exit> line 7 function exit thread 0
Unwinding loop main.0 iteration 23 file bakery.c line 25 function main thread 0
Unwinding loop maxticket.0 iteration 1 file bakery.c line 56 function maxticket thread 0
Unwinding loop maxticket.0 iteration 2 file bakery.c line 56 function maxticket thread 0
Unwinding loop maxticket.0 iteration 3 file bakery.c line 56 function maxticket thread 0
Unwinding loop minticket.0 iteration 1 file bakery.c line 50 function minticket thread 0
Unwinding loop minticket.0 iteration 2 file bakery.c line 50 function minticket thread 0
Unwinding loop minticket.0 iteration 3 file bakery.c line 50 function minticket thread 0
Unwinding loop mutex.0 iteration 1 file bakery.c line 44 function mutex thread 0
Unwinding loop mutex.0 iteration 2 file bakery.c line 44 function mutex thread 0
Unwinding loop mutex.0 iteration 3 file bakery.c line 44 function mutex thread 0
aborting path on assume(false) at file <builtin-library-exit> line 7 function exit thread 0
Unwinding loop main.0 iteration 24 file bakery.c line 25 function main thread 0
Unwinding loop maxticket.0 iteration 1 file bakery.c line 56 function maxticket thread 0
Unwinding loop maxticket.0 iteration 2 file bakery.c line 56 function maxticket thread 0
Unwinding loop maxticket.0 iteration 3 file bakery.c line 56 function maxticket thread 0
Unwinding loop minticket.0 iteration 1 file bakery.c line 50 function minticket thread 0
Unwinding loop minticket.0 iteration 2 file bakery.c line 50 function minticket thread 0
Unwinding loop minticket.0 iteration 3 file bakery.c line 50 function minticket thread 0
Unwinding loop mutex.0 iteration 1 file bakery.c line 44 function mutex thread 0
Unwinding loop mutex.0 iteration 2 file bakery.c line 44 function mutex thread 0
Unwinding loop mutex.0 iteration 3 file bakery.c line 44 function mutex thread 0
aborting path on assume(false) at file <builtin-library-exit> line 7 function exit thread 0
Unwinding loop main.0 iteration 25 file bakery.c line 25 function main thread 0
Unwinding loop maxticket.0 iteration 1 file bakery.c line 56 function maxticket thread 0
Unwinding loop maxticket.0 iteration 2 file bakery.c line 56 function maxticket thread 0
Unwinding loop maxticket.0 iteration 3 file bakery.c line 56 function maxticket thread 0
Unwinding loop minticket.0 iteration 1 file bakery.c line 50 function minticket thread 0
Unwinding loop minticket.0 iteration 2 file bakery.c line 50 function minticket thread 0
Unwinding loop minticket.0 iteration 3 file bakery.c line 50 function minticket thread 0
Unwinding loop mutex.0 iteration 1 file bakery.c line 44 function mutex thread 0
Unwinding loop mutex.0 iteration 2 file bakery.c line 44 function mutex thread 0
Unwinding loop mutex.0 iteration 3 file bakery.c line 44 function mutex thread 0
aborting path on assume(false) at file <builtin-library-exit> line 7 function exit thread 0
Unwinding loop main.0 iteration 26 file bakery.c line 25 function main thread 0
Unwinding loop maxticket.0 iteration 1 file bakery.c line 56 function maxticket thread 0
Unwinding loop maxticket.0 iteration 2 file bakery.c line 56 function maxticket thread 0
Unwinding loop maxticket.0 iteration 3 file bakery.c line 56 function maxticket thread 0
Unwinding loop minticket.0 iteration 1 file bakery.c line 50 function minticket thread 0
Unwinding loop minticket.0 iteration 2 file bakery.c line 50 function minticket thread 0
Unwinding loop minticket.0 iteration 3 file bakery.c line 50 function minticket thread 0
Unwinding loop mutex.0 iteration 1 file bakery.c line 44 function mutex thread 0
Unwinding loop mutex.0 iteration 2 file bakery.c line 44 function mutex thread 0
Unwinding loop mutex.0 iteration 3 file bakery.c line 44 function mutex thread 0
aborting path on assume(false) at file <builtin-library-exit> line 7 function exit thread 0
Unwinding loop main.0 iteration 27 file bakery.c line 25 function main thread 0
Unwinding loop maxticket.0 iteration 1 file bakery.c line 56 function maxticket thread 0
Unwinding loop maxticket.0 iteration 2 file bakery.c line 56 function maxticket thread 0
Unwinding loop maxticket.0 iteration 3 file bakery.c line 56 function maxticket thread 0
Unwinding loop minticket.0 iteration 1 file bakery.c line 50 function minticket thread 0
Unwinding loop minticket.0 iteration 2 file bakery.c line 50 function minticket thread 0
Unwinding loop minticket.0 iteration 3 file bakery.c line 50 function minticket thread 0
Unwinding loop mutex.0 iteration 1 file bakery.c line 44 function mutex thread 0
Unwinding loop mutex.0 iteration 2 file bakery.c line 44 function mutex thread 0
Unwinding loop mutex.0 iteration 3 file bakery.c line 44 function mutex thread 0
aborting path on assume(false) at file <builtin-library-exit> line 7 function exit thread 0
Unwinding loop main.0 iteration 28 file bakery.c line 25 function main thread 0
Unwinding loop maxticket.0 iteration 1 file bakery.c line 56 function maxticket thread 0
Unwinding loop maxticket.0 iteration 2 file bakery.c line 56 function maxticket thread 0
Unwinding loop maxticket.0 iteration 3 file bakery.c line 56 function maxticket thread 0
Unwinding loop minticket.0 iteration 1 file bakery.c line 50 function minticket thread 0
Unwinding loop minticket.0 iteration 2 file bakery.c line 50 function minticket thread 0
Unwinding loop minticket.0 iteration 3 file bakery.c line 50 function minticket thread 0
Unwinding loop mutex.0 iteration 1 file bakery.c line 44 function mutex thread 0
Unwinding loop mutex.0 iteration 2 file bakery.c line 44 function mutex thread 0
Unwinding loop mutex.0 iteration 3 file bakery.c line 44 function mutex thread 0
aborting path on assume(false) at file <builtin-library-exit> line 7 function exit thread 0
Unwinding loop main.0 iteration 29 file bakery.c line 25 function main thread 0
Unwinding loop maxticket.0 iteration 1 file bakery.c line 56 function maxticket thread 0
Unwinding loop maxticket.0 iteration 2 file bakery.c line 56 function maxticket thread 0
Unwinding loop maxticket.0 iteration 3 file bakery.c line 56 function maxticket thread 0
Unwinding loop minticket.0 iteration 1 file bakery.c line 50 function minticket thread 0
Unwinding loop minticket.0 iteration 2 file bakery.c line 50 function minticket thread 0
Unwinding loop minticket.0 iteration 3 file bakery.c line 50 function minticket thread 0
Unwinding loop mutex.0 iteration 1 file bakery.c line 44 function mutex thread 0
Unwinding loop mutex.0 iteration 2 file bakery.c line 44 function mutex thread 0
Unwinding loop mutex.0 iteration 3 file bakery.c line 44 function mutex thread 0
aborting path on assume(false) at file <builtin-library-exit> line 7 function exit thread 0
Unwinding loop main.0 iteration 30 file bakery.c line 25 function main thread 0
Unwinding loop maxticket.0 iteration 1 file bakery.c line 56 function maxticket thread 0
Unwinding loop maxticket.0 iteration 2 file bakery.c line 56 function maxticket thread 0
Unwinding loop maxticket.0 iteration 3 file bakery.c line 56 function maxticket thread 0
Unwinding loop minticket.0 iteration 1 file bakery.c line 50 function minticket thread 0
Unwinding loop minticket.0 iteration 2 file bakery.c line 50 function minticket thread 0
Unwinding loop minticket.0 iteration 3 file bakery.c line 50 function minticket thread 0
Unwinding loop mutex.0 iteration 1 file bakery.c line 44 function mutex thread 0
Unwinding loop mutex.0 iteration 2 file bakery.c line 44 function mutex thread 0
Unwinding loop mutex.0 iteration 3 file bakery.c line 44 function mutex thread 0
aborting path on assume(false) at file <builtin-library-exit> line 7 function exit thread 0
Unwinding loop main.0 iteration 31 file bakery.c line 25 function main thread 0
Unwinding loop maxticket.0 iteration 1 file bakery.c line 56 function maxticket thread 0
Unwinding loop maxticket.0 iteration 2 file bakery.c line 56 function maxticket thread 0
Unwinding loop maxticket.0 iteration 3 file bakery.c line 56 function maxticket thread 0
Unwinding loop minticket.0 iteration 1 file bakery.c line 50 function minticket thread 0
Unwinding loop minticket.0 iteration 2 file bakery.c line 50 function minticket thread 0
Unwinding loop minticket.0 iteration 3 file bakery.c line 50 function minticket thread 0
Unwinding loop mutex.0 iteration 1 file bakery.c line 44 function mutex thread 0
Unwinding loop mutex.0 iteration 2 file bakery.c line 44 function mutex thread 0
Unwinding loop mutex.0 iteration 3 file bakery.c line 44 function mutex thread 0
aborting path on assume(false) at file <builtin-library-exit> line 7 function exit thread 0
Unwinding loop main.0 iteration 32 file bakery.c line 25 function main thread 0
Unwinding loop maxticket.0 iteration 1 file bakery.c line 56 function maxticket thread 0
Unwinding loop maxticket.0 iteration 2 file bakery.c line 56 function maxticket thread 0
Unwinding loop maxticket.0 iteration 3 file bakery.c line 56 function maxticket thread 0
Unwinding loop minticket.0 iteration 1 file bakery.c line 50 function minticket thread 0
Unwinding loop minticket.0 iteration 2 file bakery.c line 50 function minticket thread 0
Unwinding loop minticket.0 iteration 3 file bakery.c line 50 function minticket thread 0
Unwinding loop mutex.0 iteration 1 file bakery.c line 44 function mutex thread 0
Unwinding loop mutex.0 iteration 2 file bakery.c line 44 function mutex thread 0
Unwinding loop mutex.0 iteration 3 file bakery.c line 44 function mutex thread 0
aborting path on assume(false) at file <builtin-library-exit> line 7 function exit thread 0
Unwinding loop main.0 iteration 33 file bakery.c line 25 function main thread 0
Unwinding loop maxticket.0 iteration 1 file bakery.c line 56 function maxticket thread 0
Unwinding loop maxticket.0 iteration 2 file bakery.c line 56 function maxticket thread 0
Unwinding loop maxticket.0 iteration 3 file bakery.c line 56 function maxticket thread 0
Unwinding loop minticket.0 iteration 1 file bakery.c line 50 function minticket thread 0
Unwinding loop minticket.0 iteration 2 file bakery.c line 50 function minticket thread 0
Unwinding loop minticket.0 iteration 3 file bakery.c line 50 function minticket thread 0
Unwinding loop mutex.0 iteration 1 file bakery.c line 44 function mutex thread 0
Unwinding loop mutex.0 iteration 2 file bakery.c line 44 function mutex thread 0
Unwinding loop mutex.0 iteration 3 file bakery.c line 44 function mutex thread 0
aborting path on assume(false) at file <builtin-library-exit> line 7 function exit thread 0
Unwinding loop main.0 iteration 34 file bakery.c line 25 function main thread 0
Unwinding loop maxticket.0 iteration 1 file bakery.c line 56 function maxticket thread 0
Unwinding loop maxticket.0 iteration 2 file bakery.c line 56 function maxticket thread 0
Unwinding loop maxticket.0 iteration 3 file bakery.c line 56 function maxticket thread 0
Unwinding loop minticket.0 iteration 1 file bakery.c line 50 function minticket thread 0
Unwinding loop minticket.0 iteration 2 file bakery.c line 50 function minticket thread 0
Unwinding loop minticket.0 iteration 3 file bakery.c line 50 function minticket thread 0
Unwinding loop mutex.0 iteration 1 file bakery.c line 44 function mutex thread 0
Unwinding loop mutex.0 iteration 2 file bakery.c line 44 function mutex thread 0
Unwinding loop mutex.0 iteration 3 file bakery.c line 44 function mutex thread 0
aborting path on assume(false) at file <builtin-library-exit> line 7 function exit thread 0
Unwinding loop main.0 iteration 35 file bakery.c line 25 function main thread 0
Unwinding loop maxticket.0 iteration 1 file bakery.c line 56 function maxticket thread 0
Unwinding loop maxticket.0 iteration 2 file bakery.c line 56 function maxticket thread 0
Unwinding loop maxticket.0 iteration 3 file bakery.c line 56 function maxticket thread 0
Unwinding loop minticket.0 iteration 1 file bakery.c line 50 function minticket thread 0
Unwinding loop minticket.0 iteration 2 file bakery.c line 50 function minticket thread 0
Unwinding loop minticket.0 iteration 3 file bakery.c line 50 function minticket thread 0
Unwinding loop mutex.0 iteration 1 file bakery.c line 44 function mutex thread 0
Unwinding loop mutex.0 iteration 2 file bakery.c line 44 function mutex thread 0
Unwinding loop mutex.0 iteration 3 file bakery.c line 44 function mutex thread 0
aborting path on assume(false) at file <builtin-library-exit> line 7 function exit thread 0
Unwinding loop main.0 iteration 36 file bakery.c line 25 function main thread 0
Unwinding loop maxticket.0 iteration 1 file bakery.c line 56 function maxticket thread 0
Unwinding loop maxticket.0 iteration 2 file bakery.c line 56 function maxticket thread 0
Unwinding loop maxticket.0 iteration 3 file bakery.c line 56 function maxticket thread 0
Unwinding loop minticket.0 iteration 1 file bakery.c line 50 function minticket thread 0
Unwinding loop minticket.0 iteration 2 file bakery.c line 50 function minticket thread 0
Unwinding loop minticket.0 iteration 3 file bakery.c line 50 function minticket thread 0
Unwinding loop mutex.0 iteration 1 file bakery.c line 44 function mutex thread 0
Unwinding loop mutex.0 iteration 2 file bakery.c line 44 function mutex thread 0
Unwinding loop mutex.0 iteration 3 file bakery.c line 44 function mutex thread 0
aborting path on assume(false) at file <builtin-library-exit> line 7 function exit thread 0
Unwinding loop main.0 iteration 37 file bakery.c line 25 function main thread 0
Unwinding loop maxticket.0 iteration 1 file bakery.c line 56 function maxticket thread 0
Unwinding loop maxticket.0 iteration 2 file bakery.c line 56 function maxticket thread 0
Unwinding loop maxticket.0 iteration 3 file bakery.c line 56 function maxticket thread 0
Unwinding loop minticket.0 iteration 1 file bakery.c line 50 function minticket thread 0
Unwinding loop minticket.0 iteration 2 file bakery.c line 50 function minticket thread 0
Unwinding loop minticket.0 iteration 3 file bakery.c line 50 function minticket thread 0
Unwinding loop mutex.0 iteration 1 file bakery.c line 44 function mutex thread 0
Unwinding loop mutex.0 iteration 2 file bakery.c line 44 function mutex thread 0
Unwinding loop mutex.0 iteration 3 file bakery.c line 44 function mutex thread 0
aborting path on assume(false) at file <builtin-library-exit> line 7 function exit thread 0
Unwinding loop main.0 iteration 38 file bakery.c line 25 function main thread 0
Unwinding loop maxticket.0 iteration 1 file bakery.c line 56 function maxticket thread 0
Unwinding loop maxticket.0 iteration 2 file bakery.c line 56 function maxticket thread 0
Unwinding loop maxticket.0 iteration 3 file bakery.c line 56 function maxticket thread 0
Unwinding loop minticket.0 iteration 1 file bakery.c line 50 function minticket thread 0
Unwinding loop minticket.0 iteration 2 file bakery.c line 50 function minticket thread 0
Unwinding loop minticket.0 iteration 3 file bakery.c line 50 function minticket thread 0
Unwinding loop mutex.0 iteration 1 file bakery.c line 44 function mutex thread 0
Unwinding loop mutex.0 iteration 2 file bakery.c line 44 function mutex thread 0
Unwinding loop mutex.0 iteration 3 file bakery.c line 44 function mutex thread 0
aborting path on assume(false) at file <builtin-library-exit> line 7 function exit thread 0
Unwinding loop main.0 iteration 39 file bakery.c line 25 function main thread 0
Unwinding loop maxticket.0 iteration 1 file bakery.c line 56 function maxticket thread 0
Unwinding loop maxticket.0 iteration 2 file bakery.c line 56 function maxticket thread 0
Unwinding loop maxticket.0 iteration 3 file bakery.c line 56 function maxticket thread 0
Unwinding loop minticket.0 iteration 1 file bakery.c line 50 function minticket thread 0
Unwinding loop minticket.0 iteration 2 file bakery.c line 50 function minticket thread 0
Unwinding loop minticket.0 iteration 3 file bakery.c line 50 function minticket thread 0
Unwinding loop mutex.0 iteration 1 file bakery.c line 44 function mutex thread 0
Unwinding loop mutex.0 iteration 2 file bakery.c line 44 function mutex thread 0
Unwinding loop mutex.0 iteration 3 file bakery.c line 44 function mutex thread 0
aborting path on assume(false) at file <builtin-library-exit> line 7 function exit thread 0
Unwinding loop main.0 iteration 40 file bakery.c line 25 function main thread 0
Unwinding loop maxticket.0 iteration 1 file bakery.c line 56 function maxticket thread 0
Unwinding loop maxticket.0 iteration 2 file bakery.c line 56 function maxticket thread 0
Unwinding loop maxticket.0 iteration 3 file bakery.c line 56 function maxticket thread 0
Unwinding loop minticket.0 iteration 1 file bakery.c line 50 function minticket thread 0
Unwinding loop minticket.0 iteration 2 file bakery.c line 50 function minticket thread 0
Unwinding loop minticket.0 iteration 3 file bakery.c line 50 function minticket thread 0
Unwinding loop mutex.0 iteration 1 file bakery.c line 44 function mutex thread 0
Unwinding loop mutex.0 iteration 2 file bakery.c line 44 function mutex thread 0
Unwinding loop mutex.0 iteration 3 file bakery.c line 44 function mutex thread 0
aborting path on assume(false) at file <builtin-library-exit> line 7 function exit thread 0
Unwinding loop main.0 iteration 41 file bakery.c line 25 function main thread 0
Unwinding loop maxticket.0 iteration 1 file bakery.c line 56 function maxticket thread 0
Unwinding loop maxticket.0 iteration 2 file bakery.c line 56 function maxticket thread 0
Unwinding loop maxticket.0 iteration 3 file bakery.c line 56 function maxticket thread 0
Unwinding loop minticket.0 iteration 1 file bakery.c line 50 function minticket thread 0
Unwinding loop minticket.0 iteration 2 file bakery.c line 50 function minticket thread 0
Unwinding loop minticket.0 iteration 3 file bakery.c line 50 function minticket thread 0
Unwinding loop mutex.0 iteration 1 file bakery.c line 44 function mutex thread 0
Unwinding loop mutex.0 iteration 2 file bakery.c line 44 function mutex thread 0
Unwinding loop mutex.0 iteration 3 file bakery.c line 44 function mutex thread 0
aborting path on assume(false) at file <builtin-library-exit> line 7 function exit thread 0
Unwinding loop main.0 iteration 42 file bakery.c line 25 function main thread 0
Unwinding loop maxticket.0 iteration 1 file bakery.c line 56 function maxticket thread 0
Unwinding loop maxticket.0 iteration 2 file bakery.c line 56 function maxticket thread 0
Unwinding loop maxticket.0 iteration 3 file bakery.c line 56 function maxticket thread 0
Unwinding loop minticket.0 iteration 1 file bakery.c line 50 function minticket thread 0
Unwinding loop minticket.0 iteration 2 file bakery.c line 50 function minticket thread 0
Unwinding loop minticket.0 iteration 3 file bakery.c line 50 function minticket thread 0
Unwinding loop mutex.0 iteration 1 file bakery.c line 44 function mutex thread 0
Unwinding loop mutex.0 iteration 2 file bakery.c line 44 function mutex thread 0
Unwinding loop mutex.0 iteration 3 file bakery.c line 44 function mutex thread 0
aborting path on assume(false) at file <builtin-library-exit> line 7 function exit thread 0
Unwinding loop main.0 iteration 43 file bakery.c line 25 function main thread 0
Unwinding loop maxticket.0 iteration 1 file bakery.c line 56 function maxticket thread 0
Unwinding loop maxticket.0 iteration 2 file bakery.c line 56 function maxticket thread 0
Unwinding loop maxticket.0 iteration 3 file bakery.c line 56 function maxticket thread 0
Unwinding loop minticket.0 iteration 1 file bakery.c line 50 function minticket thread 0
Unwinding loop minticket.0 iteration 2 file bakery.c line 50 function minticket thread 0
Unwinding loop minticket.0 iteration 3 file bakery.c line 50 function minticket thread 0
Unwinding loop mutex.0 iteration 1 file bakery.c line 44 function mutex thread 0
Unwinding loop mutex.0 iteration 2 file bakery.c line 44 function mutex thread 0
Unwinding loop mutex.0 iteration 3 file bakery.c line 44 function mutex thread 0
aborting path on assume(false) at file <builtin-library-exit> line 7 function exit thread 0
Unwinding loop main.0 iteration 44 file bakery.c line 25 function main thread 0
Unwinding loop maxticket.0 iteration 1 file bakery.c line 56 function maxticket thread 0
Unwinding loop maxticket.0 iteration 2 file bakery.c line 56 function maxticket thread 0
Unwinding loop maxticket.0 iteration 3 file bakery.c line 56 function maxticket thread 0
Unwinding loop minticket.0 iteration 1 file bakery.c line 50 function minticket thread 0
Unwinding loop minticket.0 iteration 2 file bakery.c line 50 function minticket thread 0
Unwinding loop minticket.0 iteration 3 file bakery.c line 50 function minticket thread 0
Unwinding loop mutex.0 iteration 1 file bakery.c line 44 function mutex thread 0
Unwinding loop mutex.0 iteration 2 file bakery.c line 44 function mutex thread 0
Unwinding loop mutex.0 iteration 3 file bakery.c line 44 function mutex thread 0
aborting path on assume(false) at file <builtin-library-exit> line 7 function exit thread 0
Unwinding loop main.0 iteration 45 file bakery.c line 25 function main thread 0
Unwinding loop maxticket.0 iteration 1 file bakery.c line 56 function maxticket thread 0
Unwinding loop maxticket.0 iteration 2 file bakery.c line 56 function maxticket thread 0
Unwinding loop maxticket.0 iteration 3 file bakery.c line 56 function maxticket thread 0
Unwinding loop minticket.0 iteration 1 file bakery.c line 50 function minticket thread 0
Unwinding loop minticket.0 iteration 2 file bakery.c line 50 function minticket thread 0
Unwinding loop minticket.0 iteration 3 file bakery.c line 50 function minticket thread 0
Unwinding loop mutex.0 iteration 1 file bakery.c line 44 function mutex thread 0
Unwinding loop mutex.0 iteration 2 file bakery.c line 44 function mutex thread 0
Unwinding loop mutex.0 iteration 3 file bakery.c line 44 function mutex thread 0
aborting path on assume(false) at file <builtin-library-exit> line 7 function exit thread 0
Unwinding loop main.0 iteration 46 file bakery.c line 25 function main thread 0
Unwinding loop maxticket.0 iteration 1 file bakery.c line 56 function maxticket thread 0
Unwinding loop maxticket.0 iteration 2 file bakery.c line 56 function maxticket thread 0
Unwinding loop maxticket.0 iteration 3 file bakery.c line 56 function maxticket thread 0
Unwinding loop minticket.0 iteration 1 file bakery.c line 50 function minticket thread 0
Unwinding loop minticket.0 iteration 2 file bakery.c line 50 function minticket thread 0
Unwinding loop minticket.0 iteration 3 file bakery.c line 50 function minticket thread 0
Unwinding loop mutex.0 iteration 1 file bakery.c line 44 function mutex thread 0
Unwinding loop mutex.0 iteration 2 file bakery.c line 44 function mutex thread 0
Unwinding loop mutex.0 iteration 3 file bakery.c line 44 function mutex thread 0
aborting path on assume(false) at file <builtin-library-exit> line 7 function exit thread 0
Unwinding loop main.0 iteration 47 file bakery.c line 25 function main thread 0
Unwinding loop maxticket.0 iteration 1 file bakery.c line 56 function maxticket thread 0
Unwinding loop maxticket.0 iteration 2 file bakery.c line 56 function maxticket thread 0
Unwinding loop maxticket.0 iteration 3 file bakery.c line 56 function maxticket thread 0
Unwinding loop minticket.0 iteration 1 file bakery.c line 50 function minticket thread 0
Unwinding loop minticket.0 iteration 2 file bakery.c line 50 function minticket thread 0
Unwinding loop minticket.0 iteration 3 file bakery.c line 50 function minticket thread 0
Unwinding loop mutex.0 iteration 1 file bakery.c line 44 function mutex thread 0
Unwinding loop mutex.0 iteration 2 file bakery.c line 44 function mutex thread 0
Unwinding loop mutex.0 iteration 3 file bakery.c line 44 function mutex thread 0
aborting path on assume(false) at file <builtin-library-exit> line 7 function exit thread 0
Unwinding loop main.0 iteration 48 file bakery.c line 25 function main thread 0
Unwinding loop maxticket.0 iteration 1 file bakery.c line 56 function maxticket thread 0
Unwinding loop maxticket.0 iteration 2 file bakery.c line 56 function maxticket thread 0
Unwinding loop maxticket.0 iteration 3 file bakery.c line 56 function maxticket thread 0
Unwinding loop minticket.0 iteration 1 file bakery.c line 50 function minticket thread 0
Unwinding loop minticket.0 iteration 2 file bakery.c line 50 function minticket thread 0
Unwinding loop minticket.0 iteration 3 file bakery.c line 50 function minticket thread 0
Unwinding loop mutex.0 iteration 1 file bakery.c line 44 function mutex thread 0
Unwinding loop mutex.0 iteration 2 file bakery.c line 44 function mutex thread 0
Unwinding loop mutex.0 iteration 3 file bakery.c line 44 function mutex thread 0
aborting path on assume(false) at file <builtin-library-exit> line 7 function exit thread 0
Unwinding loop main.0 iteration 49 file bakery.c line 25 function main thread 0
Unwinding loop maxticket.0 iteration 1 file bakery.c line 56 function maxticket thread 0
Unwinding loop maxticket.0 iteration 2 file bakery.c line 56 function maxticket thread 0
Unwinding loop maxticket.0 iteration 3 file bakery.c line 56 function maxticket thread 0
Unwinding loop minticket.0 iteration 1 file bakery.c line 50 function minticket thread 0
Unwinding loop minticket.0 iteration 2 file bakery.c line 50 function minticket thread 0
Unwinding loop minticket.0 iteration 3 file bakery.c line 50 function minticket thread 0
Unwinding loop mutex.0 iteration 1 file bakery.c line 44 function mutex thread 0
Unwinding loop mutex.0 iteration 2 file bakery.c line 44 function mutex thread 0
Unwinding loop mutex.0 iteration 3 file bakery.c line 44 function mutex thread 0
aborting path on assume(false) at file <builtin-library-exit> line 7 function exit thread 0
Unwinding loop main.0 iteration 50 file bakery.c line 25 function main thread 0
Unwinding loop maxticket.0 iteration 1 file bakery.c line 56 function maxticket thread 0
Unwinding loop maxticket.0 iteration 2 file bakery.c line 56 function maxticket thread 0
Unwinding loop maxticket.0 iteration 3 file bakery.c line 56 function maxticket thread 0
Unwinding loop minticket.0 iteration 1 file bakery.c line 50 function minticket thread 0
Unwinding loop minticket.0 iteration 2 file bakery.c line 50 function minticket thread 0
Unwinding loop minticket.0 iteration 3 file bakery.c line 50 function minticket thread 0
Unwinding loop mutex.0 iteration 1 file bakery.c line 44 function mutex thread 0
Unwinding loop mutex.0 iteration 2 file bakery.c line 44 function mutex thread 0
Unwinding loop mutex.0 iteration 3 file bakery.c line 44 function mutex thread 0
aborting path on assume(false) at file <builtin-library-exit> line 7 function exit thread 0
Unwinding loop main.0 iteration 51 file bakery.c line 25 function main thread 0
Unwinding loop maxticket.0 iteration 1 file bakery.c line 56 function maxticket thread 0
Unwinding loop maxticket.0 iteration 2 file bakery.c line 56 function maxticket thread 0
Unwinding loop maxticket.0 iteration 3 file bakery.c line 56 function maxticket thread 0
Unwinding loop minticket.0 iteration 1 file bakery.c line 50 function minticket thread 0
Unwinding loop minticket.0 iteration 2 file bakery.c line 50 function minticket thread 0
Unwinding loop minticket.0 iteration 3 file bakery.c line 50 function minticket thread 0
Unwinding loop mutex.0 iteration 1 file bakery.c line 44 function mutex thread 0
Unwinding loop mutex.0 iteration 2 file bakery.c line 44 function mutex thread 0
Unwinding loop mutex.0 iteration 3 file bakery.c line 44 function mutex thread 0
aborting path on assume(false) at file <builtin-library-exit> line 7 function exit thread 0
Unwinding loop main.0 iteration 52 file bakery.c line 25 function main thread 0
Unwinding loop maxticket.0 iteration 1 file bakery.c line 56 function maxticket thread 0
Unwinding loop maxticket.0 iteration 2 file bakery.c line 56 function maxticket thread 0
Unwinding loop maxticket.0 iteration 3 file bakery.c line 56 function maxticket thread 0
Unwinding loop minticket.0 iteration 1 file bakery.c line 50 function minticket thread 0
Unwinding loop minticket.0 iteration 2 file bakery.c line 50 function minticket thread 0
Unwinding loop minticket.0 iteration 3 file bakery.c line 50 function minticket thread 0
Unwinding loop mutex.0 iteration 1 file bakery.c line 44 function mutex thread 0
Unwinding loop mutex.0 iteration 2 file bakery.c line 44 function mutex thread 0
Unwinding loop mutex.0 iteration 3 file bakery.c line 44 function mutex thread 0
aborting path on assume(false) at file <builtin-library-exit> line 7 function exit thread 0
Unwinding loop main.0 iteration 53 file bakery.c line 25 function main thread 0
Unwinding loop maxticket.0 iteration 1 file bakery.c line 56 function maxticket thread 0
Unwinding loop maxticket.0 iteration 2 file bakery.c line 56 function maxticket thread 0
Unwinding loop maxticket.0 iteration 3 file bakery.c line 56 function maxticket thread 0
Unwinding loop minticket.0 iteration 1 file bakery.c line 50 function minticket thread 0
Unwinding loop minticket.0 iteration 2 file bakery.c line 50 function minticket thread 0
Unwinding loop minticket.0 iteration 3 file bakery.c line 50 function minticket thread 0
Unwinding loop mutex.0 iteration 1 file bakery.c line 44 function mutex thread 0
Unwinding loop mutex.0 iteration 2 file bakery.c line 44 function mutex thread 0
Unwinding loop mutex.0 iteration 3 file bakery.c line 44 function mutex thread 0
aborting path on assume(false) at file <builtin-library-exit> line 7 function exit thread 0
Unwinding loop main.0 iteration 54 file bakery.c line 25 function main thread 0
Unwinding loop maxticket.0 iteration 1 file bakery.c line 56 function maxticket thread 0
Unwinding loop maxticket.0 iteration 2 file bakery.c line 56 function maxticket thread 0
Unwinding loop maxticket.0 iteration 3 file bakery.c line 56 function maxticket thread 0
Unwinding loop minticket.0 iteration 1 file bakery.c line 50 function minticket thread 0
Unwinding loop minticket.0 iteration 2 file bakery.c line 50 function minticket thread 0
Unwinding loop minticket.0 iteration 3 file bakery.c line 50 function minticket thread 0
Unwinding loop mutex.0 iteration 1 file bakery.c line 44 function mutex thread 0
Unwinding loop mutex.0 iteration 2 file bakery.c line 44 function mutex thread 0
Unwinding loop mutex.0 iteration 3 file bakery.c line 44 function mutex thread 0
aborting path on assume(false) at file <builtin-library-exit> line 7 function exit thread 0
Unwinding loop main.0 iteration 55 file bakery.c line 25 function main thread 0
Unwinding loop maxticket.0 iteration 1 file bakery.c line 56 function maxticket thread 0
Unwinding loop maxticket.0 iteration 2 file bakery.c line 56 function maxticket thread 0
Unwinding loop maxticket.0 iteration 3 file bakery.c line 56 function maxticket thread 0
Unwinding loop minticket.0 iteration 1 file bakery.c line 50 function minticket thread 0
Unwinding loop minticket.0 iteration 2 file bakery.c line 50 function minticket thread 0
Unwinding loop minticket.0 iteration 3 file bakery.c line 50 function minticket thread 0
Unwinding loop mutex.0 iteration 1 file bakery.c line 44 function mutex thread 0
Unwinding loop mutex.0 iteration 2 file bakery.c line 44 function mutex thread 0
Unwinding loop mutex.0 iteration 3 file bakery.c line 44 function mutex thread 0
aborting path on assume(false) at file <builtin-library-exit> line 7 function exit thread 0
Unwinding loop main.0 iteration 56 file bakery.c line 25 function main thread 0
Unwinding loop maxticket.0 iteration 1 file bakery.c line 56 function maxticket thread 0
Unwinding loop maxticket.0 iteration 2 file bakery.c line 56 function maxticket thread 0
Unwinding loop maxticket.0 iteration 3 file bakery.c line 56 function maxticket thread 0
Unwinding loop minticket.0 iteration 1 file bakery.c line 50 function minticket thread 0
Unwinding loop minticket.0 iteration 2 file bakery.c line 50 function minticket thread 0
Unwinding loop minticket.0 iteration 3 file bakery.c line 50 function minticket thread 0
Unwinding loop mutex.0 iteration 1 file bakery.c line 44 function mutex thread 0
Unwinding loop mutex.0 iteration 2 file bakery.c line 44 function mutex thread 0
Unwinding loop mutex.0 iteration 3 file bakery.c line 44 function mutex thread 0
aborting path on assume(false) at file <builtin-library-exit> line 7 function exit thread 0
Unwinding loop main.0 iteration 57 file bakery.c line 25 function main thread 0
Unwinding loop maxticket.0 iteration 1 file bakery.c line 56 function maxticket thread 0
Unwinding loop maxticket.0 iteration 2 file bakery.c line 56 function maxticket thread 0
Unwinding loop maxticket.0 iteration 3 file bakery.c line 56 function maxticket thread 0
Unwinding loop minticket.0 iteration 1 file bakery.c line 50 function minticket thread 0
Unwinding loop minticket.0 iteration 2 file bakery.c line 50 function minticket thread 0
Unwinding loop minticket.0 iteration 3 file bakery.c line 50 function minticket thread 0
Unwinding loop mutex.0 iteration 1 file bakery.c line 44 function mutex thread 0
Unwinding loop mutex.0 iteration 2 file bakery.c line 44 function mutex thread 0
Unwinding loop mutex.0 iteration 3 file bakery.c line 44 function mutex thread 0
aborting path on assume(false) at file <builtin-library-exit> line 7 function exit thread 0
Unwinding loop main.0 iteration 58 file bakery.c line 25 function main thread 0
Unwinding loop maxticket.0 iteration 1 file bakery.c line 56 function maxticket thread 0
Unwinding loop maxticket.0 iteration 2 file bakery.c line 56 function maxticket thread 0
Unwinding loop maxticket.0 iteration 3 file bakery.c line 56 function maxticket thread 0
Unwinding loop minticket.0 iteration 1 file bakery.c line 50 function minticket thread 0
Unwinding loop minticket.0 iteration 2 file bakery.c line 50 function minticket thread 0
Unwinding loop minticket.0 iteration 3 file bakery.c line 50 function minticket thread 0
Unwinding loop mutex.0 iteration 1 file bakery.c line 44 function mutex thread 0
Unwinding loop mutex.0 iteration 2 file bakery.c line 44 function mutex thread 0
Unwinding loop mutex.0 iteration 3 file bakery.c line 44 function mutex thread 0
aborting path on assume(false) at file <builtin-library-exit> line 7 function exit thread 0
Unwinding loop main.0 iteration 59 file bakery.c line 25 function main thread 0
Unwinding loop maxticket.0 iteration 1 file bakery.c line 56 function maxticket thread 0
Unwinding loop maxticket.0 iteration 2 file bakery.c line 56 function maxticket thread 0
Unwinding loop maxticket.0 iteration 3 file bakery.c line 56 function maxticket thread 0
Unwinding loop minticket.0 iteration 1 file bakery.c line 50 function minticket thread 0
Unwinding loop minticket.0 iteration 2 file bakery.c line 50 function minticket thread 0
Unwinding loop minticket.0 iteration 3 file bakery.c line 50 function minticket thread 0
Unwinding loop mutex.0 iteration 1 file bakery.c line 44 function mutex thread 0
Unwinding loop mutex.0 iteration 2 file bakery.c line 44 function mutex thread 0
Unwinding loop mutex.0 iteration 3 file bakery.c line 44 function mutex thread 0
aborting path on assume(false) at file <builtin-library-exit> line 7 function exit thread 0
Not unwinding loop main.0 iteration 60 file bakery.c line 25 function main thread 0
Unwinding loop main.1 iteration 1 file bakery.c line 36 function main thread 0
Unwinding loop main.1 iteration 2 file bakery.c line 36 function main thread 0
Unwinding loop main.1 iteration 3 file bakery.c line 36 function main thread 0
Unwinding loop main.1 iteration 4 file bakery.c line 36 function main thread 0
Unwinding loop main.1 iteration 5 file bakery.c line 36 function main thread 0
Unwinding loop main.1 iteration 6 file bakery.c line 36 function main thread 0
Unwinding loop main.1 iteration 7 file bakery.c line 36 function main thread 0
Unwinding loop main.1 iteration 8 file bakery.c line 36 function main thread 0
Unwinding loop main.1 iteration 9 file bakery.c line 36 function main thread 0
Unwinding loop main.1 iteration 10 file bakery.c line 36 function main thread 0
Unwinding loop main.1 iteration 11 file bakery.c line 36 function main thread 0
Unwinding loop main.1 iteration 12 file bakery.c line 36 function main thread 0
Unwinding loop main.1 iteration 13 file bakery.c line 36 function main thread 0
Unwinding loop main.1 iteration 14 file bakery.c line 36 function main thread 0
Unwinding loop main.1 iteration 15 file bakery.c line 36 function main thread 0
Unwinding loop main.1 iteration 16 file bakery.c line 36 function main thread 0
Unwinding loop main.1 iteration 17 file bakery.c line 36 function main thread 0
Unwinding loop main.1 iteration 18 file bakery.c line 36 function main thread 0
Unwinding loop main.1 iteration 19 file bakery.c line 36 function main thread 0
Unwinding loop main.1 iteration 20 file bakery.c line 36 function main thread 0
Unwinding loop main.1 iteration 21 file bakery.c line 36 function main thread 0
Unwinding loop main.1 iteration 22 file bakery.c line 36 function main thread 0
Unwinding loop main.1 iteration 23 file bakery.c line 36 function main thread 0
Unwinding loop main.1 iteration 24 file bakery.c line 36 function main thread 0
Unwinding loop main.1 iteration 25 file bakery.c line 36 function main thread 0
Unwinding loop main.1 iteration 26 file bakery.c line 36 function main thread 0
Unwinding loop main.1 iteration 27 file bakery.c line 36 function main thread 0
size of program expression: 13612 steps
simple slicing removed 1012 assignments
Generated 177 VCC(s), 177 remaining after simplification
Passing problem to propositional reduction
converting SSA
Running propositional reduction
Post-processing
Solving with MiniSAT 2.2.1 with simplifier
424125 variables, 1686020 clauses
SAT checker: instance is SATISFIABLE
Runtime decision procedure: 2.79624s

** Results:
bakery.c function mutex
[mutex.assertion.1] line 44 Mutex Violated!: FAILURE

** 1 of 1 failed (1 iteration)
VERIFICATION FAILED
