Search(0, 6, 1, from -1): lock -1 tick 0 : < 0 0 0 0 0 0 0 0 0 > --- 0 0 0 0 0 0 0 0 0 
Search(1, 6, 2, from 0): lock  0 tick 1 : < 1 0 0 0 0 0 0 0 0 > --- 1 0 0 0 0 0 0 0 0 
Search(2, 6, 3, from 1): lock  0 tick 2 : < 1 0 0 0 0 0 0 0 0 > --- 1 0 0 0 0 0 0 0 0 
Search(3, 6, 4, from 1): lock  0 tick 3 : < 2 0 0 0 0 0 0 0 0 > --- 1 0 0 0 0 0 0 0 0 
Search(4, 6, 5, from 2): lock  0 tick 4 : < 3 0 0 0 0 0 0 0 0 > --- 1 0 0 0 0 0 0 0 0 
CRITICAL id 0 lock 0 tick 5 limit 6
Search(5, 5, 6, from 3): lock -1 tick 5 : < 0 0 0 0 0 0 0 0 0 > --- 1 0 0 0 0 0 0 0 0 
Search(6, 5, 7, from 0): lock  0 tick 6 : < 1 0 0 0 0 0 0 0 0 > --- 6 0 0 0 0 0 0 0 0 
Search(7, 5, 8, from 1): lock  0 tick 7 : < 1 0 0 0 0 0 0 0 0 > --- 6 0 0 0 0 0 0 0 0 
Search(8, 5, 9, from 1): lock  0 tick 8 : < 2 0 0 0 0 0 0 0 0 > --- 6 0 0 0 0 0 0 0 0 
Search(9, 5, 10, from 2): lock  0 tick 9 : < 3 0 0 0 0 0 0 0 0 > --- 6 0 0 0 0 0 0 0 0 
CRITICAL id 0 lock 0 tick 10 limit 5
Search(10, 4, 11, from 3): lock -1 tick 10 : < 0 0 0 0 0 0 0 0 0 > --- 6 0 0 0 0 0 0 0 0 
Search(11, 4, 12, from 0): lock  0 tick 11 : < 1 0 0 0 0 0 0 0 0 > --- 11 0 0 0 0 0 0 0 0 
Search(12, 4, 13, from 1): lock  0 tick 12 : < 1 0 0 0 0 0 0 0 0 > --- 11 0 0 0 0 0 0 0 0 
Search(13, 4, 14, from 1): lock  0 tick 13 : < 2 0 0 0 0 0 0 0 0 > --- 11 0 0 0 0 0 0 0 0 
Search(14, 4, 15, from 2): lock  0 tick 14 : < 3 0 0 0 0 0 0 0 0 > --- 11 0 0 0 0 0 0 0 0 
CRITICAL id 0 lock 0 tick 15 limit 4
Search(15, 3, 16, from 3): lock -1 tick 15 : < 0 0 0 0 0 0 0 0 0 > --- 11 0 0 0 0 0 0 0 0 
Search(16, 3, 17, from 0): lock  0 tick 16 : < 1 0 0 0 0 0 0 0 0 > --- 16 0 0 0 0 0 0 0 0 
Search(17, 3, 18, from 1): lock  0 tick 17 : < 1 0 0 0 0 0 0 0 0 > --- 16 0 0 0 0 0 0 0 0 
Search(18, 3, 19, from 1): lock  0 tick 18 : < 2 0 0 0 0 0 0 0 0 > --- 16 0 0 0 0 0 0 0 0 
Search(19, 3, 20, from 2): lock  0 tick 19 : < 3 0 0 0 0 0 0 0 0 > --- 16 0 0 0 0 0 0 0 0 
CRITICAL id 0 lock 0 tick 20 limit 3
Search(20, 2, 21, from 3): lock -1 tick 20 : < 0 0 0 0 0 0 0 0 0 > --- 16 0 0 0 0 0 0 0 0 
Search(21, 2, 22, from 0): lock  0 tick 21 : < 1 0 0 0 0 0 0 0 0 > --- 21 0 0 0 0 0 0 0 0 
Search(22, 2, 23, from 1): lock  0 tick 22 : < 1 0 0 0 0 0 0 0 0 > --- 21 0 0 0 0 0 0 0 0 
Search(23, 2, 24, from 1): lock  0 tick 23 : < 2 0 0 0 0 0 0 0 0 > --- 21 0 0 0 0 0 0 0 0 
Search(24, 2, 25, from 2): lock  0 tick 24 : < 3 0 0 0 0 0 0 0 0 > --- 21 0 0 0 0 0 0 0 0 
CRITICAL id 0 lock 0 tick 25 limit 2
Search(25, 1, 26, from 3): lock -1 tick 25 : < 0 0 0 0 0 0 0 0 0 > --- 21 0 0 0 0 0 0 0 0 
Search(26, 1, 27, from 0): lock  0 tick 26 : < 1 0 0 0 0 0 0 0 0 > --- 26 0 0 0 0 0 0 0 0 
Search(27, 1, 28, from 1): lock  0 tick 27 : < 1 0 0 0 0 0 0 0 0 > --- 26 0 0 0 0 0 0 0 0 
Search(28, 1, 29, from 1): lock  0 tick 28 : < 2 0 0 0 0 0 0 0 0 > --- 26 0 0 0 0 0 0 0 0 
Search(29, 1, 30, from 2): lock  0 tick 29 : < 3 0 0 0 0 0 0 0 0 > --- 26 0 0 0 0 0 0 0 0 
CRITICAL id 0 lock 0 tick 30 limit 1
Search(30, 0, 31, from 3): lock -1 tick 30 : < 0 0 0 0 0 0 0 0 0 > --- 26 0 0 0 0 0 0 0 0 
Search(26, 1, 32, from 0): lock  1 tick 26 : < 0 1 0 0 0 0 0 0 0 > --- 21 26 0 0 0 0 0 0 0 
Search(27, 1, 33, from 1): lock  1 tick 27 : < 0 1 0 0 0 0 0 0 0 > --- 21 26 0 0 0 0 0 0 0 
Search(28, 1, 34, from 1): lock  1 tick 28 : < 0 2 0 0 0 0 0 0 0 > --- 21 26 0 0 0 0 0 0 0 
Search(29, 1, 35, from 2): lock  1 tick 29 : < 0 3 0 0 0 0 0 0 0 > --- 21 26 0 0 0 0 0 0 0 
CRITICAL id 1 lock 1 tick 30 limit 1
Search(30, 0, 36, from 3): lock -1 tick 30 : < 0 0 0 0 0 0 0 0 0 > --- 21 26 0 0 0 0 0 0 0 
Search(26, 1, 37, from 0): lock  2 tick 26 : < 0 0 1 0 0 0 0 0 0 > --- 21 0 26 0 0 0 0 0 0 
Search(27, 1, 38, from 1): lock  2 tick 27 : < 0 0 1 0 0 0 0 0 0 > --- 21 0 26 0 0 0 0 0 0 
Search(28, 1, 39, from 1): lock  2 tick 28 : < 0 0 2 0 0 0 0 0 0 > --- 21 0 26 0 0 0 0 0 0 
Search(29, 1, 40, from 2): lock  2 tick 29 : < 0 0 3 0 0 0 0 0 0 > --- 21 0 26 0 0 0 0 0 0 
CRITICAL id 2 lock 2 tick 30 limit 1
Search(30, 0, 41, from 3): lock -1 tick 30 : < 0 0 0 0 0 0 0 0 0 > --- 21 0 26 0 0 0 0 0 0 
Search(26, 1, 42, from 0): lock  3 tick 26 : < 0 0 0 1 0 0 0 0 0 > --- 21 0 0 26 0 0 0 0 0 
Search(27, 1, 43, from 1): lock  3 tick 27 : < 0 0 0 1 0 0 0 0 0 > --- 21 0 0 26 0 0 0 0 0 
Search(28, 1, 44, from 1): lock  3 tick 28 : < 0 0 0 2 0 0 0 0 0 > --- 21 0 0 26 0 0 0 0 0 
Search(29, 1, 45, from 2): lock  3 tick 29 : < 0 0 0 3 0 0 0 0 0 > --- 21 0 0 26 0 0 0 0 0 
CRITICAL id 3 lock 3 tick 30 limit 1
Search(30, 0, 46, from 3): lock -1 tick 30 : < 0 0 0 0 0 0 0 0 0 > --- 21 0 0 26 0 0 0 0 0 
Search(26, 1, 47, from 0): lock  4 tick 26 : < 0 0 0 0 1 0 0 0 0 > --- 21 0 0 0 26 0 0 0 0 
Search(27, 1, 48, from 1): lock  4 tick 27 : < 0 0 0 0 1 0 0 0 0 > --- 21 0 0 0 26 0 0 0 0 
Search(28, 1, 49, from 1): lock  4 tick 28 : < 0 0 0 0 2 0 0 0 0 > --- 21 0 0 0 26 0 0 0 0 
Search(29, 1, 50, from 2): lock  4 tick 29 : < 0 0 0 0 3 0 0 0 0 > --- 21 0 0 0 26 0 0 0 0 
CRITICAL id 4 lock 4 tick 30 limit 1
Search(30, 0, 51, from 3): lock -1 tick 30 : < 0 0 0 0 0 0 0 0 0 > --- 21 0 0 0 26 0 0 0 0 
Search(26, 1, 52, from 0): lock  5 tick 26 : < 0 0 0 0 0 1 0 0 0 > --- 21 0 0 0 0 26 0 0 0 
Search(27, 1, 53, from 1): lock  5 tick 27 : < 0 0 0 0 0 1 0 0 0 > --- 21 0 0 0 0 26 0 0 0 
Search(28, 1, 54, from 1): lock  5 tick 28 : < 0 0 0 0 0 2 0 0 0 > --- 21 0 0 0 0 26 0 0 0 
Search(29, 1, 55, from 2): lock  5 tick 29 : < 0 0 0 0 0 3 0 0 0 > --- 21 0 0 0 0 26 0 0 0 
CRITICAL id 5 lock 5 tick 30 limit 1
Search(30, 0, 56, from 3): lock -1 tick 30 : < 0 0 0 0 0 0 0 0 0 > --- 21 0 0 0 0 26 0 0 0 
Search(26, 1, 57, from 0): lock  6 tick 26 : < 0 0 0 0 0 0 1 0 0 > --- 21 0 0 0 0 0 26 0 0 
Search(27, 1, 58, from 1): lock  6 tick 27 : < 0 0 0 0 0 0 1 0 0 > --- 21 0 0 0 0 0 26 0 0 
Search(28, 1, 59, from 1): lock  6 tick 28 : < 0 0 0 0 0 0 2 0 0 > --- 21 0 0 0 0 0 26 0 0 
Search(29, 1, 60, from 2): lock  6 tick 29 : < 0 0 0 0 0 0 3 0 0 > --- 21 0 0 0 0 0 26 0 0 
CRITICAL id 6 lock 6 tick 30 limit 1
Search(30, 0, 61, from 3): lock -1 tick 30 : < 0 0 0 0 0 0 0 0 0 > --- 21 0 0 0 0 0 26 0 0 
Search(26, 1, 62, from 0): lock  7 tick 26 : < 0 0 0 0 0 0 0 1 0 > --- 21 0 0 0 0 0 0 26 0 
Search(27, 1, 63, from 1): lock  7 tick 27 : < 0 0 0 0 0 0 0 1 0 > --- 21 0 0 0 0 0 0 26 0 
Search(28, 1, 64, from 1): lock  7 tick 28 : < 0 0 0 0 0 0 0 2 0 > --- 21 0 0 0 0 0 0 26 0 
Search(29, 1, 65, from 2): lock  7 tick 29 : < 0 0 0 0 0 0 0 3 0 > --- 21 0 0 0 0 0 0 26 0 
CRITICAL id 7 lock 7 tick 30 limit 1
Search(30, 0, 66, from 3): lock -1 tick 30 : < 0 0 0 0 0 0 0 0 0 > --- 21 0 0 0 0 0 0 26 0 
Search(26, 1, 67, from 0): lock  8 tick 26 : < 0 0 0 0 0 0 0 0 1 > --- 21 0 0 0 0 0 0 0 26 
Search(27, 1, 68, from 1): lock  8 tick 27 : < 0 0 0 0 0 0 0 0 1 > --- 21 0 0 0 0 0 0 0 26 
Search(28, 1, 69, from 1): lock  8 tick 28 : < 0 0 0 0 0 0 0 0 2 > --- 21 0 0 0 0 0 0 0 26 
Search(29, 1, 70, from 2): lock  8 tick 29 : < 0 0 0 0 0 0 0 0 3 > --- 21 0 0 0 0 0 0 0 26 
CRITICAL id 8 lock 8 tick 30 limit 1
Search(30, 0, 71, from 3): lock -1 tick 30 : < 0 0 0 0 0 0 0 0 0 > --- 21 0 0 0 0 0 0 0 26 
Search(21, 2, 72, from 0): lock  1 tick 21 : < 0 1 0 0 0 0 0 0 0 > --- 16 21 0 0 0 0 0 0 0 
Search(22, 2, 73, from 1): lock  1 tick 22 : < 0 1 0 0 0 0 0 0 0 > --- 16 21 0 0 0 0 0 0 0 
Search(23, 2, 74, from 1): lock  1 tick 23 : < 0 2 0 0 0 0 0 0 0 > --- 16 21 0 0 0 0 0 0 0 
Search(24, 2, 75, from 2): lock  1 tick 24 : < 0 3 0 0 0 0 0 0 0 > --- 16 21 0 0 0 0 0 0 0 
CRITICAL id 1 lock 1 tick 25 limit 2
Search(25, 1, 76, from 3): lock -1 tick 25 : < 0 0 0 0 0 0 0 0 0 > --- 16 21 0 0 0 0 0 0 0 
Search(26, 1, 77, from 0): lock  0 tick 26 : < 1 0 0 0 0 0 0 0 0 > --- 26 21 0 0 0 0 0 0 0 
Search(27, 1, 78, from 1): lock  0 tick 27 : < 1 0 0 0 0 0 0 0 0 > --- 26 21 0 0 0 0 0 0 0 
Search(28, 1, 79, from 1): lock  0 tick 28 : < 2 0 0 0 0 0 0 0 0 > --- 26 21 0 0 0 0 0 0 0 
Search(29, 1, 80, from 2): lock  0 tick 29 : < 3 0 0 0 0 0 0 0 0 > --- 26 21 0 0 0 0 0 0 0 
CRITICAL id 0 lock 0 tick 30 limit 1
Search(30, 0, 81, from 3): lock -1 tick 30 : < 0 0 0 0 0 0 0 0 0 > --- 26 21 0 0 0 0 0 0 0 
Search(26, 1, 82, from 0): lock  1 tick 26 : < 0 1 0 0 0 0 0 0 0 > --- 16 26 0 0 0 0 0 0 0 
Search(26, 1, 83, from 0): lock  2 tick 26 : < 0 0 1 0 0 0 0 0 0 > --- 16 21 26 0 0 0 0 0 0 
Search(27, 1, 84, from 1): lock  2 tick 27 : < 0 0 1 0 0 0 0 0 0 > --- 16 21 26 0 0 0 0 0 0 
Search(28, 1, 85, from 1): lock  2 tick 28 : < 0 0 2 0 0 0 0 0 0 > --- 16 21 26 0 0 0 0 0 0 
Search(29, 1, 86, from 2): lock  2 tick 29 : < 0 0 3 0 0 0 0 0 0 > --- 16 21 26 0 0 0 0 0 0 
CRITICAL id 2 lock 2 tick 30 limit 1
Search(30, 0, 87, from 3): lock -1 tick 30 : < 0 0 0 0 0 0 0 0 0 > --- 16 21 26 0 0 0 0 0 0 
Search(26, 1, 88, from 0): lock  3 tick 26 : < 0 0 0 1 0 0 0 0 0 > --- 16 21 0 26 0 0 0 0 0 
Search(27, 1, 89, from 1): lock  3 tick 27 : < 0 0 0 1 0 0 0 0 0 > --- 16 21 0 26 0 0 0 0 0 
Search(28, 1, 90, from 1): lock  3 tick 28 : < 0 0 0 2 0 0 0 0 0 > --- 16 21 0 26 0 0 0 0 0 
Search(29, 1, 91, from 2): lock  3 tick 29 : < 0 0 0 3 0 0 0 0 0 > --- 16 21 0 26 0 0 0 0 0 
CRITICAL id 3 lock 3 tick 30 limit 1
Search(30, 0, 92, from 3): lock -1 tick 30 : < 0 0 0 0 0 0 0 0 0 > --- 16 21 0 26 0 0 0 0 0 
Search(26, 1, 93, from 0): lock  4 tick 26 : < 0 0 0 0 1 0 0 0 0 > --- 16 21 0 0 26 0 0 0 0 
Search(27, 1, 94, from 1): lock  4 tick 27 : < 0 0 0 0 1 0 0 0 0 > --- 16 21 0 0 26 0 0 0 0 
Search(28, 1, 95, from 1): lock  4 tick 28 : < 0 0 0 0 2 0 0 0 0 > --- 16 21 0 0 26 0 0 0 0 
Search(29, 1, 96, from 2): lock  4 tick 29 : < 0 0 0 0 3 0 0 0 0 > --- 16 21 0 0 26 0 0 0 0 
CRITICAL id 4 lock 4 tick 30 limit 1
Search(30, 0, 97, from 3): lock -1 tick 30 : < 0 0 0 0 0 0 0 0 0 > --- 16 21 0 0 26 0 0 0 0 
Search(26, 1, 98, from 0): lock  5 tick 26 : < 0 0 0 0 0 1 0 0 0 > --- 16 21 0 0 0 26 0 0 0 
Search(27, 1, 99, from 1): lock  5 tick 27 : < 0 0 0 0 0 1 0 0 0 > --- 16 21 0 0 0 26 0 0 0 
Search(28, 1, 100, from 1): lock  5 tick 28 : < 0 0 0 0 0 2 0 0 0 > --- 16 21 0 0 0 26 0 0 0 
Search(29, 1, 101, from 2): lock  5 tick 29 : < 0 0 0 0 0 3 0 0 0 > --- 16 21 0 0 0 26 0 0 0 
CRITICAL id 5 lock 5 tick 30 limit 1
Search(30, 0, 102, from 3): lock -1 tick 30 : < 0 0 0 0 0 0 0 0 0 > --- 16 21 0 0 0 26 0 0 0 
Search(26, 1, 103, from 0): lock  6 tick 26 : < 0 0 0 0 0 0 1 0 0 > --- 16 21 0 0 0 0 26 0 0 
Search(27, 1, 104, from 1): lock  6 tick 27 : < 0 0 0 0 0 0 1 0 0 > --- 16 21 0 0 0 0 26 0 0 
Search(28, 1, 105, from 1): lock  6 tick 28 : < 0 0 0 0 0 0 2 0 0 > --- 16 21 0 0 0 0 26 0 0 
Search(29, 1, 106, from 2): lock  6 tick 29 : < 0 0 0 0 0 0 3 0 0 > --- 16 21 0 0 0 0 26 0 0 
CRITICAL id 6 lock 6 tick 30 limit 1
Search(30, 0, 107, from 3): lock -1 tick 30 : < 0 0 0 0 0 0 0 0 0 > --- 16 21 0 0 0 0 26 0 0 
Search(26, 1, 108, from 0): lock  7 tick 26 : < 0 0 0 0 0 0 0 1 0 > --- 16 21 0 0 0 0 0 26 0 
Search(27, 1, 109, from 1): lock  7 tick 27 : < 0 0 0 0 0 0 0 1 0 > --- 16 21 0 0 0 0 0 26 0 
Search(28, 1, 110, from 1): lock  7 tick 28 : < 0 0 0 0 0 0 0 2 0 > --- 16 21 0 0 0 0 0 26 0 
Search(29, 1, 111, from 2): lock  7 tick 29 : < 0 0 0 0 0 0 0 3 0 > --- 16 21 0 0 0 0 0 26 0 
CRITICAL id 7 lock 7 tick 30 limit 1
Search(30, 0, 112, from 3): lock -1 tick 30 : < 0 0 0 0 0 0 0 0 0 > --- 16 21 0 0 0 0 0 26 0 
Search(26, 1, 113, from 0): lock  8 tick 26 : < 0 0 0 0 0 0 0 0 1 > --- 16 21 0 0 0 0 0 0 26 
Search(27, 1, 114, from 1): lock  8 tick 27 : < 0 0 0 0 0 0 0 0 1 > --- 16 21 0 0 0 0 0 0 26 
Search(28, 1, 115, from 1): lock  8 tick 28 : < 0 0 0 0 0 0 0 0 2 > --- 16 21 0 0 0 0 0 0 26 
Search(29, 1, 116, from 2): lock  8 tick 29 : < 0 0 0 0 0 0 0 0 3 > --- 16 21 0 0 0 0 0 0 26 
CRITICAL id 8 lock 8 tick 30 limit 1
Search(30, 0, 117, from 3): lock -1 tick 30 : < 0 0 0 0 0 0 0 0 0 > --- 16 21 0 0 0 0 0 0 26 
Search(21, 2, 118, from 0): lock  2 tick 21 : < 0 0 1 0 0 0 0 0 0 > --- 16 0 21 0 0 0 0 0 0 
Search(22, 2, 119, from 1): lock  2 tick 22 : < 0 0 1 0 0 0 0 0 0 > --- 16 0 21 0 0 0 0 0 0 
Search(23, 2, 120, from 1): lock  2 tick 23 : < 0 0 2 0 0 0 0 0 0 > --- 16 0 21 0 0 0 0 0 0 
Search(24, 2, 121, from 2): lock  2 tick 24 : < 0 0 3 0 0 0 0 0 0 > --- 16 0 21 0 0 0 0 0 0 
CRITICAL id 2 lock 2 tick 25 limit 2
Search(25, 1, 122, from 3): lock -1 tick 25 : < 0 0 0 0 0 0 0 0 0 > --- 16 0 21 0 0 0 0 0 0 
Search(26, 1, 123, from 0): lock  0 tick 26 : < 1 0 0 0 0 0 0 0 0 > --- 26 0 21 0 0 0 0 0 0 
Search(27, 1, 124, from 1): lock  0 tick 27 : < 1 0 0 0 0 0 0 0 0 > --- 26 0 21 0 0 0 0 0 0 
Search(28, 1, 125, from 1): lock  0 tick 28 : < 2 0 0 0 0 0 0 0 0 > --- 26 0 21 0 0 0 0 0 0 
Search(29, 1, 126, from 2): lock  0 tick 29 : < 3 0 0 0 0 0 0 0 0 > --- 26 0 21 0 0 0 0 0 0 
CRITICAL id 0 lock 0 tick 30 limit 1
Search(30, 0, 127, from 3): lock -1 tick 30 : < 0 0 0 0 0 0 0 0 0 > --- 26 0 21 0 0 0 0 0 0 
Search(26, 1, 128, from 0): lock  1 tick 26 : < 0 1 0 0 0 0 0 0 0 > --- 16 26 21 0 0 0 0 0 0 
Search(27, 1, 129, from 1): lock  1 tick 27 : < 0 1 0 0 0 0 0 0 0 > --- 16 26 21 0 0 0 0 0 0 
Search(28, 1, 130, from 1): lock  1 tick 28 : < 0 2 0 0 0 0 0 0 0 > --- 16 26 21 0 0 0 0 0 0 
Search(29, 1, 131, from 2): lock  1 tick 29 : < 0 3 0 0 0 0 0 0 0 > --- 16 26 21 0 0 0 0 0 0 
CRITICAL id 1 lock 1 tick 30 limit 1
Search(30, 0, 132, from 3): lock -1 tick 30 : < 0 0 0 0 0 0 0 0 0 > --- 16 26 21 0 0 0 0 0 0 
Search(26, 1, 133, from 0): lock  2 tick 26 : < 0 0 1 0 0 0 0 0 0 > --- 16 0 26 0 0 0 0 0 0 
Search(26, 1, 134, from 0): lock  3 tick 26 : < 0 0 0 1 0 0 0 0 0 > --- 16 0 21 26 0 0 0 0 0 
Search(27, 1, 135, from 1): lock  3 tick 27 : < 0 0 0 1 0 0 0 0 0 > --- 16 0 21 26 0 0 0 0 0 
Search(28, 1, 136, from 1): lock  3 tick 28 : < 0 0 0 2 0 0 0 0 0 > --- 16 0 21 26 0 0 0 0 0 
Search(29, 1, 137, from 2): lock  3 tick 29 : < 0 0 0 3 0 0 0 0 0 > --- 16 0 21 26 0 0 0 0 0 
CRITICAL id 3 lock 3 tick 30 limit 1
Search(30, 0, 138, from 3): lock -1 tick 30 : < 0 0 0 0 0 0 0 0 0 > --- 16 0 21 26 0 0 0 0 0 
Search(26, 1, 139, from 0): lock  4 tick 26 : < 0 0 0 0 1 0 0 0 0 > --- 16 0 21 0 26 0 0 0 0 
Search(27, 1, 140, from 1): lock  4 tick 27 : < 0 0 0 0 1 0 0 0 0 > --- 16 0 21 0 26 0 0 0 0 
Search(28, 1, 141, from 1): lock  4 tick 28 : < 0 0 0 0 2 0 0 0 0 > --- 16 0 21 0 26 0 0 0 0 
Search(29, 1, 142, from 2): lock  4 tick 29 : < 0 0 0 0 3 0 0 0 0 > --- 16 0 21 0 26 0 0 0 0 
CRITICAL id 4 lock 4 tick 30 limit 1
Search(30, 0, 143, from 3): lock -1 tick 30 : < 0 0 0 0 0 0 0 0 0 > --- 16 0 21 0 26 0 0 0 0 
Search(26, 1, 144, from 0): lock  5 tick 26 : < 0 0 0 0 0 1 0 0 0 > --- 16 0 21 0 0 26 0 0 0 
Search(27, 1, 145, from 1): lock  5 tick 27 : < 0 0 0 0 0 1 0 0 0 > --- 16 0 21 0 0 26 0 0 0 
Search(28, 1, 146, from 1): lock  5 tick 28 : < 0 0 0 0 0 2 0 0 0 > --- 16 0 21 0 0 26 0 0 0 
Search(29, 1, 147, from 2): lock  5 tick 29 : < 0 0 0 0 0 3 0 0 0 > --- 16 0 21 0 0 26 0 0 0 
CRITICAL id 5 lock 5 tick 30 limit 1
Search(30, 0, 148, from 3): lock -1 tick 30 : < 0 0 0 0 0 0 0 0 0 > --- 16 0 21 0 0 26 0 0 0 
Search(26, 1, 149, from 0): lock  6 tick 26 : < 0 0 0 0 0 0 1 0 0 > --- 16 0 21 0 0 0 26 0 0 
Search(27, 1, 150, from 1): lock  6 tick 27 : < 0 0 0 0 0 0 1 0 0 > --- 16 0 21 0 0 0 26 0 0 
Search(28, 1, 151, from 1): lock  6 tick 28 : < 0 0 0 0 0 0 2 0 0 > --- 16 0 21 0 0 0 26 0 0 
Search(29, 1, 152, from 2): lock  6 tick 29 : < 0 0 0 0 0 0 3 0 0 > --- 16 0 21 0 0 0 26 0 0 
CRITICAL id 6 lock 6 tick 30 limit 1
Search(30, 0, 153, from 3): lock -1 tick 30 : < 0 0 0 0 0 0 0 0 0 > --- 16 0 21 0 0 0 26 0 0 
Search(26, 1, 154, from 0): lock  7 tick 26 : < 0 0 0 0 0 0 0 1 0 > --- 16 0 21 0 0 0 0 26 0 
Search(27, 1, 155, from 1): lock  7 tick 27 : < 0 0 0 0 0 0 0 1 0 > --- 16 0 21 0 0 0 0 26 0 
Search(28, 1, 156, from 1): lock  7 tick 28 : < 0 0 0 0 0 0 0 2 0 > --- 16 0 21 0 0 0 0 26 0 
Search(29, 1, 157, from 2): lock  7 tick 29 : < 0 0 0 0 0 0 0 3 0 > --- 16 0 21 0 0 0 0 26 0 
CRITICAL id 7 lock 7 tick 30 limit 1
Search(30, 0, 158, from 3): lock -1 tick 30 : < 0 0 0 0 0 0 0 0 0 > --- 16 0 21 0 0 0 0 26 0 
Search(26, 1, 159, from 0): lock  8 tick 26 : < 0 0 0 0 0 0 0 0 1 > --- 16 0 21 0 0 0 0 0 26 
Search(27, 1, 160, from 1): lock  8 tick 27 : < 0 0 0 0 0 0 0 0 1 > --- 16 0 21 0 0 0 0 0 26 
Search(28, 1, 161, from 1): lock  8 tick 28 : < 0 0 0 0 0 0 0 0 2 > --- 16 0 21 0 0 0 0 0 26 
Search(29, 1, 162, from 2): lock  8 tick 29 : < 0 0 0 0 0 0 0 0 3 > --- 16 0 21 0 0 0 0 0 26 
CRITICAL id 8 lock 8 tick 30 limit 1
Search(30, 0, 163, from 3): lock -1 tick 30 : < 0 0 0 0 0 0 0 0 0 > --- 16 0 21 0 0 0 0 0 26 
Search(21, 2, 164, from 0): lock  3 tick 21 : < 0 0 0 1 0 0 0 0 0 > --- 16 0 0 21 0 0 0 0 0 
Search(22, 2, 165, from 1): lock  3 tick 22 : < 0 0 0 1 0 0 0 0 0 > --- 16 0 0 21 0 0 0 0 0 
Search(23, 2, 166, from 1): lock  3 tick 23 : < 0 0 0 2 0 0 0 0 0 > --- 16 0 0 21 0 0 0 0 0 
Search(24, 2, 167, from 2): lock  3 tick 24 : < 0 0 0 3 0 0 0 0 0 > --- 16 0 0 21 0 0 0 0 0 
CRITICAL id 3 lock 3 tick 25 limit 2
Search(25, 1, 168, from 3): lock -1 tick 25 : < 0 0 0 0 0 0 0 0 0 > --- 16 0 0 21 0 0 0 0 0 
Search(26, 1, 169, from 0): lock  0 tick 26 : < 1 0 0 0 0 0 0 0 0 > --- 26 0 0 21 0 0 0 0 0 
Search(27, 1, 170, from 1): lock  0 tick 27 : < 1 0 0 0 0 0 0 0 0 > --- 26 0 0 21 0 0 0 0 0 
Search(28, 1, 171, from 1): lock  0 tick 28 : < 2 0 0 0 0 0 0 0 0 > --- 26 0 0 21 0 0 0 0 0 
Search(29, 1, 172, from 2): lock  0 tick 29 : < 3 0 0 0 0 0 0 0 0 > --- 26 0 0 21 0 0 0 0 0 
CRITICAL id 0 lock 0 tick 30 limit 1
Search(30, 0, 173, from 3): lock -1 tick 30 : < 0 0 0 0 0 0 0 0 0 > --- 26 0 0 21 0 0 0 0 0 
Search(26, 1, 174, from 0): lock  1 tick 26 : < 0 1 0 0 0 0 0 0 0 > --- 16 26 0 21 0 0 0 0 0 
Search(27, 1, 175, from 1): lock  1 tick 27 : < 0 1 0 0 0 0 0 0 0 > --- 16 26 0 21 0 0 0 0 0 
Search(28, 1, 176, from 1): lock  1 tick 28 : < 0 2 0 0 0 0 0 0 0 > --- 16 26 0 21 0 0 0 0 0 
Search(29, 1, 177, from 2): lock  1 tick 29 : < 0 3 0 0 0 0 0 0 0 > --- 16 26 0 21 0 0 0 0 0 
CRITICAL id 1 lock 1 tick 30 limit 1
Search(30, 0, 178, from 3): lock -1 tick 30 : < 0 0 0 0 0 0 0 0 0 > --- 16 26 0 21 0 0 0 0 0 
Search(26, 1, 179, from 0): lock  2 tick 26 : < 0 0 1 0 0 0 0 0 0 > --- 16 0 26 21 0 0 0 0 0 
Search(27, 1, 180, from 1): lock  2 tick 27 : < 0 0 1 0 0 0 0 0 0 > --- 16 0 26 21 0 0 0 0 0 
Search(28, 1, 181, from 1): lock  2 tick 28 : < 0 0 2 0 0 0 0 0 0 > --- 16 0 26 21 0 0 0 0 0 
Search(29, 1, 182, from 2): lock  2 tick 29 : < 0 0 3 0 0 0 0 0 0 > --- 16 0 26 21 0 0 0 0 0 
CRITICAL id 2 lock 2 tick 30 limit 1
Search(30, 0, 183, from 3): lock -1 tick 30 : < 0 0 0 0 0 0 0 0 0 > --- 16 0 26 21 0 0 0 0 0 
Search(26, 1, 184, from 0): lock  3 tick 26 : < 0 0 0 1 0 0 0 0 0 > --- 16 0 0 26 0 0 0 0 0 
Search(26, 1, 185, from 0): lock  4 tick 26 : < 0 0 0 0 1 0 0 0 0 > --- 16 0 0 21 26 0 0 0 0 
Search(27, 1, 186, from 1): lock  4 tick 27 : < 0 0 0 0 1 0 0 0 0 > --- 16 0 0 21 26 0 0 0 0 
Search(28, 1, 187, from 1): lock  4 tick 28 : < 0 0 0 0 2 0 0 0 0 > --- 16 0 0 21 26 0 0 0 0 
Search(29, 1, 188, from 2): lock  4 tick 29 : < 0 0 0 0 3 0 0 0 0 > --- 16 0 0 21 26 0 0 0 0 
CRITICAL id 4 lock 4 tick 30 limit 1
Search(30, 0, 189, from 3): lock -1 tick 30 : < 0 0 0 0 0 0 0 0 0 > --- 16 0 0 21 26 0 0 0 0 
Search(26, 1, 190, from 0): lock  5 tick 26 : < 0 0 0 0 0 1 0 0 0 > --- 16 0 0 21 0 26 0 0 0 
Search(27, 1, 191, from 1): lock  5 tick 27 : < 0 0 0 0 0 1 0 0 0 > --- 16 0 0 21 0 26 0 0 0 
Search(28, 1, 192, from 1): lock  5 tick 28 : < 0 0 0 0 0 2 0 0 0 > --- 16 0 0 21 0 26 0 0 0 
Search(29, 1, 193, from 2): lock  5 tick 29 : < 0 0 0 0 0 3 0 0 0 > --- 16 0 0 21 0 26 0 0 0 
CRITICAL id 5 lock 5 tick 30 limit 1
Search(30, 0, 194, from 3): lock -1 tick 30 : < 0 0 0 0 0 0 0 0 0 > --- 16 0 0 21 0 26 0 0 0 
Search(26, 1, 195, from 0): lock  6 tick 26 : < 0 0 0 0 0 0 1 0 0 > --- 16 0 0 21 0 0 26 0 0 
Search(27, 1, 196, from 1): lock  6 tick 27 : < 0 0 0 0 0 0 1 0 0 > --- 16 0 0 21 0 0 26 0 0 
Search(28, 1, 197, from 1): lock  6 tick 28 : < 0 0 0 0 0 0 2 0 0 > --- 16 0 0 21 0 0 26 0 0 
Search(29, 1, 198, from 2): lock  6 tick 29 : < 0 0 0 0 0 0 3 0 0 > --- 16 0 0 21 0 0 26 0 0 
CRITICAL id 6 lock 6 tick 30 limit 1
Search(30, 0, 199, from 3): lock -1 tick 30 : < 0 0 0 0 0 0 0 0 0 > --- 16 0 0 21 0 0 26 0 0 
Search(26, 1, 200, from 0): lock  7 tick 26 : < 0 0 0 0 0 0 0 1 0 > --- 16 0 0 21 0 0 0 26 0 
Search(27, 1, 201, from 1): lock  7 tick 27 : < 0 0 0 0 0 0 0 1 0 > --- 16 0 0 21 0 0 0 26 0 
Search(28, 1, 202, from 1): lock  7 tick 28 : < 0 0 0 0 0 0 0 2 0 > --- 16 0 0 21 0 0 0 26 0 
Search(29, 1, 203, from 2): lock  7 tick 29 : < 0 0 0 0 0 0 0 3 0 > --- 16 0 0 21 0 0 0 26 0 
CRITICAL id 7 lock 7 tick 30 limit 1
Search(30, 0, 204, from 3): lock -1 tick 30 : < 0 0 0 0 0 0 0 0 0 > --- 16 0 0 21 0 0 0 26 0 
Search(26, 1, 205, from 0): lock  8 tick 26 : < 0 0 0 0 0 0 0 0 1 > --- 16 0 0 21 0 0 0 0 26 
Search(27, 1, 206, from 1): lock  8 tick 27 : < 0 0 0 0 0 0 0 0 1 > --- 16 0 0 21 0 0 0 0 26 
Search(28, 1, 207, from 1): lock  8 tick 28 : < 0 0 0 0 0 0 0 0 2 > --- 16 0 0 21 0 0 0 0 26 
Search(29, 1, 208, from 2): lock  8 tick 29 : < 0 0 0 0 0 0 0 0 3 > --- 16 0 0 21 0 0 0 0 26 
CRITICAL id 8 lock 8 tick 30 limit 1
Search(30, 0, 209, from 3): lock -1 tick 30 : < 0 0 0 0 0 0 0 0 0 > --- 16 0 0 21 0 0 0 0 26 
Search(21, 2, 210, from 0): lock  4 tick 21 : < 0 0 0 0 1 0 0 0 0 > --- 16 0 0 0 21 0 0 0 0 
Search(22, 2, 211, from 1): lock  4 tick 22 : < 0 0 0 0 1 0 0 0 0 > --- 16 0 0 0 21 0 0 0 0 
Search(23, 2, 212, from 1): lock  4 tick 23 : < 0 0 0 0 2 0 0 0 0 > --- 16 0 0 0 21 0 0 0 0 
Search(24, 2, 213, from 2): lock  4 tick 24 : < 0 0 0 0 3 0 0 0 0 > --- 16 0 0 0 21 0 0 0 0 
CRITICAL id 4 lock 4 tick 25 limit 2
Search(25, 1, 214, from 3): lock -1 tick 25 : < 0 0 0 0 0 0 0 0 0 > --- 16 0 0 0 21 0 0 0 0 
Search(26, 1, 215, from 0): lock  0 tick 26 : < 1 0 0 0 0 0 0 0 0 > --- 26 0 0 0 21 0 0 0 0 
Search(27, 1, 216, from 1): lock  0 tick 27 : < 1 0 0 0 0 0 0 0 0 > --- 26 0 0 0 21 0 0 0 0 
Search(28, 1, 217, from 1): lock  0 tick 28 : < 2 0 0 0 0 0 0 0 0 > --- 26 0 0 0 21 0 0 0 0 
Search(29, 1, 218, from 2): lock  0 tick 29 : < 3 0 0 0 0 0 0 0 0 > --- 26 0 0 0 21 0 0 0 0 
CRITICAL id 0 lock 0 tick 30 limit 1
Search(30, 0, 219, from 3): lock -1 tick 30 : < 0 0 0 0 0 0 0 0 0 > --- 26 0 0 0 21 0 0 0 0 
Search(26, 1, 220, from 0): lock  1 tick 26 : < 0 1 0 0 0 0 0 0 0 > --- 16 26 0 0 21 0 0 0 0 
Search(27, 1, 221, from 1): lock  1 tick 27 : < 0 1 0 0 0 0 0 0 0 > --- 16 26 0 0 21 0 0 0 0 
Search(28, 1, 222, from 1): lock  1 tick 28 : < 0 2 0 0 0 0 0 0 0 > --- 16 26 0 0 21 0 0 0 0 
Search(29, 1, 223, from 2): lock  1 tick 29 : < 0 3 0 0 0 0 0 0 0 > --- 16 26 0 0 21 0 0 0 0 
CRITICAL id 1 lock 1 tick 30 limit 1
Search(30, 0, 224, from 3): lock -1 tick 30 : < 0 0 0 0 0 0 0 0 0 > --- 16 26 0 0 21 0 0 0 0 
Search(26, 1, 225, from 0): lock  2 tick 26 : < 0 0 1 0 0 0 0 0 0 > --- 16 0 26 0 21 0 0 0 0 
Search(27, 1, 226, from 1): lock  2 tick 27 : < 0 0 1 0 0 0 0 0 0 > --- 16 0 26 0 21 0 0 0 0 
Search(28, 1, 227, from 1): lock  2 tick 28 : < 0 0 2 0 0 0 0 0 0 > --- 16 0 26 0 21 0 0 0 0 
Search(29, 1, 228, from 2): lock  2 tick 29 : < 0 0 3 0 0 0 0 0 0 > --- 16 0 26 0 21 0 0 0 0 
CRITICAL id 2 lock 2 tick 30 limit 1
Search(30, 0, 229, from 3): lock -1 tick 30 : < 0 0 0 0 0 0 0 0 0 > --- 16 0 26 0 21 0 0 0 0 
Search(26, 1, 230, from 0): lock  3 tick 26 : < 0 0 0 1 0 0 0 0 0 > --- 16 0 0 26 21 0 0 0 0 
Search(27, 1, 231, from 1): lock  3 tick 27 : < 0 0 0 1 0 0 0 0 0 > --- 16 0 0 26 21 0 0 0 0 
Search(28, 1, 232, from 1): lock  3 tick 28 : < 0 0 0 2 0 0 0 0 0 > --- 16 0 0 26 21 0 0 0 0 
Search(29, 1, 233, from 2): lock  3 tick 29 : < 0 0 0 3 0 0 0 0 0 > --- 16 0 0 26 21 0 0 0 0 
CRITICAL id 3 lock 3 tick 30 limit 1
Search(30, 0, 234, from 3): lock -1 tick 30 : < 0 0 0 0 0 0 0 0 0 > --- 16 0 0 26 21 0 0 0 0 
Search(26, 1, 235, from 0): lock  4 tick 26 : < 0 0 0 0 1 0 0 0 0 > --- 16 0 0 0 26 0 0 0 0 
Search(26, 1, 236, from 0): lock  5 tick 26 : < 0 0 0 0 0 1 0 0 0 > --- 16 0 0 0 21 26 0 0 0 
Search(27, 1, 237, from 1): lock  5 tick 27 : < 0 0 0 0 0 1 0 0 0 > --- 16 0 0 0 21 26 0 0 0 
Search(28, 1, 238, from 1): lock  5 tick 28 : < 0 0 0 0 0 2 0 0 0 > --- 16 0 0 0 21 26 0 0 0 
Search(29, 1, 239, from 2): lock  5 tick 29 : < 0 0 0 0 0 3 0 0 0 > --- 16 0 0 0 21 26 0 0 0 
CRITICAL id 5 lock 5 tick 30 limit 1
Search(30, 0, 240, from 3): lock -1 tick 30 : < 0 0 0 0 0 0 0 0 0 > --- 16 0 0 0 21 26 0 0 0 
Search(26, 1, 241, from 0): lock  6 tick 26 : < 0 0 0 0 0 0 1 0 0 > --- 16 0 0 0 21 0 26 0 0 
Search(27, 1, 242, from 1): lock  6 tick 27 : < 0 0 0 0 0 0 1 0 0 > --- 16 0 0 0 21 0 26 0 0 
Search(28, 1, 243, from 1): lock  6 tick 28 : < 0 0 0 0 0 0 2 0 0 > --- 16 0 0 0 21 0 26 0 0 
Search(29, 1, 244, from 2): lock  6 tick 29 : < 0 0 0 0 0 0 3 0 0 > --- 16 0 0 0 21 0 26 0 0 
CRITICAL id 6 lock 6 tick 30 limit 1
Search(30, 0, 245, from 3): lock -1 tick 30 : < 0 0 0 0 0 0 0 0 0 > --- 16 0 0 0 21 0 26 0 0 
Search(26, 1, 246, from 0): lock  7 tick 26 : < 0 0 0 0 0 0 0 1 0 > --- 16 0 0 0 21 0 0 26 0 
Search(27, 1, 247, from 1): lock  7 tick 27 : < 0 0 0 0 0 0 0 1 0 > --- 16 0 0 0 21 0 0 26 0 
Search(28, 1, 248, from 1): lock  7 tick 28 : < 0 0 0 0 0 0 0 2 0 > --- 16 0 0 0 21 0 0 26 0 
Search(29, 1, 249, from 2): lock  7 tick 29 : < 0 0 0 0 0 0 0 3 0 > --- 16 0 0 0 21 0 0 26 0 
CRITICAL id 7 lock 7 tick 30 limit 1
Search(30, 0, 250, from 3): lock -1 tick 30 : < 0 0 0 0 0 0 0 0 0 > --- 16 0 0 0 21 0 0 26 0 
Search(26, 1, 251, from 0): lock  8 tick 26 : < 0 0 0 0 0 0 0 0 1 > --- 16 0 0 0 21 0 0 0 26 
Search(27, 1, 252, from 1): lock  8 tick 27 : < 0 0 0 0 0 0 0 0 1 > --- 16 0 0 0 21 0 0 0 26 
Search(28, 1, 253, from 1): lock  8 tick 28 : < 0 0 0 0 0 0 0 0 2 > --- 16 0 0 0 21 0 0 0 26 
Search(29, 1, 254, from 2): lock  8 tick 29 : < 0 0 0 0 0 0 0 0 3 > --- 16 0 0 0 21 0 0 0 26 
CRITICAL id 8 lock 8 tick 30 limit 1
Search(30, 0, 255, from 3): lock -1 tick 30 : < 0 0 0 0 0 0 0 0 0 > --- 16 0 0 0 21 0 0 0 26 
Search(21, 2, 256, from 0): lock  5 tick 21 : < 0 0 0 0 0 1 0 0 0 > --- 16 0 0 0 0 21 0 0 0 
Search(22, 2, 257, from 1): lock  5 tick 22 : < 0 0 0 0 0 1 0 0 0 > --- 16 0 0 0 0 21 0 0 0 
Search(23, 2, 258, from 1): lock  5 tick 23 : < 0 0 0 0 0 2 0 0 0 > --- 16 0 0 0 0 21 0 0 0 
Search(24, 2, 259, from 2): lock  5 tick 24 : < 0 0 0 0 0 3 0 0 0 > --- 16 0 0 0 0 21 0 0 0 
CRITICAL id 5 lock 5 tick 25 limit 2
Search(25, 1, 260, from 3): lock -1 tick 25 : < 0 0 0 0 0 0 0 0 0 > --- 16 0 0 0 0 21 0 0 0 
Search(26, 1, 261, from 0): lock  0 tick 26 : < 1 0 0 0 0 0 0 0 0 > --- 26 0 0 0 0 21 0 0 0 
Search(27, 1, 262, from 1): lock  0 tick 27 : < 1 0 0 0 0 0 0 0 0 > --- 26 0 0 0 0 21 0 0 0 
Search(28, 1, 263, from 1): lock  0 tick 28 : < 2 0 0 0 0 0 0 0 0 > --- 26 0 0 0 0 21 0 0 0 
Search(29, 1, 264, from 2): lock  0 tick 29 : < 3 0 0 0 0 0 0 0 0 > --- 26 0 0 0 0 21 0 0 0 
CRITICAL id 0 lock 0 tick 30 limit 1
Search(30, 0, 265, from 3): lock -1 tick 30 : < 0 0 0 0 0 0 0 0 0 > --- 26 0 0 0 0 21 0 0 0 
Search(26, 1, 266, from 0): lock  1 tick 26 : < 0 1 0 0 0 0 0 0 0 > --- 16 26 0 0 0 21 0 0 0 
Search(27, 1, 267, from 1): lock  1 tick 27 : < 0 1 0 0 0 0 0 0 0 > --- 16 26 0 0 0 21 0 0 0 
Search(28, 1, 268, from 1): lock  1 tick 28 : < 0 2 0 0 0 0 0 0 0 > --- 16 26 0 0 0 21 0 0 0 
Search(29, 1, 269, from 2): lock  1 tick 29 : < 0 3 0 0 0 0 0 0 0 > --- 16 26 0 0 0 21 0 0 0 
CRITICAL id 1 lock 1 tick 30 limit 1
Search(30, 0, 270, from 3): lock -1 tick 30 : < 0 0 0 0 0 0 0 0 0 > --- 16 26 0 0 0 21 0 0 0 
Search(26, 1, 271, from 0): lock  2 tick 26 : < 0 0 1 0 0 0 0 0 0 > --- 16 0 26 0 0 21 0 0 0 
Search(27, 1, 272, from 1): lock  2 tick 27 : < 0 0 1 0 0 0 0 0 0 > --- 16 0 26 0 0 21 0 0 0 
Search(28, 1, 273, from 1): lock  2 tick 28 : < 0 0 2 0 0 0 0 0 0 > --- 16 0 26 0 0 21 0 0 0 
Search(29, 1, 274, from 2): lock  2 tick 29 : < 0 0 3 0 0 0 0 0 0 > --- 16 0 26 0 0 21 0 0 0 
CRITICAL id 2 lock 2 tick 30 limit 1
Search(30, 0, 275, from 3): lock -1 tick 30 : < 0 0 0 0 0 0 0 0 0 > --- 16 0 26 0 0 21 0 0 0 
Search(26, 1, 276, from 0): lock  3 tick 26 : < 0 0 0 1 0 0 0 0 0 > --- 16 0 0 26 0 21 0 0 0 
Search(27, 1, 277, from 1): lock  3 tick 27 : < 0 0 0 1 0 0 0 0 0 > --- 16 0 0 26 0 21 0 0 0 
Search(28, 1, 278, from 1): lock  3 tick 28 : < 0 0 0 2 0 0 0 0 0 > --- 16 0 0 26 0 21 0 0 0 
Search(29, 1, 279, from 2): lock  3 tick 29 : < 0 0 0 3 0 0 0 0 0 > --- 16 0 0 26 0 21 0 0 0 
CRITICAL id 3 lock 3 tick 30 limit 1
Search(30, 0, 280, from 3): lock -1 tick 30 : < 0 0 0 0 0 0 0 0 0 > --- 16 0 0 26 0 21 0 0 0 
Search(26, 1, 281, from 0): lock  4 tick 26 : < 0 0 0 0 1 0 0 0 0 > --- 16 0 0 0 26 21 0 0 0 
Search(27, 1, 282, from 1): lock  4 tick 27 : < 0 0 0 0 1 0 0 0 0 > --- 16 0 0 0 26 21 0 0 0 
Search(28, 1, 283, from 1): lock  4 tick 28 : < 0 0 0 0 2 0 0 0 0 > --- 16 0 0 0 26 21 0 0 0 
Search(29, 1, 284, from 2): lock  4 tick 29 : < 0 0 0 0 3 0 0 0 0 > --- 16 0 0 0 26 21 0 0 0 
CRITICAL id 4 lock 4 tick 30 limit 1
Search(30, 0, 285, from 3): lock -1 tick 30 : < 0 0 0 0 0 0 0 0 0 > --- 16 0 0 0 26 21 0 0 0 
Search(26, 1, 286, from 0): lock  5 tick 26 : < 0 0 0 0 0 1 0 0 0 > --- 16 0 0 0 0 26 0 0 0 
Search(26, 1, 287, from 0): lock  6 tick 26 : < 0 0 0 0 0 0 1 0 0 > --- 16 0 0 0 0 21 26 0 0 
Search(27, 1, 288, from 1): lock  6 tick 27 : < 0 0 0 0 0 0 1 0 0 > --- 16 0 0 0 0 21 26 0 0 
Search(28, 1, 289, from 1): lock  6 tick 28 : < 0 0 0 0 0 0 2 0 0 > --- 16 0 0 0 0 21 26 0 0 
Search(29, 1, 290, from 2): lock  6 tick 29 : < 0 0 0 0 0 0 3 0 0 > --- 16 0 0 0 0 21 26 0 0 
CRITICAL id 6 lock 6 tick 30 limit 1
Search(30, 0, 291, from 3): lock -1 tick 30 : < 0 0 0 0 0 0 0 0 0 > --- 16 0 0 0 0 21 26 0 0 
Search(26, 1, 292, from 0): lock  7 tick 26 : < 0 0 0 0 0 0 0 1 0 > --- 16 0 0 0 0 21 0 26 0 
Search(27, 1, 293, from 1): lock  7 tick 27 : < 0 0 0 0 0 0 0 1 0 > --- 16 0 0 0 0 21 0 26 0 
Search(28, 1, 294, from 1): lock  7 tick 28 : < 0 0 0 0 0 0 0 2 0 > --- 16 0 0 0 0 21 0 26 0 
Search(29, 1, 295, from 2): lock  7 tick 29 : < 0 0 0 0 0 0 0 3 0 > --- 16 0 0 0 0 21 0 26 0 
CRITICAL id 7 lock 7 tick 30 limit 1
Search(30, 0, 296, from 3): lock -1 tick 30 : < 0 0 0 0 0 0 0 0 0 > --- 16 0 0 0 0 21 0 26 0 
Search(26, 1, 297, from 0): lock  8 tick 26 : < 0 0 0 0 0 0 0 0 1 > --- 16 0 0 0 0 21 0 0 26 
Search(27, 1, 298, from 1): lock  8 tick 27 : < 0 0 0 0 0 0 0 0 1 > --- 16 0 0 0 0 21 0 0 26 
Search(28, 1, 299, from 1): lock  8 tick 28 : < 0 0 0 0 0 0 0 0 2 > --- 16 0 0 0 0 21 0 0 26 
Search(29, 1, 300, from 2): lock  8 tick 29 : < 0 0 0 0 0 0 0 0 3 > --- 16 0 0 0 0 21 0 0 26 
CRITICAL id 8 lock 8 tick 30 limit 1
Search(30, 0, 301, from 3): lock -1 tick 30 : < 0 0 0 0 0 0 0 0 0 > --- 16 0 0 0 0 21 0 0 26 
Search(21, 2, 302, from 0): lock  6 tick 21 : < 0 0 0 0 0 0 1 0 0 > --- 16 0 0 0 0 0 21 0 0 
Search(22, 2, 303, from 1): lock  6 tick 22 : < 0 0 0 0 0 0 1 0 0 > --- 16 0 0 0 0 0 21 0 0 
Search(23, 2, 304, from 1): lock  6 tick 23 : < 0 0 0 0 0 0 2 0 0 > --- 16 0 0 0 0 0 21 0 0 
Search(24, 2, 305, from 2): lock  6 tick 24 : < 0 0 0 0 0 0 3 0 0 > --- 16 0 0 0 0 0 21 0 0 
CRITICAL id 6 lock 6 tick 25 limit 2
Search(25, 1, 306, from 3): lock -1 tick 25 : < 0 0 0 0 0 0 0 0 0 > --- 16 0 0 0 0 0 21 0 0 
Search(26, 1, 307, from 0): lock  0 tick 26 : < 1 0 0 0 0 0 0 0 0 > --- 26 0 0 0 0 0 21 0 0 
Search(27, 1, 308, from 1): lock  0 tick 27 : < 1 0 0 0 0 0 0 0 0 > --- 26 0 0 0 0 0 21 0 0 
Search(28, 1, 309, from 1): lock  0 tick 28 : < 2 0 0 0 0 0 0 0 0 > --- 26 0 0 0 0 0 21 0 0 
Search(29, 1, 310, from 2): lock  0 tick 29 : < 3 0 0 0 0 0 0 0 0 > --- 26 0 0 0 0 0 21 0 0 
CRITICAL id 0 lock 0 tick 30 limit 1
Search(30, 0, 311, from 3): lock -1 tick 30 : < 0 0 0 0 0 0 0 0 0 > --- 26 0 0 0 0 0 21 0 0 
Search(26, 1, 312, from 0): lock  1 tick 26 : < 0 1 0 0 0 0 0 0 0 > --- 16 26 0 0 0 0 21 0 0 
Search(27, 1, 313, from 1): lock  1 tick 27 : < 0 1 0 0 0 0 0 0 0 > --- 16 26 0 0 0 0 21 0 0 
Search(28, 1, 314, from 1): lock  1 tick 28 : < 0 2 0 0 0 0 0 0 0 > --- 16 26 0 0 0 0 21 0 0 
Search(29, 1, 315, from 2): lock  1 tick 29 : < 0 3 0 0 0 0 0 0 0 > --- 16 26 0 0 0 0 21 0 0 
CRITICAL id 1 lock 1 tick 30 limit 1
Search(30, 0, 316, from 3): lock -1 tick 30 : < 0 0 0 0 0 0 0 0 0 > --- 16 26 0 0 0 0 21 0 0 
Search(26, 1, 317, from 0): lock  2 tick 26 : < 0 0 1 0 0 0 0 0 0 > --- 16 0 26 0 0 0 21 0 0 
Search(27, 1, 318, from 1): lock  2 tick 27 : < 0 0 1 0 0 0 0 0 0 > --- 16 0 26 0 0 0 21 0 0 
Search(28, 1, 319, from 1): lock  2 tick 28 : < 0 0 2 0 0 0 0 0 0 > --- 16 0 26 0 0 0 21 0 0 
Search(29, 1, 320, from 2): lock  2 tick 29 : < 0 0 3 0 0 0 0 0 0 > --- 16 0 26 0 0 0 21 0 0 
CRITICAL id 2 lock 2 tick 30 limit 1
Search(30, 0, 321, from 3): lock -1 tick 30 : < 0 0 0 0 0 0 0 0 0 > --- 16 0 26 0 0 0 21 0 0 
Search(26, 1, 322, from 0): lock  3 tick 26 : < 0 0 0 1 0 0 0 0 0 > --- 16 0 0 26 0 0 21 0 0 
Search(27, 1, 323, from 1): lock  3 tick 27 : < 0 0 0 1 0 0 0 0 0 > --- 16 0 0 26 0 0 21 0 0 
Search(28, 1, 324, from 1): lock  3 tick 28 : < 0 0 0 2 0 0 0 0 0 > --- 16 0 0 26 0 0 21 0 0 
Search(29, 1, 325, from 2): lock  3 tick 29 : < 0 0 0 3 0 0 0 0 0 > --- 16 0 0 26 0 0 21 0 0 
CRITICAL id 3 lock 3 tick 30 limit 1
Search(30, 0, 326, from 3): lock -1 tick 30 : < 0 0 0 0 0 0 0 0 0 > --- 16 0 0 26 0 0 21 0 0 
Search(26, 1, 327, from 0): lock  4 tick 26 : < 0 0 0 0 1 0 0 0 0 > --- 16 0 0 0 26 0 21 0 0 
Search(27, 1, 328, from 1): lock  4 tick 27 : < 0 0 0 0 1 0 0 0 0 > --- 16 0 0 0 26 0 21 0 0 
Search(28, 1, 329, from 1): lock  4 tick 28 : < 0 0 0 0 2 0 0 0 0 > --- 16 0 0 0 26 0 21 0 0 
Search(29, 1, 330, from 2): lock  4 tick 29 : < 0 0 0 0 3 0 0 0 0 > --- 16 0 0 0 26 0 21 0 0 
CRITICAL id 4 lock 4 tick 30 limit 1
Search(30, 0, 331, from 3): lock -1 tick 30 : < 0 0 0 0 0 0 0 0 0 > --- 16 0 0 0 26 0 21 0 0 
Search(26, 1, 332, from 0): lock  5 tick 26 : < 0 0 0 0 0 1 0 0 0 > --- 16 0 0 0 0 26 21 0 0 
Search(27, 1, 333, from 1): lock  5 tick 27 : < 0 0 0 0 0 1 0 0 0 > --- 16 0 0 0 0 26 21 0 0 
Search(28, 1, 334, from 1): lock  5 tick 28 : < 0 0 0 0 0 2 0 0 0 > --- 16 0 0 0 0 26 21 0 0 
Search(29, 1, 335, from 2): lock  5 tick 29 : < 0 0 0 0 0 3 0 0 0 > --- 16 0 0 0 0 26 21 0 0 
CRITICAL id 5 lock 5 tick 30 limit 1
Search(30, 0, 336, from 3): lock -1 tick 30 : < 0 0 0 0 0 0 0 0 0 > --- 16 0 0 0 0 26 21 0 0 
Search(26, 1, 337, from 0): lock  6 tick 26 : < 0 0 0 0 0 0 1 0 0 > --- 16 0 0 0 0 0 26 0 0 
Search(26, 1, 338, from 0): lock  7 tick 26 : < 0 0 0 0 0 0 0 1 0 > --- 16 0 0 0 0 0 21 26 0 
Search(27, 1, 339, from 1): lock  7 tick 27 : < 0 0 0 0 0 0 0 1 0 > --- 16 0 0 0 0 0 21 26 0 
Search(28, 1, 340, from 1): lock  7 tick 28 : < 0 0 0 0 0 0 0 2 0 > --- 16 0 0 0 0 0 21 26 0 
Search(29, 1, 341, from 2): lock  7 tick 29 : < 0 0 0 0 0 0 0 3 0 > --- 16 0 0 0 0 0 21 26 0 
CRITICAL id 7 lock 7 tick 30 limit 1
Search(30, 0, 342, from 3): lock -1 tick 30 : < 0 0 0 0 0 0 0 0 0 > --- 16 0 0 0 0 0 21 26 0 
Search(26, 1, 343, from 0): lock  8 tick 26 : < 0 0 0 0 0 0 0 0 1 > --- 16 0 0 0 0 0 21 0 26 
Search(27, 1, 344, from 1): lock  8 tick 27 : < 0 0 0 0 0 0 0 0 1 > --- 16 0 0 0 0 0 21 0 26 
Search(28, 1, 345, from 1): lock  8 tick 28 : < 0 0 0 0 0 0 0 0 2 > --- 16 0 0 0 0 0 21 0 26 
Search(29, 1, 346, from 2): lock  8 tick 29 : < 0 0 0 0 0 0 0 0 3 > --- 16 0 0 0 0 0 21 0 26 
CRITICAL id 8 lock 8 tick 30 limit 1
Search(30, 0, 347, from 3): lock -1 tick 30 : < 0 0 0 0 0 0 0 0 0 > --- 16 0 0 0 0 0 21 0 26 
Search(21, 2, 348, from 0): lock  7 tick 21 : < 0 0 0 0 0 0 0 1 0 > --- 16 0 0 0 0 0 0 21 0 
Search(22, 2, 349, from 1): lock  7 tick 22 : < 0 0 0 0 0 0 0 1 0 > --- 16 0 0 0 0 0 0 21 0 
Search(23, 2, 350, from 1): lock  7 tick 23 : < 0 0 0 0 0 0 0 2 0 > --- 16 0 0 0 0 0 0 21 0 
Search(24, 2, 351, from 2): lock  7 tick 24 : < 0 0 0 0 0 0 0 3 0 > --- 16 0 0 0 0 0 0 21 0 
CRITICAL id 7 lock 7 tick 25 limit 2
Search(25, 1, 352, from 3): lock -1 tick 25 : < 0 0 0 0 0 0 0 0 0 > --- 16 0 0 0 0 0 0 21 0 
Search(26, 1, 353, from 0): lock  0 tick 26 : < 1 0 0 0 0 0 0 0 0 > --- 26 0 0 0 0 0 0 21 0 
Search(27, 1, 354, from 1): lock  0 tick 27 : < 1 0 0 0 0 0 0 0 0 > --- 26 0 0 0 0 0 0 21 0 
Search(28, 1, 355, from 1): lock  0 tick 28 : < 2 0 0 0 0 0 0 0 0 > --- 26 0 0 0 0 0 0 21 0 
Search(29, 1, 356, from 2): lock  0 tick 29 : < 3 0 0 0 0 0 0 0 0 > --- 26 0 0 0 0 0 0 21 0 
CRITICAL id 0 lock 0 tick 30 limit 1
Search(30, 0, 357, from 3): lock -1 tick 30 : < 0 0 0 0 0 0 0 0 0 > --- 26 0 0 0 0 0 0 21 0 
Search(26, 1, 358, from 0): lock  1 tick 26 : < 0 1 0 0 0 0 0 0 0 > --- 16 26 0 0 0 0 0 21 0 
Search(27, 1, 359, from 1): lock  1 tick 27 : < 0 1 0 0 0 0 0 0 0 > --- 16 26 0 0 0 0 0 21 0 
Search(28, 1, 360, from 1): lock  1 tick 28 : < 0 2 0 0 0 0 0 0 0 > --- 16 26 0 0 0 0 0 21 0 
Search(29, 1, 361, from 2): lock  1 tick 29 : < 0 3 0 0 0 0 0 0 0 > --- 16 26 0 0 0 0 0 21 0 
CRITICAL id 1 lock 1 tick 30 limit 1
Search(30, 0, 362, from 3): lock -1 tick 30 : < 0 0 0 0 0 0 0 0 0 > --- 16 26 0 0 0 0 0 21 0 
Search(26, 1, 363, from 0): lock  2 tick 26 : < 0 0 1 0 0 0 0 0 0 > --- 16 0 26 0 0 0 0 21 0 
Search(27, 1, 364, from 1): lock  2 tick 27 : < 0 0 1 0 0 0 0 0 0 > --- 16 0 26 0 0 0 0 21 0 
Search(28, 1, 365, from 1): lock  2 tick 28 : < 0 0 2 0 0 0 0 0 0 > --- 16 0 26 0 0 0 0 21 0 
Search(29, 1, 366, from 2): lock  2 tick 29 : < 0 0 3 0 0 0 0 0 0 > --- 16 0 26 0 0 0 0 21 0 
CRITICAL id 2 lock 2 tick 30 limit 1
Search(30, 0, 367, from 3): lock -1 tick 30 : < 0 0 0 0 0 0 0 0 0 > --- 16 0 26 0 0 0 0 21 0 
Search(26, 1, 368, from 0): lock  3 tick 26 : < 0 0 0 1 0 0 0 0 0 > --- 16 0 0 26 0 0 0 21 0 
Search(27, 1, 369, from 1): lock  3 tick 27 : < 0 0 0 1 0 0 0 0 0 > --- 16 0 0 26 0 0 0 21 0 
Search(28, 1, 370, from 1): lock  3 tick 28 : < 0 0 0 2 0 0 0 0 0 > --- 16 0 0 26 0 0 0 21 0 
Search(29, 1, 371, from 2): lock  3 tick 29 : < 0 0 0 3 0 0 0 0 0 > --- 16 0 0 26 0 0 0 21 0 
CRITICAL id 3 lock 3 tick 30 limit 1
Search(30, 0, 372, from 3): lock -1 tick 30 : < 0 0 0 0 0 0 0 0 0 > --- 16 0 0 26 0 0 0 21 0 
Search(26, 1, 373, from 0): lock  4 tick 26 : < 0 0 0 0 1 0 0 0 0 > --- 16 0 0 0 26 0 0 21 0 
Search(27, 1, 374, from 1): lock  4 tick 27 : < 0 0 0 0 1 0 0 0 0 > --- 16 0 0 0 26 0 0 21 0 
Search(28, 1, 375, from 1): lock  4 tick 28 : < 0 0 0 0 2 0 0 0 0 > --- 16 0 0 0 26 0 0 21 0 
Search(29, 1, 376, from 2): lock  4 tick 29 : < 0 0 0 0 3 0 0 0 0 > --- 16 0 0 0 26 0 0 21 0 
CRITICAL id 4 lock 4 tick 30 limit 1
Search(30, 0, 377, from 3): lock -1 tick 30 : < 0 0 0 0 0 0 0 0 0 > --- 16 0 0 0 26 0 0 21 0 
Search(26, 1, 378, from 0): lock  5 tick 26 : < 0 0 0 0 0 1 0 0 0 > --- 16 0 0 0 0 26 0 21 0 
Search(27, 1, 379, from 1): lock  5 tick 27 : < 0 0 0 0 0 1 0 0 0 > --- 16 0 0 0 0 26 0 21 0 
Search(28, 1, 380, from 1): lock  5 tick 28 : < 0 0 0 0 0 2 0 0 0 > --- 16 0 0 0 0 26 0 21 0 
Search(29, 1, 381, from 2): lock  5 tick 29 : < 0 0 0 0 0 3 0 0 0 > --- 16 0 0 0 0 26 0 21 0 
CRITICAL id 5 lock 5 tick 30 limit 1
Search(30, 0, 382, from 3): lock -1 tick 30 : < 0 0 0 0 0 0 0 0 0 > --- 16 0 0 0 0 26 0 21 0 
Search(26, 1, 383, from 0): lock  6 tick 26 : < 0 0 0 0 0 0 1 0 0 > --- 16 0 0 0 0 0 26 21 0 
Search(27, 1, 384, from 1): lock  6 tick 27 : < 0 0 0 0 0 0 1 0 0 > --- 16 0 0 0 0 0 26 21 0 
Search(28, 1, 385, from 1): lock  6 tick 28 : < 0 0 0 0 0 0 2 0 0 > --- 16 0 0 0 0 0 26 21 0 
Search(29, 1, 386, from 2): lock  6 tick 29 : < 0 0 0 0 0 0 3 0 0 > --- 16 0 0 0 0 0 26 21 0 
CRITICAL id 6 lock 6 tick 30 limit 1
Search(30, 0, 387, from 3): lock -1 tick 30 : < 0 0 0 0 0 0 0 0 0 > --- 16 0 0 0 0 0 26 21 0 
Search(26, 1, 388, from 0): lock  7 tick 26 : < 0 0 0 0 0 0 0 1 0 > --- 16 0 0 0 0 0 0 26 0 
Search(26, 1, 389, from 0): lock  8 tick 26 : < 0 0 0 0 0 0 0 0 1 > --- 16 0 0 0 0 0 0 21 26 
Search(27, 1, 390, from 1): lock  8 tick 27 : < 0 0 0 0 0 0 0 0 1 > --- 16 0 0 0 0 0 0 21 26 
Search(28, 1, 391, from 1): lock  8 tick 28 : < 0 0 0 0 0 0 0 0 2 > --- 16 0 0 0 0 0 0 21 26 
Search(29, 1, 392, from 2): lock  8 tick 29 : < 0 0 0 0 0 0 0 0 3 > --- 16 0 0 0 0 0 0 21 26 
CRITICAL id 8 lock 8 tick 30 limit 1
Search(30, 0, 393, from 3): lock -1 tick 30 : < 0 0 0 0 0 0 0 0 0 > --- 16 0 0 0 0 0 0 21 26 
Search(21, 2, 394, from 0): lock  8 tick 21 : < 0 0 0 0 0 0 0 0 1 > --- 16 0 0 0 0 0 0 0 21 
Search(22, 2, 395, from 1): lock  8 tick 22 : < 0 0 0 0 0 0 0 0 1 > --- 16 0 0 0 0 0 0 0 21 
Search(23, 2, 396, from 1): lock  8 tick 23 : < 0 0 0 0 0 0 0 0 2 > --- 16 0 0 0 0 0 0 0 21 
Search(24, 2, 397, from 2): lock  8 tick 24 : < 0 0 0 0 0 0 0 0 3 > --- 16 0 0 0 0 0 0 0 21 
CRITICAL id 8 lock 8 tick 25 limit 2
Search(25, 1, 398, from 3): lock -1 tick 25 : < 0 0 0 0 0 0 0 0 0 > --- 16 0 0 0 0 0 0 0 21 
Search(26, 1, 399, from 0): lock  0 tick 26 : < 1 0 0 0 0 0 0 0 0 > --- 26 0 0 0 0 0 0 0 21 
Search(27, 1, 400, from 1): lock  0 tick 27 : < 1 0 0 0 0 0 0 0 0 > --- 26 0 0 0 0 0 0 0 21 
Search(28, 1, 401, from 1): lock  0 tick 28 : < 2 0 0 0 0 0 0 0 0 > --- 26 0 0 0 0 0 0 0 21 
Search(29, 1, 402, from 2): lock  0 tick 29 : < 3 0 0 0 0 0 0 0 0 > --- 26 0 0 0 0 0 0 0 21 
CRITICAL id 0 lock 0 tick 30 limit 1
Search(30, 0, 403, from 3): lock -1 tick 30 : < 0 0 0 0 0 0 0 0 0 > --- 26 0 0 0 0 0 0 0 21 
Search(26, 1, 404, from 0): lock  1 tick 26 : < 0 1 0 0 0 0 0 0 0 > --- 16 26 0 0 0 0 0 0 21 
Search(27, 1, 405, from 1): lock  1 tick 27 : < 0 1 0 0 0 0 0 0 0 > --- 16 26 0 0 0 0 0 0 21 
Search(28, 1, 406, from 1): lock  1 tick 28 : < 0 2 0 0 0 0 0 0 0 > --- 16 26 0 0 0 0 0 0 21 
Search(29, 1, 407, from 2): lock  1 tick 29 : < 0 3 0 0 0 0 0 0 0 > --- 16 26 0 0 0 0 0 0 21 
CRITICAL id 1 lock 1 tick 30 limit 1
Search(30, 0, 408, from 3): lock -1 tick 30 : < 0 0 0 0 0 0 0 0 0 > --- 16 26 0 0 0 0 0 0 21 
Search(26, 1, 409, from 0): lock  2 tick 26 : < 0 0 1 0 0 0 0 0 0 > --- 16 0 26 0 0 0 0 0 21 
Search(27, 1, 410, from 1): lock  2 tick 27 : < 0 0 1 0 0 0 0 0 0 > --- 16 0 26 0 0 0 0 0 21 
Search(28, 1, 411, from 1): lock  2 tick 28 : < 0 0 2 0 0 0 0 0 0 > --- 16 0 26 0 0 0 0 0 21 
Search(29, 1, 412, from 2): lock  2 tick 29 : < 0 0 3 0 0 0 0 0 0 > --- 16 0 26 0 0 0 0 0 21 
CRITICAL id 2 lock 2 tick 30 limit 1
Search(30, 0, 413, from 3): lock -1 tick 30 : < 0 0 0 0 0 0 0 0 0 > --- 16 0 26 0 0 0 0 0 21 
Search(26, 1, 414, from 0): lock  3 tick 26 : < 0 0 0 1 0 0 0 0 0 > --- 16 0 0 26 0 0 0 0 21 
Search(27, 1, 415, from 1): lock  3 tick 27 : < 0 0 0 1 0 0 0 0 0 > --- 16 0 0 26 0 0 0 0 21 
Search(28, 1, 416, from 1): lock  3 tick 28 : < 0 0 0 2 0 0 0 0 0 > --- 16 0 0 26 0 0 0 0 21 
Search(29, 1, 417, from 2): lock  3 tick 29 : < 0 0 0 3 0 0 0 0 0 > --- 16 0 0 26 0 0 0 0 21 
CRITICAL id 3 lock 3 tick 30 limit 1
Search(30, 0, 418, from 3): lock -1 tick 30 : < 0 0 0 0 0 0 0 0 0 > --- 16 0 0 26 0 0 0 0 21 
Search(26, 1, 419, from 0): lock  4 tick 26 : < 0 0 0 0 1 0 0 0 0 > --- 16 0 0 0 26 0 0 0 21 
Search(27, 1, 420, from 1): lock  4 tick 27 : < 0 0 0 0 1 0 0 0 0 > --- 16 0 0 0 26 0 0 0 21 
Search(28, 1, 421, from 1): lock  4 tick 28 : < 0 0 0 0 2 0 0 0 0 > --- 16 0 0 0 26 0 0 0 21 
Search(29, 1, 422, from 2): lock  4 tick 29 : < 0 0 0 0 3 0 0 0 0 > --- 16 0 0 0 26 0 0 0 21 
CRITICAL id 4 lock 4 tick 30 limit 1
Search(30, 0, 423, from 3): lock -1 tick 30 : < 0 0 0 0 0 0 0 0 0 > --- 16 0 0 0 26 0 0 0 21 
Search(26, 1, 424, from 0): lock  5 tick 26 : < 0 0 0 0 0 1 0 0 0 > --- 16 0 0 0 0 26 0 0 21 
Search(27, 1, 425, from 1): lock  5 tick 27 : < 0 0 0 0 0 1 0 0 0 > --- 16 0 0 0 0 26 0 0 21 
Search(28, 1, 426, from 1): lock  5 tick 28 : < 0 0 0 0 0 2 0 0 0 > --- 16 0 0 0 0 26 0 0 21 
Search(29, 1, 427, from 2): lock  5 tick 29 : < 0 0 0 0 0 3 0 0 0 > --- 16 0 0 0 0 26 0 0 21 
CRITICAL id 5 lock 5 tick 30 limit 1
Search(30, 0, 428, from 3): lock -1 tick 30 : < 0 0 0 0 0 0 0 0 0 > --- 16 0 0 0 0 26 0 0 21 
Search(26, 1, 429, from 0): lock  6 tick 26 : < 0 0 0 0 0 0 1 0 0 > --- 16 0 0 0 0 0 26 0 21 
Search(27, 1, 430, from 1): lock  6 tick 27 : < 0 0 0 0 0 0 1 0 0 > --- 16 0 0 0 0 0 26 0 21 
Search(28, 1, 431, from 1): lock  6 tick 28 : < 0 0 0 0 0 0 2 0 0 > --- 16 0 0 0 0 0 26 0 21 
Search(29, 1, 432, from 2): lock  6 tick 29 : < 0 0 0 0 0 0 3 0 0 > --- 16 0 0 0 0 0 26 0 21 
CRITICAL id 6 lock 6 tick 30 limit 1
Search(30, 0, 433, from 3): lock -1 tick 30 : < 0 0 0 0 0 0 0 0 0 > --- 16 0 0 0 0 0 26 0 21 
Search(26, 1, 434, from 0): lock  7 tick 26 : < 0 0 0 0 0 0 0 1 0 > --- 16 0 0 0 0 0 0 26 21 
Search(27, 1, 435, from 1): lock  7 tick 27 : < 0 0 0 0 0 0 0 1 0 > --- 16 0 0 0 0 0 0 26 21 
Search(28, 1, 436, from 1): lock  7 tick 28 : < 0 0 0 0 0 0 0 2 0 > --- 16 0 0 0 0 0 0 26 21 
Search(29, 1, 437, from 2): lock  7 tick 29 : < 0 0 0 0 0 0 0 3 0 > --- 16 0 0 0 0 0 0 26 21 
CRITICAL id 7 lock 7 tick 30 limit 1
Search(30, 0, 438, from 3): lock -1 tick 30 : < 0 0 0 0 0 0 0 0 0 > --- 16 0 0 0 0 0 0 26 21 
Search(26, 1, 439, from 0): lock  8 tick 26 : < 0 0 0 0 0 0 0 0 1 > --- 16 0 0 0 0 0 0 0 26 
Search(16, 3, 440, from 0): lock  1 tick 16 : < 0 1 0 0 0 0 0 0 0 > --- 11 16 0 0 0 0 0 0 0 
Search(17, 3, 441, from 1): lock  1 tick 17 : < 0 1 0 0 0 0 0 0 0 > --- 11 16 0 0 0 0 0 0 0 
Search(18, 3, 442, from 1): lock  1 tick 18 : < 0 2 0 0 0 0 0 0 0 > --- 11 16 0 0 0 0 0 0 0 
Search(19, 3, 443, from 2): lock  1 tick 19 : < 0 3 0 0 0 0 0 0 0 > --- 11 16 0 0 0 0 0 0 0 
CRITICAL id 1 lock 1 tick 20 limit 3
Search(20, 2, 444, from 3): lock -1 tick 20 : < 0 0 0 0 0 0 0 0 0 > --- 11 16 0 0 0 0 0 0 0 
Search(16, 3, 445, from 0): lock  2 tick 16 : < 0 0 1 0 0 0 0 0 0 > --- 11 0 16 0 0 0 0 0 0 
Search(17, 3, 446, from 1): lock  2 tick 17 : < 0 0 1 0 0 0 0 0 0 > --- 11 0 16 0 0 0 0 0 0 
Search(18, 3, 447, from 1): lock  2 tick 18 : < 0 0 2 0 0 0 0 0 0 > --- 11 0 16 0 0 0 0 0 0 
Search(19, 3, 448, from 2): lock  2 tick 19 : < 0 0 3 0 0 0 0 0 0 > --- 11 0 16 0 0 0 0 0 0 
CRITICAL id 2 lock 2 tick 20 limit 3
Search(20, 2, 449, from 3): lock -1 tick 20 : < 0 0 0 0 0 0 0 0 0 > --- 11 0 16 0 0 0 0 0 0 
Search(16, 3, 450, from 0): lock  3 tick 16 : < 0 0 0 1 0 0 0 0 0 > --- 11 0 0 16 0 0 0 0 0 
Search(17, 3, 451, from 1): lock  3 tick 17 : < 0 0 0 1 0 0 0 0 0 > --- 11 0 0 16 0 0 0 0 0 
Search(18, 3, 452, from 1): lock  3 tick 18 : < 0 0 0 2 0 0 0 0 0 > --- 11 0 0 16 0 0 0 0 0 
Search(19, 3, 453, from 2): lock  3 tick 19 : < 0 0 0 3 0 0 0 0 0 > --- 11 0 0 16 0 0 0 0 0 
CRITICAL id 3 lock 3 tick 20 limit 3
Search(20, 2, 454, from 3): lock -1 tick 20 : < 0 0 0 0 0 0 0 0 0 > --- 11 0 0 16 0 0 0 0 0 
Search(16, 3, 455, from 0): lock  4 tick 16 : < 0 0 0 0 1 0 0 0 0 > --- 11 0 0 0 16 0 0 0 0 
Search(17, 3, 456, from 1): lock  4 tick 17 : < 0 0 0 0 1 0 0 0 0 > --- 11 0 0 0 16 0 0 0 0 
Search(18, 3, 457, from 1): lock  4 tick 18 : < 0 0 0 0 2 0 0 0 0 > --- 11 0 0 0 16 0 0 0 0 
Search(19, 3, 458, from 2): lock  4 tick 19 : < 0 0 0 0 3 0 0 0 0 > --- 11 0 0 0 16 0 0 0 0 
CRITICAL id 4 lock 4 tick 20 limit 3
Search(20, 2, 459, from 3): lock -1 tick 20 : < 0 0 0 0 0 0 0 0 0 > --- 11 0 0 0 16 0 0 0 0 
Search(16, 3, 460, from 0): lock  5 tick 16 : < 0 0 0 0 0 1 0 0 0 > --- 11 0 0 0 0 16 0 0 0 
Search(17, 3, 461, from 1): lock  5 tick 17 : < 0 0 0 0 0 1 0 0 0 > --- 11 0 0 0 0 16 0 0 0 
Search(18, 3, 462, from 1): lock  5 tick 18 : < 0 0 0 0 0 2 0 0 0 > --- 11 0 0 0 0 16 0 0 0 
Search(19, 3, 463, from 2): lock  5 tick 19 : < 0 0 0 0 0 3 0 0 0 > --- 11 0 0 0 0 16 0 0 0 
CRITICAL id 5 lock 5 tick 20 limit 3
Search(20, 2, 464, from 3): lock -1 tick 20 : < 0 0 0 0 0 0 0 0 0 > --- 11 0 0 0 0 16 0 0 0 
Search(16, 3, 465, from 0): lock  6 tick 16 : < 0 0 0 0 0 0 1 0 0 > --- 11 0 0 0 0 0 16 0 0 
Search(17, 3, 466, from 1): lock  6 tick 17 : < 0 0 0 0 0 0 1 0 0 > --- 11 0 0 0 0 0 16 0 0 
Search(18, 3, 467, from 1): lock  6 tick 18 : < 0 0 0 0 0 0 2 0 0 > --- 11 0 0 0 0 0 16 0 0 
Search(19, 3, 468, from 2): lock  6 tick 19 : < 0 0 0 0 0 0 3 0 0 > --- 11 0 0 0 0 0 16 0 0 
CRITICAL id 6 lock 6 tick 20 limit 3
Search(20, 2, 469, from 3): lock -1 tick 20 : < 0 0 0 0 0 0 0 0 0 > --- 11 0 0 0 0 0 16 0 0 
Search(16, 3, 470, from 0): lock  7 tick 16 : < 0 0 0 0 0 0 0 1 0 > --- 11 0 0 0 0 0 0 16 0 
Search(17, 3, 471, from 1): lock  7 tick 17 : < 0 0 0 0 0 0 0 1 0 > --- 11 0 0 0 0 0 0 16 0 
Search(18, 3, 472, from 1): lock  7 tick 18 : < 0 0 0 0 0 0 0 2 0 > --- 11 0 0 0 0 0 0 16 0 
Search(19, 3, 473, from 2): lock  7 tick 19 : < 0 0 0 0 0 0 0 3 0 > --- 11 0 0 0 0 0 0 16 0 
CRITICAL id 7 lock 7 tick 20 limit 3
Search(20, 2, 474, from 3): lock -1 tick 20 : < 0 0 0 0 0 0 0 0 0 > --- 11 0 0 0 0 0 0 16 0 
Search(16, 3, 475, from 0): lock  8 tick 16 : < 0 0 0 0 0 0 0 0 1 > --- 11 0 0 0 0 0 0 0 16 
Search(17, 3, 476, from 1): lock  8 tick 17 : < 0 0 0 0 0 0 0 0 1 > --- 11 0 0 0 0 0 0 0 16 
Search(18, 3, 477, from 1): lock  8 tick 18 : < 0 0 0 0 0 0 0 0 2 > --- 11 0 0 0 0 0 0 0 16 
Search(19, 3, 478, from 2): lock  8 tick 19 : < 0 0 0 0 0 0 0 0 3 > --- 11 0 0 0 0 0 0 0 16 
CRITICAL id 8 lock 8 tick 20 limit 3
Search(20, 2, 479, from 3): lock -1 tick 20 : < 0 0 0 0 0 0 0 0 0 > --- 11 0 0 0 0 0 0 0 16 
Search(11, 4, 480, from 0): lock  1 tick 11 : < 0 1 0 0 0 0 0 0 0 > --- 6 11 0 0 0 0 0 0 0 
Search(12, 4, 481, from 1): lock  1 tick 12 : < 0 1 0 0 0 0 0 0 0 > --- 6 11 0 0 0 0 0 0 0 
Search(13, 4, 482, from 1): lock  1 tick 13 : < 0 2 0 0 0 0 0 0 0 > --- 6 11 0 0 0 0 0 0 0 
Search(14, 4, 483, from 2): lock  1 tick 14 : < 0 3 0 0 0 0 0 0 0 > --- 6 11 0 0 0 0 0 0 0 
CRITICAL id 1 lock 1 tick 15 limit 4
Search(15, 3, 484, from 3): lock -1 tick 15 : < 0 0 0 0 0 0 0 0 0 > --- 6 11 0 0 0 0 0 0 0 
Search(11, 4, 485, from 0): lock  2 tick 11 : < 0 0 1 0 0 0 0 0 0 > --- 6 0 11 0 0 0 0 0 0 
Search(12, 4, 486, from 1): lock  2 tick 12 : < 0 0 1 0 0 0 0 0 0 > --- 6 0 11 0 0 0 0 0 0 
Search(13, 4, 487, from 1): lock  2 tick 13 : < 0 0 2 0 0 0 0 0 0 > --- 6 0 11 0 0 0 0 0 0 
Search(14, 4, 488, from 2): lock  2 tick 14 : < 0 0 3 0 0 0 0 0 0 > --- 6 0 11 0 0 0 0 0 0 
CRITICAL id 2 lock 2 tick 15 limit 4
Search(15, 3, 489, from 3): lock -1 tick 15 : < 0 0 0 0 0 0 0 0 0 > --- 6 0 11 0 0 0 0 0 0 
Search(11, 4, 490, from 0): lock  3 tick 11 : < 0 0 0 1 0 0 0 0 0 > --- 6 0 0 11 0 0 0 0 0 
Search(12, 4, 491, from 1): lock  3 tick 12 : < 0 0 0 1 0 0 0 0 0 > --- 6 0 0 11 0 0 0 0 0 
Search(13, 4, 492, from 1): lock  3 tick 13 : < 0 0 0 2 0 0 0 0 0 > --- 6 0 0 11 0 0 0 0 0 
Search(14, 4, 493, from 2): lock  3 tick 14 : < 0 0 0 3 0 0 0 0 0 > --- 6 0 0 11 0 0 0 0 0 
CRITICAL id 3 lock 3 tick 15 limit 4
Search(15, 3, 494, from 3): lock -1 tick 15 : < 0 0 0 0 0 0 0 0 0 > --- 6 0 0 11 0 0 0 0 0 
Search(11, 4, 495, from 0): lock  4 tick 11 : < 0 0 0 0 1 0 0 0 0 > --- 6 0 0 0 11 0 0 0 0 
Search(12, 4, 496, from 1): lock  4 tick 12 : < 0 0 0 0 1 0 0 0 0 > --- 6 0 0 0 11 0 0 0 0 
Search(13, 4, 497, from 1): lock  4 tick 13 : < 0 0 0 0 2 0 0 0 0 > --- 6 0 0 0 11 0 0 0 0 
Search(14, 4, 498, from 2): lock  4 tick 14 : < 0 0 0 0 3 0 0 0 0 > --- 6 0 0 0 11 0 0 0 0 
CRITICAL id 4 lock 4 tick 15 limit 4
Search(15, 3, 499, from 3): lock -1 tick 15 : < 0 0 0 0 0 0 0 0 0 > --- 6 0 0 0 11 0 0 0 0 
Search(11, 4, 500, from 0): lock  5 tick 11 : < 0 0 0 0 0 1 0 0 0 > --- 6 0 0 0 0 11 0 0 0 
Search(12, 4, 501, from 1): lock  5 tick 12 : < 0 0 0 0 0 1 0 0 0 > --- 6 0 0 0 0 11 0 0 0 
Search(13, 4, 502, from 1): lock  5 tick 13 : < 0 0 0 0 0 2 0 0 0 > --- 6 0 0 0 0 11 0 0 0 
Search(14, 4, 503, from 2): lock  5 tick 14 : < 0 0 0 0 0 3 0 0 0 > --- 6 0 0 0 0 11 0 0 0 
CRITICAL id 5 lock 5 tick 15 limit 4
Search(15, 3, 504, from 3): lock -1 tick 15 : < 0 0 0 0 0 0 0 0 0 > --- 6 0 0 0 0 11 0 0 0 
Search(11, 4, 505, from 0): lock  6 tick 11 : < 0 0 0 0 0 0 1 0 0 > --- 6 0 0 0 0 0 11 0 0 
Search(12, 4, 506, from 1): lock  6 tick 12 : < 0 0 0 0 0 0 1 0 0 > --- 6 0 0 0 0 0 11 0 0 
Search(13, 4, 507, from 1): lock  6 tick 13 : < 0 0 0 0 0 0 2 0 0 > --- 6 0 0 0 0 0 11 0 0 
Search(14, 4, 508, from 2): lock  6 tick 14 : < 0 0 0 0 0 0 3 0 0 > --- 6 0 0 0 0 0 11 0 0 
CRITICAL id 6 lock 6 tick 15 limit 4
Search(15, 3, 509, from 3): lock -1 tick 15 : < 0 0 0 0 0 0 0 0 0 > --- 6 0 0 0 0 0 11 0 0 
Search(11, 4, 510, from 0): lock  7 tick 11 : < 0 0 0 0 0 0 0 1 0 > --- 6 0 0 0 0 0 0 11 0 
Search(12, 4, 511, from 1): lock  7 tick 12 : < 0 0 0 0 0 0 0 1 0 > --- 6 0 0 0 0 0 0 11 0 
Search(13, 4, 512, from 1): lock  7 tick 13 : < 0 0 0 0 0 0 0 2 0 > --- 6 0 0 0 0 0 0 11 0 
Search(14, 4, 513, from 2): lock  7 tick 14 : < 0 0 0 0 0 0 0 3 0 > --- 6 0 0 0 0 0 0 11 0 
CRITICAL id 7 lock 7 tick 15 limit 4
Search(15, 3, 514, from 3): lock -1 tick 15 : < 0 0 0 0 0 0 0 0 0 > --- 6 0 0 0 0 0 0 11 0 
Search(11, 4, 515, from 0): lock  8 tick 11 : < 0 0 0 0 0 0 0 0 1 > --- 6 0 0 0 0 0 0 0 11 
Search(12, 4, 516, from 1): lock  8 tick 12 : < 0 0 0 0 0 0 0 0 1 > --- 6 0 0 0 0 0 0 0 11 
Search(13, 4, 517, from 1): lock  8 tick 13 : < 0 0 0 0 0 0 0 0 2 > --- 6 0 0 0 0 0 0 0 11 
Search(14, 4, 518, from 2): lock  8 tick 14 : < 0 0 0 0 0 0 0 0 3 > --- 6 0 0 0 0 0 0 0 11 
CRITICAL id 8 lock 8 tick 15 limit 4
Search(15, 3, 519, from 3): lock -1 tick 15 : < 0 0 0 0 0 0 0 0 0 > --- 6 0 0 0 0 0 0 0 11 
Search(6, 5, 520, from 0): lock  1 tick 6 : < 0 1 0 0 0 0 0 0 0 > --- 1 6 0 0 0 0 0 0 0 
Search(7, 5, 521, from 1): lock  1 tick 7 : < 0 1 0 0 0 0 0 0 0 > --- 1 6 0 0 0 0 0 0 0 
Search(8, 5, 522, from 1): lock  1 tick 8 : < 0 2 0 0 0 0 0 0 0 > --- 1 6 0 0 0 0 0 0 0 
Search(9, 5, 523, from 2): lock  1 tick 9 : < 0 3 0 0 0 0 0 0 0 > --- 1 6 0 0 0 0 0 0 0 
CRITICAL id 1 lock 1 tick 10 limit 5
Search(10, 4, 524, from 3): lock -1 tick 10 : < 0 0 0 0 0 0 0 0 0 > --- 1 6 0 0 0 0 0 0 0 
Search(6, 5, 525, from 0): lock  2 tick 6 : < 0 0 1 0 0 0 0 0 0 > --- 1 0 6 0 0 0 0 0 0 
Search(7, 5, 526, from 1): lock  2 tick 7 : < 0 0 1 0 0 0 0 0 0 > --- 1 0 6 0 0 0 0 0 0 
Search(8, 5, 527, from 1): lock  2 tick 8 : < 0 0 2 0 0 0 0 0 0 > --- 1 0 6 0 0 0 0 0 0 
Search(9, 5, 528, from 2): lock  2 tick 9 : < 0 0 3 0 0 0 0 0 0 > --- 1 0 6 0 0 0 0 0 0 
CRITICAL id 2 lock 2 tick 10 limit 5
Search(10, 4, 529, from 3): lock -1 tick 10 : < 0 0 0 0 0 0 0 0 0 > --- 1 0 6 0 0 0 0 0 0 
Search(6, 5, 530, from 0): lock  3 tick 6 : < 0 0 0 1 0 0 0 0 0 > --- 1 0 0 6 0 0 0 0 0 
Search(7, 5, 531, from 1): lock  3 tick 7 : < 0 0 0 1 0 0 0 0 0 > --- 1 0 0 6 0 0 0 0 0 
Search(8, 5, 532, from 1): lock  3 tick 8 : < 0 0 0 2 0 0 0 0 0 > --- 1 0 0 6 0 0 0 0 0 
Search(9, 5, 533, from 2): lock  3 tick 9 : < 0 0 0 3 0 0 0 0 0 > --- 1 0 0 6 0 0 0 0 0 
CRITICAL id 3 lock 3 tick 10 limit 5
Search(10, 4, 534, from 3): lock -1 tick 10 : < 0 0 0 0 0 0 0 0 0 > --- 1 0 0 6 0 0 0 0 0 
Search(6, 5, 535, from 0): lock  4 tick 6 : < 0 0 0 0 1 0 0 0 0 > --- 1 0 0 0 6 0 0 0 0 
Search(7, 5, 536, from 1): lock  4 tick 7 : < 0 0 0 0 1 0 0 0 0 > --- 1 0 0 0 6 0 0 0 0 
Search(8, 5, 537, from 1): lock  4 tick 8 : < 0 0 0 0 2 0 0 0 0 > --- 1 0 0 0 6 0 0 0 0 
Search(9, 5, 538, from 2): lock  4 tick 9 : < 0 0 0 0 3 0 0 0 0 > --- 1 0 0 0 6 0 0 0 0 
CRITICAL id 4 lock 4 tick 10 limit 5
Search(10, 4, 539, from 3): lock -1 tick 10 : < 0 0 0 0 0 0 0 0 0 > --- 1 0 0 0 6 0 0 0 0 
Search(6, 5, 540, from 0): lock  5 tick 6 : < 0 0 0 0 0 1 0 0 0 > --- 1 0 0 0 0 6 0 0 0 
Search(7, 5, 541, from 1): lock  5 tick 7 : < 0 0 0 0 0 1 0 0 0 > --- 1 0 0 0 0 6 0 0 0 
Search(8, 5, 542, from 1): lock  5 tick 8 : < 0 0 0 0 0 2 0 0 0 > --- 1 0 0 0 0 6 0 0 0 
Search(9, 5, 543, from 2): lock  5 tick 9 : < 0 0 0 0 0 3 0 0 0 > --- 1 0 0 0 0 6 0 0 0 
CRITICAL id 5 lock 5 tick 10 limit 5
Search(10, 4, 544, from 3): lock -1 tick 10 : < 0 0 0 0 0 0 0 0 0 > --- 1 0 0 0 0 6 0 0 0 
Search(6, 5, 545, from 0): lock  6 tick 6 : < 0 0 0 0 0 0 1 0 0 > --- 1 0 0 0 0 0 6 0 0 
Search(7, 5, 546, from 1): lock  6 tick 7 : < 0 0 0 0 0 0 1 0 0 > --- 1 0 0 0 0 0 6 0 0 
Search(8, 5, 547, from 1): lock  6 tick 8 : < 0 0 0 0 0 0 2 0 0 > --- 1 0 0 0 0 0 6 0 0 
Search(9, 5, 548, from 2): lock  6 tick 9 : < 0 0 0 0 0 0 3 0 0 > --- 1 0 0 0 0 0 6 0 0 
CRITICAL id 6 lock 6 tick 10 limit 5
Search(10, 4, 549, from 3): lock -1 tick 10 : < 0 0 0 0 0 0 0 0 0 > --- 1 0 0 0 0 0 6 0 0 
Search(6, 5, 550, from 0): lock  7 tick 6 : < 0 0 0 0 0 0 0 1 0 > --- 1 0 0 0 0 0 0 6 0 
Search(7, 5, 551, from 1): lock  7 tick 7 : < 0 0 0 0 0 0 0 1 0 > --- 1 0 0 0 0 0 0 6 0 
Search(8, 5, 552, from 1): lock  7 tick 8 : < 0 0 0 0 0 0 0 2 0 > --- 1 0 0 0 0 0 0 6 0 
Search(9, 5, 553, from 2): lock  7 tick 9 : < 0 0 0 0 0 0 0 3 0 > --- 1 0 0 0 0 0 0 6 0 
CRITICAL id 7 lock 7 tick 10 limit 5
Search(10, 4, 554, from 3): lock -1 tick 10 : < 0 0 0 0 0 0 0 0 0 > --- 1 0 0 0 0 0 0 6 0 
Search(6, 5, 555, from 0): lock  8 tick 6 : < 0 0 0 0 0 0 0 0 1 > --- 1 0 0 0 0 0 0 0 6 
Search(7, 5, 556, from 1): lock  8 tick 7 : < 0 0 0 0 0 0 0 0 1 > --- 1 0 0 0 0 0 0 0 6 
Search(8, 5, 557, from 1): lock  8 tick 8 : < 0 0 0 0 0 0 0 0 2 > --- 1 0 0 0 0 0 0 0 6 
Search(9, 5, 558, from 2): lock  8 tick 9 : < 0 0 0 0 0 0 0 0 3 > --- 1 0 0 0 0 0 0 0 6 
CRITICAL id 8 lock 8 tick 10 limit 5
Search(10, 4, 559, from 3): lock -1 tick 10 : < 0 0 0 0 0 0 0 0 0 > --- 1 0 0 0 0 0 0 0 6 
Search(1, 6, 560, from 0): lock  1 tick 1 : < 0 1 0 0 0 0 0 0 0 > --- 0 1 0 0 0 0 0 0 0 
Search(2, 6, 561, from 1): lock  1 tick 2 : < 0 1 0 0 0 0 0 0 0 > --- 0 1 0 0 0 0 0 0 0 
Search(3, 6, 562, from 1): lock  1 tick 3 : < 0 2 0 0 0 0 0 0 0 > --- 0 1 0 0 0 0 0 0 0 
Search(4, 6, 563, from 2): lock  1 tick 4 : < 0 3 0 0 0 0 0 0 0 > --- 0 1 0 0 0 0 0 0 0 
CRITICAL id 1 lock 1 tick 5 limit 6
Search(5, 5, 564, from 3): lock -1 tick 5 : < 0 0 0 0 0 0 0 0 0 > --- 0 1 0 0 0 0 0 0 0 
Search(1, 6, 565, from 0): lock  2 tick 1 : < 0 0 1 0 0 0 0 0 0 > --- 0 0 1 0 0 0 0 0 0 
Search(2, 6, 566, from 1): lock  2 tick 2 : < 0 0 1 0 0 0 0 0 0 > --- 0 0 1 0 0 0 0 0 0 
Search(3, 6, 567, from 1): lock  2 tick 3 : < 0 0 2 0 0 0 0 0 0 > --- 0 0 1 0 0 0 0 0 0 
Search(4, 6, 568, from 2): lock  2 tick 4 : < 0 0 3 0 0 0 0 0 0 > --- 0 0 1 0 0 0 0 0 0 
CRITICAL id 2 lock 2 tick 5 limit 6
Search(5, 5, 569, from 3): lock -1 tick 5 : < 0 0 0 0 0 0 0 0 0 > --- 0 0 1 0 0 0 0 0 0 
Search(1, 6, 570, from 0): lock  3 tick 1 : < 0 0 0 1 0 0 0 0 0 > --- 0 0 0 1 0 0 0 0 0 
Search(2, 6, 571, from 1): lock  3 tick 2 : < 0 0 0 1 0 0 0 0 0 > --- 0 0 0 1 0 0 0 0 0 
Search(3, 6, 572, from 1): lock  3 tick 3 : < 0 0 0 2 0 0 0 0 0 > --- 0 0 0 1 0 0 0 0 0 
Search(4, 6, 573, from 2): lock  3 tick 4 : < 0 0 0 3 0 0 0 0 0 > --- 0 0 0 1 0 0 0 0 0 
CRITICAL id 3 lock 3 tick 5 limit 6
Search(5, 5, 574, from 3): lock -1 tick 5 : < 0 0 0 0 0 0 0 0 0 > --- 0 0 0 1 0 0 0 0 0 
Search(1, 6, 575, from 0): lock  4 tick 1 : < 0 0 0 0 1 0 0 0 0 > --- 0 0 0 0 1 0 0 0 0 
Search(2, 6, 576, from 1): lock  4 tick 2 : < 0 0 0 0 1 0 0 0 0 > --- 0 0 0 0 1 0 0 0 0 
Search(3, 6, 577, from 1): lock  4 tick 3 : < 0 0 0 0 2 0 0 0 0 > --- 0 0 0 0 1 0 0 0 0 
Search(4, 6, 578, from 2): lock  4 tick 4 : < 0 0 0 0 3 0 0 0 0 > --- 0 0 0 0 1 0 0 0 0 
CRITICAL id 4 lock 4 tick 5 limit 6
Search(5, 5, 579, from 3): lock -1 tick 5 : < 0 0 0 0 0 0 0 0 0 > --- 0 0 0 0 1 0 0 0 0 
Search(1, 6, 580, from 0): lock  5 tick 1 : < 0 0 0 0 0 1 0 0 0 > --- 0 0 0 0 0 1 0 0 0 
Search(2, 6, 581, from 1): lock  5 tick 2 : < 0 0 0 0 0 1 0 0 0 > --- 0 0 0 0 0 1 0 0 0 
Search(3, 6, 582, from 1): lock  5 tick 3 : < 0 0 0 0 0 2 0 0 0 > --- 0 0 0 0 0 1 0 0 0 
Search(4, 6, 583, from 2): lock  5 tick 4 : < 0 0 0 0 0 3 0 0 0 > --- 0 0 0 0 0 1 0 0 0 
CRITICAL id 5 lock 5 tick 5 limit 6
Search(5, 5, 584, from 3): lock -1 tick 5 : < 0 0 0 0 0 0 0 0 0 > --- 0 0 0 0 0 1 0 0 0 
Search(1, 6, 585, from 0): lock  6 tick 1 : < 0 0 0 0 0 0 1 0 0 > --- 0 0 0 0 0 0 1 0 0 
Search(2, 6, 586, from 1): lock  6 tick 2 : < 0 0 0 0 0 0 1 0 0 > --- 0 0 0 0 0 0 1 0 0 
Search(3, 6, 587, from 1): lock  6 tick 3 : < 0 0 0 0 0 0 2 0 0 > --- 0 0 0 0 0 0 1 0 0 
Search(4, 6, 588, from 2): lock  6 tick 4 : < 0 0 0 0 0 0 3 0 0 > --- 0 0 0 0 0 0 1 0 0 
CRITICAL id 6 lock 6 tick 5 limit 6
Search(5, 5, 589, from 3): lock -1 tick 5 : < 0 0 0 0 0 0 0 0 0 > --- 0 0 0 0 0 0 1 0 0 
Search(1, 6, 590, from 0): lock  7 tick 1 : < 0 0 0 0 0 0 0 1 0 > --- 0 0 0 0 0 0 0 1 0 
Search(2, 6, 591, from 1): lock  7 tick 2 : < 0 0 0 0 0 0 0 1 0 > --- 0 0 0 0 0 0 0 1 0 
Search(3, 6, 592, from 1): lock  7 tick 3 : < 0 0 0 0 0 0 0 2 0 > --- 0 0 0 0 0 0 0 1 0 
Search(4, 6, 593, from 2): lock  7 tick 4 : < 0 0 0 0 0 0 0 3 0 > --- 0 0 0 0 0 0 0 1 0 
CRITICAL id 7 lock 7 tick 5 limit 6
Search(5, 5, 594, from 3): lock -1 tick 5 : < 0 0 0 0 0 0 0 0 0 > --- 0 0 0 0 0 0 0 1 0 
Search(1, 6, 595, from 0): lock  8 tick 1 : < 0 0 0 0 0 0 0 0 1 > --- 0 0 0 0 0 0 0 0 1 
Search(2, 6, 596, from 1): lock  8 tick 2 : < 0 0 0 0 0 0 0 0 1 > --- 0 0 0 0 0 0 0 0 1 
Search(3, 6, 597, from 1): lock  8 tick 3 : < 0 0 0 0 0 0 0 0 2 > --- 0 0 0 0 0 0 0 0 1 
Search(4, 6, 598, from 2): lock  8 tick 4 : < 0 0 0 0 0 0 0 0 3 > --- 0 0 0 0 0 0 0 0 1 
CRITICAL id 8 lock 8 tick 5 limit 6
Search(5, 5, 599, from 3): lock -1 tick 5 : < 0 0 0 0 0 0 0 0 0 > --- 0 0 0 0 0 0 0 0 1 
FINAL: Searchspace 599 Table 28 Subcount 40 Nosub 486
