Search(0, 6, 1, from -1): lock -1 tick 0 : < 0 0 0 0 0 0 0 > --- 0 0 0 0 0 0 0 
Search(1, 6, 2, from 0): lock  0 tick 1 : < 1 0 0 0 0 0 0 > --- 1 0 0 0 0 0 0 
Search(2, 6, 3, from 1): lock  0 tick 2 : < 1 0 0 0 0 0 0 > --- 1 0 0 0 0 0 0 
Search(3, 6, 4, from 1): lock  0 tick 3 : < 2 0 0 0 0 0 0 > --- 1 0 0 0 0 0 0 
Search(4, 6, 5, from 2): lock  0 tick 4 : < 3 0 0 0 0 0 0 > --- 1 0 0 0 0 0 0 
CRITICAL id 0 lock 0 tick 5 limit 6
Search(5, 5, 6, from 3): lock -1 tick 5 : < 0 0 0 0 0 0 0 > --- 1 0 0 0 0 0 0 
Search(6, 5, 7, from 0): lock  0 tick 6 : < 1 0 0 0 0 0 0 > --- 6 0 0 0 0 0 0 
Search(7, 5, 8, from 1): lock  0 tick 7 : < 1 0 0 0 0 0 0 > --- 6 0 0 0 0 0 0 
Search(8, 5, 9, from 1): lock  0 tick 8 : < 2 0 0 0 0 0 0 > --- 6 0 0 0 0 0 0 
Search(9, 5, 10, from 2): lock  0 tick 9 : < 3 0 0 0 0 0 0 > --- 6 0 0 0 0 0 0 
CRITICAL id 0 lock 0 tick 10 limit 5
Search(10, 4, 11, from 3): lock -1 tick 10 : < 0 0 0 0 0 0 0 > --- 6 0 0 0 0 0 0 
Search(11, 4, 12, from 0): lock  0 tick 11 : < 1 0 0 0 0 0 0 > --- 11 0 0 0 0 0 0 
Search(12, 4, 13, from 1): lock  0 tick 12 : < 1 0 0 0 0 0 0 > --- 11 0 0 0 0 0 0 
Search(13, 4, 14, from 1): lock  0 tick 13 : < 2 0 0 0 0 0 0 > --- 11 0 0 0 0 0 0 
Search(14, 4, 15, from 2): lock  0 tick 14 : < 3 0 0 0 0 0 0 > --- 11 0 0 0 0 0 0 
CRITICAL id 0 lock 0 tick 15 limit 4
Search(15, 3, 16, from 3): lock -1 tick 15 : < 0 0 0 0 0 0 0 > --- 11 0 0 0 0 0 0 
Search(16, 3, 17, from 0): lock  0 tick 16 : < 1 0 0 0 0 0 0 > --- 16 0 0 0 0 0 0 
Search(17, 3, 18, from 1): lock  0 tick 17 : < 1 0 0 0 0 0 0 > --- 16 0 0 0 0 0 0 
Search(18, 3, 19, from 1): lock  0 tick 18 : < 2 0 0 0 0 0 0 > --- 16 0 0 0 0 0 0 
Search(19, 3, 20, from 2): lock  0 tick 19 : < 3 0 0 0 0 0 0 > --- 16 0 0 0 0 0 0 
CRITICAL id 0 lock 0 tick 20 limit 3
Search(20, 2, 21, from 3): lock -1 tick 20 : < 0 0 0 0 0 0 0 > --- 16 0 0 0 0 0 0 
Search(21, 2, 22, from 0): lock  0 tick 21 : < 1 0 0 0 0 0 0 > --- 21 0 0 0 0 0 0 
Search(22, 2, 23, from 1): lock  0 tick 22 : < 1 0 0 0 0 0 0 > --- 21 0 0 0 0 0 0 
Search(23, 2, 24, from 1): lock  0 tick 23 : < 2 0 0 0 0 0 0 > --- 21 0 0 0 0 0 0 
Search(24, 2, 25, from 2): lock  0 tick 24 : < 3 0 0 0 0 0 0 > --- 21 0 0 0 0 0 0 
CRITICAL id 0 lock 0 tick 25 limit 2
Search(25, 1, 26, from 3): lock -1 tick 25 : < 0 0 0 0 0 0 0 > --- 21 0 0 0 0 0 0 
Search(26, 1, 27, from 0): lock  0 tick 26 : < 1 0 0 0 0 0 0 > --- 26 0 0 0 0 0 0 
Search(27, 1, 28, from 1): lock  0 tick 27 : < 1 0 0 0 0 0 0 > --- 26 0 0 0 0 0 0 
Search(28, 1, 29, from 1): lock  0 tick 28 : < 2 0 0 0 0 0 0 > --- 26 0 0 0 0 0 0 
Search(29, 1, 30, from 2): lock  0 tick 29 : < 3 0 0 0 0 0 0 > --- 26 0 0 0 0 0 0 
CRITICAL id 0 lock 0 tick 30 limit 1
Search(30, 0, 31, from 3): lock -1 tick 30 : < 0 0 0 0 0 0 0 > --- 26 0 0 0 0 0 0 
Search(26, 1, 32, from 0): lock  1 tick 26 : < 0 1 0 0 0 0 0 > --- 21 26 0 0 0 0 0 
Search(27, 1, 33, from 1): lock  1 tick 27 : < 0 1 0 0 0 0 0 > --- 21 26 0 0 0 0 0 
Search(28, 1, 34, from 1): lock  1 tick 28 : < 0 2 0 0 0 0 0 > --- 21 26 0 0 0 0 0 
Search(29, 1, 35, from 2): lock  1 tick 29 : < 0 3 0 0 0 0 0 > --- 21 26 0 0 0 0 0 
CRITICAL id 1 lock 1 tick 30 limit 1
Search(30, 0, 36, from 3): lock -1 tick 30 : < 0 0 0 0 0 0 0 > --- 21 26 0 0 0 0 0 
Search(26, 1, 37, from 0): lock  2 tick 26 : < 0 0 1 0 0 0 0 > --- 21 0 26 0 0 0 0 
Search(27, 1, 38, from 1): lock  2 tick 27 : < 0 0 1 0 0 0 0 > --- 21 0 26 0 0 0 0 
Search(28, 1, 39, from 1): lock  2 tick 28 : < 0 0 2 0 0 0 0 > --- 21 0 26 0 0 0 0 
Search(29, 1, 40, from 2): lock  2 tick 29 : < 0 0 3 0 0 0 0 > --- 21 0 26 0 0 0 0 
CRITICAL id 2 lock 2 tick 30 limit 1
Search(30, 0, 41, from 3): lock -1 tick 30 : < 0 0 0 0 0 0 0 > --- 21 0 26 0 0 0 0 
Search(26, 1, 42, from 0): lock  3 tick 26 : < 0 0 0 1 0 0 0 > --- 21 0 0 26 0 0 0 
Search(27, 1, 43, from 1): lock  3 tick 27 : < 0 0 0 1 0 0 0 > --- 21 0 0 26 0 0 0 
Search(28, 1, 44, from 1): lock  3 tick 28 : < 0 0 0 2 0 0 0 > --- 21 0 0 26 0 0 0 
Search(29, 1, 45, from 2): lock  3 tick 29 : < 0 0 0 3 0 0 0 > --- 21 0 0 26 0 0 0 
CRITICAL id 3 lock 3 tick 30 limit 1
Search(30, 0, 46, from 3): lock -1 tick 30 : < 0 0 0 0 0 0 0 > --- 21 0 0 26 0 0 0 
Search(26, 1, 47, from 0): lock  4 tick 26 : < 0 0 0 0 1 0 0 > --- 21 0 0 0 26 0 0 
Search(27, 1, 48, from 1): lock  4 tick 27 : < 0 0 0 0 1 0 0 > --- 21 0 0 0 26 0 0 
Search(28, 1, 49, from 1): lock  4 tick 28 : < 0 0 0 0 2 0 0 > --- 21 0 0 0 26 0 0 
Search(29, 1, 50, from 2): lock  4 tick 29 : < 0 0 0 0 3 0 0 > --- 21 0 0 0 26 0 0 
CRITICAL id 4 lock 4 tick 30 limit 1
Search(30, 0, 51, from 3): lock -1 tick 30 : < 0 0 0 0 0 0 0 > --- 21 0 0 0 26 0 0 
Search(26, 1, 52, from 0): lock  5 tick 26 : < 0 0 0 0 0 1 0 > --- 21 0 0 0 0 26 0 
Search(27, 1, 53, from 1): lock  5 tick 27 : < 0 0 0 0 0 1 0 > --- 21 0 0 0 0 26 0 
Search(28, 1, 54, from 1): lock  5 tick 28 : < 0 0 0 0 0 2 0 > --- 21 0 0 0 0 26 0 
Search(29, 1, 55, from 2): lock  5 tick 29 : < 0 0 0 0 0 3 0 > --- 21 0 0 0 0 26 0 
CRITICAL id 5 lock 5 tick 30 limit 1
Search(30, 0, 56, from 3): lock -1 tick 30 : < 0 0 0 0 0 0 0 > --- 21 0 0 0 0 26 0 
Search(26, 1, 57, from 0): lock  6 tick 26 : < 0 0 0 0 0 0 1 > --- 21 0 0 0 0 0 26 
Search(27, 1, 58, from 1): lock  6 tick 27 : < 0 0 0 0 0 0 1 > --- 21 0 0 0 0 0 26 
Search(28, 1, 59, from 1): lock  6 tick 28 : < 0 0 0 0 0 0 2 > --- 21 0 0 0 0 0 26 
Search(29, 1, 60, from 2): lock  6 tick 29 : < 0 0 0 0 0 0 3 > --- 21 0 0 0 0 0 26 
CRITICAL id 6 lock 6 tick 30 limit 1
Search(30, 0, 61, from 3): lock -1 tick 30 : < 0 0 0 0 0 0 0 > --- 21 0 0 0 0 0 26 
Search(21, 2, 62, from 0): lock  1 tick 21 : < 0 1 0 0 0 0 0 > --- 16 21 0 0 0 0 0 
Search(22, 2, 63, from 1): lock  1 tick 22 : < 0 1 0 0 0 0 0 > --- 16 21 0 0 0 0 0 
Search(23, 2, 64, from 1): lock  1 tick 23 : < 0 2 0 0 0 0 0 > --- 16 21 0 0 0 0 0 
Search(24, 2, 65, from 2): lock  1 tick 24 : < 0 3 0 0 0 0 0 > --- 16 21 0 0 0 0 0 
CRITICAL id 1 lock 1 tick 25 limit 2
Search(25, 1, 66, from 3): lock -1 tick 25 : < 0 0 0 0 0 0 0 > --- 16 21 0 0 0 0 0 
Search(26, 1, 67, from 0): lock  0 tick 26 : < 1 0 0 0 0 0 0 > --- 26 21 0 0 0 0 0 
Search(27, 1, 68, from 1): lock  0 tick 27 : < 1 0 0 0 0 0 0 > --- 26 21 0 0 0 0 0 
Search(28, 1, 69, from 1): lock  0 tick 28 : < 2 0 0 0 0 0 0 > --- 26 21 0 0 0 0 0 
Search(29, 1, 70, from 2): lock  0 tick 29 : < 3 0 0 0 0 0 0 > --- 26 21 0 0 0 0 0 
CRITICAL id 0 lock 0 tick 30 limit 1
Search(30, 0, 71, from 3): lock -1 tick 30 : < 0 0 0 0 0 0 0 > --- 26 21 0 0 0 0 0 
Search(26, 1, 72, from 0): lock  1 tick 26 : < 0 1 0 0 0 0 0 > --- 16 26 0 0 0 0 0 
Search(26, 1, 73, from 0): lock  2 tick 26 : < 0 0 1 0 0 0 0 > --- 16 21 26 0 0 0 0 
Search(27, 1, 74, from 1): lock  2 tick 27 : < 0 0 1 0 0 0 0 > --- 16 21 26 0 0 0 0 
Search(28, 1, 75, from 1): lock  2 tick 28 : < 0 0 2 0 0 0 0 > --- 16 21 26 0 0 0 0 
Search(29, 1, 76, from 2): lock  2 tick 29 : < 0 0 3 0 0 0 0 > --- 16 21 26 0 0 0 0 
CRITICAL id 2 lock 2 tick 30 limit 1
Search(30, 0, 77, from 3): lock -1 tick 30 : < 0 0 0 0 0 0 0 > --- 16 21 26 0 0 0 0 
Search(26, 1, 78, from 0): lock  3 tick 26 : < 0 0 0 1 0 0 0 > --- 16 21 0 26 0 0 0 
Search(27, 1, 79, from 1): lock  3 tick 27 : < 0 0 0 1 0 0 0 > --- 16 21 0 26 0 0 0 
Search(28, 1, 80, from 1): lock  3 tick 28 : < 0 0 0 2 0 0 0 > --- 16 21 0 26 0 0 0 
Search(29, 1, 81, from 2): lock  3 tick 29 : < 0 0 0 3 0 0 0 > --- 16 21 0 26 0 0 0 
CRITICAL id 3 lock 3 tick 30 limit 1
Search(30, 0, 82, from 3): lock -1 tick 30 : < 0 0 0 0 0 0 0 > --- 16 21 0 26 0 0 0 
Search(26, 1, 83, from 0): lock  4 tick 26 : < 0 0 0 0 1 0 0 > --- 16 21 0 0 26 0 0 
Search(27, 1, 84, from 1): lock  4 tick 27 : < 0 0 0 0 1 0 0 > --- 16 21 0 0 26 0 0 
Search(28, 1, 85, from 1): lock  4 tick 28 : < 0 0 0 0 2 0 0 > --- 16 21 0 0 26 0 0 
Search(29, 1, 86, from 2): lock  4 tick 29 : < 0 0 0 0 3 0 0 > --- 16 21 0 0 26 0 0 
CRITICAL id 4 lock 4 tick 30 limit 1
Search(30, 0, 87, from 3): lock -1 tick 30 : < 0 0 0 0 0 0 0 > --- 16 21 0 0 26 0 0 
Search(26, 1, 88, from 0): lock  5 tick 26 : < 0 0 0 0 0 1 0 > --- 16 21 0 0 0 26 0 
Search(27, 1, 89, from 1): lock  5 tick 27 : < 0 0 0 0 0 1 0 > --- 16 21 0 0 0 26 0 
Search(28, 1, 90, from 1): lock  5 tick 28 : < 0 0 0 0 0 2 0 > --- 16 21 0 0 0 26 0 
Search(29, 1, 91, from 2): lock  5 tick 29 : < 0 0 0 0 0 3 0 > --- 16 21 0 0 0 26 0 
CRITICAL id 5 lock 5 tick 30 limit 1
Search(30, 0, 92, from 3): lock -1 tick 30 : < 0 0 0 0 0 0 0 > --- 16 21 0 0 0 26 0 
Search(26, 1, 93, from 0): lock  6 tick 26 : < 0 0 0 0 0 0 1 > --- 16 21 0 0 0 0 26 
Search(27, 1, 94, from 1): lock  6 tick 27 : < 0 0 0 0 0 0 1 > --- 16 21 0 0 0 0 26 
Search(28, 1, 95, from 1): lock  6 tick 28 : < 0 0 0 0 0 0 2 > --- 16 21 0 0 0 0 26 
Search(29, 1, 96, from 2): lock  6 tick 29 : < 0 0 0 0 0 0 3 > --- 16 21 0 0 0 0 26 
CRITICAL id 6 lock 6 tick 30 limit 1
Search(30, 0, 97, from 3): lock -1 tick 30 : < 0 0 0 0 0 0 0 > --- 16 21 0 0 0 0 26 
Search(21, 2, 98, from 0): lock  2 tick 21 : < 0 0 1 0 0 0 0 > --- 16 0 21 0 0 0 0 
Search(22, 2, 99, from 1): lock  2 tick 22 : < 0 0 1 0 0 0 0 > --- 16 0 21 0 0 0 0 
Search(23, 2, 100, from 1): lock  2 tick 23 : < 0 0 2 0 0 0 0 > --- 16 0 21 0 0 0 0 
Search(24, 2, 101, from 2): lock  2 tick 24 : < 0 0 3 0 0 0 0 > --- 16 0 21 0 0 0 0 
CRITICAL id 2 lock 2 tick 25 limit 2
Search(25, 1, 102, from 3): lock -1 tick 25 : < 0 0 0 0 0 0 0 > --- 16 0 21 0 0 0 0 
Search(26, 1, 103, from 0): lock  0 tick 26 : < 1 0 0 0 0 0 0 > --- 26 0 21 0 0 0 0 
Search(27, 1, 104, from 1): lock  0 tick 27 : < 1 0 0 0 0 0 0 > --- 26 0 21 0 0 0 0 
Search(28, 1, 105, from 1): lock  0 tick 28 : < 2 0 0 0 0 0 0 > --- 26 0 21 0 0 0 0 
Search(29, 1, 106, from 2): lock  0 tick 29 : < 3 0 0 0 0 0 0 > --- 26 0 21 0 0 0 0 
CRITICAL id 0 lock 0 tick 30 limit 1
Search(30, 0, 107, from 3): lock -1 tick 30 : < 0 0 0 0 0 0 0 > --- 26 0 21 0 0 0 0 
Search(26, 1, 108, from 0): lock  1 tick 26 : < 0 1 0 0 0 0 0 > --- 16 26 21 0 0 0 0 
Search(27, 1, 109, from 1): lock  1 tick 27 : < 0 1 0 0 0 0 0 > --- 16 26 21 0 0 0 0 
Search(28, 1, 110, from 1): lock  1 tick 28 : < 0 2 0 0 0 0 0 > --- 16 26 21 0 0 0 0 
Search(29, 1, 111, from 2): lock  1 tick 29 : < 0 3 0 0 0 0 0 > --- 16 26 21 0 0 0 0 
CRITICAL id 1 lock 1 tick 30 limit 1
Search(30, 0, 112, from 3): lock -1 tick 30 : < 0 0 0 0 0 0 0 > --- 16 26 21 0 0 0 0 
Search(26, 1, 113, from 0): lock  2 tick 26 : < 0 0 1 0 0 0 0 > --- 16 0 26 0 0 0 0 
Search(26, 1, 114, from 0): lock  3 tick 26 : < 0 0 0 1 0 0 0 > --- 16 0 21 26 0 0 0 
Search(27, 1, 115, from 1): lock  3 tick 27 : < 0 0 0 1 0 0 0 > --- 16 0 21 26 0 0 0 
Search(28, 1, 116, from 1): lock  3 tick 28 : < 0 0 0 2 0 0 0 > --- 16 0 21 26 0 0 0 
Search(29, 1, 117, from 2): lock  3 tick 29 : < 0 0 0 3 0 0 0 > --- 16 0 21 26 0 0 0 
CRITICAL id 3 lock 3 tick 30 limit 1
Search(30, 0, 118, from 3): lock -1 tick 30 : < 0 0 0 0 0 0 0 > --- 16 0 21 26 0 0 0 
Search(26, 1, 119, from 0): lock  4 tick 26 : < 0 0 0 0 1 0 0 > --- 16 0 21 0 26 0 0 
Search(27, 1, 120, from 1): lock  4 tick 27 : < 0 0 0 0 1 0 0 > --- 16 0 21 0 26 0 0 
Search(28, 1, 121, from 1): lock  4 tick 28 : < 0 0 0 0 2 0 0 > --- 16 0 21 0 26 0 0 
Search(29, 1, 122, from 2): lock  4 tick 29 : < 0 0 0 0 3 0 0 > --- 16 0 21 0 26 0 0 
CRITICAL id 4 lock 4 tick 30 limit 1
Search(30, 0, 123, from 3): lock -1 tick 30 : < 0 0 0 0 0 0 0 > --- 16 0 21 0 26 0 0 
Search(26, 1, 124, from 0): lock  5 tick 26 : < 0 0 0 0 0 1 0 > --- 16 0 21 0 0 26 0 
Search(27, 1, 125, from 1): lock  5 tick 27 : < 0 0 0 0 0 1 0 > --- 16 0 21 0 0 26 0 
Search(28, 1, 126, from 1): lock  5 tick 28 : < 0 0 0 0 0 2 0 > --- 16 0 21 0 0 26 0 
Search(29, 1, 127, from 2): lock  5 tick 29 : < 0 0 0 0 0 3 0 > --- 16 0 21 0 0 26 0 
CRITICAL id 5 lock 5 tick 30 limit 1
Search(30, 0, 128, from 3): lock -1 tick 30 : < 0 0 0 0 0 0 0 > --- 16 0 21 0 0 26 0 
Search(26, 1, 129, from 0): lock  6 tick 26 : < 0 0 0 0 0 0 1 > --- 16 0 21 0 0 0 26 
Search(27, 1, 130, from 1): lock  6 tick 27 : < 0 0 0 0 0 0 1 > --- 16 0 21 0 0 0 26 
Search(28, 1, 131, from 1): lock  6 tick 28 : < 0 0 0 0 0 0 2 > --- 16 0 21 0 0 0 26 
Search(29, 1, 132, from 2): lock  6 tick 29 : < 0 0 0 0 0 0 3 > --- 16 0 21 0 0 0 26 
CRITICAL id 6 lock 6 tick 30 limit 1
Search(30, 0, 133, from 3): lock -1 tick 30 : < 0 0 0 0 0 0 0 > --- 16 0 21 0 0 0 26 
Search(21, 2, 134, from 0): lock  3 tick 21 : < 0 0 0 1 0 0 0 > --- 16 0 0 21 0 0 0 
Search(22, 2, 135, from 1): lock  3 tick 22 : < 0 0 0 1 0 0 0 > --- 16 0 0 21 0 0 0 
Search(23, 2, 136, from 1): lock  3 tick 23 : < 0 0 0 2 0 0 0 > --- 16 0 0 21 0 0 0 
Search(24, 2, 137, from 2): lock  3 tick 24 : < 0 0 0 3 0 0 0 > --- 16 0 0 21 0 0 0 
CRITICAL id 3 lock 3 tick 25 limit 2
Search(25, 1, 138, from 3): lock -1 tick 25 : < 0 0 0 0 0 0 0 > --- 16 0 0 21 0 0 0 
Search(26, 1, 139, from 0): lock  0 tick 26 : < 1 0 0 0 0 0 0 > --- 26 0 0 21 0 0 0 
Search(27, 1, 140, from 1): lock  0 tick 27 : < 1 0 0 0 0 0 0 > --- 26 0 0 21 0 0 0 
Search(28, 1, 141, from 1): lock  0 tick 28 : < 2 0 0 0 0 0 0 > --- 26 0 0 21 0 0 0 
Search(29, 1, 142, from 2): lock  0 tick 29 : < 3 0 0 0 0 0 0 > --- 26 0 0 21 0 0 0 
CRITICAL id 0 lock 0 tick 30 limit 1
Search(30, 0, 143, from 3): lock -1 tick 30 : < 0 0 0 0 0 0 0 > --- 26 0 0 21 0 0 0 
Search(26, 1, 144, from 0): lock  1 tick 26 : < 0 1 0 0 0 0 0 > --- 16 26 0 21 0 0 0 
Search(27, 1, 145, from 1): lock  1 tick 27 : < 0 1 0 0 0 0 0 > --- 16 26 0 21 0 0 0 
Search(28, 1, 146, from 1): lock  1 tick 28 : < 0 2 0 0 0 0 0 > --- 16 26 0 21 0 0 0 
Search(29, 1, 147, from 2): lock  1 tick 29 : < 0 3 0 0 0 0 0 > --- 16 26 0 21 0 0 0 
CRITICAL id 1 lock 1 tick 30 limit 1
Search(30, 0, 148, from 3): lock -1 tick 30 : < 0 0 0 0 0 0 0 > --- 16 26 0 21 0 0 0 
Search(26, 1, 149, from 0): lock  2 tick 26 : < 0 0 1 0 0 0 0 > --- 16 0 26 21 0 0 0 
Search(27, 1, 150, from 1): lock  2 tick 27 : < 0 0 1 0 0 0 0 > --- 16 0 26 21 0 0 0 
Search(28, 1, 151, from 1): lock  2 tick 28 : < 0 0 2 0 0 0 0 > --- 16 0 26 21 0 0 0 
Search(29, 1, 152, from 2): lock  2 tick 29 : < 0 0 3 0 0 0 0 > --- 16 0 26 21 0 0 0 
CRITICAL id 2 lock 2 tick 30 limit 1
Search(30, 0, 153, from 3): lock -1 tick 30 : < 0 0 0 0 0 0 0 > --- 16 0 26 21 0 0 0 
Search(26, 1, 154, from 0): lock  3 tick 26 : < 0 0 0 1 0 0 0 > --- 16 0 0 26 0 0 0 
Search(26, 1, 155, from 0): lock  4 tick 26 : < 0 0 0 0 1 0 0 > --- 16 0 0 21 26 0 0 
Search(27, 1, 156, from 1): lock  4 tick 27 : < 0 0 0 0 1 0 0 > --- 16 0 0 21 26 0 0 
Search(28, 1, 157, from 1): lock  4 tick 28 : < 0 0 0 0 2 0 0 > --- 16 0 0 21 26 0 0 
Search(29, 1, 158, from 2): lock  4 tick 29 : < 0 0 0 0 3 0 0 > --- 16 0 0 21 26 0 0 
CRITICAL id 4 lock 4 tick 30 limit 1
Search(30, 0, 159, from 3): lock -1 tick 30 : < 0 0 0 0 0 0 0 > --- 16 0 0 21 26 0 0 
Search(26, 1, 160, from 0): lock  5 tick 26 : < 0 0 0 0 0 1 0 > --- 16 0 0 21 0 26 0 
Search(27, 1, 161, from 1): lock  5 tick 27 : < 0 0 0 0 0 1 0 > --- 16 0 0 21 0 26 0 
Search(28, 1, 162, from 1): lock  5 tick 28 : < 0 0 0 0 0 2 0 > --- 16 0 0 21 0 26 0 
Search(29, 1, 163, from 2): lock  5 tick 29 : < 0 0 0 0 0 3 0 > --- 16 0 0 21 0 26 0 
CRITICAL id 5 lock 5 tick 30 limit 1
Search(30, 0, 164, from 3): lock -1 tick 30 : < 0 0 0 0 0 0 0 > --- 16 0 0 21 0 26 0 
Search(26, 1, 165, from 0): lock  6 tick 26 : < 0 0 0 0 0 0 1 > --- 16 0 0 21 0 0 26 
Search(27, 1, 166, from 1): lock  6 tick 27 : < 0 0 0 0 0 0 1 > --- 16 0 0 21 0 0 26 
Search(28, 1, 167, from 1): lock  6 tick 28 : < 0 0 0 0 0 0 2 > --- 16 0 0 21 0 0 26 
Search(29, 1, 168, from 2): lock  6 tick 29 : < 0 0 0 0 0 0 3 > --- 16 0 0 21 0 0 26 
CRITICAL id 6 lock 6 tick 30 limit 1
Search(30, 0, 169, from 3): lock -1 tick 30 : < 0 0 0 0 0 0 0 > --- 16 0 0 21 0 0 26 
Search(21, 2, 170, from 0): lock  4 tick 21 : < 0 0 0 0 1 0 0 > --- 16 0 0 0 21 0 0 
Search(22, 2, 171, from 1): lock  4 tick 22 : < 0 0 0 0 1 0 0 > --- 16 0 0 0 21 0 0 
Search(23, 2, 172, from 1): lock  4 tick 23 : < 0 0 0 0 2 0 0 > --- 16 0 0 0 21 0 0 
Search(24, 2, 173, from 2): lock  4 tick 24 : < 0 0 0 0 3 0 0 > --- 16 0 0 0 21 0 0 
CRITICAL id 4 lock 4 tick 25 limit 2
Search(25, 1, 174, from 3): lock -1 tick 25 : < 0 0 0 0 0 0 0 > --- 16 0 0 0 21 0 0 
Search(26, 1, 175, from 0): lock  0 tick 26 : < 1 0 0 0 0 0 0 > --- 26 0 0 0 21 0 0 
Search(27, 1, 176, from 1): lock  0 tick 27 : < 1 0 0 0 0 0 0 > --- 26 0 0 0 21 0 0 
Search(28, 1, 177, from 1): lock  0 tick 28 : < 2 0 0 0 0 0 0 > --- 26 0 0 0 21 0 0 
Search(29, 1, 178, from 2): lock  0 tick 29 : < 3 0 0 0 0 0 0 > --- 26 0 0 0 21 0 0 
CRITICAL id 0 lock 0 tick 30 limit 1
Search(30, 0, 179, from 3): lock -1 tick 30 : < 0 0 0 0 0 0 0 > --- 26 0 0 0 21 0 0 
Search(26, 1, 180, from 0): lock  1 tick 26 : < 0 1 0 0 0 0 0 > --- 16 26 0 0 21 0 0 
Search(27, 1, 181, from 1): lock  1 tick 27 : < 0 1 0 0 0 0 0 > --- 16 26 0 0 21 0 0 
Search(28, 1, 182, from 1): lock  1 tick 28 : < 0 2 0 0 0 0 0 > --- 16 26 0 0 21 0 0 
Search(29, 1, 183, from 2): lock  1 tick 29 : < 0 3 0 0 0 0 0 > --- 16 26 0 0 21 0 0 
CRITICAL id 1 lock 1 tick 30 limit 1
Search(30, 0, 184, from 3): lock -1 tick 30 : < 0 0 0 0 0 0 0 > --- 16 26 0 0 21 0 0 
Search(26, 1, 185, from 0): lock  2 tick 26 : < 0 0 1 0 0 0 0 > --- 16 0 26 0 21 0 0 
Search(27, 1, 186, from 1): lock  2 tick 27 : < 0 0 1 0 0 0 0 > --- 16 0 26 0 21 0 0 
Search(28, 1, 187, from 1): lock  2 tick 28 : < 0 0 2 0 0 0 0 > --- 16 0 26 0 21 0 0 
Search(29, 1, 188, from 2): lock  2 tick 29 : < 0 0 3 0 0 0 0 > --- 16 0 26 0 21 0 0 
CRITICAL id 2 lock 2 tick 30 limit 1
Search(30, 0, 189, from 3): lock -1 tick 30 : < 0 0 0 0 0 0 0 > --- 16 0 26 0 21 0 0 
Search(26, 1, 190, from 0): lock  3 tick 26 : < 0 0 0 1 0 0 0 > --- 16 0 0 26 21 0 0 
Search(27, 1, 191, from 1): lock  3 tick 27 : < 0 0 0 1 0 0 0 > --- 16 0 0 26 21 0 0 
Search(28, 1, 192, from 1): lock  3 tick 28 : < 0 0 0 2 0 0 0 > --- 16 0 0 26 21 0 0 
Search(29, 1, 193, from 2): lock  3 tick 29 : < 0 0 0 3 0 0 0 > --- 16 0 0 26 21 0 0 
CRITICAL id 3 lock 3 tick 30 limit 1
Search(30, 0, 194, from 3): lock -1 tick 30 : < 0 0 0 0 0 0 0 > --- 16 0 0 26 21 0 0 
Search(26, 1, 195, from 0): lock  4 tick 26 : < 0 0 0 0 1 0 0 > --- 16 0 0 0 26 0 0 
Search(26, 1, 196, from 0): lock  5 tick 26 : < 0 0 0 0 0 1 0 > --- 16 0 0 0 21 26 0 
Search(27, 1, 197, from 1): lock  5 tick 27 : < 0 0 0 0 0 1 0 > --- 16 0 0 0 21 26 0 
Search(28, 1, 198, from 1): lock  5 tick 28 : < 0 0 0 0 0 2 0 > --- 16 0 0 0 21 26 0 
Search(29, 1, 199, from 2): lock  5 tick 29 : < 0 0 0 0 0 3 0 > --- 16 0 0 0 21 26 0 
CRITICAL id 5 lock 5 tick 30 limit 1
Search(30, 0, 200, from 3): lock -1 tick 30 : < 0 0 0 0 0 0 0 > --- 16 0 0 0 21 26 0 
Search(26, 1, 201, from 0): lock  6 tick 26 : < 0 0 0 0 0 0 1 > --- 16 0 0 0 21 0 26 
Search(27, 1, 202, from 1): lock  6 tick 27 : < 0 0 0 0 0 0 1 > --- 16 0 0 0 21 0 26 
Search(28, 1, 203, from 1): lock  6 tick 28 : < 0 0 0 0 0 0 2 > --- 16 0 0 0 21 0 26 
Search(29, 1, 204, from 2): lock  6 tick 29 : < 0 0 0 0 0 0 3 > --- 16 0 0 0 21 0 26 
CRITICAL id 6 lock 6 tick 30 limit 1
Search(30, 0, 205, from 3): lock -1 tick 30 : < 0 0 0 0 0 0 0 > --- 16 0 0 0 21 0 26 
Search(21, 2, 206, from 0): lock  5 tick 21 : < 0 0 0 0 0 1 0 > --- 16 0 0 0 0 21 0 
Search(22, 2, 207, from 1): lock  5 tick 22 : < 0 0 0 0 0 1 0 > --- 16 0 0 0 0 21 0 
Search(23, 2, 208, from 1): lock  5 tick 23 : < 0 0 0 0 0 2 0 > --- 16 0 0 0 0 21 0 
Search(24, 2, 209, from 2): lock  5 tick 24 : < 0 0 0 0 0 3 0 > --- 16 0 0 0 0 21 0 
CRITICAL id 5 lock 5 tick 25 limit 2
Search(25, 1, 210, from 3): lock -1 tick 25 : < 0 0 0 0 0 0 0 > --- 16 0 0 0 0 21 0 
Search(26, 1, 211, from 0): lock  0 tick 26 : < 1 0 0 0 0 0 0 > --- 26 0 0 0 0 21 0 
Search(27, 1, 212, from 1): lock  0 tick 27 : < 1 0 0 0 0 0 0 > --- 26 0 0 0 0 21 0 
Search(28, 1, 213, from 1): lock  0 tick 28 : < 2 0 0 0 0 0 0 > --- 26 0 0 0 0 21 0 
Search(29, 1, 214, from 2): lock  0 tick 29 : < 3 0 0 0 0 0 0 > --- 26 0 0 0 0 21 0 
CRITICAL id 0 lock 0 tick 30 limit 1
Search(30, 0, 215, from 3): lock -1 tick 30 : < 0 0 0 0 0 0 0 > --- 26 0 0 0 0 21 0 
Search(26, 1, 216, from 0): lock  1 tick 26 : < 0 1 0 0 0 0 0 > --- 16 26 0 0 0 21 0 
Search(27, 1, 217, from 1): lock  1 tick 27 : < 0 1 0 0 0 0 0 > --- 16 26 0 0 0 21 0 
Search(28, 1, 218, from 1): lock  1 tick 28 : < 0 2 0 0 0 0 0 > --- 16 26 0 0 0 21 0 
Search(29, 1, 219, from 2): lock  1 tick 29 : < 0 3 0 0 0 0 0 > --- 16 26 0 0 0 21 0 
CRITICAL id 1 lock 1 tick 30 limit 1
Search(30, 0, 220, from 3): lock -1 tick 30 : < 0 0 0 0 0 0 0 > --- 16 26 0 0 0 21 0 
Search(26, 1, 221, from 0): lock  2 tick 26 : < 0 0 1 0 0 0 0 > --- 16 0 26 0 0 21 0 
Search(27, 1, 222, from 1): lock  2 tick 27 : < 0 0 1 0 0 0 0 > --- 16 0 26 0 0 21 0 
Search(28, 1, 223, from 1): lock  2 tick 28 : < 0 0 2 0 0 0 0 > --- 16 0 26 0 0 21 0 
Search(29, 1, 224, from 2): lock  2 tick 29 : < 0 0 3 0 0 0 0 > --- 16 0 26 0 0 21 0 
CRITICAL id 2 lock 2 tick 30 limit 1
Search(30, 0, 225, from 3): lock -1 tick 30 : < 0 0 0 0 0 0 0 > --- 16 0 26 0 0 21 0 
Search(26, 1, 226, from 0): lock  3 tick 26 : < 0 0 0 1 0 0 0 > --- 16 0 0 26 0 21 0 
Search(27, 1, 227, from 1): lock  3 tick 27 : < 0 0 0 1 0 0 0 > --- 16 0 0 26 0 21 0 
Search(28, 1, 228, from 1): lock  3 tick 28 : < 0 0 0 2 0 0 0 > --- 16 0 0 26 0 21 0 
Search(29, 1, 229, from 2): lock  3 tick 29 : < 0 0 0 3 0 0 0 > --- 16 0 0 26 0 21 0 
CRITICAL id 3 lock 3 tick 30 limit 1
Search(30, 0, 230, from 3): lock -1 tick 30 : < 0 0 0 0 0 0 0 > --- 16 0 0 26 0 21 0 
Search(26, 1, 231, from 0): lock  4 tick 26 : < 0 0 0 0 1 0 0 > --- 16 0 0 0 26 21 0 
Search(27, 1, 232, from 1): lock  4 tick 27 : < 0 0 0 0 1 0 0 > --- 16 0 0 0 26 21 0 
Search(28, 1, 233, from 1): lock  4 tick 28 : < 0 0 0 0 2 0 0 > --- 16 0 0 0 26 21 0 
Search(29, 1, 234, from 2): lock  4 tick 29 : < 0 0 0 0 3 0 0 > --- 16 0 0 0 26 21 0 
CRITICAL id 4 lock 4 tick 30 limit 1
Search(30, 0, 235, from 3): lock -1 tick 30 : < 0 0 0 0 0 0 0 > --- 16 0 0 0 26 21 0 
Search(26, 1, 236, from 0): lock  5 tick 26 : < 0 0 0 0 0 1 0 > --- 16 0 0 0 0 26 0 
Search(26, 1, 237, from 0): lock  6 tick 26 : < 0 0 0 0 0 0 1 > --- 16 0 0 0 0 21 26 
Search(27, 1, 238, from 1): lock  6 tick 27 : < 0 0 0 0 0 0 1 > --- 16 0 0 0 0 21 26 
Search(28, 1, 239, from 1): lock  6 tick 28 : < 0 0 0 0 0 0 2 > --- 16 0 0 0 0 21 26 
Search(29, 1, 240, from 2): lock  6 tick 29 : < 0 0 0 0 0 0 3 > --- 16 0 0 0 0 21 26 
CRITICAL id 6 lock 6 tick 30 limit 1
Search(30, 0, 241, from 3): lock -1 tick 30 : < 0 0 0 0 0 0 0 > --- 16 0 0 0 0 21 26 
Search(21, 2, 242, from 0): lock  6 tick 21 : < 0 0 0 0 0 0 1 > --- 16 0 0 0 0 0 21 
Search(22, 2, 243, from 1): lock  6 tick 22 : < 0 0 0 0 0 0 1 > --- 16 0 0 0 0 0 21 
Search(23, 2, 244, from 1): lock  6 tick 23 : < 0 0 0 0 0 0 2 > --- 16 0 0 0 0 0 21 
Search(24, 2, 245, from 2): lock  6 tick 24 : < 0 0 0 0 0 0 3 > --- 16 0 0 0 0 0 21 
CRITICAL id 6 lock 6 tick 25 limit 2
Search(25, 1, 246, from 3): lock -1 tick 25 : < 0 0 0 0 0 0 0 > --- 16 0 0 0 0 0 21 
Search(26, 1, 247, from 0): lock  0 tick 26 : < 1 0 0 0 0 0 0 > --- 26 0 0 0 0 0 21 
Search(27, 1, 248, from 1): lock  0 tick 27 : < 1 0 0 0 0 0 0 > --- 26 0 0 0 0 0 21 
Search(28, 1, 249, from 1): lock  0 tick 28 : < 2 0 0 0 0 0 0 > --- 26 0 0 0 0 0 21 
Search(29, 1, 250, from 2): lock  0 tick 29 : < 3 0 0 0 0 0 0 > --- 26 0 0 0 0 0 21 
CRITICAL id 0 lock 0 tick 30 limit 1
Search(30, 0, 251, from 3): lock -1 tick 30 : < 0 0 0 0 0 0 0 > --- 26 0 0 0 0 0 21 
Search(26, 1, 252, from 0): lock  1 tick 26 : < 0 1 0 0 0 0 0 > --- 16 26 0 0 0 0 21 
Search(27, 1, 253, from 1): lock  1 tick 27 : < 0 1 0 0 0 0 0 > --- 16 26 0 0 0 0 21 
Search(28, 1, 254, from 1): lock  1 tick 28 : < 0 2 0 0 0 0 0 > --- 16 26 0 0 0 0 21 
Search(29, 1, 255, from 2): lock  1 tick 29 : < 0 3 0 0 0 0 0 > --- 16 26 0 0 0 0 21 
CRITICAL id 1 lock 1 tick 30 limit 1
Search(30, 0, 256, from 3): lock -1 tick 30 : < 0 0 0 0 0 0 0 > --- 16 26 0 0 0 0 21 
Search(26, 1, 257, from 0): lock  2 tick 26 : < 0 0 1 0 0 0 0 > --- 16 0 26 0 0 0 21 
Search(27, 1, 258, from 1): lock  2 tick 27 : < 0 0 1 0 0 0 0 > --- 16 0 26 0 0 0 21 
Search(28, 1, 259, from 1): lock  2 tick 28 : < 0 0 2 0 0 0 0 > --- 16 0 26 0 0 0 21 
Search(29, 1, 260, from 2): lock  2 tick 29 : < 0 0 3 0 0 0 0 > --- 16 0 26 0 0 0 21 
CRITICAL id 2 lock 2 tick 30 limit 1
Search(30, 0, 261, from 3): lock -1 tick 30 : < 0 0 0 0 0 0 0 > --- 16 0 26 0 0 0 21 
Search(26, 1, 262, from 0): lock  3 tick 26 : < 0 0 0 1 0 0 0 > --- 16 0 0 26 0 0 21 
Search(27, 1, 263, from 1): lock  3 tick 27 : < 0 0 0 1 0 0 0 > --- 16 0 0 26 0 0 21 
Search(28, 1, 264, from 1): lock  3 tick 28 : < 0 0 0 2 0 0 0 > --- 16 0 0 26 0 0 21 
Search(29, 1, 265, from 2): lock  3 tick 29 : < 0 0 0 3 0 0 0 > --- 16 0 0 26 0 0 21 
CRITICAL id 3 lock 3 tick 30 limit 1
Search(30, 0, 266, from 3): lock -1 tick 30 : < 0 0 0 0 0 0 0 > --- 16 0 0 26 0 0 21 
Search(26, 1, 267, from 0): lock  4 tick 26 : < 0 0 0 0 1 0 0 > --- 16 0 0 0 26 0 21 
Search(27, 1, 268, from 1): lock  4 tick 27 : < 0 0 0 0 1 0 0 > --- 16 0 0 0 26 0 21 
Search(28, 1, 269, from 1): lock  4 tick 28 : < 0 0 0 0 2 0 0 > --- 16 0 0 0 26 0 21 
Search(29, 1, 270, from 2): lock  4 tick 29 : < 0 0 0 0 3 0 0 > --- 16 0 0 0 26 0 21 
CRITICAL id 4 lock 4 tick 30 limit 1
Search(30, 0, 271, from 3): lock -1 tick 30 : < 0 0 0 0 0 0 0 > --- 16 0 0 0 26 0 21 
Search(26, 1, 272, from 0): lock  5 tick 26 : < 0 0 0 0 0 1 0 > --- 16 0 0 0 0 26 21 
Search(27, 1, 273, from 1): lock  5 tick 27 : < 0 0 0 0 0 1 0 > --- 16 0 0 0 0 26 21 
Search(28, 1, 274, from 1): lock  5 tick 28 : < 0 0 0 0 0 2 0 > --- 16 0 0 0 0 26 21 
Search(29, 1, 275, from 2): lock  5 tick 29 : < 0 0 0 0 0 3 0 > --- 16 0 0 0 0 26 21 
CRITICAL id 5 lock 5 tick 30 limit 1
Search(30, 0, 276, from 3): lock -1 tick 30 : < 0 0 0 0 0 0 0 > --- 16 0 0 0 0 26 21 
Search(26, 1, 277, from 0): lock  6 tick 26 : < 0 0 0 0 0 0 1 > --- 16 0 0 0 0 0 26 
Search(16, 3, 278, from 0): lock  1 tick 16 : < 0 1 0 0 0 0 0 > --- 11 16 0 0 0 0 0 
Search(17, 3, 279, from 1): lock  1 tick 17 : < 0 1 0 0 0 0 0 > --- 11 16 0 0 0 0 0 
Search(18, 3, 280, from 1): lock  1 tick 18 : < 0 2 0 0 0 0 0 > --- 11 16 0 0 0 0 0 
Search(19, 3, 281, from 2): lock  1 tick 19 : < 0 3 0 0 0 0 0 > --- 11 16 0 0 0 0 0 
CRITICAL id 1 lock 1 tick 20 limit 3
Search(20, 2, 282, from 3): lock -1 tick 20 : < 0 0 0 0 0 0 0 > --- 11 16 0 0 0 0 0 
Search(16, 3, 283, from 0): lock  2 tick 16 : < 0 0 1 0 0 0 0 > --- 11 0 16 0 0 0 0 
Search(17, 3, 284, from 1): lock  2 tick 17 : < 0 0 1 0 0 0 0 > --- 11 0 16 0 0 0 0 
Search(18, 3, 285, from 1): lock  2 tick 18 : < 0 0 2 0 0 0 0 > --- 11 0 16 0 0 0 0 
Search(19, 3, 286, from 2): lock  2 tick 19 : < 0 0 3 0 0 0 0 > --- 11 0 16 0 0 0 0 
CRITICAL id 2 lock 2 tick 20 limit 3
Search(20, 2, 287, from 3): lock -1 tick 20 : < 0 0 0 0 0 0 0 > --- 11 0 16 0 0 0 0 
Search(16, 3, 288, from 0): lock  3 tick 16 : < 0 0 0 1 0 0 0 > --- 11 0 0 16 0 0 0 
Search(17, 3, 289, from 1): lock  3 tick 17 : < 0 0 0 1 0 0 0 > --- 11 0 0 16 0 0 0 
Search(18, 3, 290, from 1): lock  3 tick 18 : < 0 0 0 2 0 0 0 > --- 11 0 0 16 0 0 0 
Search(19, 3, 291, from 2): lock  3 tick 19 : < 0 0 0 3 0 0 0 > --- 11 0 0 16 0 0 0 
CRITICAL id 3 lock 3 tick 20 limit 3
Search(20, 2, 292, from 3): lock -1 tick 20 : < 0 0 0 0 0 0 0 > --- 11 0 0 16 0 0 0 
Search(16, 3, 293, from 0): lock  4 tick 16 : < 0 0 0 0 1 0 0 > --- 11 0 0 0 16 0 0 
Search(17, 3, 294, from 1): lock  4 tick 17 : < 0 0 0 0 1 0 0 > --- 11 0 0 0 16 0 0 
Search(18, 3, 295, from 1): lock  4 tick 18 : < 0 0 0 0 2 0 0 > --- 11 0 0 0 16 0 0 
Search(19, 3, 296, from 2): lock  4 tick 19 : < 0 0 0 0 3 0 0 > --- 11 0 0 0 16 0 0 
CRITICAL id 4 lock 4 tick 20 limit 3
Search(20, 2, 297, from 3): lock -1 tick 20 : < 0 0 0 0 0 0 0 > --- 11 0 0 0 16 0 0 
Search(16, 3, 298, from 0): lock  5 tick 16 : < 0 0 0 0 0 1 0 > --- 11 0 0 0 0 16 0 
Search(17, 3, 299, from 1): lock  5 tick 17 : < 0 0 0 0 0 1 0 > --- 11 0 0 0 0 16 0 
Search(18, 3, 300, from 1): lock  5 tick 18 : < 0 0 0 0 0 2 0 > --- 11 0 0 0 0 16 0 
Search(19, 3, 301, from 2): lock  5 tick 19 : < 0 0 0 0 0 3 0 > --- 11 0 0 0 0 16 0 
CRITICAL id 5 lock 5 tick 20 limit 3
Search(20, 2, 302, from 3): lock -1 tick 20 : < 0 0 0 0 0 0 0 > --- 11 0 0 0 0 16 0 
Search(16, 3, 303, from 0): lock  6 tick 16 : < 0 0 0 0 0 0 1 > --- 11 0 0 0 0 0 16 
Search(17, 3, 304, from 1): lock  6 tick 17 : < 0 0 0 0 0 0 1 > --- 11 0 0 0 0 0 16 
Search(18, 3, 305, from 1): lock  6 tick 18 : < 0 0 0 0 0 0 2 > --- 11 0 0 0 0 0 16 
Search(19, 3, 306, from 2): lock  6 tick 19 : < 0 0 0 0 0 0 3 > --- 11 0 0 0 0 0 16 
CRITICAL id 6 lock 6 tick 20 limit 3
Search(20, 2, 307, from 3): lock -1 tick 20 : < 0 0 0 0 0 0 0 > --- 11 0 0 0 0 0 16 
Search(11, 4, 308, from 0): lock  1 tick 11 : < 0 1 0 0 0 0 0 > --- 6 11 0 0 0 0 0 
Search(12, 4, 309, from 1): lock  1 tick 12 : < 0 1 0 0 0 0 0 > --- 6 11 0 0 0 0 0 
Search(13, 4, 310, from 1): lock  1 tick 13 : < 0 2 0 0 0 0 0 > --- 6 11 0 0 0 0 0 
Search(14, 4, 311, from 2): lock  1 tick 14 : < 0 3 0 0 0 0 0 > --- 6 11 0 0 0 0 0 
CRITICAL id 1 lock 1 tick 15 limit 4
Search(15, 3, 312, from 3): lock -1 tick 15 : < 0 0 0 0 0 0 0 > --- 6 11 0 0 0 0 0 
Search(11, 4, 313, from 0): lock  2 tick 11 : < 0 0 1 0 0 0 0 > --- 6 0 11 0 0 0 0 
Search(12, 4, 314, from 1): lock  2 tick 12 : < 0 0 1 0 0 0 0 > --- 6 0 11 0 0 0 0 
Search(13, 4, 315, from 1): lock  2 tick 13 : < 0 0 2 0 0 0 0 > --- 6 0 11 0 0 0 0 
Search(14, 4, 316, from 2): lock  2 tick 14 : < 0 0 3 0 0 0 0 > --- 6 0 11 0 0 0 0 
CRITICAL id 2 lock 2 tick 15 limit 4
Search(15, 3, 317, from 3): lock -1 tick 15 : < 0 0 0 0 0 0 0 > --- 6 0 11 0 0 0 0 
Search(11, 4, 318, from 0): lock  3 tick 11 : < 0 0 0 1 0 0 0 > --- 6 0 0 11 0 0 0 
Search(12, 4, 319, from 1): lock  3 tick 12 : < 0 0 0 1 0 0 0 > --- 6 0 0 11 0 0 0 
Search(13, 4, 320, from 1): lock  3 tick 13 : < 0 0 0 2 0 0 0 > --- 6 0 0 11 0 0 0 
Search(14, 4, 321, from 2): lock  3 tick 14 : < 0 0 0 3 0 0 0 > --- 6 0 0 11 0 0 0 
CRITICAL id 3 lock 3 tick 15 limit 4
Search(15, 3, 322, from 3): lock -1 tick 15 : < 0 0 0 0 0 0 0 > --- 6 0 0 11 0 0 0 
Search(11, 4, 323, from 0): lock  4 tick 11 : < 0 0 0 0 1 0 0 > --- 6 0 0 0 11 0 0 
Search(12, 4, 324, from 1): lock  4 tick 12 : < 0 0 0 0 1 0 0 > --- 6 0 0 0 11 0 0 
Search(13, 4, 325, from 1): lock  4 tick 13 : < 0 0 0 0 2 0 0 > --- 6 0 0 0 11 0 0 
Search(14, 4, 326, from 2): lock  4 tick 14 : < 0 0 0 0 3 0 0 > --- 6 0 0 0 11 0 0 
CRITICAL id 4 lock 4 tick 15 limit 4
Search(15, 3, 327, from 3): lock -1 tick 15 : < 0 0 0 0 0 0 0 > --- 6 0 0 0 11 0 0 
Search(11, 4, 328, from 0): lock  5 tick 11 : < 0 0 0 0 0 1 0 > --- 6 0 0 0 0 11 0 
Search(12, 4, 329, from 1): lock  5 tick 12 : < 0 0 0 0 0 1 0 > --- 6 0 0 0 0 11 0 
Search(13, 4, 330, from 1): lock  5 tick 13 : < 0 0 0 0 0 2 0 > --- 6 0 0 0 0 11 0 
Search(14, 4, 331, from 2): lock  5 tick 14 : < 0 0 0 0 0 3 0 > --- 6 0 0 0 0 11 0 
CRITICAL id 5 lock 5 tick 15 limit 4
Search(15, 3, 332, from 3): lock -1 tick 15 : < 0 0 0 0 0 0 0 > --- 6 0 0 0 0 11 0 
Search(11, 4, 333, from 0): lock  6 tick 11 : < 0 0 0 0 0 0 1 > --- 6 0 0 0 0 0 11 
Search(12, 4, 334, from 1): lock  6 tick 12 : < 0 0 0 0 0 0 1 > --- 6 0 0 0 0 0 11 
Search(13, 4, 335, from 1): lock  6 tick 13 : < 0 0 0 0 0 0 2 > --- 6 0 0 0 0 0 11 
Search(14, 4, 336, from 2): lock  6 tick 14 : < 0 0 0 0 0 0 3 > --- 6 0 0 0 0 0 11 
CRITICAL id 6 lock 6 tick 15 limit 4
Search(15, 3, 337, from 3): lock -1 tick 15 : < 0 0 0 0 0 0 0 > --- 6 0 0 0 0 0 11 
Search(6, 5, 338, from 0): lock  1 tick 6 : < 0 1 0 0 0 0 0 > --- 1 6 0 0 0 0 0 
Search(7, 5, 339, from 1): lock  1 tick 7 : < 0 1 0 0 0 0 0 > --- 1 6 0 0 0 0 0 
Search(8, 5, 340, from 1): lock  1 tick 8 : < 0 2 0 0 0 0 0 > --- 1 6 0 0 0 0 0 
Search(9, 5, 341, from 2): lock  1 tick 9 : < 0 3 0 0 0 0 0 > --- 1 6 0 0 0 0 0 
CRITICAL id 1 lock 1 tick 10 limit 5
Search(10, 4, 342, from 3): lock -1 tick 10 : < 0 0 0 0 0 0 0 > --- 1 6 0 0 0 0 0 
Search(6, 5, 343, from 0): lock  2 tick 6 : < 0 0 1 0 0 0 0 > --- 1 0 6 0 0 0 0 
Search(7, 5, 344, from 1): lock  2 tick 7 : < 0 0 1 0 0 0 0 > --- 1 0 6 0 0 0 0 
Search(8, 5, 345, from 1): lock  2 tick 8 : < 0 0 2 0 0 0 0 > --- 1 0 6 0 0 0 0 
Search(9, 5, 346, from 2): lock  2 tick 9 : < 0 0 3 0 0 0 0 > --- 1 0 6 0 0 0 0 
CRITICAL id 2 lock 2 tick 10 limit 5
Search(10, 4, 347, from 3): lock -1 tick 10 : < 0 0 0 0 0 0 0 > --- 1 0 6 0 0 0 0 
Search(6, 5, 348, from 0): lock  3 tick 6 : < 0 0 0 1 0 0 0 > --- 1 0 0 6 0 0 0 
Search(7, 5, 349, from 1): lock  3 tick 7 : < 0 0 0 1 0 0 0 > --- 1 0 0 6 0 0 0 
Search(8, 5, 350, from 1): lock  3 tick 8 : < 0 0 0 2 0 0 0 > --- 1 0 0 6 0 0 0 
Search(9, 5, 351, from 2): lock  3 tick 9 : < 0 0 0 3 0 0 0 > --- 1 0 0 6 0 0 0 
CRITICAL id 3 lock 3 tick 10 limit 5
Search(10, 4, 352, from 3): lock -1 tick 10 : < 0 0 0 0 0 0 0 > --- 1 0 0 6 0 0 0 
Search(6, 5, 353, from 0): lock  4 tick 6 : < 0 0 0 0 1 0 0 > --- 1 0 0 0 6 0 0 
Search(7, 5, 354, from 1): lock  4 tick 7 : < 0 0 0 0 1 0 0 > --- 1 0 0 0 6 0 0 
Search(8, 5, 355, from 1): lock  4 tick 8 : < 0 0 0 0 2 0 0 > --- 1 0 0 0 6 0 0 
Search(9, 5, 356, from 2): lock  4 tick 9 : < 0 0 0 0 3 0 0 > --- 1 0 0 0 6 0 0 
CRITICAL id 4 lock 4 tick 10 limit 5
Search(10, 4, 357, from 3): lock -1 tick 10 : < 0 0 0 0 0 0 0 > --- 1 0 0 0 6 0 0 
Search(6, 5, 358, from 0): lock  5 tick 6 : < 0 0 0 0 0 1 0 > --- 1 0 0 0 0 6 0 
Search(7, 5, 359, from 1): lock  5 tick 7 : < 0 0 0 0 0 1 0 > --- 1 0 0 0 0 6 0 
Search(8, 5, 360, from 1): lock  5 tick 8 : < 0 0 0 0 0 2 0 > --- 1 0 0 0 0 6 0 
Search(9, 5, 361, from 2): lock  5 tick 9 : < 0 0 0 0 0 3 0 > --- 1 0 0 0 0 6 0 
CRITICAL id 5 lock 5 tick 10 limit 5
Search(10, 4, 362, from 3): lock -1 tick 10 : < 0 0 0 0 0 0 0 > --- 1 0 0 0 0 6 0 
Search(6, 5, 363, from 0): lock  6 tick 6 : < 0 0 0 0 0 0 1 > --- 1 0 0 0 0 0 6 
Search(7, 5, 364, from 1): lock  6 tick 7 : < 0 0 0 0 0 0 1 > --- 1 0 0 0 0 0 6 
Search(8, 5, 365, from 1): lock  6 tick 8 : < 0 0 0 0 0 0 2 > --- 1 0 0 0 0 0 6 
Search(9, 5, 366, from 2): lock  6 tick 9 : < 0 0 0 0 0 0 3 > --- 1 0 0 0 0 0 6 
CRITICAL id 6 lock 6 tick 10 limit 5
Search(10, 4, 367, from 3): lock -1 tick 10 : < 0 0 0 0 0 0 0 > --- 1 0 0 0 0 0 6 
Search(1, 6, 368, from 0): lock  1 tick 1 : < 0 1 0 0 0 0 0 > --- 0 1 0 0 0 0 0 
Search(2, 6, 369, from 1): lock  1 tick 2 : < 0 1 0 0 0 0 0 > --- 0 1 0 0 0 0 0 
Search(3, 6, 370, from 1): lock  1 tick 3 : < 0 2 0 0 0 0 0 > --- 0 1 0 0 0 0 0 
Search(4, 6, 371, from 2): lock  1 tick 4 : < 0 3 0 0 0 0 0 > --- 0 1 0 0 0 0 0 
CRITICAL id 1 lock 1 tick 5 limit 6
Search(5, 5, 372, from 3): lock -1 tick 5 : < 0 0 0 0 0 0 0 > --- 0 1 0 0 0 0 0 
Search(1, 6, 373, from 0): lock  2 tick 1 : < 0 0 1 0 0 0 0 > --- 0 0 1 0 0 0 0 
Search(2, 6, 374, from 1): lock  2 tick 2 : < 0 0 1 0 0 0 0 > --- 0 0 1 0 0 0 0 
Search(3, 6, 375, from 1): lock  2 tick 3 : < 0 0 2 0 0 0 0 > --- 0 0 1 0 0 0 0 
Search(4, 6, 376, from 2): lock  2 tick 4 : < 0 0 3 0 0 0 0 > --- 0 0 1 0 0 0 0 
CRITICAL id 2 lock 2 tick 5 limit 6
Search(5, 5, 377, from 3): lock -1 tick 5 : < 0 0 0 0 0 0 0 > --- 0 0 1 0 0 0 0 
Search(1, 6, 378, from 0): lock  3 tick 1 : < 0 0 0 1 0 0 0 > --- 0 0 0 1 0 0 0 
Search(2, 6, 379, from 1): lock  3 tick 2 : < 0 0 0 1 0 0 0 > --- 0 0 0 1 0 0 0 
Search(3, 6, 380, from 1): lock  3 tick 3 : < 0 0 0 2 0 0 0 > --- 0 0 0 1 0 0 0 
Search(4, 6, 381, from 2): lock  3 tick 4 : < 0 0 0 3 0 0 0 > --- 0 0 0 1 0 0 0 
CRITICAL id 3 lock 3 tick 5 limit 6
Search(5, 5, 382, from 3): lock -1 tick 5 : < 0 0 0 0 0 0 0 > --- 0 0 0 1 0 0 0 
Search(1, 6, 383, from 0): lock  4 tick 1 : < 0 0 0 0 1 0 0 > --- 0 0 0 0 1 0 0 
Search(2, 6, 384, from 1): lock  4 tick 2 : < 0 0 0 0 1 0 0 > --- 0 0 0 0 1 0 0 
Search(3, 6, 385, from 1): lock  4 tick 3 : < 0 0 0 0 2 0 0 > --- 0 0 0 0 1 0 0 
Search(4, 6, 386, from 2): lock  4 tick 4 : < 0 0 0 0 3 0 0 > --- 0 0 0 0 1 0 0 
CRITICAL id 4 lock 4 tick 5 limit 6
Search(5, 5, 387, from 3): lock -1 tick 5 : < 0 0 0 0 0 0 0 > --- 0 0 0 0 1 0 0 
Search(1, 6, 388, from 0): lock  5 tick 1 : < 0 0 0 0 0 1 0 > --- 0 0 0 0 0 1 0 
Search(2, 6, 389, from 1): lock  5 tick 2 : < 0 0 0 0 0 1 0 > --- 0 0 0 0 0 1 0 
Search(3, 6, 390, from 1): lock  5 tick 3 : < 0 0 0 0 0 2 0 > --- 0 0 0 0 0 1 0 
Search(4, 6, 391, from 2): lock  5 tick 4 : < 0 0 0 0 0 3 0 > --- 0 0 0 0 0 1 0 
CRITICAL id 5 lock 5 tick 5 limit 6
Search(5, 5, 392, from 3): lock -1 tick 5 : < 0 0 0 0 0 0 0 > --- 0 0 0 0 0 1 0 
Search(1, 6, 393, from 0): lock  6 tick 1 : < 0 0 0 0 0 0 1 > --- 0 0 0 0 0 0 1 
Search(2, 6, 394, from 1): lock  6 tick 2 : < 0 0 0 0 0 0 1 > --- 0 0 0 0 0 0 1 
Search(3, 6, 395, from 1): lock  6 tick 3 : < 0 0 0 0 0 0 2 > --- 0 0 0 0 0 0 1 
Search(4, 6, 396, from 2): lock  6 tick 4 : < 0 0 0 0 0 0 3 > --- 0 0 0 0 0 0 1 
CRITICAL id 6 lock 6 tick 5 limit 6
Search(5, 5, 397, from 3): lock -1 tick 5 : < 0 0 0 0 0 0 0 > --- 0 0 0 0 0 0 1 
FINAL: Searchspace 397 Table 22 Subcount 30 Nosub 324
