Search(0, 9, 1, from -1): lock -1 tick 0 : < 0 0 0 0 0 0 > --- 0 0 0 0 0 0 
Search(1, 9, 2, from 0): lock  0 tick 1 : < 1 0 0 0 0 0 > --- 1 0 0 0 0 0 
Search(2, 9, 3, from 1): lock  0 tick 2 : < 1 0 0 0 0 0 > --- 1 0 0 0 0 0 
Search(3, 9, 4, from 1): lock  0 tick 3 : < 2 0 0 0 0 0 > --- 1 0 0 0 0 0 
Search(4, 9, 5, from 2): lock  0 tick 4 : < 3 0 0 0 0 0 > --- 1 0 0 0 0 0 
CRITICAL id 0 lock 0 tick 5 limit 9
Search(5, 8, 6, from 3): lock -1 tick 5 : < 0 0 0 0 0 0 > --- 1 0 0 0 0 0 
Search(6, 8, 7, from 0): lock  0 tick 6 : < 1 0 0 0 0 0 > --- 6 0 0 0 0 0 
Search(7, 8, 8, from 1): lock  0 tick 7 : < 1 0 0 0 0 0 > --- 6 0 0 0 0 0 
Search(8, 8, 9, from 1): lock  0 tick 8 : < 2 0 0 0 0 0 > --- 6 0 0 0 0 0 
Search(9, 8, 10, from 2): lock  0 tick 9 : < 3 0 0 0 0 0 > --- 6 0 0 0 0 0 
CRITICAL id 0 lock 0 tick 10 limit 8
Search(10, 7, 11, from 3): lock -1 tick 10 : < 0 0 0 0 0 0 > --- 6 0 0 0 0 0 
Search(11, 7, 12, from 0): lock  0 tick 11 : < 1 0 0 0 0 0 > --- 11 0 0 0 0 0 
Search(12, 7, 13, from 1): lock  0 tick 12 : < 1 0 0 0 0 0 > --- 11 0 0 0 0 0 
Search(13, 7, 14, from 1): lock  0 tick 13 : < 2 0 0 0 0 0 > --- 11 0 0 0 0 0 
Search(14, 7, 15, from 2): lock  0 tick 14 : < 3 0 0 0 0 0 > --- 11 0 0 0 0 0 
CRITICAL id 0 lock 0 tick 15 limit 7
Search(15, 6, 16, from 3): lock -1 tick 15 : < 0 0 0 0 0 0 > --- 11 0 0 0 0 0 
Search(16, 6, 17, from 0): lock  0 tick 16 : < 1 0 0 0 0 0 > --- 16 0 0 0 0 0 
Search(17, 6, 18, from 1): lock  0 tick 17 : < 1 0 0 0 0 0 > --- 16 0 0 0 0 0 
Search(18, 6, 19, from 1): lock  0 tick 18 : < 2 0 0 0 0 0 > --- 16 0 0 0 0 0 
Search(19, 6, 20, from 2): lock  0 tick 19 : < 3 0 0 0 0 0 > --- 16 0 0 0 0 0 
CRITICAL id 0 lock 0 tick 20 limit 6
Search(20, 5, 21, from 3): lock -1 tick 20 : < 0 0 0 0 0 0 > --- 16 0 0 0 0 0 
Search(21, 5, 22, from 0): lock  0 tick 21 : < 1 0 0 0 0 0 > --- 21 0 0 0 0 0 
Search(22, 5, 23, from 1): lock  0 tick 22 : < 1 0 0 0 0 0 > --- 21 0 0 0 0 0 
Search(23, 5, 24, from 1): lock  0 tick 23 : < 2 0 0 0 0 0 > --- 21 0 0 0 0 0 
Search(24, 5, 25, from 2): lock  0 tick 24 : < 3 0 0 0 0 0 > --- 21 0 0 0 0 0 
CRITICAL id 0 lock 0 tick 25 limit 5
Search(25, 4, 26, from 3): lock -1 tick 25 : < 0 0 0 0 0 0 > --- 21 0 0 0 0 0 
Search(26, 4, 27, from 0): lock  0 tick 26 : < 1 0 0 0 0 0 > --- 26 0 0 0 0 0 
Search(27, 4, 28, from 1): lock  0 tick 27 : < 1 0 0 0 0 0 > --- 26 0 0 0 0 0 
Search(28, 4, 29, from 1): lock  0 tick 28 : < 2 0 0 0 0 0 > --- 26 0 0 0 0 0 
Search(29, 4, 30, from 2): lock  0 tick 29 : < 3 0 0 0 0 0 > --- 26 0 0 0 0 0 
CRITICAL id 0 lock 0 tick 30 limit 4
Search(30, 3, 31, from 3): lock -1 tick 30 : < 0 0 0 0 0 0 > --- 26 0 0 0 0 0 
Search(31, 3, 32, from 0): lock  0 tick 31 : < 1 0 0 0 0 0 > --- 31 0 0 0 0 0 
Search(32, 3, 33, from 1): lock  0 tick 32 : < 1 0 0 0 0 0 > --- 31 0 0 0 0 0 
Search(33, 3, 34, from 1): lock  0 tick 33 : < 2 0 0 0 0 0 > --- 31 0 0 0 0 0 
Search(34, 3, 35, from 2): lock  0 tick 34 : < 3 0 0 0 0 0 > --- 31 0 0 0 0 0 
CRITICAL id 0 lock 0 tick 35 limit 3
Search(35, 2, 36, from 3): lock -1 tick 35 : < 0 0 0 0 0 0 > --- 31 0 0 0 0 0 
Search(36, 2, 37, from 0): lock  0 tick 36 : < 1 0 0 0 0 0 > --- 36 0 0 0 0 0 
Search(37, 2, 38, from 1): lock  0 tick 37 : < 1 0 0 0 0 0 > --- 36 0 0 0 0 0 
Search(38, 2, 39, from 1): lock  0 tick 38 : < 2 0 0 0 0 0 > --- 36 0 0 0 0 0 
Search(39, 2, 40, from 2): lock  0 tick 39 : < 3 0 0 0 0 0 > --- 36 0 0 0 0 0 
CRITICAL id 0 lock 0 tick 40 limit 2
Search(40, 1, 41, from 3): lock -1 tick 40 : < 0 0 0 0 0 0 > --- 36 0 0 0 0 0 
Search(41, 1, 42, from 0): lock  0 tick 41 : < 1 0 0 0 0 0 > --- 41 0 0 0 0 0 
Search(42, 1, 43, from 1): lock  0 tick 42 : < 1 0 0 0 0 0 > --- 41 0 0 0 0 0 
Search(43, 1, 44, from 1): lock  0 tick 43 : < 2 0 0 0 0 0 > --- 41 0 0 0 0 0 
Search(44, 1, 45, from 2): lock  0 tick 44 : < 3 0 0 0 0 0 > --- 41 0 0 0 0 0 
CRITICAL id 0 lock 0 tick 45 limit 1
Search(45, 0, 46, from 3): lock -1 tick 45 : < 0 0 0 0 0 0 > --- 41 0 0 0 0 0 
Search(41, 1, 47, from 0): lock  1 tick 41 : < 0 1 0 0 0 0 > --- 36 41 0 0 0 0 
Search(42, 1, 48, from 1): lock  1 tick 42 : < 0 1 0 0 0 0 > --- 36 41 0 0 0 0 
Search(43, 1, 49, from 1): lock  1 tick 43 : < 0 2 0 0 0 0 > --- 36 41 0 0 0 0 
Search(44, 1, 50, from 2): lock  1 tick 44 : < 0 3 0 0 0 0 > --- 36 41 0 0 0 0 
CRITICAL id 1 lock 1 tick 45 limit 1
Search(45, 0, 51, from 3): lock -1 tick 45 : < 0 0 0 0 0 0 > --- 36 41 0 0 0 0 
Search(41, 1, 52, from 0): lock  2 tick 41 : < 0 0 1 0 0 0 > --- 36 0 41 0 0 0 
Search(42, 1, 53, from 1): lock  2 tick 42 : < 0 0 1 0 0 0 > --- 36 0 41 0 0 0 
Search(43, 1, 54, from 1): lock  2 tick 43 : < 0 0 2 0 0 0 > --- 36 0 41 0 0 0 
Search(44, 1, 55, from 2): lock  2 tick 44 : < 0 0 3 0 0 0 > --- 36 0 41 0 0 0 
CRITICAL id 2 lock 2 tick 45 limit 1
Search(45, 0, 56, from 3): lock -1 tick 45 : < 0 0 0 0 0 0 > --- 36 0 41 0 0 0 
Search(41, 1, 57, from 0): lock  3 tick 41 : < 0 0 0 1 0 0 > --- 36 0 0 41 0 0 
Search(42, 1, 58, from 1): lock  3 tick 42 : < 0 0 0 1 0 0 > --- 36 0 0 41 0 0 
Search(43, 1, 59, from 1): lock  3 tick 43 : < 0 0 0 2 0 0 > --- 36 0 0 41 0 0 
Search(44, 1, 60, from 2): lock  3 tick 44 : < 0 0 0 3 0 0 > --- 36 0 0 41 0 0 
CRITICAL id 3 lock 3 tick 45 limit 1
Search(45, 0, 61, from 3): lock -1 tick 45 : < 0 0 0 0 0 0 > --- 36 0 0 41 0 0 
Search(41, 1, 62, from 0): lock  4 tick 41 : < 0 0 0 0 1 0 > --- 36 0 0 0 41 0 
Search(42, 1, 63, from 1): lock  4 tick 42 : < 0 0 0 0 1 0 > --- 36 0 0 0 41 0 
Search(43, 1, 64, from 1): lock  4 tick 43 : < 0 0 0 0 2 0 > --- 36 0 0 0 41 0 
Search(44, 1, 65, from 2): lock  4 tick 44 : < 0 0 0 0 3 0 > --- 36 0 0 0 41 0 
CRITICAL id 4 lock 4 tick 45 limit 1
Search(45, 0, 66, from 3): lock -1 tick 45 : < 0 0 0 0 0 0 > --- 36 0 0 0 41 0 
Search(41, 1, 67, from 0): lock  5 tick 41 : < 0 0 0 0 0 1 > --- 36 0 0 0 0 41 
Search(42, 1, 68, from 1): lock  5 tick 42 : < 0 0 0 0 0 1 > --- 36 0 0 0 0 41 
Search(43, 1, 69, from 1): lock  5 tick 43 : < 0 0 0 0 0 2 > --- 36 0 0 0 0 41 
Search(44, 1, 70, from 2): lock  5 tick 44 : < 0 0 0 0 0 3 > --- 36 0 0 0 0 41 
CRITICAL id 5 lock 5 tick 45 limit 1
Search(45, 0, 71, from 3): lock -1 tick 45 : < 0 0 0 0 0 0 > --- 36 0 0 0 0 41 
Search(36, 2, 72, from 0): lock  1 tick 36 : < 0 1 0 0 0 0 > --- 31 36 0 0 0 0 
Search(37, 2, 73, from 1): lock  1 tick 37 : < 0 1 0 0 0 0 > --- 31 36 0 0 0 0 
Search(38, 2, 74, from 1): lock  1 tick 38 : < 0 2 0 0 0 0 > --- 31 36 0 0 0 0 
Search(39, 2, 75, from 2): lock  1 tick 39 : < 0 3 0 0 0 0 > --- 31 36 0 0 0 0 
CRITICAL id 1 lock 1 tick 40 limit 2
Search(40, 1, 76, from 3): lock -1 tick 40 : < 0 0 0 0 0 0 > --- 31 36 0 0 0 0 
Search(41, 1, 77, from 0): lock  0 tick 41 : < 1 0 0 0 0 0 > --- 41 36 0 0 0 0 
Search(42, 1, 78, from 1): lock  0 tick 42 : < 1 0 0 0 0 0 > --- 41 36 0 0 0 0 
Search(43, 1, 79, from 1): lock  0 tick 43 : < 2 0 0 0 0 0 > --- 41 36 0 0 0 0 
Search(44, 1, 80, from 2): lock  0 tick 44 : < 3 0 0 0 0 0 > --- 41 36 0 0 0 0 
CRITICAL id 0 lock 0 tick 45 limit 1
Search(45, 0, 81, from 3): lock -1 tick 45 : < 0 0 0 0 0 0 > --- 41 36 0 0 0 0 
Search(41, 1, 82, from 0): lock  1 tick 41 : < 0 1 0 0 0 0 > --- 31 41 0 0 0 0 
Search(41, 1, 83, from 0): lock  2 tick 41 : < 0 0 1 0 0 0 > --- 31 36 41 0 0 0 
Search(42, 1, 84, from 1): lock  2 tick 42 : < 0 0 1 0 0 0 > --- 31 36 41 0 0 0 
Search(43, 1, 85, from 1): lock  2 tick 43 : < 0 0 2 0 0 0 > --- 31 36 41 0 0 0 
Search(44, 1, 86, from 2): lock  2 tick 44 : < 0 0 3 0 0 0 > --- 31 36 41 0 0 0 
CRITICAL id 2 lock 2 tick 45 limit 1
Search(45, 0, 87, from 3): lock -1 tick 45 : < 0 0 0 0 0 0 > --- 31 36 41 0 0 0 
Search(41, 1, 88, from 0): lock  3 tick 41 : < 0 0 0 1 0 0 > --- 31 36 0 41 0 0 
Search(42, 1, 89, from 1): lock  3 tick 42 : < 0 0 0 1 0 0 > --- 31 36 0 41 0 0 
Search(43, 1, 90, from 1): lock  3 tick 43 : < 0 0 0 2 0 0 > --- 31 36 0 41 0 0 
Search(44, 1, 91, from 2): lock  3 tick 44 : < 0 0 0 3 0 0 > --- 31 36 0 41 0 0 
CRITICAL id 3 lock 3 tick 45 limit 1
Search(45, 0, 92, from 3): lock -1 tick 45 : < 0 0 0 0 0 0 > --- 31 36 0 41 0 0 
Search(41, 1, 93, from 0): lock  4 tick 41 : < 0 0 0 0 1 0 > --- 31 36 0 0 41 0 
Search(42, 1, 94, from 1): lock  4 tick 42 : < 0 0 0 0 1 0 > --- 31 36 0 0 41 0 
Search(43, 1, 95, from 1): lock  4 tick 43 : < 0 0 0 0 2 0 > --- 31 36 0 0 41 0 
Search(44, 1, 96, from 2): lock  4 tick 44 : < 0 0 0 0 3 0 > --- 31 36 0 0 41 0 
CRITICAL id 4 lock 4 tick 45 limit 1
Search(45, 0, 97, from 3): lock -1 tick 45 : < 0 0 0 0 0 0 > --- 31 36 0 0 41 0 
Search(41, 1, 98, from 0): lock  5 tick 41 : < 0 0 0 0 0 1 > --- 31 36 0 0 0 41 
Search(42, 1, 99, from 1): lock  5 tick 42 : < 0 0 0 0 0 1 > --- 31 36 0 0 0 41 
Search(43, 1, 100, from 1): lock  5 tick 43 : < 0 0 0 0 0 2 > --- 31 36 0 0 0 41 
Search(44, 1, 101, from 2): lock  5 tick 44 : < 0 0 0 0 0 3 > --- 31 36 0 0 0 41 
CRITICAL id 5 lock 5 tick 45 limit 1
Search(45, 0, 102, from 3): lock -1 tick 45 : < 0 0 0 0 0 0 > --- 31 36 0 0 0 41 
Search(36, 2, 103, from 0): lock  2 tick 36 : < 0 0 1 0 0 0 > --- 31 0 36 0 0 0 
Search(37, 2, 104, from 1): lock  2 tick 37 : < 0 0 1 0 0 0 > --- 31 0 36 0 0 0 
Search(38, 2, 105, from 1): lock  2 tick 38 : < 0 0 2 0 0 0 > --- 31 0 36 0 0 0 
Search(39, 2, 106, from 2): lock  2 tick 39 : < 0 0 3 0 0 0 > --- 31 0 36 0 0 0 
CRITICAL id 2 lock 2 tick 40 limit 2
Search(40, 1, 107, from 3): lock -1 tick 40 : < 0 0 0 0 0 0 > --- 31 0 36 0 0 0 
Search(41, 1, 108, from 0): lock  0 tick 41 : < 1 0 0 0 0 0 > --- 41 0 36 0 0 0 
Search(42, 1, 109, from 1): lock  0 tick 42 : < 1 0 0 0 0 0 > --- 41 0 36 0 0 0 
Search(43, 1, 110, from 1): lock  0 tick 43 : < 2 0 0 0 0 0 > --- 41 0 36 0 0 0 
Search(44, 1, 111, from 2): lock  0 tick 44 : < 3 0 0 0 0 0 > --- 41 0 36 0 0 0 
CRITICAL id 0 lock 0 tick 45 limit 1
Search(45, 0, 112, from 3): lock -1 tick 45 : < 0 0 0 0 0 0 > --- 41 0 36 0 0 0 
Search(41, 1, 113, from 0): lock  1 tick 41 : < 0 1 0 0 0 0 > --- 31 41 36 0 0 0 
Search(42, 1, 114, from 1): lock  1 tick 42 : < 0 1 0 0 0 0 > --- 31 41 36 0 0 0 
Search(43, 1, 115, from 1): lock  1 tick 43 : < 0 2 0 0 0 0 > --- 31 41 36 0 0 0 
Search(44, 1, 116, from 2): lock  1 tick 44 : < 0 3 0 0 0 0 > --- 31 41 36 0 0 0 
CRITICAL id 1 lock 1 tick 45 limit 1
Search(45, 0, 117, from 3): lock -1 tick 45 : < 0 0 0 0 0 0 > --- 31 41 36 0 0 0 
Search(41, 1, 118, from 0): lock  2 tick 41 : < 0 0 1 0 0 0 > --- 31 0 41 0 0 0 
Search(41, 1, 119, from 0): lock  3 tick 41 : < 0 0 0 1 0 0 > --- 31 0 36 41 0 0 
Search(42, 1, 120, from 1): lock  3 tick 42 : < 0 0 0 1 0 0 > --- 31 0 36 41 0 0 
Search(43, 1, 121, from 1): lock  3 tick 43 : < 0 0 0 2 0 0 > --- 31 0 36 41 0 0 
Search(44, 1, 122, from 2): lock  3 tick 44 : < 0 0 0 3 0 0 > --- 31 0 36 41 0 0 
CRITICAL id 3 lock 3 tick 45 limit 1
Search(45, 0, 123, from 3): lock -1 tick 45 : < 0 0 0 0 0 0 > --- 31 0 36 41 0 0 
Search(41, 1, 124, from 0): lock  4 tick 41 : < 0 0 0 0 1 0 > --- 31 0 36 0 41 0 
Search(42, 1, 125, from 1): lock  4 tick 42 : < 0 0 0 0 1 0 > --- 31 0 36 0 41 0 
Search(43, 1, 126, from 1): lock  4 tick 43 : < 0 0 0 0 2 0 > --- 31 0 36 0 41 0 
Search(44, 1, 127, from 2): lock  4 tick 44 : < 0 0 0 0 3 0 > --- 31 0 36 0 41 0 
CRITICAL id 4 lock 4 tick 45 limit 1
Search(45, 0, 128, from 3): lock -1 tick 45 : < 0 0 0 0 0 0 > --- 31 0 36 0 41 0 
Search(41, 1, 129, from 0): lock  5 tick 41 : < 0 0 0 0 0 1 > --- 31 0 36 0 0 41 
Search(42, 1, 130, from 1): lock  5 tick 42 : < 0 0 0 0 0 1 > --- 31 0 36 0 0 41 
Search(43, 1, 131, from 1): lock  5 tick 43 : < 0 0 0 0 0 2 > --- 31 0 36 0 0 41 
Search(44, 1, 132, from 2): lock  5 tick 44 : < 0 0 0 0 0 3 > --- 31 0 36 0 0 41 
CRITICAL id 5 lock 5 tick 45 limit 1
Search(45, 0, 133, from 3): lock -1 tick 45 : < 0 0 0 0 0 0 > --- 31 0 36 0 0 41 
Search(36, 2, 134, from 0): lock  3 tick 36 : < 0 0 0 1 0 0 > --- 31 0 0 36 0 0 
Search(37, 2, 135, from 1): lock  3 tick 37 : < 0 0 0 1 0 0 > --- 31 0 0 36 0 0 
Search(38, 2, 136, from 1): lock  3 tick 38 : < 0 0 0 2 0 0 > --- 31 0 0 36 0 0 
Search(39, 2, 137, from 2): lock  3 tick 39 : < 0 0 0 3 0 0 > --- 31 0 0 36 0 0 
CRITICAL id 3 lock 3 tick 40 limit 2
Search(40, 1, 138, from 3): lock -1 tick 40 : < 0 0 0 0 0 0 > --- 31 0 0 36 0 0 
Search(41, 1, 139, from 0): lock  0 tick 41 : < 1 0 0 0 0 0 > --- 41 0 0 36 0 0 
Search(42, 1, 140, from 1): lock  0 tick 42 : < 1 0 0 0 0 0 > --- 41 0 0 36 0 0 
Search(43, 1, 141, from 1): lock  0 tick 43 : < 2 0 0 0 0 0 > --- 41 0 0 36 0 0 
Search(44, 1, 142, from 2): lock  0 tick 44 : < 3 0 0 0 0 0 > --- 41 0 0 36 0 0 
CRITICAL id 0 lock 0 tick 45 limit 1
Search(45, 0, 143, from 3): lock -1 tick 45 : < 0 0 0 0 0 0 > --- 41 0 0 36 0 0 
Search(41, 1, 144, from 0): lock  1 tick 41 : < 0 1 0 0 0 0 > --- 31 41 0 36 0 0 
Search(42, 1, 145, from 1): lock  1 tick 42 : < 0 1 0 0 0 0 > --- 31 41 0 36 0 0 
Search(43, 1, 146, from 1): lock  1 tick 43 : < 0 2 0 0 0 0 > --- 31 41 0 36 0 0 
Search(44, 1, 147, from 2): lock  1 tick 44 : < 0 3 0 0 0 0 > --- 31 41 0 36 0 0 
CRITICAL id 1 lock 1 tick 45 limit 1
Search(45, 0, 148, from 3): lock -1 tick 45 : < 0 0 0 0 0 0 > --- 31 41 0 36 0 0 
Search(41, 1, 149, from 0): lock  2 tick 41 : < 0 0 1 0 0 0 > --- 31 0 41 36 0 0 
Search(42, 1, 150, from 1): lock  2 tick 42 : < 0 0 1 0 0 0 > --- 31 0 41 36 0 0 
Search(43, 1, 151, from 1): lock  2 tick 43 : < 0 0 2 0 0 0 > --- 31 0 41 36 0 0 
Search(44, 1, 152, from 2): lock  2 tick 44 : < 0 0 3 0 0 0 > --- 31 0 41 36 0 0 
CRITICAL id 2 lock 2 tick 45 limit 1
Search(45, 0, 153, from 3): lock -1 tick 45 : < 0 0 0 0 0 0 > --- 31 0 41 36 0 0 
Search(41, 1, 154, from 0): lock  3 tick 41 : < 0 0 0 1 0 0 > --- 31 0 0 41 0 0 
Search(41, 1, 155, from 0): lock  4 tick 41 : < 0 0 0 0 1 0 > --- 31 0 0 36 41 0 
Search(42, 1, 156, from 1): lock  4 tick 42 : < 0 0 0 0 1 0 > --- 31 0 0 36 41 0 
Search(43, 1, 157, from 1): lock  4 tick 43 : < 0 0 0 0 2 0 > --- 31 0 0 36 41 0 
Search(44, 1, 158, from 2): lock  4 tick 44 : < 0 0 0 0 3 0 > --- 31 0 0 36 41 0 
CRITICAL id 4 lock 4 tick 45 limit 1
Search(45, 0, 159, from 3): lock -1 tick 45 : < 0 0 0 0 0 0 > --- 31 0 0 36 41 0 
Search(41, 1, 160, from 0): lock  5 tick 41 : < 0 0 0 0 0 1 > --- 31 0 0 36 0 41 
Search(42, 1, 161, from 1): lock  5 tick 42 : < 0 0 0 0 0 1 > --- 31 0 0 36 0 41 
Search(43, 1, 162, from 1): lock  5 tick 43 : < 0 0 0 0 0 2 > --- 31 0 0 36 0 41 
Search(44, 1, 163, from 2): lock  5 tick 44 : < 0 0 0 0 0 3 > --- 31 0 0 36 0 41 
CRITICAL id 5 lock 5 tick 45 limit 1
Search(45, 0, 164, from 3): lock -1 tick 45 : < 0 0 0 0 0 0 > --- 31 0 0 36 0 41 
Search(36, 2, 165, from 0): lock  4 tick 36 : < 0 0 0 0 1 0 > --- 31 0 0 0 36 0 
Search(37, 2, 166, from 1): lock  4 tick 37 : < 0 0 0 0 1 0 > --- 31 0 0 0 36 0 
Search(38, 2, 167, from 1): lock  4 tick 38 : < 0 0 0 0 2 0 > --- 31 0 0 0 36 0 
Search(39, 2, 168, from 2): lock  4 tick 39 : < 0 0 0 0 3 0 > --- 31 0 0 0 36 0 
CRITICAL id 4 lock 4 tick 40 limit 2
Search(40, 1, 169, from 3): lock -1 tick 40 : < 0 0 0 0 0 0 > --- 31 0 0 0 36 0 
Search(41, 1, 170, from 0): lock  0 tick 41 : < 1 0 0 0 0 0 > --- 41 0 0 0 36 0 
Search(42, 1, 171, from 1): lock  0 tick 42 : < 1 0 0 0 0 0 > --- 41 0 0 0 36 0 
Search(43, 1, 172, from 1): lock  0 tick 43 : < 2 0 0 0 0 0 > --- 41 0 0 0 36 0 
Search(44, 1, 173, from 2): lock  0 tick 44 : < 3 0 0 0 0 0 > --- 41 0 0 0 36 0 
CRITICAL id 0 lock 0 tick 45 limit 1
Search(45, 0, 174, from 3): lock -1 tick 45 : < 0 0 0 0 0 0 > --- 41 0 0 0 36 0 
Search(41, 1, 175, from 0): lock  1 tick 41 : < 0 1 0 0 0 0 > --- 31 41 0 0 36 0 
Search(42, 1, 176, from 1): lock  1 tick 42 : < 0 1 0 0 0 0 > --- 31 41 0 0 36 0 
Search(43, 1, 177, from 1): lock  1 tick 43 : < 0 2 0 0 0 0 > --- 31 41 0 0 36 0 
Search(44, 1, 178, from 2): lock  1 tick 44 : < 0 3 0 0 0 0 > --- 31 41 0 0 36 0 
CRITICAL id 1 lock 1 tick 45 limit 1
Search(45, 0, 179, from 3): lock -1 tick 45 : < 0 0 0 0 0 0 > --- 31 41 0 0 36 0 
Search(41, 1, 180, from 0): lock  2 tick 41 : < 0 0 1 0 0 0 > --- 31 0 41 0 36 0 
Search(42, 1, 181, from 1): lock  2 tick 42 : < 0 0 1 0 0 0 > --- 31 0 41 0 36 0 
Search(43, 1, 182, from 1): lock  2 tick 43 : < 0 0 2 0 0 0 > --- 31 0 41 0 36 0 
Search(44, 1, 183, from 2): lock  2 tick 44 : < 0 0 3 0 0 0 > --- 31 0 41 0 36 0 
CRITICAL id 2 lock 2 tick 45 limit 1
Search(45, 0, 184, from 3): lock -1 tick 45 : < 0 0 0 0 0 0 > --- 31 0 41 0 36 0 
Search(41, 1, 185, from 0): lock  3 tick 41 : < 0 0 0 1 0 0 > --- 31 0 0 41 36 0 
Search(42, 1, 186, from 1): lock  3 tick 42 : < 0 0 0 1 0 0 > --- 31 0 0 41 36 0 
Search(43, 1, 187, from 1): lock  3 tick 43 : < 0 0 0 2 0 0 > --- 31 0 0 41 36 0 
Search(44, 1, 188, from 2): lock  3 tick 44 : < 0 0 0 3 0 0 > --- 31 0 0 41 36 0 
CRITICAL id 3 lock 3 tick 45 limit 1
Search(45, 0, 189, from 3): lock -1 tick 45 : < 0 0 0 0 0 0 > --- 31 0 0 41 36 0 
Search(41, 1, 190, from 0): lock  4 tick 41 : < 0 0 0 0 1 0 > --- 31 0 0 0 41 0 
Search(41, 1, 191, from 0): lock  5 tick 41 : < 0 0 0 0 0 1 > --- 31 0 0 0 36 41 
Search(42, 1, 192, from 1): lock  5 tick 42 : < 0 0 0 0 0 1 > --- 31 0 0 0 36 41 
Search(43, 1, 193, from 1): lock  5 tick 43 : < 0 0 0 0 0 2 > --- 31 0 0 0 36 41 
Search(44, 1, 194, from 2): lock  5 tick 44 : < 0 0 0 0 0 3 > --- 31 0 0 0 36 41 
CRITICAL id 5 lock 5 tick 45 limit 1
Search(45, 0, 195, from 3): lock -1 tick 45 : < 0 0 0 0 0 0 > --- 31 0 0 0 36 41 
Search(36, 2, 196, from 0): lock  5 tick 36 : < 0 0 0 0 0 1 > --- 31 0 0 0 0 36 
Search(37, 2, 197, from 1): lock  5 tick 37 : < 0 0 0 0 0 1 > --- 31 0 0 0 0 36 
Search(38, 2, 198, from 1): lock  5 tick 38 : < 0 0 0 0 0 2 > --- 31 0 0 0 0 36 
Search(39, 2, 199, from 2): lock  5 tick 39 : < 0 0 0 0 0 3 > --- 31 0 0 0 0 36 
CRITICAL id 5 lock 5 tick 40 limit 2
Search(40, 1, 200, from 3): lock -1 tick 40 : < 0 0 0 0 0 0 > --- 31 0 0 0 0 36 
Search(41, 1, 201, from 0): lock  0 tick 41 : < 1 0 0 0 0 0 > --- 41 0 0 0 0 36 
Search(42, 1, 202, from 1): lock  0 tick 42 : < 1 0 0 0 0 0 > --- 41 0 0 0 0 36 
Search(43, 1, 203, from 1): lock  0 tick 43 : < 2 0 0 0 0 0 > --- 41 0 0 0 0 36 
Search(44, 1, 204, from 2): lock  0 tick 44 : < 3 0 0 0 0 0 > --- 41 0 0 0 0 36 
CRITICAL id 0 lock 0 tick 45 limit 1
Search(45, 0, 205, from 3): lock -1 tick 45 : < 0 0 0 0 0 0 > --- 41 0 0 0 0 36 
Search(41, 1, 206, from 0): lock  1 tick 41 : < 0 1 0 0 0 0 > --- 31 41 0 0 0 36 
Search(42, 1, 207, from 1): lock  1 tick 42 : < 0 1 0 0 0 0 > --- 31 41 0 0 0 36 
Search(43, 1, 208, from 1): lock  1 tick 43 : < 0 2 0 0 0 0 > --- 31 41 0 0 0 36 
Search(44, 1, 209, from 2): lock  1 tick 44 : < 0 3 0 0 0 0 > --- 31 41 0 0 0 36 
CRITICAL id 1 lock 1 tick 45 limit 1
Search(45, 0, 210, from 3): lock -1 tick 45 : < 0 0 0 0 0 0 > --- 31 41 0 0 0 36 
Search(41, 1, 211, from 0): lock  2 tick 41 : < 0 0 1 0 0 0 > --- 31 0 41 0 0 36 
Search(42, 1, 212, from 1): lock  2 tick 42 : < 0 0 1 0 0 0 > --- 31 0 41 0 0 36 
Search(43, 1, 213, from 1): lock  2 tick 43 : < 0 0 2 0 0 0 > --- 31 0 41 0 0 36 
Search(44, 1, 214, from 2): lock  2 tick 44 : < 0 0 3 0 0 0 > --- 31 0 41 0 0 36 
CRITICAL id 2 lock 2 tick 45 limit 1
Search(45, 0, 215, from 3): lock -1 tick 45 : < 0 0 0 0 0 0 > --- 31 0 41 0 0 36 
Search(41, 1, 216, from 0): lock  3 tick 41 : < 0 0 0 1 0 0 > --- 31 0 0 41 0 36 
Search(42, 1, 217, from 1): lock  3 tick 42 : < 0 0 0 1 0 0 > --- 31 0 0 41 0 36 
Search(43, 1, 218, from 1): lock  3 tick 43 : < 0 0 0 2 0 0 > --- 31 0 0 41 0 36 
Search(44, 1, 219, from 2): lock  3 tick 44 : < 0 0 0 3 0 0 > --- 31 0 0 41 0 36 
CRITICAL id 3 lock 3 tick 45 limit 1
Search(45, 0, 220, from 3): lock -1 tick 45 : < 0 0 0 0 0 0 > --- 31 0 0 41 0 36 
Search(41, 1, 221, from 0): lock  4 tick 41 : < 0 0 0 0 1 0 > --- 31 0 0 0 41 36 
Search(42, 1, 222, from 1): lock  4 tick 42 : < 0 0 0 0 1 0 > --- 31 0 0 0 41 36 
Search(43, 1, 223, from 1): lock  4 tick 43 : < 0 0 0 0 2 0 > --- 31 0 0 0 41 36 
Search(44, 1, 224, from 2): lock  4 tick 44 : < 0 0 0 0 3 0 > --- 31 0 0 0 41 36 
CRITICAL id 4 lock 4 tick 45 limit 1
Search(45, 0, 225, from 3): lock -1 tick 45 : < 0 0 0 0 0 0 > --- 31 0 0 0 41 36 
Search(41, 1, 226, from 0): lock  5 tick 41 : < 0 0 0 0 0 1 > --- 31 0 0 0 0 41 
Search(31, 3, 227, from 0): lock  1 tick 31 : < 0 1 0 0 0 0 > --- 26 31 0 0 0 0 
Search(32, 3, 228, from 1): lock  1 tick 32 : < 0 1 0 0 0 0 > --- 26 31 0 0 0 0 
Search(33, 3, 229, from 1): lock  1 tick 33 : < 0 2 0 0 0 0 > --- 26 31 0 0 0 0 
Search(34, 3, 230, from 2): lock  1 tick 34 : < 0 3 0 0 0 0 > --- 26 31 0 0 0 0 
CRITICAL id 1 lock 1 tick 35 limit 3
Search(35, 2, 231, from 3): lock -1 tick 35 : < 0 0 0 0 0 0 > --- 26 31 0 0 0 0 
Search(31, 3, 232, from 0): lock  2 tick 31 : < 0 0 1 0 0 0 > --- 26 0 31 0 0 0 
Search(32, 3, 233, from 1): lock  2 tick 32 : < 0 0 1 0 0 0 > --- 26 0 31 0 0 0 
Search(33, 3, 234, from 1): lock  2 tick 33 : < 0 0 2 0 0 0 > --- 26 0 31 0 0 0 
Search(34, 3, 235, from 2): lock  2 tick 34 : < 0 0 3 0 0 0 > --- 26 0 31 0 0 0 
CRITICAL id 2 lock 2 tick 35 limit 3
Search(35, 2, 236, from 3): lock -1 tick 35 : < 0 0 0 0 0 0 > --- 26 0 31 0 0 0 
Search(31, 3, 237, from 0): lock  3 tick 31 : < 0 0 0 1 0 0 > --- 26 0 0 31 0 0 
Search(32, 3, 238, from 1): lock  3 tick 32 : < 0 0 0 1 0 0 > --- 26 0 0 31 0 0 
Search(33, 3, 239, from 1): lock  3 tick 33 : < 0 0 0 2 0 0 > --- 26 0 0 31 0 0 
Search(34, 3, 240, from 2): lock  3 tick 34 : < 0 0 0 3 0 0 > --- 26 0 0 31 0 0 
CRITICAL id 3 lock 3 tick 35 limit 3
Search(35, 2, 241, from 3): lock -1 tick 35 : < 0 0 0 0 0 0 > --- 26 0 0 31 0 0 
Search(31, 3, 242, from 0): lock  4 tick 31 : < 0 0 0 0 1 0 > --- 26 0 0 0 31 0 
Search(32, 3, 243, from 1): lock  4 tick 32 : < 0 0 0 0 1 0 > --- 26 0 0 0 31 0 
Search(33, 3, 244, from 1): lock  4 tick 33 : < 0 0 0 0 2 0 > --- 26 0 0 0 31 0 
Search(34, 3, 245, from 2): lock  4 tick 34 : < 0 0 0 0 3 0 > --- 26 0 0 0 31 0 
CRITICAL id 4 lock 4 tick 35 limit 3
Search(35, 2, 246, from 3): lock -1 tick 35 : < 0 0 0 0 0 0 > --- 26 0 0 0 31 0 
Search(31, 3, 247, from 0): lock  5 tick 31 : < 0 0 0 0 0 1 > --- 26 0 0 0 0 31 
Search(32, 3, 248, from 1): lock  5 tick 32 : < 0 0 0 0 0 1 > --- 26 0 0 0 0 31 
Search(33, 3, 249, from 1): lock  5 tick 33 : < 0 0 0 0 0 2 > --- 26 0 0 0 0 31 
Search(34, 3, 250, from 2): lock  5 tick 34 : < 0 0 0 0 0 3 > --- 26 0 0 0 0 31 
CRITICAL id 5 lock 5 tick 35 limit 3
Search(35, 2, 251, from 3): lock -1 tick 35 : < 0 0 0 0 0 0 > --- 26 0 0 0 0 31 
Search(26, 4, 252, from 0): lock  1 tick 26 : < 0 1 0 0 0 0 > --- 21 26 0 0 0 0 
Search(27, 4, 253, from 1): lock  1 tick 27 : < 0 1 0 0 0 0 > --- 21 26 0 0 0 0 
Search(28, 4, 254, from 1): lock  1 tick 28 : < 0 2 0 0 0 0 > --- 21 26 0 0 0 0 
Search(29, 4, 255, from 2): lock  1 tick 29 : < 0 3 0 0 0 0 > --- 21 26 0 0 0 0 
CRITICAL id 1 lock 1 tick 30 limit 4
Search(30, 3, 256, from 3): lock -1 tick 30 : < 0 0 0 0 0 0 > --- 21 26 0 0 0 0 
Search(26, 4, 257, from 0): lock  2 tick 26 : < 0 0 1 0 0 0 > --- 21 0 26 0 0 0 
Search(27, 4, 258, from 1): lock  2 tick 27 : < 0 0 1 0 0 0 > --- 21 0 26 0 0 0 
Search(28, 4, 259, from 1): lock  2 tick 28 : < 0 0 2 0 0 0 > --- 21 0 26 0 0 0 
Search(29, 4, 260, from 2): lock  2 tick 29 : < 0 0 3 0 0 0 > --- 21 0 26 0 0 0 
CRITICAL id 2 lock 2 tick 30 limit 4
Search(30, 3, 261, from 3): lock -1 tick 30 : < 0 0 0 0 0 0 > --- 21 0 26 0 0 0 
Search(26, 4, 262, from 0): lock  3 tick 26 : < 0 0 0 1 0 0 > --- 21 0 0 26 0 0 
Search(27, 4, 263, from 1): lock  3 tick 27 : < 0 0 0 1 0 0 > --- 21 0 0 26 0 0 
Search(28, 4, 264, from 1): lock  3 tick 28 : < 0 0 0 2 0 0 > --- 21 0 0 26 0 0 
Search(29, 4, 265, from 2): lock  3 tick 29 : < 0 0 0 3 0 0 > --- 21 0 0 26 0 0 
CRITICAL id 3 lock 3 tick 30 limit 4
Search(30, 3, 266, from 3): lock -1 tick 30 : < 0 0 0 0 0 0 > --- 21 0 0 26 0 0 
Search(26, 4, 267, from 0): lock  4 tick 26 : < 0 0 0 0 1 0 > --- 21 0 0 0 26 0 
Search(27, 4, 268, from 1): lock  4 tick 27 : < 0 0 0 0 1 0 > --- 21 0 0 0 26 0 
Search(28, 4, 269, from 1): lock  4 tick 28 : < 0 0 0 0 2 0 > --- 21 0 0 0 26 0 
Search(29, 4, 270, from 2): lock  4 tick 29 : < 0 0 0 0 3 0 > --- 21 0 0 0 26 0 
CRITICAL id 4 lock 4 tick 30 limit 4
Search(30, 3, 271, from 3): lock -1 tick 30 : < 0 0 0 0 0 0 > --- 21 0 0 0 26 0 
Search(26, 4, 272, from 0): lock  5 tick 26 : < 0 0 0 0 0 1 > --- 21 0 0 0 0 26 
Search(27, 4, 273, from 1): lock  5 tick 27 : < 0 0 0 0 0 1 > --- 21 0 0 0 0 26 
Search(28, 4, 274, from 1): lock  5 tick 28 : < 0 0 0 0 0 2 > --- 21 0 0 0 0 26 
Search(29, 4, 275, from 2): lock  5 tick 29 : < 0 0 0 0 0 3 > --- 21 0 0 0 0 26 
CRITICAL id 5 lock 5 tick 30 limit 4
Search(30, 3, 276, from 3): lock -1 tick 30 : < 0 0 0 0 0 0 > --- 21 0 0 0 0 26 
Search(21, 5, 277, from 0): lock  1 tick 21 : < 0 1 0 0 0 0 > --- 16 21 0 0 0 0 
Search(22, 5, 278, from 1): lock  1 tick 22 : < 0 1 0 0 0 0 > --- 16 21 0 0 0 0 
Search(23, 5, 279, from 1): lock  1 tick 23 : < 0 2 0 0 0 0 > --- 16 21 0 0 0 0 
Search(24, 5, 280, from 2): lock  1 tick 24 : < 0 3 0 0 0 0 > --- 16 21 0 0 0 0 
CRITICAL id 1 lock 1 tick 25 limit 5
Search(25, 4, 281, from 3): lock -1 tick 25 : < 0 0 0 0 0 0 > --- 16 21 0 0 0 0 
Search(21, 5, 282, from 0): lock  2 tick 21 : < 0 0 1 0 0 0 > --- 16 0 21 0 0 0 
Search(22, 5, 283, from 1): lock  2 tick 22 : < 0 0 1 0 0 0 > --- 16 0 21 0 0 0 
Search(23, 5, 284, from 1): lock  2 tick 23 : < 0 0 2 0 0 0 > --- 16 0 21 0 0 0 
Search(24, 5, 285, from 2): lock  2 tick 24 : < 0 0 3 0 0 0 > --- 16 0 21 0 0 0 
CRITICAL id 2 lock 2 tick 25 limit 5
Search(25, 4, 286, from 3): lock -1 tick 25 : < 0 0 0 0 0 0 > --- 16 0 21 0 0 0 
Search(21, 5, 287, from 0): lock  3 tick 21 : < 0 0 0 1 0 0 > --- 16 0 0 21 0 0 
Search(22, 5, 288, from 1): lock  3 tick 22 : < 0 0 0 1 0 0 > --- 16 0 0 21 0 0 
Search(23, 5, 289, from 1): lock  3 tick 23 : < 0 0 0 2 0 0 > --- 16 0 0 21 0 0 
Search(24, 5, 290, from 2): lock  3 tick 24 : < 0 0 0 3 0 0 > --- 16 0 0 21 0 0 
CRITICAL id 3 lock 3 tick 25 limit 5
Search(25, 4, 291, from 3): lock -1 tick 25 : < 0 0 0 0 0 0 > --- 16 0 0 21 0 0 
Search(21, 5, 292, from 0): lock  4 tick 21 : < 0 0 0 0 1 0 > --- 16 0 0 0 21 0 
Search(22, 5, 293, from 1): lock  4 tick 22 : < 0 0 0 0 1 0 > --- 16 0 0 0 21 0 
Search(23, 5, 294, from 1): lock  4 tick 23 : < 0 0 0 0 2 0 > --- 16 0 0 0 21 0 
Search(24, 5, 295, from 2): lock  4 tick 24 : < 0 0 0 0 3 0 > --- 16 0 0 0 21 0 
CRITICAL id 4 lock 4 tick 25 limit 5
Search(25, 4, 296, from 3): lock -1 tick 25 : < 0 0 0 0 0 0 > --- 16 0 0 0 21 0 
Search(21, 5, 297, from 0): lock  5 tick 21 : < 0 0 0 0 0 1 > --- 16 0 0 0 0 21 
Search(22, 5, 298, from 1): lock  5 tick 22 : < 0 0 0 0 0 1 > --- 16 0 0 0 0 21 
Search(23, 5, 299, from 1): lock  5 tick 23 : < 0 0 0 0 0 2 > --- 16 0 0 0 0 21 
Search(24, 5, 300, from 2): lock  5 tick 24 : < 0 0 0 0 0 3 > --- 16 0 0 0 0 21 
CRITICAL id 5 lock 5 tick 25 limit 5
Search(25, 4, 301, from 3): lock -1 tick 25 : < 0 0 0 0 0 0 > --- 16 0 0 0 0 21 
Search(16, 6, 302, from 0): lock  1 tick 16 : < 0 1 0 0 0 0 > --- 11 16 0 0 0 0 
Search(17, 6, 303, from 1): lock  1 tick 17 : < 0 1 0 0 0 0 > --- 11 16 0 0 0 0 
Search(18, 6, 304, from 1): lock  1 tick 18 : < 0 2 0 0 0 0 > --- 11 16 0 0 0 0 
Search(19, 6, 305, from 2): lock  1 tick 19 : < 0 3 0 0 0 0 > --- 11 16 0 0 0 0 
CRITICAL id 1 lock 1 tick 20 limit 6
Search(20, 5, 306, from 3): lock -1 tick 20 : < 0 0 0 0 0 0 > --- 11 16 0 0 0 0 
Search(16, 6, 307, from 0): lock  2 tick 16 : < 0 0 1 0 0 0 > --- 11 0 16 0 0 0 
Search(17, 6, 308, from 1): lock  2 tick 17 : < 0 0 1 0 0 0 > --- 11 0 16 0 0 0 
Search(18, 6, 309, from 1): lock  2 tick 18 : < 0 0 2 0 0 0 > --- 11 0 16 0 0 0 
Search(19, 6, 310, from 2): lock  2 tick 19 : < 0 0 3 0 0 0 > --- 11 0 16 0 0 0 
CRITICAL id 2 lock 2 tick 20 limit 6
Search(20, 5, 311, from 3): lock -1 tick 20 : < 0 0 0 0 0 0 > --- 11 0 16 0 0 0 
Search(16, 6, 312, from 0): lock  3 tick 16 : < 0 0 0 1 0 0 > --- 11 0 0 16 0 0 
Search(17, 6, 313, from 1): lock  3 tick 17 : < 0 0 0 1 0 0 > --- 11 0 0 16 0 0 
Search(18, 6, 314, from 1): lock  3 tick 18 : < 0 0 0 2 0 0 > --- 11 0 0 16 0 0 
Search(19, 6, 315, from 2): lock  3 tick 19 : < 0 0 0 3 0 0 > --- 11 0 0 16 0 0 
CRITICAL id 3 lock 3 tick 20 limit 6
Search(20, 5, 316, from 3): lock -1 tick 20 : < 0 0 0 0 0 0 > --- 11 0 0 16 0 0 
Search(16, 6, 317, from 0): lock  4 tick 16 : < 0 0 0 0 1 0 > --- 11 0 0 0 16 0 
Search(17, 6, 318, from 1): lock  4 tick 17 : < 0 0 0 0 1 0 > --- 11 0 0 0 16 0 
Search(18, 6, 319, from 1): lock  4 tick 18 : < 0 0 0 0 2 0 > --- 11 0 0 0 16 0 
Search(19, 6, 320, from 2): lock  4 tick 19 : < 0 0 0 0 3 0 > --- 11 0 0 0 16 0 
CRITICAL id 4 lock 4 tick 20 limit 6
Search(20, 5, 321, from 3): lock -1 tick 20 : < 0 0 0 0 0 0 > --- 11 0 0 0 16 0 
Search(16, 6, 322, from 0): lock  5 tick 16 : < 0 0 0 0 0 1 > --- 11 0 0 0 0 16 
Search(17, 6, 323, from 1): lock  5 tick 17 : < 0 0 0 0 0 1 > --- 11 0 0 0 0 16 
Search(18, 6, 324, from 1): lock  5 tick 18 : < 0 0 0 0 0 2 > --- 11 0 0 0 0 16 
Search(19, 6, 325, from 2): lock  5 tick 19 : < 0 0 0 0 0 3 > --- 11 0 0 0 0 16 
CRITICAL id 5 lock 5 tick 20 limit 6
Search(20, 5, 326, from 3): lock -1 tick 20 : < 0 0 0 0 0 0 > --- 11 0 0 0 0 16 
Search(11, 7, 327, from 0): lock  1 tick 11 : < 0 1 0 0 0 0 > --- 6 11 0 0 0 0 
Search(12, 7, 328, from 1): lock  1 tick 12 : < 0 1 0 0 0 0 > --- 6 11 0 0 0 0 
Search(13, 7, 329, from 1): lock  1 tick 13 : < 0 2 0 0 0 0 > --- 6 11 0 0 0 0 
Search(14, 7, 330, from 2): lock  1 tick 14 : < 0 3 0 0 0 0 > --- 6 11 0 0 0 0 
CRITICAL id 1 lock 1 tick 15 limit 7
Search(15, 6, 331, from 3): lock -1 tick 15 : < 0 0 0 0 0 0 > --- 6 11 0 0 0 0 
Search(11, 7, 332, from 0): lock  2 tick 11 : < 0 0 1 0 0 0 > --- 6 0 11 0 0 0 
Search(12, 7, 333, from 1): lock  2 tick 12 : < 0 0 1 0 0 0 > --- 6 0 11 0 0 0 
Search(13, 7, 334, from 1): lock  2 tick 13 : < 0 0 2 0 0 0 > --- 6 0 11 0 0 0 
Search(14, 7, 335, from 2): lock  2 tick 14 : < 0 0 3 0 0 0 > --- 6 0 11 0 0 0 
CRITICAL id 2 lock 2 tick 15 limit 7
Search(15, 6, 336, from 3): lock -1 tick 15 : < 0 0 0 0 0 0 > --- 6 0 11 0 0 0 
Search(11, 7, 337, from 0): lock  3 tick 11 : < 0 0 0 1 0 0 > --- 6 0 0 11 0 0 
Search(12, 7, 338, from 1): lock  3 tick 12 : < 0 0 0 1 0 0 > --- 6 0 0 11 0 0 
Search(13, 7, 339, from 1): lock  3 tick 13 : < 0 0 0 2 0 0 > --- 6 0 0 11 0 0 
Search(14, 7, 340, from 2): lock  3 tick 14 : < 0 0 0 3 0 0 > --- 6 0 0 11 0 0 
CRITICAL id 3 lock 3 tick 15 limit 7
Search(15, 6, 341, from 3): lock -1 tick 15 : < 0 0 0 0 0 0 > --- 6 0 0 11 0 0 
Search(11, 7, 342, from 0): lock  4 tick 11 : < 0 0 0 0 1 0 > --- 6 0 0 0 11 0 
Search(12, 7, 343, from 1): lock  4 tick 12 : < 0 0 0 0 1 0 > --- 6 0 0 0 11 0 
Search(13, 7, 344, from 1): lock  4 tick 13 : < 0 0 0 0 2 0 > --- 6 0 0 0 11 0 
Search(14, 7, 345, from 2): lock  4 tick 14 : < 0 0 0 0 3 0 > --- 6 0 0 0 11 0 
CRITICAL id 4 lock 4 tick 15 limit 7
Search(15, 6, 346, from 3): lock -1 tick 15 : < 0 0 0 0 0 0 > --- 6 0 0 0 11 0 
Search(11, 7, 347, from 0): lock  5 tick 11 : < 0 0 0 0 0 1 > --- 6 0 0 0 0 11 
Search(12, 7, 348, from 1): lock  5 tick 12 : < 0 0 0 0 0 1 > --- 6 0 0 0 0 11 
Search(13, 7, 349, from 1): lock  5 tick 13 : < 0 0 0 0 0 2 > --- 6 0 0 0 0 11 
Search(14, 7, 350, from 2): lock  5 tick 14 : < 0 0 0 0 0 3 > --- 6 0 0 0 0 11 
CRITICAL id 5 lock 5 tick 15 limit 7
Search(15, 6, 351, from 3): lock -1 tick 15 : < 0 0 0 0 0 0 > --- 6 0 0 0 0 11 
Search(6, 8, 352, from 0): lock  1 tick 6 : < 0 1 0 0 0 0 > --- 1 6 0 0 0 0 
Search(7, 8, 353, from 1): lock  1 tick 7 : < 0 1 0 0 0 0 > --- 1 6 0 0 0 0 
Search(8, 8, 354, from 1): lock  1 tick 8 : < 0 2 0 0 0 0 > --- 1 6 0 0 0 0 
Search(9, 8, 355, from 2): lock  1 tick 9 : < 0 3 0 0 0 0 > --- 1 6 0 0 0 0 
CRITICAL id 1 lock 1 tick 10 limit 8
Search(10, 7, 356, from 3): lock -1 tick 10 : < 0 0 0 0 0 0 > --- 1 6 0 0 0 0 
Search(6, 8, 357, from 0): lock  2 tick 6 : < 0 0 1 0 0 0 > --- 1 0 6 0 0 0 
Search(7, 8, 358, from 1): lock  2 tick 7 : < 0 0 1 0 0 0 > --- 1 0 6 0 0 0 
Search(8, 8, 359, from 1): lock  2 tick 8 : < 0 0 2 0 0 0 > --- 1 0 6 0 0 0 
Search(9, 8, 360, from 2): lock  2 tick 9 : < 0 0 3 0 0 0 > --- 1 0 6 0 0 0 
CRITICAL id 2 lock 2 tick 10 limit 8
Search(10, 7, 361, from 3): lock -1 tick 10 : < 0 0 0 0 0 0 > --- 1 0 6 0 0 0 
Search(6, 8, 362, from 0): lock  3 tick 6 : < 0 0 0 1 0 0 > --- 1 0 0 6 0 0 
Search(7, 8, 363, from 1): lock  3 tick 7 : < 0 0 0 1 0 0 > --- 1 0 0 6 0 0 
Search(8, 8, 364, from 1): lock  3 tick 8 : < 0 0 0 2 0 0 > --- 1 0 0 6 0 0 
Search(9, 8, 365, from 2): lock  3 tick 9 : < 0 0 0 3 0 0 > --- 1 0 0 6 0 0 
CRITICAL id 3 lock 3 tick 10 limit 8
Search(10, 7, 366, from 3): lock -1 tick 10 : < 0 0 0 0 0 0 > --- 1 0 0 6 0 0 
Search(6, 8, 367, from 0): lock  4 tick 6 : < 0 0 0 0 1 0 > --- 1 0 0 0 6 0 
Search(7, 8, 368, from 1): lock  4 tick 7 : < 0 0 0 0 1 0 > --- 1 0 0 0 6 0 
Search(8, 8, 369, from 1): lock  4 tick 8 : < 0 0 0 0 2 0 > --- 1 0 0 0 6 0 
Search(9, 8, 370, from 2): lock  4 tick 9 : < 0 0 0 0 3 0 > --- 1 0 0 0 6 0 
CRITICAL id 4 lock 4 tick 10 limit 8
Search(10, 7, 371, from 3): lock -1 tick 10 : < 0 0 0 0 0 0 > --- 1 0 0 0 6 0 
Search(6, 8, 372, from 0): lock  5 tick 6 : < 0 0 0 0 0 1 > --- 1 0 0 0 0 6 
Search(7, 8, 373, from 1): lock  5 tick 7 : < 0 0 0 0 0 1 > --- 1 0 0 0 0 6 
Search(8, 8, 374, from 1): lock  5 tick 8 : < 0 0 0 0 0 2 > --- 1 0 0 0 0 6 
Search(9, 8, 375, from 2): lock  5 tick 9 : < 0 0 0 0 0 3 > --- 1 0 0 0 0 6 
CRITICAL id 5 lock 5 tick 10 limit 8
Search(10, 7, 376, from 3): lock -1 tick 10 : < 0 0 0 0 0 0 > --- 1 0 0 0 0 6 
Search(1, 9, 377, from 0): lock  1 tick 1 : < 0 1 0 0 0 0 > --- 0 1 0 0 0 0 
Search(2, 9, 378, from 1): lock  1 tick 2 : < 0 1 0 0 0 0 > --- 0 1 0 0 0 0 
Search(3, 9, 379, from 1): lock  1 tick 3 : < 0 2 0 0 0 0 > --- 0 1 0 0 0 0 
Search(4, 9, 380, from 2): lock  1 tick 4 : < 0 3 0 0 0 0 > --- 0 1 0 0 0 0 
CRITICAL id 1 lock 1 tick 5 limit 9
Search(5, 8, 381, from 3): lock -1 tick 5 : < 0 0 0 0 0 0 > --- 0 1 0 0 0 0 
Search(1, 9, 382, from 0): lock  2 tick 1 : < 0 0 1 0 0 0 > --- 0 0 1 0 0 0 
Search(2, 9, 383, from 1): lock  2 tick 2 : < 0 0 1 0 0 0 > --- 0 0 1 0 0 0 
Search(3, 9, 384, from 1): lock  2 tick 3 : < 0 0 2 0 0 0 > --- 0 0 1 0 0 0 
Search(4, 9, 385, from 2): lock  2 tick 4 : < 0 0 3 0 0 0 > --- 0 0 1 0 0 0 
CRITICAL id 2 lock 2 tick 5 limit 9
Search(5, 8, 386, from 3): lock -1 tick 5 : < 0 0 0 0 0 0 > --- 0 0 1 0 0 0 
Search(1, 9, 387, from 0): lock  3 tick 1 : < 0 0 0 1 0 0 > --- 0 0 0 1 0 0 
Search(2, 9, 388, from 1): lock  3 tick 2 : < 0 0 0 1 0 0 > --- 0 0 0 1 0 0 
Search(3, 9, 389, from 1): lock  3 tick 3 : < 0 0 0 2 0 0 > --- 0 0 0 1 0 0 
Search(4, 9, 390, from 2): lock  3 tick 4 : < 0 0 0 3 0 0 > --- 0 0 0 1 0 0 
CRITICAL id 3 lock 3 tick 5 limit 9
Search(5, 8, 391, from 3): lock -1 tick 5 : < 0 0 0 0 0 0 > --- 0 0 0 1 0 0 
Search(1, 9, 392, from 0): lock  4 tick 1 : < 0 0 0 0 1 0 > --- 0 0 0 0 1 0 
Search(2, 9, 393, from 1): lock  4 tick 2 : < 0 0 0 0 1 0 > --- 0 0 0 0 1 0 
Search(3, 9, 394, from 1): lock  4 tick 3 : < 0 0 0 0 2 0 > --- 0 0 0 0 1 0 
Search(4, 9, 395, from 2): lock  4 tick 4 : < 0 0 0 0 3 0 > --- 0 0 0 0 1 0 
CRITICAL id 4 lock 4 tick 5 limit 9
Search(5, 8, 396, from 3): lock -1 tick 5 : < 0 0 0 0 0 0 > --- 0 0 0 0 1 0 
Search(1, 9, 397, from 0): lock  5 tick 1 : < 0 0 0 0 0 1 > --- 0 0 0 0 0 1 
Search(2, 9, 398, from 1): lock  5 tick 2 : < 0 0 0 0 0 1 > --- 0 0 0 0 0 1 
Search(3, 9, 399, from 1): lock  5 tick 3 : < 0 0 0 0 0 2 > --- 0 0 0 0 0 1 
Search(4, 9, 400, from 2): lock  5 tick 4 : < 0 0 0 0 0 3 > --- 0 0 0 0 0 1 
CRITICAL id 5 lock 5 tick 5 limit 9
Search(5, 8, 401, from 3): lock -1 tick 5 : < 0 0 0 0 0 0 > --- 0 0 0 0 0 1 
FINAL: Searchspace 401 Table 19 Subcount 40 Nosub 330
