Search(0, 6, 1, from -1): lock -1 tick 0 : < 0 0 0 0 0 0 0 0 0 0 0 > --- 0 0 0 0 0 0 0 0 0 0 0 
Search(1, 6, 2, from 0): lock  0 tick 1 : < 1 0 0 0 0 0 0 0 0 0 0 > --- 1 0 0 0 0 0 0 0 0 0 0 
Search(2, 6, 3, from 1): lock  0 tick 2 : < 1 0 0 0 0 0 0 0 0 0 0 > --- 1 0 0 0 0 0 0 0 0 0 0 
Search(3, 6, 4, from 1): lock  0 tick 3 : < 2 0 0 0 0 0 0 0 0 0 0 > --- 1 0 0 0 0 0 0 0 0 0 0 
Search(4, 6, 5, from 2): lock  0 tick 4 : < 3 0 0 0 0 0 0 0 0 0 0 > --- 1 0 0 0 0 0 0 0 0 0 0 
CRITICAL id 0 lock 0 tick 5 limit 6
Search(5, 5, 6, from 3): lock -1 tick 5 : < 0 0 0 0 0 0 0 0 0 0 0 > --- 1 0 0 0 0 0 0 0 0 0 0 
Search(6, 5, 7, from 0): lock  0 tick 6 : < 1 0 0 0 0 0 0 0 0 0 0 > --- 6 0 0 0 0 0 0 0 0 0 0 
Search(7, 5, 8, from 1): lock  0 tick 7 : < 1 0 0 0 0 0 0 0 0 0 0 > --- 6 0 0 0 0 0 0 0 0 0 0 
Search(8, 5, 9, from 1): lock  0 tick 8 : < 2 0 0 0 0 0 0 0 0 0 0 > --- 6 0 0 0 0 0 0 0 0 0 0 
Search(9, 5, 10, from 2): lock  0 tick 9 : < 3 0 0 0 0 0 0 0 0 0 0 > --- 6 0 0 0 0 0 0 0 0 0 0 
CRITICAL id 0 lock 0 tick 10 limit 5
Search(10, 4, 11, from 3): lock -1 tick 10 : < 0 0 0 0 0 0 0 0 0 0 0 > --- 6 0 0 0 0 0 0 0 0 0 0 
Search(11, 4, 12, from 0): lock  0 tick 11 : < 1 0 0 0 0 0 0 0 0 0 0 > --- 11 0 0 0 0 0 0 0 0 0 0 
Search(12, 4, 13, from 1): lock  0 tick 12 : < 1 0 0 0 0 0 0 0 0 0 0 > --- 11 0 0 0 0 0 0 0 0 0 0 
Search(13, 4, 14, from 1): lock  0 tick 13 : < 2 0 0 0 0 0 0 0 0 0 0 > --- 11 0 0 0 0 0 0 0 0 0 0 
Search(14, 4, 15, from 2): lock  0 tick 14 : < 3 0 0 0 0 0 0 0 0 0 0 > --- 11 0 0 0 0 0 0 0 0 0 0 
CRITICAL id 0 lock 0 tick 15 limit 4
Search(15, 3, 16, from 3): lock -1 tick 15 : < 0 0 0 0 0 0 0 0 0 0 0 > --- 11 0 0 0 0 0 0 0 0 0 0 
Search(16, 3, 17, from 0): lock  0 tick 16 : < 1 0 0 0 0 0 0 0 0 0 0 > --- 16 0 0 0 0 0 0 0 0 0 0 
Search(17, 3, 18, from 1): lock  0 tick 17 : < 1 0 0 0 0 0 0 0 0 0 0 > --- 16 0 0 0 0 0 0 0 0 0 0 
Search(18, 3, 19, from 1): lock  0 tick 18 : < 2 0 0 0 0 0 0 0 0 0 0 > --- 16 0 0 0 0 0 0 0 0 0 0 
Search(19, 3, 20, from 2): lock  0 tick 19 : < 3 0 0 0 0 0 0 0 0 0 0 > --- 16 0 0 0 0 0 0 0 0 0 0 
CRITICAL id 0 lock 0 tick 20 limit 3
Search(20, 2, 21, from 3): lock -1 tick 20 : < 0 0 0 0 0 0 0 0 0 0 0 > --- 16 0 0 0 0 0 0 0 0 0 0 
Search(21, 2, 22, from 0): lock  0 tick 21 : < 1 0 0 0 0 0 0 0 0 0 0 > --- 21 0 0 0 0 0 0 0 0 0 0 
Search(22, 2, 23, from 1): lock  0 tick 22 : < 1 0 0 0 0 0 0 0 0 0 0 > --- 21 0 0 0 0 0 0 0 0 0 0 
Search(23, 2, 24, from 1): lock  0 tick 23 : < 2 0 0 0 0 0 0 0 0 0 0 > --- 21 0 0 0 0 0 0 0 0 0 0 
Search(24, 2, 25, from 2): lock  0 tick 24 : < 3 0 0 0 0 0 0 0 0 0 0 > --- 21 0 0 0 0 0 0 0 0 0 0 
CRITICAL id 0 lock 0 tick 25 limit 2
Search(25, 1, 26, from 3): lock -1 tick 25 : < 0 0 0 0 0 0 0 0 0 0 0 > --- 21 0 0 0 0 0 0 0 0 0 0 
Search(26, 1, 27, from 0): lock  0 tick 26 : < 1 0 0 0 0 0 0 0 0 0 0 > --- 26 0 0 0 0 0 0 0 0 0 0 
Search(27, 1, 28, from 1): lock  0 tick 27 : < 1 0 0 0 0 0 0 0 0 0 0 > --- 26 0 0 0 0 0 0 0 0 0 0 
Search(28, 1, 29, from 1): lock  0 tick 28 : < 2 0 0 0 0 0 0 0 0 0 0 > --- 26 0 0 0 0 0 0 0 0 0 0 
Search(29, 1, 30, from 2): lock  0 tick 29 : < 3 0 0 0 0 0 0 0 0 0 0 > --- 26 0 0 0 0 0 0 0 0 0 0 
CRITICAL id 0 lock 0 tick 30 limit 1
Search(30, 0, 31, from 3): lock -1 tick 30 : < 0 0 0 0 0 0 0 0 0 0 0 > --- 26 0 0 0 0 0 0 0 0 0 0 
Search(26, 1, 32, from 0): lock  1 tick 26 : < 0 1 0 0 0 0 0 0 0 0 0 > --- 21 26 0 0 0 0 0 0 0 0 0 
Search(27, 1, 33, from 1): lock  1 tick 27 : < 0 1 0 0 0 0 0 0 0 0 0 > --- 21 26 0 0 0 0 0 0 0 0 0 
Search(28, 1, 34, from 1): lock  1 tick 28 : < 0 2 0 0 0 0 0 0 0 0 0 > --- 21 26 0 0 0 0 0 0 0 0 0 
Search(29, 1, 35, from 2): lock  1 tick 29 : < 0 3 0 0 0 0 0 0 0 0 0 > --- 21 26 0 0 0 0 0 0 0 0 0 
CRITICAL id 1 lock 1 tick 30 limit 1
Search(30, 0, 36, from 3): lock -1 tick 30 : < 0 0 0 0 0 0 0 0 0 0 0 > --- 21 26 0 0 0 0 0 0 0 0 0 
Search(26, 1, 37, from 0): lock  2 tick 26 : < 0 0 1 0 0 0 0 0 0 0 0 > --- 21 0 26 0 0 0 0 0 0 0 0 
Search(27, 1, 38, from 1): lock  2 tick 27 : < 0 0 1 0 0 0 0 0 0 0 0 > --- 21 0 26 0 0 0 0 0 0 0 0 
Search(28, 1, 39, from 1): lock  2 tick 28 : < 0 0 2 0 0 0 0 0 0 0 0 > --- 21 0 26 0 0 0 0 0 0 0 0 
Search(29, 1, 40, from 2): lock  2 tick 29 : < 0 0 3 0 0 0 0 0 0 0 0 > --- 21 0 26 0 0 0 0 0 0 0 0 
CRITICAL id 2 lock 2 tick 30 limit 1
Search(30, 0, 41, from 3): lock -1 tick 30 : < 0 0 0 0 0 0 0 0 0 0 0 > --- 21 0 26 0 0 0 0 0 0 0 0 
Search(26, 1, 42, from 0): lock  3 tick 26 : < 0 0 0 1 0 0 0 0 0 0 0 > --- 21 0 0 26 0 0 0 0 0 0 0 
Search(27, 1, 43, from 1): lock  3 tick 27 : < 0 0 0 1 0 0 0 0 0 0 0 > --- 21 0 0 26 0 0 0 0 0 0 0 
Search(28, 1, 44, from 1): lock  3 tick 28 : < 0 0 0 2 0 0 0 0 0 0 0 > --- 21 0 0 26 0 0 0 0 0 0 0 
Search(29, 1, 45, from 2): lock  3 tick 29 : < 0 0 0 3 0 0 0 0 0 0 0 > --- 21 0 0 26 0 0 0 0 0 0 0 
CRITICAL id 3 lock 3 tick 30 limit 1
Search(30, 0, 46, from 3): lock -1 tick 30 : < 0 0 0 0 0 0 0 0 0 0 0 > --- 21 0 0 26 0 0 0 0 0 0 0 
Search(26, 1, 47, from 0): lock  4 tick 26 : < 0 0 0 0 1 0 0 0 0 0 0 > --- 21 0 0 0 26 0 0 0 0 0 0 
Search(27, 1, 48, from 1): lock  4 tick 27 : < 0 0 0 0 1 0 0 0 0 0 0 > --- 21 0 0 0 26 0 0 0 0 0 0 
Search(28, 1, 49, from 1): lock  4 tick 28 : < 0 0 0 0 2 0 0 0 0 0 0 > --- 21 0 0 0 26 0 0 0 0 0 0 
Search(29, 1, 50, from 2): lock  4 tick 29 : < 0 0 0 0 3 0 0 0 0 0 0 > --- 21 0 0 0 26 0 0 0 0 0 0 
CRITICAL id 4 lock 4 tick 30 limit 1
Search(30, 0, 51, from 3): lock -1 tick 30 : < 0 0 0 0 0 0 0 0 0 0 0 > --- 21 0 0 0 26 0 0 0 0 0 0 
Search(26, 1, 52, from 0): lock  5 tick 26 : < 0 0 0 0 0 1 0 0 0 0 0 > --- 21 0 0 0 0 26 0 0 0 0 0 
Search(27, 1, 53, from 1): lock  5 tick 27 : < 0 0 0 0 0 1 0 0 0 0 0 > --- 21 0 0 0 0 26 0 0 0 0 0 
Search(28, 1, 54, from 1): lock  5 tick 28 : < 0 0 0 0 0 2 0 0 0 0 0 > --- 21 0 0 0 0 26 0 0 0 0 0 
Search(29, 1, 55, from 2): lock  5 tick 29 : < 0 0 0 0 0 3 0 0 0 0 0 > --- 21 0 0 0 0 26 0 0 0 0 0 
CRITICAL id 5 lock 5 tick 30 limit 1
Search(30, 0, 56, from 3): lock -1 tick 30 : < 0 0 0 0 0 0 0 0 0 0 0 > --- 21 0 0 0 0 26 0 0 0 0 0 
Search(26, 1, 57, from 0): lock  6 tick 26 : < 0 0 0 0 0 0 1 0 0 0 0 > --- 21 0 0 0 0 0 26 0 0 0 0 
Search(27, 1, 58, from 1): lock  6 tick 27 : < 0 0 0 0 0 0 1 0 0 0 0 > --- 21 0 0 0 0 0 26 0 0 0 0 
Search(28, 1, 59, from 1): lock  6 tick 28 : < 0 0 0 0 0 0 2 0 0 0 0 > --- 21 0 0 0 0 0 26 0 0 0 0 
Search(29, 1, 60, from 2): lock  6 tick 29 : < 0 0 0 0 0 0 3 0 0 0 0 > --- 21 0 0 0 0 0 26 0 0 0 0 
CRITICAL id 6 lock 6 tick 30 limit 1
Search(30, 0, 61, from 3): lock -1 tick 30 : < 0 0 0 0 0 0 0 0 0 0 0 > --- 21 0 0 0 0 0 26 0 0 0 0 
Search(26, 1, 62, from 0): lock  7 tick 26 : < 0 0 0 0 0 0 0 1 0 0 0 > --- 21 0 0 0 0 0 0 26 0 0 0 
Search(27, 1, 63, from 1): lock  7 tick 27 : < 0 0 0 0 0 0 0 1 0 0 0 > --- 21 0 0 0 0 0 0 26 0 0 0 
Search(28, 1, 64, from 1): lock  7 tick 28 : < 0 0 0 0 0 0 0 2 0 0 0 > --- 21 0 0 0 0 0 0 26 0 0 0 
Search(29, 1, 65, from 2): lock  7 tick 29 : < 0 0 0 0 0 0 0 3 0 0 0 > --- 21 0 0 0 0 0 0 26 0 0 0 
CRITICAL id 7 lock 7 tick 30 limit 1
Search(30, 0, 66, from 3): lock -1 tick 30 : < 0 0 0 0 0 0 0 0 0 0 0 > --- 21 0 0 0 0 0 0 26 0 0 0 
Search(26, 1, 67, from 0): lock  8 tick 26 : < 0 0 0 0 0 0 0 0 1 0 0 > --- 21 0 0 0 0 0 0 0 26 0 0 
Search(27, 1, 68, from 1): lock  8 tick 27 : < 0 0 0 0 0 0 0 0 1 0 0 > --- 21 0 0 0 0 0 0 0 26 0 0 
Search(28, 1, 69, from 1): lock  8 tick 28 : < 0 0 0 0 0 0 0 0 2 0 0 > --- 21 0 0 0 0 0 0 0 26 0 0 
Search(29, 1, 70, from 2): lock  8 tick 29 : < 0 0 0 0 0 0 0 0 3 0 0 > --- 21 0 0 0 0 0 0 0 26 0 0 
CRITICAL id 8 lock 8 tick 30 limit 1
Search(30, 0, 71, from 3): lock -1 tick 30 : < 0 0 0 0 0 0 0 0 0 0 0 > --- 21 0 0 0 0 0 0 0 26 0 0 
Search(26, 1, 72, from 0): lock  9 tick 26 : < 0 0 0 0 0 0 0 0 0 1 0 > --- 21 0 0 0 0 0 0 0 0 26 0 
Search(27, 1, 73, from 1): lock  9 tick 27 : < 0 0 0 0 0 0 0 0 0 1 0 > --- 21 0 0 0 0 0 0 0 0 26 0 
Search(28, 1, 74, from 1): lock  9 tick 28 : < 0 0 0 0 0 0 0 0 0 2 0 > --- 21 0 0 0 0 0 0 0 0 26 0 
Search(29, 1, 75, from 2): lock  9 tick 29 : < 0 0 0 0 0 0 0 0 0 3 0 > --- 21 0 0 0 0 0 0 0 0 26 0 
CRITICAL id 9 lock 9 tick 30 limit 1
Search(30, 0, 76, from 3): lock -1 tick 30 : < 0 0 0 0 0 0 0 0 0 0 0 > --- 21 0 0 0 0 0 0 0 0 26 0 
Search(26, 1, 77, from 0): lock 10 tick 26 : < 0 0 0 0 0 0 0 0 0 0 1 > --- 21 0 0 0 0 0 0 0 0 0 26 
Search(27, 1, 78, from 1): lock 10 tick 27 : < 0 0 0 0 0 0 0 0 0 0 1 > --- 21 0 0 0 0 0 0 0 0 0 26 
Search(28, 1, 79, from 1): lock 10 tick 28 : < 0 0 0 0 0 0 0 0 0 0 2 > --- 21 0 0 0 0 0 0 0 0 0 26 
Search(29, 1, 80, from 2): lock 10 tick 29 : < 0 0 0 0 0 0 0 0 0 0 3 > --- 21 0 0 0 0 0 0 0 0 0 26 
CRITICAL id 10 lock 10 tick 30 limit 1
Search(30, 0, 81, from 3): lock -1 tick 30 : < 0 0 0 0 0 0 0 0 0 0 0 > --- 21 0 0 0 0 0 0 0 0 0 26 
Search(21, 2, 82, from 0): lock  1 tick 21 : < 0 1 0 0 0 0 0 0 0 0 0 > --- 16 21 0 0 0 0 0 0 0 0 0 
Search(22, 2, 83, from 1): lock  1 tick 22 : < 0 1 0 0 0 0 0 0 0 0 0 > --- 16 21 0 0 0 0 0 0 0 0 0 
Search(23, 2, 84, from 1): lock  1 tick 23 : < 0 2 0 0 0 0 0 0 0 0 0 > --- 16 21 0 0 0 0 0 0 0 0 0 
Search(24, 2, 85, from 2): lock  1 tick 24 : < 0 3 0 0 0 0 0 0 0 0 0 > --- 16 21 0 0 0 0 0 0 0 0 0 
CRITICAL id 1 lock 1 tick 25 limit 2
Search(25, 1, 86, from 3): lock -1 tick 25 : < 0 0 0 0 0 0 0 0 0 0 0 > --- 16 21 0 0 0 0 0 0 0 0 0 
Search(26, 1, 87, from 0): lock  0 tick 26 : < 1 0 0 0 0 0 0 0 0 0 0 > --- 26 21 0 0 0 0 0 0 0 0 0 
Search(27, 1, 88, from 1): lock  0 tick 27 : < 1 0 0 0 0 0 0 0 0 0 0 > --- 26 21 0 0 0 0 0 0 0 0 0 
Search(28, 1, 89, from 1): lock  0 tick 28 : < 2 0 0 0 0 0 0 0 0 0 0 > --- 26 21 0 0 0 0 0 0 0 0 0 
Search(29, 1, 90, from 2): lock  0 tick 29 : < 3 0 0 0 0 0 0 0 0 0 0 > --- 26 21 0 0 0 0 0 0 0 0 0 
CRITICAL id 0 lock 0 tick 30 limit 1
Search(30, 0, 91, from 3): lock -1 tick 30 : < 0 0 0 0 0 0 0 0 0 0 0 > --- 26 21 0 0 0 0 0 0 0 0 0 
Search(26, 1, 92, from 0): lock  1 tick 26 : < 0 1 0 0 0 0 0 0 0 0 0 > --- 16 26 0 0 0 0 0 0 0 0 0 
Search(26, 1, 93, from 0): lock  2 tick 26 : < 0 0 1 0 0 0 0 0 0 0 0 > --- 16 21 26 0 0 0 0 0 0 0 0 
Search(27, 1, 94, from 1): lock  2 tick 27 : < 0 0 1 0 0 0 0 0 0 0 0 > --- 16 21 26 0 0 0 0 0 0 0 0 
Search(28, 1, 95, from 1): lock  2 tick 28 : < 0 0 2 0 0 0 0 0 0 0 0 > --- 16 21 26 0 0 0 0 0 0 0 0 
Search(29, 1, 96, from 2): lock  2 tick 29 : < 0 0 3 0 0 0 0 0 0 0 0 > --- 16 21 26 0 0 0 0 0 0 0 0 
CRITICAL id 2 lock 2 tick 30 limit 1
Search(30, 0, 97, from 3): lock -1 tick 30 : < 0 0 0 0 0 0 0 0 0 0 0 > --- 16 21 26 0 0 0 0 0 0 0 0 
Search(26, 1, 98, from 0): lock  3 tick 26 : < 0 0 0 1 0 0 0 0 0 0 0 > --- 16 21 0 26 0 0 0 0 0 0 0 
Search(27, 1, 99, from 1): lock  3 tick 27 : < 0 0 0 1 0 0 0 0 0 0 0 > --- 16 21 0 26 0 0 0 0 0 0 0 
Search(28, 1, 100, from 1): lock  3 tick 28 : < 0 0 0 2 0 0 0 0 0 0 0 > --- 16 21 0 26 0 0 0 0 0 0 0 
Search(29, 1, 101, from 2): lock  3 tick 29 : < 0 0 0 3 0 0 0 0 0 0 0 > --- 16 21 0 26 0 0 0 0 0 0 0 
CRITICAL id 3 lock 3 tick 30 limit 1
Search(30, 0, 102, from 3): lock -1 tick 30 : < 0 0 0 0 0 0 0 0 0 0 0 > --- 16 21 0 26 0 0 0 0 0 0 0 
Search(26, 1, 103, from 0): lock  4 tick 26 : < 0 0 0 0 1 0 0 0 0 0 0 > --- 16 21 0 0 26 0 0 0 0 0 0 
Search(27, 1, 104, from 1): lock  4 tick 27 : < 0 0 0 0 1 0 0 0 0 0 0 > --- 16 21 0 0 26 0 0 0 0 0 0 
Search(28, 1, 105, from 1): lock  4 tick 28 : < 0 0 0 0 2 0 0 0 0 0 0 > --- 16 21 0 0 26 0 0 0 0 0 0 
Search(29, 1, 106, from 2): lock  4 tick 29 : < 0 0 0 0 3 0 0 0 0 0 0 > --- 16 21 0 0 26 0 0 0 0 0 0 
CRITICAL id 4 lock 4 tick 30 limit 1
Search(30, 0, 107, from 3): lock -1 tick 30 : < 0 0 0 0 0 0 0 0 0 0 0 > --- 16 21 0 0 26 0 0 0 0 0 0 
Search(26, 1, 108, from 0): lock  5 tick 26 : < 0 0 0 0 0 1 0 0 0 0 0 > --- 16 21 0 0 0 26 0 0 0 0 0 
Search(27, 1, 109, from 1): lock  5 tick 27 : < 0 0 0 0 0 1 0 0 0 0 0 > --- 16 21 0 0 0 26 0 0 0 0 0 
Search(28, 1, 110, from 1): lock  5 tick 28 : < 0 0 0 0 0 2 0 0 0 0 0 > --- 16 21 0 0 0 26 0 0 0 0 0 
Search(29, 1, 111, from 2): lock  5 tick 29 : < 0 0 0 0 0 3 0 0 0 0 0 > --- 16 21 0 0 0 26 0 0 0 0 0 
CRITICAL id 5 lock 5 tick 30 limit 1
Search(30, 0, 112, from 3): lock -1 tick 30 : < 0 0 0 0 0 0 0 0 0 0 0 > --- 16 21 0 0 0 26 0 0 0 0 0 
Search(26, 1, 113, from 0): lock  6 tick 26 : < 0 0 0 0 0 0 1 0 0 0 0 > --- 16 21 0 0 0 0 26 0 0 0 0 
Search(27, 1, 114, from 1): lock  6 tick 27 : < 0 0 0 0 0 0 1 0 0 0 0 > --- 16 21 0 0 0 0 26 0 0 0 0 
Search(28, 1, 115, from 1): lock  6 tick 28 : < 0 0 0 0 0 0 2 0 0 0 0 > --- 16 21 0 0 0 0 26 0 0 0 0 
Search(29, 1, 116, from 2): lock  6 tick 29 : < 0 0 0 0 0 0 3 0 0 0 0 > --- 16 21 0 0 0 0 26 0 0 0 0 
CRITICAL id 6 lock 6 tick 30 limit 1
Search(30, 0, 117, from 3): lock -1 tick 30 : < 0 0 0 0 0 0 0 0 0 0 0 > --- 16 21 0 0 0 0 26 0 0 0 0 
Search(26, 1, 118, from 0): lock  7 tick 26 : < 0 0 0 0 0 0 0 1 0 0 0 > --- 16 21 0 0 0 0 0 26 0 0 0 
Search(27, 1, 119, from 1): lock  7 tick 27 : < 0 0 0 0 0 0 0 1 0 0 0 > --- 16 21 0 0 0 0 0 26 0 0 0 
Search(28, 1, 120, from 1): lock  7 tick 28 : < 0 0 0 0 0 0 0 2 0 0 0 > --- 16 21 0 0 0 0 0 26 0 0 0 
Search(29, 1, 121, from 2): lock  7 tick 29 : < 0 0 0 0 0 0 0 3 0 0 0 > --- 16 21 0 0 0 0 0 26 0 0 0 
CRITICAL id 7 lock 7 tick 30 limit 1
Search(30, 0, 122, from 3): lock -1 tick 30 : < 0 0 0 0 0 0 0 0 0 0 0 > --- 16 21 0 0 0 0 0 26 0 0 0 
Search(26, 1, 123, from 0): lock  8 tick 26 : < 0 0 0 0 0 0 0 0 1 0 0 > --- 16 21 0 0 0 0 0 0 26 0 0 
Search(27, 1, 124, from 1): lock  8 tick 27 : < 0 0 0 0 0 0 0 0 1 0 0 > --- 16 21 0 0 0 0 0 0 26 0 0 
Search(28, 1, 125, from 1): lock  8 tick 28 : < 0 0 0 0 0 0 0 0 2 0 0 > --- 16 21 0 0 0 0 0 0 26 0 0 
Search(29, 1, 126, from 2): lock  8 tick 29 : < 0 0 0 0 0 0 0 0 3 0 0 > --- 16 21 0 0 0 0 0 0 26 0 0 
CRITICAL id 8 lock 8 tick 30 limit 1
Search(30, 0, 127, from 3): lock -1 tick 30 : < 0 0 0 0 0 0 0 0 0 0 0 > --- 16 21 0 0 0 0 0 0 26 0 0 
Search(26, 1, 128, from 0): lock  9 tick 26 : < 0 0 0 0 0 0 0 0 0 1 0 > --- 16 21 0 0 0 0 0 0 0 26 0 
Search(27, 1, 129, from 1): lock  9 tick 27 : < 0 0 0 0 0 0 0 0 0 1 0 > --- 16 21 0 0 0 0 0 0 0 26 0 
Search(28, 1, 130, from 1): lock  9 tick 28 : < 0 0 0 0 0 0 0 0 0 2 0 > --- 16 21 0 0 0 0 0 0 0 26 0 
Search(29, 1, 131, from 2): lock  9 tick 29 : < 0 0 0 0 0 0 0 0 0 3 0 > --- 16 21 0 0 0 0 0 0 0 26 0 
CRITICAL id 9 lock 9 tick 30 limit 1
Search(30, 0, 132, from 3): lock -1 tick 30 : < 0 0 0 0 0 0 0 0 0 0 0 > --- 16 21 0 0 0 0 0 0 0 26 0 
Search(26, 1, 133, from 0): lock 10 tick 26 : < 0 0 0 0 0 0 0 0 0 0 1 > --- 16 21 0 0 0 0 0 0 0 0 26 
Search(27, 1, 134, from 1): lock 10 tick 27 : < 0 0 0 0 0 0 0 0 0 0 1 > --- 16 21 0 0 0 0 0 0 0 0 26 
Search(28, 1, 135, from 1): lock 10 tick 28 : < 0 0 0 0 0 0 0 0 0 0 2 > --- 16 21 0 0 0 0 0 0 0 0 26 
Search(29, 1, 136, from 2): lock 10 tick 29 : < 0 0 0 0 0 0 0 0 0 0 3 > --- 16 21 0 0 0 0 0 0 0 0 26 
CRITICAL id 10 lock 10 tick 30 limit 1
Search(30, 0, 137, from 3): lock -1 tick 30 : < 0 0 0 0 0 0 0 0 0 0 0 > --- 16 21 0 0 0 0 0 0 0 0 26 
Search(21, 2, 138, from 0): lock  2 tick 21 : < 0 0 1 0 0 0 0 0 0 0 0 > --- 16 0 21 0 0 0 0 0 0 0 0 
Search(22, 2, 139, from 1): lock  2 tick 22 : < 0 0 1 0 0 0 0 0 0 0 0 > --- 16 0 21 0 0 0 0 0 0 0 0 
Search(23, 2, 140, from 1): lock  2 tick 23 : < 0 0 2 0 0 0 0 0 0 0 0 > --- 16 0 21 0 0 0 0 0 0 0 0 
Search(24, 2, 141, from 2): lock  2 tick 24 : < 0 0 3 0 0 0 0 0 0 0 0 > --- 16 0 21 0 0 0 0 0 0 0 0 
CRITICAL id 2 lock 2 tick 25 limit 2
Search(25, 1, 142, from 3): lock -1 tick 25 : < 0 0 0 0 0 0 0 0 0 0 0 > --- 16 0 21 0 0 0 0 0 0 0 0 
Search(26, 1, 143, from 0): lock  0 tick 26 : < 1 0 0 0 0 0 0 0 0 0 0 > --- 26 0 21 0 0 0 0 0 0 0 0 
Search(27, 1, 144, from 1): lock  0 tick 27 : < 1 0 0 0 0 0 0 0 0 0 0 > --- 26 0 21 0 0 0 0 0 0 0 0 
Search(28, 1, 145, from 1): lock  0 tick 28 : < 2 0 0 0 0 0 0 0 0 0 0 > --- 26 0 21 0 0 0 0 0 0 0 0 
Search(29, 1, 146, from 2): lock  0 tick 29 : < 3 0 0 0 0 0 0 0 0 0 0 > --- 26 0 21 0 0 0 0 0 0 0 0 
CRITICAL id 0 lock 0 tick 30 limit 1
Search(30, 0, 147, from 3): lock -1 tick 30 : < 0 0 0 0 0 0 0 0 0 0 0 > --- 26 0 21 0 0 0 0 0 0 0 0 
Search(26, 1, 148, from 0): lock  1 tick 26 : < 0 1 0 0 0 0 0 0 0 0 0 > --- 16 26 21 0 0 0 0 0 0 0 0 
Search(27, 1, 149, from 1): lock  1 tick 27 : < 0 1 0 0 0 0 0 0 0 0 0 > --- 16 26 21 0 0 0 0 0 0 0 0 
Search(28, 1, 150, from 1): lock  1 tick 28 : < 0 2 0 0 0 0 0 0 0 0 0 > --- 16 26 21 0 0 0 0 0 0 0 0 
Search(29, 1, 151, from 2): lock  1 tick 29 : < 0 3 0 0 0 0 0 0 0 0 0 > --- 16 26 21 0 0 0 0 0 0 0 0 
CRITICAL id 1 lock 1 tick 30 limit 1
Search(30, 0, 152, from 3): lock -1 tick 30 : < 0 0 0 0 0 0 0 0 0 0 0 > --- 16 26 21 0 0 0 0 0 0 0 0 
Search(26, 1, 153, from 0): lock  2 tick 26 : < 0 0 1 0 0 0 0 0 0 0 0 > --- 16 0 26 0 0 0 0 0 0 0 0 
Search(26, 1, 154, from 0): lock  3 tick 26 : < 0 0 0 1 0 0 0 0 0 0 0 > --- 16 0 21 26 0 0 0 0 0 0 0 
Search(27, 1, 155, from 1): lock  3 tick 27 : < 0 0 0 1 0 0 0 0 0 0 0 > --- 16 0 21 26 0 0 0 0 0 0 0 
Search(28, 1, 156, from 1): lock  3 tick 28 : < 0 0 0 2 0 0 0 0 0 0 0 > --- 16 0 21 26 0 0 0 0 0 0 0 
Search(29, 1, 157, from 2): lock  3 tick 29 : < 0 0 0 3 0 0 0 0 0 0 0 > --- 16 0 21 26 0 0 0 0 0 0 0 
CRITICAL id 3 lock 3 tick 30 limit 1
Search(30, 0, 158, from 3): lock -1 tick 30 : < 0 0 0 0 0 0 0 0 0 0 0 > --- 16 0 21 26 0 0 0 0 0 0 0 
Search(26, 1, 159, from 0): lock  4 tick 26 : < 0 0 0 0 1 0 0 0 0 0 0 > --- 16 0 21 0 26 0 0 0 0 0 0 
Search(27, 1, 160, from 1): lock  4 tick 27 : < 0 0 0 0 1 0 0 0 0 0 0 > --- 16 0 21 0 26 0 0 0 0 0 0 
Search(28, 1, 161, from 1): lock  4 tick 28 : < 0 0 0 0 2 0 0 0 0 0 0 > --- 16 0 21 0 26 0 0 0 0 0 0 
Search(29, 1, 162, from 2): lock  4 tick 29 : < 0 0 0 0 3 0 0 0 0 0 0 > --- 16 0 21 0 26 0 0 0 0 0 0 
CRITICAL id 4 lock 4 tick 30 limit 1
Search(30, 0, 163, from 3): lock -1 tick 30 : < 0 0 0 0 0 0 0 0 0 0 0 > --- 16 0 21 0 26 0 0 0 0 0 0 
Search(26, 1, 164, from 0): lock  5 tick 26 : < 0 0 0 0 0 1 0 0 0 0 0 > --- 16 0 21 0 0 26 0 0 0 0 0 
Search(27, 1, 165, from 1): lock  5 tick 27 : < 0 0 0 0 0 1 0 0 0 0 0 > --- 16 0 21 0 0 26 0 0 0 0 0 
Search(28, 1, 166, from 1): lock  5 tick 28 : < 0 0 0 0 0 2 0 0 0 0 0 > --- 16 0 21 0 0 26 0 0 0 0 0 
Search(29, 1, 167, from 2): lock  5 tick 29 : < 0 0 0 0 0 3 0 0 0 0 0 > --- 16 0 21 0 0 26 0 0 0 0 0 
CRITICAL id 5 lock 5 tick 30 limit 1
Search(30, 0, 168, from 3): lock -1 tick 30 : < 0 0 0 0 0 0 0 0 0 0 0 > --- 16 0 21 0 0 26 0 0 0 0 0 
Search(26, 1, 169, from 0): lock  6 tick 26 : < 0 0 0 0 0 0 1 0 0 0 0 > --- 16 0 21 0 0 0 26 0 0 0 0 
Search(27, 1, 170, from 1): lock  6 tick 27 : < 0 0 0 0 0 0 1 0 0 0 0 > --- 16 0 21 0 0 0 26 0 0 0 0 
Search(28, 1, 171, from 1): lock  6 tick 28 : < 0 0 0 0 0 0 2 0 0 0 0 > --- 16 0 21 0 0 0 26 0 0 0 0 
Search(29, 1, 172, from 2): lock  6 tick 29 : < 0 0 0 0 0 0 3 0 0 0 0 > --- 16 0 21 0 0 0 26 0 0 0 0 
CRITICAL id 6 lock 6 tick 30 limit 1
Search(30, 0, 173, from 3): lock -1 tick 30 : < 0 0 0 0 0 0 0 0 0 0 0 > --- 16 0 21 0 0 0 26 0 0 0 0 
Search(26, 1, 174, from 0): lock  7 tick 26 : < 0 0 0 0 0 0 0 1 0 0 0 > --- 16 0 21 0 0 0 0 26 0 0 0 
Search(27, 1, 175, from 1): lock  7 tick 27 : < 0 0 0 0 0 0 0 1 0 0 0 > --- 16 0 21 0 0 0 0 26 0 0 0 
Search(28, 1, 176, from 1): lock  7 tick 28 : < 0 0 0 0 0 0 0 2 0 0 0 > --- 16 0 21 0 0 0 0 26 0 0 0 
Search(29, 1, 177, from 2): lock  7 tick 29 : < 0 0 0 0 0 0 0 3 0 0 0 > --- 16 0 21 0 0 0 0 26 0 0 0 
CRITICAL id 7 lock 7 tick 30 limit 1
Search(30, 0, 178, from 3): lock -1 tick 30 : < 0 0 0 0 0 0 0 0 0 0 0 > --- 16 0 21 0 0 0 0 26 0 0 0 
Search(26, 1, 179, from 0): lock  8 tick 26 : < 0 0 0 0 0 0 0 0 1 0 0 > --- 16 0 21 0 0 0 0 0 26 0 0 
Search(27, 1, 180, from 1): lock  8 tick 27 : < 0 0 0 0 0 0 0 0 1 0 0 > --- 16 0 21 0 0 0 0 0 26 0 0 
Search(28, 1, 181, from 1): lock  8 tick 28 : < 0 0 0 0 0 0 0 0 2 0 0 > --- 16 0 21 0 0 0 0 0 26 0 0 
Search(29, 1, 182, from 2): lock  8 tick 29 : < 0 0 0 0 0 0 0 0 3 0 0 > --- 16 0 21 0 0 0 0 0 26 0 0 
CRITICAL id 8 lock 8 tick 30 limit 1
Search(30, 0, 183, from 3): lock -1 tick 30 : < 0 0 0 0 0 0 0 0 0 0 0 > --- 16 0 21 0 0 0 0 0 26 0 0 
Search(26, 1, 184, from 0): lock  9 tick 26 : < 0 0 0 0 0 0 0 0 0 1 0 > --- 16 0 21 0 0 0 0 0 0 26 0 
Search(27, 1, 185, from 1): lock  9 tick 27 : < 0 0 0 0 0 0 0 0 0 1 0 > --- 16 0 21 0 0 0 0 0 0 26 0 
Search(28, 1, 186, from 1): lock  9 tick 28 : < 0 0 0 0 0 0 0 0 0 2 0 > --- 16 0 21 0 0 0 0 0 0 26 0 
Search(29, 1, 187, from 2): lock  9 tick 29 : < 0 0 0 0 0 0 0 0 0 3 0 > --- 16 0 21 0 0 0 0 0 0 26 0 
CRITICAL id 9 lock 9 tick 30 limit 1
Search(30, 0, 188, from 3): lock -1 tick 30 : < 0 0 0 0 0 0 0 0 0 0 0 > --- 16 0 21 0 0 0 0 0 0 26 0 
Search(26, 1, 189, from 0): lock 10 tick 26 : < 0 0 0 0 0 0 0 0 0 0 1 > --- 16 0 21 0 0 0 0 0 0 0 26 
Search(27, 1, 190, from 1): lock 10 tick 27 : < 0 0 0 0 0 0 0 0 0 0 1 > --- 16 0 21 0 0 0 0 0 0 0 26 
Search(28, 1, 191, from 1): lock 10 tick 28 : < 0 0 0 0 0 0 0 0 0 0 2 > --- 16 0 21 0 0 0 0 0 0 0 26 
Search(29, 1, 192, from 2): lock 10 tick 29 : < 0 0 0 0 0 0 0 0 0 0 3 > --- 16 0 21 0 0 0 0 0 0 0 26 
CRITICAL id 10 lock 10 tick 30 limit 1
Search(30, 0, 193, from 3): lock -1 tick 30 : < 0 0 0 0 0 0 0 0 0 0 0 > --- 16 0 21 0 0 0 0 0 0 0 26 
Search(21, 2, 194, from 0): lock  3 tick 21 : < 0 0 0 1 0 0 0 0 0 0 0 > --- 16 0 0 21 0 0 0 0 0 0 0 
Search(22, 2, 195, from 1): lock  3 tick 22 : < 0 0 0 1 0 0 0 0 0 0 0 > --- 16 0 0 21 0 0 0 0 0 0 0 
Search(23, 2, 196, from 1): lock  3 tick 23 : < 0 0 0 2 0 0 0 0 0 0 0 > --- 16 0 0 21 0 0 0 0 0 0 0 
Search(24, 2, 197, from 2): lock  3 tick 24 : < 0 0 0 3 0 0 0 0 0 0 0 > --- 16 0 0 21 0 0 0 0 0 0 0 
CRITICAL id 3 lock 3 tick 25 limit 2
Search(25, 1, 198, from 3): lock -1 tick 25 : < 0 0 0 0 0 0 0 0 0 0 0 > --- 16 0 0 21 0 0 0 0 0 0 0 
Search(26, 1, 199, from 0): lock  0 tick 26 : < 1 0 0 0 0 0 0 0 0 0 0 > --- 26 0 0 21 0 0 0 0 0 0 0 
Search(27, 1, 200, from 1): lock  0 tick 27 : < 1 0 0 0 0 0 0 0 0 0 0 > --- 26 0 0 21 0 0 0 0 0 0 0 
Search(28, 1, 201, from 1): lock  0 tick 28 : < 2 0 0 0 0 0 0 0 0 0 0 > --- 26 0 0 21 0 0 0 0 0 0 0 
Search(29, 1, 202, from 2): lock  0 tick 29 : < 3 0 0 0 0 0 0 0 0 0 0 > --- 26 0 0 21 0 0 0 0 0 0 0 
CRITICAL id 0 lock 0 tick 30 limit 1
Search(30, 0, 203, from 3): lock -1 tick 30 : < 0 0 0 0 0 0 0 0 0 0 0 > --- 26 0 0 21 0 0 0 0 0 0 0 
Search(26, 1, 204, from 0): lock  1 tick 26 : < 0 1 0 0 0 0 0 0 0 0 0 > --- 16 26 0 21 0 0 0 0 0 0 0 
Search(27, 1, 205, from 1): lock  1 tick 27 : < 0 1 0 0 0 0 0 0 0 0 0 > --- 16 26 0 21 0 0 0 0 0 0 0 
Search(28, 1, 206, from 1): lock  1 tick 28 : < 0 2 0 0 0 0 0 0 0 0 0 > --- 16 26 0 21 0 0 0 0 0 0 0 
Search(29, 1, 207, from 2): lock  1 tick 29 : < 0 3 0 0 0 0 0 0 0 0 0 > --- 16 26 0 21 0 0 0 0 0 0 0 
CRITICAL id 1 lock 1 tick 30 limit 1
Search(30, 0, 208, from 3): lock -1 tick 30 : < 0 0 0 0 0 0 0 0 0 0 0 > --- 16 26 0 21 0 0 0 0 0 0 0 
Search(26, 1, 209, from 0): lock  2 tick 26 : < 0 0 1 0 0 0 0 0 0 0 0 > --- 16 0 26 21 0 0 0 0 0 0 0 
Search(27, 1, 210, from 1): lock  2 tick 27 : < 0 0 1 0 0 0 0 0 0 0 0 > --- 16 0 26 21 0 0 0 0 0 0 0 
Search(28, 1, 211, from 1): lock  2 tick 28 : < 0 0 2 0 0 0 0 0 0 0 0 > --- 16 0 26 21 0 0 0 0 0 0 0 
Search(29, 1, 212, from 2): lock  2 tick 29 : < 0 0 3 0 0 0 0 0 0 0 0 > --- 16 0 26 21 0 0 0 0 0 0 0 
CRITICAL id 2 lock 2 tick 30 limit 1
Search(30, 0, 213, from 3): lock -1 tick 30 : < 0 0 0 0 0 0 0 0 0 0 0 > --- 16 0 26 21 0 0 0 0 0 0 0 
Search(26, 1, 214, from 0): lock  3 tick 26 : < 0 0 0 1 0 0 0 0 0 0 0 > --- 16 0 0 26 0 0 0 0 0 0 0 
Search(26, 1, 215, from 0): lock  4 tick 26 : < 0 0 0 0 1 0 0 0 0 0 0 > --- 16 0 0 21 26 0 0 0 0 0 0 
Search(27, 1, 216, from 1): lock  4 tick 27 : < 0 0 0 0 1 0 0 0 0 0 0 > --- 16 0 0 21 26 0 0 0 0 0 0 
Search(28, 1, 217, from 1): lock  4 tick 28 : < 0 0 0 0 2 0 0 0 0 0 0 > --- 16 0 0 21 26 0 0 0 0 0 0 
Search(29, 1, 218, from 2): lock  4 tick 29 : < 0 0 0 0 3 0 0 0 0 0 0 > --- 16 0 0 21 26 0 0 0 0 0 0 
CRITICAL id 4 lock 4 tick 30 limit 1
Search(30, 0, 219, from 3): lock -1 tick 30 : < 0 0 0 0 0 0 0 0 0 0 0 > --- 16 0 0 21 26 0 0 0 0 0 0 
Search(26, 1, 220, from 0): lock  5 tick 26 : < 0 0 0 0 0 1 0 0 0 0 0 > --- 16 0 0 21 0 26 0 0 0 0 0 
Search(27, 1, 221, from 1): lock  5 tick 27 : < 0 0 0 0 0 1 0 0 0 0 0 > --- 16 0 0 21 0 26 0 0 0 0 0 
Search(28, 1, 222, from 1): lock  5 tick 28 : < 0 0 0 0 0 2 0 0 0 0 0 > --- 16 0 0 21 0 26 0 0 0 0 0 
Search(29, 1, 223, from 2): lock  5 tick 29 : < 0 0 0 0 0 3 0 0 0 0 0 > --- 16 0 0 21 0 26 0 0 0 0 0 
CRITICAL id 5 lock 5 tick 30 limit 1
Search(30, 0, 224, from 3): lock -1 tick 30 : < 0 0 0 0 0 0 0 0 0 0 0 > --- 16 0 0 21 0 26 0 0 0 0 0 
Search(26, 1, 225, from 0): lock  6 tick 26 : < 0 0 0 0 0 0 1 0 0 0 0 > --- 16 0 0 21 0 0 26 0 0 0 0 
Search(27, 1, 226, from 1): lock  6 tick 27 : < 0 0 0 0 0 0 1 0 0 0 0 > --- 16 0 0 21 0 0 26 0 0 0 0 
Search(28, 1, 227, from 1): lock  6 tick 28 : < 0 0 0 0 0 0 2 0 0 0 0 > --- 16 0 0 21 0 0 26 0 0 0 0 
Search(29, 1, 228, from 2): lock  6 tick 29 : < 0 0 0 0 0 0 3 0 0 0 0 > --- 16 0 0 21 0 0 26 0 0 0 0 
CRITICAL id 6 lock 6 tick 30 limit 1
Search(30, 0, 229, from 3): lock -1 tick 30 : < 0 0 0 0 0 0 0 0 0 0 0 > --- 16 0 0 21 0 0 26 0 0 0 0 
Search(26, 1, 230, from 0): lock  7 tick 26 : < 0 0 0 0 0 0 0 1 0 0 0 > --- 16 0 0 21 0 0 0 26 0 0 0 
Search(27, 1, 231, from 1): lock  7 tick 27 : < 0 0 0 0 0 0 0 1 0 0 0 > --- 16 0 0 21 0 0 0 26 0 0 0 
Search(28, 1, 232, from 1): lock  7 tick 28 : < 0 0 0 0 0 0 0 2 0 0 0 > --- 16 0 0 21 0 0 0 26 0 0 0 
Search(29, 1, 233, from 2): lock  7 tick 29 : < 0 0 0 0 0 0 0 3 0 0 0 > --- 16 0 0 21 0 0 0 26 0 0 0 
CRITICAL id 7 lock 7 tick 30 limit 1
Search(30, 0, 234, from 3): lock -1 tick 30 : < 0 0 0 0 0 0 0 0 0 0 0 > --- 16 0 0 21 0 0 0 26 0 0 0 
Search(26, 1, 235, from 0): lock  8 tick 26 : < 0 0 0 0 0 0 0 0 1 0 0 > --- 16 0 0 21 0 0 0 0 26 0 0 
Search(27, 1, 236, from 1): lock  8 tick 27 : < 0 0 0 0 0 0 0 0 1 0 0 > --- 16 0 0 21 0 0 0 0 26 0 0 
Search(28, 1, 237, from 1): lock  8 tick 28 : < 0 0 0 0 0 0 0 0 2 0 0 > --- 16 0 0 21 0 0 0 0 26 0 0 
Search(29, 1, 238, from 2): lock  8 tick 29 : < 0 0 0 0 0 0 0 0 3 0 0 > --- 16 0 0 21 0 0 0 0 26 0 0 
CRITICAL id 8 lock 8 tick 30 limit 1
Search(30, 0, 239, from 3): lock -1 tick 30 : < 0 0 0 0 0 0 0 0 0 0 0 > --- 16 0 0 21 0 0 0 0 26 0 0 
Search(26, 1, 240, from 0): lock  9 tick 26 : < 0 0 0 0 0 0 0 0 0 1 0 > --- 16 0 0 21 0 0 0 0 0 26 0 
Search(27, 1, 241, from 1): lock  9 tick 27 : < 0 0 0 0 0 0 0 0 0 1 0 > --- 16 0 0 21 0 0 0 0 0 26 0 
Search(28, 1, 242, from 1): lock  9 tick 28 : < 0 0 0 0 0 0 0 0 0 2 0 > --- 16 0 0 21 0 0 0 0 0 26 0 
Search(29, 1, 243, from 2): lock  9 tick 29 : < 0 0 0 0 0 0 0 0 0 3 0 > --- 16 0 0 21 0 0 0 0 0 26 0 
CRITICAL id 9 lock 9 tick 30 limit 1
Search(30, 0, 244, from 3): lock -1 tick 30 : < 0 0 0 0 0 0 0 0 0 0 0 > --- 16 0 0 21 0 0 0 0 0 26 0 
Search(26, 1, 245, from 0): lock 10 tick 26 : < 0 0 0 0 0 0 0 0 0 0 1 > --- 16 0 0 21 0 0 0 0 0 0 26 
Search(27, 1, 246, from 1): lock 10 tick 27 : < 0 0 0 0 0 0 0 0 0 0 1 > --- 16 0 0 21 0 0 0 0 0 0 26 
Search(28, 1, 247, from 1): lock 10 tick 28 : < 0 0 0 0 0 0 0 0 0 0 2 > --- 16 0 0 21 0 0 0 0 0 0 26 
Search(29, 1, 248, from 2): lock 10 tick 29 : < 0 0 0 0 0 0 0 0 0 0 3 > --- 16 0 0 21 0 0 0 0 0 0 26 
CRITICAL id 10 lock 10 tick 30 limit 1
Search(30, 0, 249, from 3): lock -1 tick 30 : < 0 0 0 0 0 0 0 0 0 0 0 > --- 16 0 0 21 0 0 0 0 0 0 26 
Search(21, 2, 250, from 0): lock  4 tick 21 : < 0 0 0 0 1 0 0 0 0 0 0 > --- 16 0 0 0 21 0 0 0 0 0 0 
Search(22, 2, 251, from 1): lock  4 tick 22 : < 0 0 0 0 1 0 0 0 0 0 0 > --- 16 0 0 0 21 0 0 0 0 0 0 
Search(23, 2, 252, from 1): lock  4 tick 23 : < 0 0 0 0 2 0 0 0 0 0 0 > --- 16 0 0 0 21 0 0 0 0 0 0 
Search(24, 2, 253, from 2): lock  4 tick 24 : < 0 0 0 0 3 0 0 0 0 0 0 > --- 16 0 0 0 21 0 0 0 0 0 0 
CRITICAL id 4 lock 4 tick 25 limit 2
Search(25, 1, 254, from 3): lock -1 tick 25 : < 0 0 0 0 0 0 0 0 0 0 0 > --- 16 0 0 0 21 0 0 0 0 0 0 
Search(26, 1, 255, from 0): lock  0 tick 26 : < 1 0 0 0 0 0 0 0 0 0 0 > --- 26 0 0 0 21 0 0 0 0 0 0 
Search(27, 1, 256, from 1): lock  0 tick 27 : < 1 0 0 0 0 0 0 0 0 0 0 > --- 26 0 0 0 21 0 0 0 0 0 0 
Search(28, 1, 257, from 1): lock  0 tick 28 : < 2 0 0 0 0 0 0 0 0 0 0 > --- 26 0 0 0 21 0 0 0 0 0 0 
Search(29, 1, 258, from 2): lock  0 tick 29 : < 3 0 0 0 0 0 0 0 0 0 0 > --- 26 0 0 0 21 0 0 0 0 0 0 
CRITICAL id 0 lock 0 tick 30 limit 1
Search(30, 0, 259, from 3): lock -1 tick 30 : < 0 0 0 0 0 0 0 0 0 0 0 > --- 26 0 0 0 21 0 0 0 0 0 0 
Search(26, 1, 260, from 0): lock  1 tick 26 : < 0 1 0 0 0 0 0 0 0 0 0 > --- 16 26 0 0 21 0 0 0 0 0 0 
Search(27, 1, 261, from 1): lock  1 tick 27 : < 0 1 0 0 0 0 0 0 0 0 0 > --- 16 26 0 0 21 0 0 0 0 0 0 
Search(28, 1, 262, from 1): lock  1 tick 28 : < 0 2 0 0 0 0 0 0 0 0 0 > --- 16 26 0 0 21 0 0 0 0 0 0 
Search(29, 1, 263, from 2): lock  1 tick 29 : < 0 3 0 0 0 0 0 0 0 0 0 > --- 16 26 0 0 21 0 0 0 0 0 0 
CRITICAL id 1 lock 1 tick 30 limit 1
Search(30, 0, 264, from 3): lock -1 tick 30 : < 0 0 0 0 0 0 0 0 0 0 0 > --- 16 26 0 0 21 0 0 0 0 0 0 
Search(26, 1, 265, from 0): lock  2 tick 26 : < 0 0 1 0 0 0 0 0 0 0 0 > --- 16 0 26 0 21 0 0 0 0 0 0 
Search(27, 1, 266, from 1): lock  2 tick 27 : < 0 0 1 0 0 0 0 0 0 0 0 > --- 16 0 26 0 21 0 0 0 0 0 0 
Search(28, 1, 267, from 1): lock  2 tick 28 : < 0 0 2 0 0 0 0 0 0 0 0 > --- 16 0 26 0 21 0 0 0 0 0 0 
Search(29, 1, 268, from 2): lock  2 tick 29 : < 0 0 3 0 0 0 0 0 0 0 0 > --- 16 0 26 0 21 0 0 0 0 0 0 
CRITICAL id 2 lock 2 tick 30 limit 1
Search(30, 0, 269, from 3): lock -1 tick 30 : < 0 0 0 0 0 0 0 0 0 0 0 > --- 16 0 26 0 21 0 0 0 0 0 0 
Search(26, 1, 270, from 0): lock  3 tick 26 : < 0 0 0 1 0 0 0 0 0 0 0 > --- 16 0 0 26 21 0 0 0 0 0 0 
Search(27, 1, 271, from 1): lock  3 tick 27 : < 0 0 0 1 0 0 0 0 0 0 0 > --- 16 0 0 26 21 0 0 0 0 0 0 
Search(28, 1, 272, from 1): lock  3 tick 28 : < 0 0 0 2 0 0 0 0 0 0 0 > --- 16 0 0 26 21 0 0 0 0 0 0 
Search(29, 1, 273, from 2): lock  3 tick 29 : < 0 0 0 3 0 0 0 0 0 0 0 > --- 16 0 0 26 21 0 0 0 0 0 0 
CRITICAL id 3 lock 3 tick 30 limit 1
Search(30, 0, 274, from 3): lock -1 tick 30 : < 0 0 0 0 0 0 0 0 0 0 0 > --- 16 0 0 26 21 0 0 0 0 0 0 
Search(26, 1, 275, from 0): lock  4 tick 26 : < 0 0 0 0 1 0 0 0 0 0 0 > --- 16 0 0 0 26 0 0 0 0 0 0 
Search(26, 1, 276, from 0): lock  5 tick 26 : < 0 0 0 0 0 1 0 0 0 0 0 > --- 16 0 0 0 21 26 0 0 0 0 0 
Search(27, 1, 277, from 1): lock  5 tick 27 : < 0 0 0 0 0 1 0 0 0 0 0 > --- 16 0 0 0 21 26 0 0 0 0 0 
Search(28, 1, 278, from 1): lock  5 tick 28 : < 0 0 0 0 0 2 0 0 0 0 0 > --- 16 0 0 0 21 26 0 0 0 0 0 
Search(29, 1, 279, from 2): lock  5 tick 29 : < 0 0 0 0 0 3 0 0 0 0 0 > --- 16 0 0 0 21 26 0 0 0 0 0 
CRITICAL id 5 lock 5 tick 30 limit 1
Search(30, 0, 280, from 3): lock -1 tick 30 : < 0 0 0 0 0 0 0 0 0 0 0 > --- 16 0 0 0 21 26 0 0 0 0 0 
Search(26, 1, 281, from 0): lock  6 tick 26 : < 0 0 0 0 0 0 1 0 0 0 0 > --- 16 0 0 0 21 0 26 0 0 0 0 
Search(27, 1, 282, from 1): lock  6 tick 27 : < 0 0 0 0 0 0 1 0 0 0 0 > --- 16 0 0 0 21 0 26 0 0 0 0 
Search(28, 1, 283, from 1): lock  6 tick 28 : < 0 0 0 0 0 0 2 0 0 0 0 > --- 16 0 0 0 21 0 26 0 0 0 0 
Search(29, 1, 284, from 2): lock  6 tick 29 : < 0 0 0 0 0 0 3 0 0 0 0 > --- 16 0 0 0 21 0 26 0 0 0 0 
CRITICAL id 6 lock 6 tick 30 limit 1
Search(30, 0, 285, from 3): lock -1 tick 30 : < 0 0 0 0 0 0 0 0 0 0 0 > --- 16 0 0 0 21 0 26 0 0 0 0 
Search(26, 1, 286, from 0): lock  7 tick 26 : < 0 0 0 0 0 0 0 1 0 0 0 > --- 16 0 0 0 21 0 0 26 0 0 0 
Search(27, 1, 287, from 1): lock  7 tick 27 : < 0 0 0 0 0 0 0 1 0 0 0 > --- 16 0 0 0 21 0 0 26 0 0 0 
Search(28, 1, 288, from 1): lock  7 tick 28 : < 0 0 0 0 0 0 0 2 0 0 0 > --- 16 0 0 0 21 0 0 26 0 0 0 
Search(29, 1, 289, from 2): lock  7 tick 29 : < 0 0 0 0 0 0 0 3 0 0 0 > --- 16 0 0 0 21 0 0 26 0 0 0 
CRITICAL id 7 lock 7 tick 30 limit 1
Search(30, 0, 290, from 3): lock -1 tick 30 : < 0 0 0 0 0 0 0 0 0 0 0 > --- 16 0 0 0 21 0 0 26 0 0 0 
Search(26, 1, 291, from 0): lock  8 tick 26 : < 0 0 0 0 0 0 0 0 1 0 0 > --- 16 0 0 0 21 0 0 0 26 0 0 
Search(27, 1, 292, from 1): lock  8 tick 27 : < 0 0 0 0 0 0 0 0 1 0 0 > --- 16 0 0 0 21 0 0 0 26 0 0 
Search(28, 1, 293, from 1): lock  8 tick 28 : < 0 0 0 0 0 0 0 0 2 0 0 > --- 16 0 0 0 21 0 0 0 26 0 0 
Search(29, 1, 294, from 2): lock  8 tick 29 : < 0 0 0 0 0 0 0 0 3 0 0 > --- 16 0 0 0 21 0 0 0 26 0 0 
CRITICAL id 8 lock 8 tick 30 limit 1
Search(30, 0, 295, from 3): lock -1 tick 30 : < 0 0 0 0 0 0 0 0 0 0 0 > --- 16 0 0 0 21 0 0 0 26 0 0 
Search(26, 1, 296, from 0): lock  9 tick 26 : < 0 0 0 0 0 0 0 0 0 1 0 > --- 16 0 0 0 21 0 0 0 0 26 0 
Search(27, 1, 297, from 1): lock  9 tick 27 : < 0 0 0 0 0 0 0 0 0 1 0 > --- 16 0 0 0 21 0 0 0 0 26 0 
Search(28, 1, 298, from 1): lock  9 tick 28 : < 0 0 0 0 0 0 0 0 0 2 0 > --- 16 0 0 0 21 0 0 0 0 26 0 
Search(29, 1, 299, from 2): lock  9 tick 29 : < 0 0 0 0 0 0 0 0 0 3 0 > --- 16 0 0 0 21 0 0 0 0 26 0 
CRITICAL id 9 lock 9 tick 30 limit 1
Search(30, 0, 300, from 3): lock -1 tick 30 : < 0 0 0 0 0 0 0 0 0 0 0 > --- 16 0 0 0 21 0 0 0 0 26 0 
Search(26, 1, 301, from 0): lock 10 tick 26 : < 0 0 0 0 0 0 0 0 0 0 1 > --- 16 0 0 0 21 0 0 0 0 0 26 
Search(27, 1, 302, from 1): lock 10 tick 27 : < 0 0 0 0 0 0 0 0 0 0 1 > --- 16 0 0 0 21 0 0 0 0 0 26 
Search(28, 1, 303, from 1): lock 10 tick 28 : < 0 0 0 0 0 0 0 0 0 0 2 > --- 16 0 0 0 21 0 0 0 0 0 26 
Search(29, 1, 304, from 2): lock 10 tick 29 : < 0 0 0 0 0 0 0 0 0 0 3 > --- 16 0 0 0 21 0 0 0 0 0 26 
CRITICAL id 10 lock 10 tick 30 limit 1
Search(30, 0, 305, from 3): lock -1 tick 30 : < 0 0 0 0 0 0 0 0 0 0 0 > --- 16 0 0 0 21 0 0 0 0 0 26 
Search(21, 2, 306, from 0): lock  5 tick 21 : < 0 0 0 0 0 1 0 0 0 0 0 > --- 16 0 0 0 0 21 0 0 0 0 0 
Search(22, 2, 307, from 1): lock  5 tick 22 : < 0 0 0 0 0 1 0 0 0 0 0 > --- 16 0 0 0 0 21 0 0 0 0 0 
Search(23, 2, 308, from 1): lock  5 tick 23 : < 0 0 0 0 0 2 0 0 0 0 0 > --- 16 0 0 0 0 21 0 0 0 0 0 
Search(24, 2, 309, from 2): lock  5 tick 24 : < 0 0 0 0 0 3 0 0 0 0 0 > --- 16 0 0 0 0 21 0 0 0 0 0 
CRITICAL id 5 lock 5 tick 25 limit 2
Search(25, 1, 310, from 3): lock -1 tick 25 : < 0 0 0 0 0 0 0 0 0 0 0 > --- 16 0 0 0 0 21 0 0 0 0 0 
Search(26, 1, 311, from 0): lock  0 tick 26 : < 1 0 0 0 0 0 0 0 0 0 0 > --- 26 0 0 0 0 21 0 0 0 0 0 
Search(27, 1, 312, from 1): lock  0 tick 27 : < 1 0 0 0 0 0 0 0 0 0 0 > --- 26 0 0 0 0 21 0 0 0 0 0 
Search(28, 1, 313, from 1): lock  0 tick 28 : < 2 0 0 0 0 0 0 0 0 0 0 > --- 26 0 0 0 0 21 0 0 0 0 0 
Search(29, 1, 314, from 2): lock  0 tick 29 : < 3 0 0 0 0 0 0 0 0 0 0 > --- 26 0 0 0 0 21 0 0 0 0 0 
CRITICAL id 0 lock 0 tick 30 limit 1
Search(30, 0, 315, from 3): lock -1 tick 30 : < 0 0 0 0 0 0 0 0 0 0 0 > --- 26 0 0 0 0 21 0 0 0 0 0 
Search(26, 1, 316, from 0): lock  1 tick 26 : < 0 1 0 0 0 0 0 0 0 0 0 > --- 16 26 0 0 0 21 0 0 0 0 0 
Search(27, 1, 317, from 1): lock  1 tick 27 : < 0 1 0 0 0 0 0 0 0 0 0 > --- 16 26 0 0 0 21 0 0 0 0 0 
Search(28, 1, 318, from 1): lock  1 tick 28 : < 0 2 0 0 0 0 0 0 0 0 0 > --- 16 26 0 0 0 21 0 0 0 0 0 
Search(29, 1, 319, from 2): lock  1 tick 29 : < 0 3 0 0 0 0 0 0 0 0 0 > --- 16 26 0 0 0 21 0 0 0 0 0 
CRITICAL id 1 lock 1 tick 30 limit 1
Search(30, 0, 320, from 3): lock -1 tick 30 : < 0 0 0 0 0 0 0 0 0 0 0 > --- 16 26 0 0 0 21 0 0 0 0 0 
Search(26, 1, 321, from 0): lock  2 tick 26 : < 0 0 1 0 0 0 0 0 0 0 0 > --- 16 0 26 0 0 21 0 0 0 0 0 
Search(27, 1, 322, from 1): lock  2 tick 27 : < 0 0 1 0 0 0 0 0 0 0 0 > --- 16 0 26 0 0 21 0 0 0 0 0 
Search(28, 1, 323, from 1): lock  2 tick 28 : < 0 0 2 0 0 0 0 0 0 0 0 > --- 16 0 26 0 0 21 0 0 0 0 0 
Search(29, 1, 324, from 2): lock  2 tick 29 : < 0 0 3 0 0 0 0 0 0 0 0 > --- 16 0 26 0 0 21 0 0 0 0 0 
CRITICAL id 2 lock 2 tick 30 limit 1
Search(30, 0, 325, from 3): lock -1 tick 30 : < 0 0 0 0 0 0 0 0 0 0 0 > --- 16 0 26 0 0 21 0 0 0 0 0 
Search(26, 1, 326, from 0): lock  3 tick 26 : < 0 0 0 1 0 0 0 0 0 0 0 > --- 16 0 0 26 0 21 0 0 0 0 0 
Search(27, 1, 327, from 1): lock  3 tick 27 : < 0 0 0 1 0 0 0 0 0 0 0 > --- 16 0 0 26 0 21 0 0 0 0 0 
Search(28, 1, 328, from 1): lock  3 tick 28 : < 0 0 0 2 0 0 0 0 0 0 0 > --- 16 0 0 26 0 21 0 0 0 0 0 
Search(29, 1, 329, from 2): lock  3 tick 29 : < 0 0 0 3 0 0 0 0 0 0 0 > --- 16 0 0 26 0 21 0 0 0 0 0 
CRITICAL id 3 lock 3 tick 30 limit 1
Search(30, 0, 330, from 3): lock -1 tick 30 : < 0 0 0 0 0 0 0 0 0 0 0 > --- 16 0 0 26 0 21 0 0 0 0 0 
Search(26, 1, 331, from 0): lock  4 tick 26 : < 0 0 0 0 1 0 0 0 0 0 0 > --- 16 0 0 0 26 21 0 0 0 0 0 
Search(27, 1, 332, from 1): lock  4 tick 27 : < 0 0 0 0 1 0 0 0 0 0 0 > --- 16 0 0 0 26 21 0 0 0 0 0 
Search(28, 1, 333, from 1): lock  4 tick 28 : < 0 0 0 0 2 0 0 0 0 0 0 > --- 16 0 0 0 26 21 0 0 0 0 0 
Search(29, 1, 334, from 2): lock  4 tick 29 : < 0 0 0 0 3 0 0 0 0 0 0 > --- 16 0 0 0 26 21 0 0 0 0 0 
CRITICAL id 4 lock 4 tick 30 limit 1
Search(30, 0, 335, from 3): lock -1 tick 30 : < 0 0 0 0 0 0 0 0 0 0 0 > --- 16 0 0 0 26 21 0 0 0 0 0 
Search(26, 1, 336, from 0): lock  5 tick 26 : < 0 0 0 0 0 1 0 0 0 0 0 > --- 16 0 0 0 0 26 0 0 0 0 0 
Search(26, 1, 337, from 0): lock  6 tick 26 : < 0 0 0 0 0 0 1 0 0 0 0 > --- 16 0 0 0 0 21 26 0 0 0 0 
Search(27, 1, 338, from 1): lock  6 tick 27 : < 0 0 0 0 0 0 1 0 0 0 0 > --- 16 0 0 0 0 21 26 0 0 0 0 
Search(28, 1, 339, from 1): lock  6 tick 28 : < 0 0 0 0 0 0 2 0 0 0 0 > --- 16 0 0 0 0 21 26 0 0 0 0 
Search(29, 1, 340, from 2): lock  6 tick 29 : < 0 0 0 0 0 0 3 0 0 0 0 > --- 16 0 0 0 0 21 26 0 0 0 0 
CRITICAL id 6 lock 6 tick 30 limit 1
Search(30, 0, 341, from 3): lock -1 tick 30 : < 0 0 0 0 0 0 0 0 0 0 0 > --- 16 0 0 0 0 21 26 0 0 0 0 
Search(26, 1, 342, from 0): lock  7 tick 26 : < 0 0 0 0 0 0 0 1 0 0 0 > --- 16 0 0 0 0 21 0 26 0 0 0 
Search(27, 1, 343, from 1): lock  7 tick 27 : < 0 0 0 0 0 0 0 1 0 0 0 > --- 16 0 0 0 0 21 0 26 0 0 0 
Search(28, 1, 344, from 1): lock  7 tick 28 : < 0 0 0 0 0 0 0 2 0 0 0 > --- 16 0 0 0 0 21 0 26 0 0 0 
Search(29, 1, 345, from 2): lock  7 tick 29 : < 0 0 0 0 0 0 0 3 0 0 0 > --- 16 0 0 0 0 21 0 26 0 0 0 
CRITICAL id 7 lock 7 tick 30 limit 1
Search(30, 0, 346, from 3): lock -1 tick 30 : < 0 0 0 0 0 0 0 0 0 0 0 > --- 16 0 0 0 0 21 0 26 0 0 0 
Search(26, 1, 347, from 0): lock  8 tick 26 : < 0 0 0 0 0 0 0 0 1 0 0 > --- 16 0 0 0 0 21 0 0 26 0 0 
Search(27, 1, 348, from 1): lock  8 tick 27 : < 0 0 0 0 0 0 0 0 1 0 0 > --- 16 0 0 0 0 21 0 0 26 0 0 
Search(28, 1, 349, from 1): lock  8 tick 28 : < 0 0 0 0 0 0 0 0 2 0 0 > --- 16 0 0 0 0 21 0 0 26 0 0 
Search(29, 1, 350, from 2): lock  8 tick 29 : < 0 0 0 0 0 0 0 0 3 0 0 > --- 16 0 0 0 0 21 0 0 26 0 0 
CRITICAL id 8 lock 8 tick 30 limit 1
Search(30, 0, 351, from 3): lock -1 tick 30 : < 0 0 0 0 0 0 0 0 0 0 0 > --- 16 0 0 0 0 21 0 0 26 0 0 
Search(26, 1, 352, from 0): lock  9 tick 26 : < 0 0 0 0 0 0 0 0 0 1 0 > --- 16 0 0 0 0 21 0 0 0 26 0 
Search(27, 1, 353, from 1): lock  9 tick 27 : < 0 0 0 0 0 0 0 0 0 1 0 > --- 16 0 0 0 0 21 0 0 0 26 0 
Search(28, 1, 354, from 1): lock  9 tick 28 : < 0 0 0 0 0 0 0 0 0 2 0 > --- 16 0 0 0 0 21 0 0 0 26 0 
Search(29, 1, 355, from 2): lock  9 tick 29 : < 0 0 0 0 0 0 0 0 0 3 0 > --- 16 0 0 0 0 21 0 0 0 26 0 
CRITICAL id 9 lock 9 tick 30 limit 1
Search(30, 0, 356, from 3): lock -1 tick 30 : < 0 0 0 0 0 0 0 0 0 0 0 > --- 16 0 0 0 0 21 0 0 0 26 0 
Search(26, 1, 357, from 0): lock 10 tick 26 : < 0 0 0 0 0 0 0 0 0 0 1 > --- 16 0 0 0 0 21 0 0 0 0 26 
Search(27, 1, 358, from 1): lock 10 tick 27 : < 0 0 0 0 0 0 0 0 0 0 1 > --- 16 0 0 0 0 21 0 0 0 0 26 
Search(28, 1, 359, from 1): lock 10 tick 28 : < 0 0 0 0 0 0 0 0 0 0 2 > --- 16 0 0 0 0 21 0 0 0 0 26 
Search(29, 1, 360, from 2): lock 10 tick 29 : < 0 0 0 0 0 0 0 0 0 0 3 > --- 16 0 0 0 0 21 0 0 0 0 26 
CRITICAL id 10 lock 10 tick 30 limit 1
Search(30, 0, 361, from 3): lock -1 tick 30 : < 0 0 0 0 0 0 0 0 0 0 0 > --- 16 0 0 0 0 21 0 0 0 0 26 
Search(21, 2, 362, from 0): lock  6 tick 21 : < 0 0 0 0 0 0 1 0 0 0 0 > --- 16 0 0 0 0 0 21 0 0 0 0 
Search(22, 2, 363, from 1): lock  6 tick 22 : < 0 0 0 0 0 0 1 0 0 0 0 > --- 16 0 0 0 0 0 21 0 0 0 0 
Search(23, 2, 364, from 1): lock  6 tick 23 : < 0 0 0 0 0 0 2 0 0 0 0 > --- 16 0 0 0 0 0 21 0 0 0 0 
Search(24, 2, 365, from 2): lock  6 tick 24 : < 0 0 0 0 0 0 3 0 0 0 0 > --- 16 0 0 0 0 0 21 0 0 0 0 
CRITICAL id 6 lock 6 tick 25 limit 2
Search(25, 1, 366, from 3): lock -1 tick 25 : < 0 0 0 0 0 0 0 0 0 0 0 > --- 16 0 0 0 0 0 21 0 0 0 0 
Search(26, 1, 367, from 0): lock  0 tick 26 : < 1 0 0 0 0 0 0 0 0 0 0 > --- 26 0 0 0 0 0 21 0 0 0 0 
Search(27, 1, 368, from 1): lock  0 tick 27 : < 1 0 0 0 0 0 0 0 0 0 0 > --- 26 0 0 0 0 0 21 0 0 0 0 
Search(28, 1, 369, from 1): lock  0 tick 28 : < 2 0 0 0 0 0 0 0 0 0 0 > --- 26 0 0 0 0 0 21 0 0 0 0 
Search(29, 1, 370, from 2): lock  0 tick 29 : < 3 0 0 0 0 0 0 0 0 0 0 > --- 26 0 0 0 0 0 21 0 0 0 0 
CRITICAL id 0 lock 0 tick 30 limit 1
Search(30, 0, 371, from 3): lock -1 tick 30 : < 0 0 0 0 0 0 0 0 0 0 0 > --- 26 0 0 0 0 0 21 0 0 0 0 
Search(26, 1, 372, from 0): lock  1 tick 26 : < 0 1 0 0 0 0 0 0 0 0 0 > --- 16 26 0 0 0 0 21 0 0 0 0 
Search(27, 1, 373, from 1): lock  1 tick 27 : < 0 1 0 0 0 0 0 0 0 0 0 > --- 16 26 0 0 0 0 21 0 0 0 0 
Search(28, 1, 374, from 1): lock  1 tick 28 : < 0 2 0 0 0 0 0 0 0 0 0 > --- 16 26 0 0 0 0 21 0 0 0 0 
Search(29, 1, 375, from 2): lock  1 tick 29 : < 0 3 0 0 0 0 0 0 0 0 0 > --- 16 26 0 0 0 0 21 0 0 0 0 
CRITICAL id 1 lock 1 tick 30 limit 1
Search(30, 0, 376, from 3): lock -1 tick 30 : < 0 0 0 0 0 0 0 0 0 0 0 > --- 16 26 0 0 0 0 21 0 0 0 0 
Search(26, 1, 377, from 0): lock  2 tick 26 : < 0 0 1 0 0 0 0 0 0 0 0 > --- 16 0 26 0 0 0 21 0 0 0 0 
Search(27, 1, 378, from 1): lock  2 tick 27 : < 0 0 1 0 0 0 0 0 0 0 0 > --- 16 0 26 0 0 0 21 0 0 0 0 
Search(28, 1, 379, from 1): lock  2 tick 28 : < 0 0 2 0 0 0 0 0 0 0 0 > --- 16 0 26 0 0 0 21 0 0 0 0 
Search(29, 1, 380, from 2): lock  2 tick 29 : < 0 0 3 0 0 0 0 0 0 0 0 > --- 16 0 26 0 0 0 21 0 0 0 0 
CRITICAL id 2 lock 2 tick 30 limit 1
Search(30, 0, 381, from 3): lock -1 tick 30 : < 0 0 0 0 0 0 0 0 0 0 0 > --- 16 0 26 0 0 0 21 0 0 0 0 
Search(26, 1, 382, from 0): lock  3 tick 26 : < 0 0 0 1 0 0 0 0 0 0 0 > --- 16 0 0 26 0 0 21 0 0 0 0 
Search(27, 1, 383, from 1): lock  3 tick 27 : < 0 0 0 1 0 0 0 0 0 0 0 > --- 16 0 0 26 0 0 21 0 0 0 0 
Search(28, 1, 384, from 1): lock  3 tick 28 : < 0 0 0 2 0 0 0 0 0 0 0 > --- 16 0 0 26 0 0 21 0 0 0 0 
Search(29, 1, 385, from 2): lock  3 tick 29 : < 0 0 0 3 0 0 0 0 0 0 0 > --- 16 0 0 26 0 0 21 0 0 0 0 
CRITICAL id 3 lock 3 tick 30 limit 1
Search(30, 0, 386, from 3): lock -1 tick 30 : < 0 0 0 0 0 0 0 0 0 0 0 > --- 16 0 0 26 0 0 21 0 0 0 0 
Search(26, 1, 387, from 0): lock  4 tick 26 : < 0 0 0 0 1 0 0 0 0 0 0 > --- 16 0 0 0 26 0 21 0 0 0 0 
Search(27, 1, 388, from 1): lock  4 tick 27 : < 0 0 0 0 1 0 0 0 0 0 0 > --- 16 0 0 0 26 0 21 0 0 0 0 
Search(28, 1, 389, from 1): lock  4 tick 28 : < 0 0 0 0 2 0 0 0 0 0 0 > --- 16 0 0 0 26 0 21 0 0 0 0 
Search(29, 1, 390, from 2): lock  4 tick 29 : < 0 0 0 0 3 0 0 0 0 0 0 > --- 16 0 0 0 26 0 21 0 0 0 0 
CRITICAL id 4 lock 4 tick 30 limit 1
Search(30, 0, 391, from 3): lock -1 tick 30 : < 0 0 0 0 0 0 0 0 0 0 0 > --- 16 0 0 0 26 0 21 0 0 0 0 
Search(26, 1, 392, from 0): lock  5 tick 26 : < 0 0 0 0 0 1 0 0 0 0 0 > --- 16 0 0 0 0 26 21 0 0 0 0 
Search(27, 1, 393, from 1): lock  5 tick 27 : < 0 0 0 0 0 1 0 0 0 0 0 > --- 16 0 0 0 0 26 21 0 0 0 0 
Search(28, 1, 394, from 1): lock  5 tick 28 : < 0 0 0 0 0 2 0 0 0 0 0 > --- 16 0 0 0 0 26 21 0 0 0 0 
Search(29, 1, 395, from 2): lock  5 tick 29 : < 0 0 0 0 0 3 0 0 0 0 0 > --- 16 0 0 0 0 26 21 0 0 0 0 
CRITICAL id 5 lock 5 tick 30 limit 1
Search(30, 0, 396, from 3): lock -1 tick 30 : < 0 0 0 0 0 0 0 0 0 0 0 > --- 16 0 0 0 0 26 21 0 0 0 0 
Search(26, 1, 397, from 0): lock  6 tick 26 : < 0 0 0 0 0 0 1 0 0 0 0 > --- 16 0 0 0 0 0 26 0 0 0 0 
Search(26, 1, 398, from 0): lock  7 tick 26 : < 0 0 0 0 0 0 0 1 0 0 0 > --- 16 0 0 0 0 0 21 26 0 0 0 
Search(27, 1, 399, from 1): lock  7 tick 27 : < 0 0 0 0 0 0 0 1 0 0 0 > --- 16 0 0 0 0 0 21 26 0 0 0 
Search(28, 1, 400, from 1): lock  7 tick 28 : < 0 0 0 0 0 0 0 2 0 0 0 > --- 16 0 0 0 0 0 21 26 0 0 0 
Search(29, 1, 401, from 2): lock  7 tick 29 : < 0 0 0 0 0 0 0 3 0 0 0 > --- 16 0 0 0 0 0 21 26 0 0 0 
CRITICAL id 7 lock 7 tick 30 limit 1
Search(30, 0, 402, from 3): lock -1 tick 30 : < 0 0 0 0 0 0 0 0 0 0 0 > --- 16 0 0 0 0 0 21 26 0 0 0 
Search(26, 1, 403, from 0): lock  8 tick 26 : < 0 0 0 0 0 0 0 0 1 0 0 > --- 16 0 0 0 0 0 21 0 26 0 0 
Search(27, 1, 404, from 1): lock  8 tick 27 : < 0 0 0 0 0 0 0 0 1 0 0 > --- 16 0 0 0 0 0 21 0 26 0 0 
Search(28, 1, 405, from 1): lock  8 tick 28 : < 0 0 0 0 0 0 0 0 2 0 0 > --- 16 0 0 0 0 0 21 0 26 0 0 
Search(29, 1, 406, from 2): lock  8 tick 29 : < 0 0 0 0 0 0 0 0 3 0 0 > --- 16 0 0 0 0 0 21 0 26 0 0 
CRITICAL id 8 lock 8 tick 30 limit 1
Search(30, 0, 407, from 3): lock -1 tick 30 : < 0 0 0 0 0 0 0 0 0 0 0 > --- 16 0 0 0 0 0 21 0 26 0 0 
Search(26, 1, 408, from 0): lock  9 tick 26 : < 0 0 0 0 0 0 0 0 0 1 0 > --- 16 0 0 0 0 0 21 0 0 26 0 
Search(27, 1, 409, from 1): lock  9 tick 27 : < 0 0 0 0 0 0 0 0 0 1 0 > --- 16 0 0 0 0 0 21 0 0 26 0 
Search(28, 1, 410, from 1): lock  9 tick 28 : < 0 0 0 0 0 0 0 0 0 2 0 > --- 16 0 0 0 0 0 21 0 0 26 0 
Search(29, 1, 411, from 2): lock  9 tick 29 : < 0 0 0 0 0 0 0 0 0 3 0 > --- 16 0 0 0 0 0 21 0 0 26 0 
CRITICAL id 9 lock 9 tick 30 limit 1
Search(30, 0, 412, from 3): lock -1 tick 30 : < 0 0 0 0 0 0 0 0 0 0 0 > --- 16 0 0 0 0 0 21 0 0 26 0 
Search(26, 1, 413, from 0): lock 10 tick 26 : < 0 0 0 0 0 0 0 0 0 0 1 > --- 16 0 0 0 0 0 21 0 0 0 26 
Search(27, 1, 414, from 1): lock 10 tick 27 : < 0 0 0 0 0 0 0 0 0 0 1 > --- 16 0 0 0 0 0 21 0 0 0 26 
Search(28, 1, 415, from 1): lock 10 tick 28 : < 0 0 0 0 0 0 0 0 0 0 2 > --- 16 0 0 0 0 0 21 0 0 0 26 
Search(29, 1, 416, from 2): lock 10 tick 29 : < 0 0 0 0 0 0 0 0 0 0 3 > --- 16 0 0 0 0 0 21 0 0 0 26 
CRITICAL id 10 lock 10 tick 30 limit 1
Search(30, 0, 417, from 3): lock -1 tick 30 : < 0 0 0 0 0 0 0 0 0 0 0 > --- 16 0 0 0 0 0 21 0 0 0 26 
Search(21, 2, 418, from 0): lock  7 tick 21 : < 0 0 0 0 0 0 0 1 0 0 0 > --- 16 0 0 0 0 0 0 21 0 0 0 
Search(22, 2, 419, from 1): lock  7 tick 22 : < 0 0 0 0 0 0 0 1 0 0 0 > --- 16 0 0 0 0 0 0 21 0 0 0 
Search(23, 2, 420, from 1): lock  7 tick 23 : < 0 0 0 0 0 0 0 2 0 0 0 > --- 16 0 0 0 0 0 0 21 0 0 0 
Search(24, 2, 421, from 2): lock  7 tick 24 : < 0 0 0 0 0 0 0 3 0 0 0 > --- 16 0 0 0 0 0 0 21 0 0 0 
CRITICAL id 7 lock 7 tick 25 limit 2
Search(25, 1, 422, from 3): lock -1 tick 25 : < 0 0 0 0 0 0 0 0 0 0 0 > --- 16 0 0 0 0 0 0 21 0 0 0 
Search(26, 1, 423, from 0): lock  0 tick 26 : < 1 0 0 0 0 0 0 0 0 0 0 > --- 26 0 0 0 0 0 0 21 0 0 0 
Search(27, 1, 424, from 1): lock  0 tick 27 : < 1 0 0 0 0 0 0 0 0 0 0 > --- 26 0 0 0 0 0 0 21 0 0 0 
Search(28, 1, 425, from 1): lock  0 tick 28 : < 2 0 0 0 0 0 0 0 0 0 0 > --- 26 0 0 0 0 0 0 21 0 0 0 
Search(29, 1, 426, from 2): lock  0 tick 29 : < 3 0 0 0 0 0 0 0 0 0 0 > --- 26 0 0 0 0 0 0 21 0 0 0 
CRITICAL id 0 lock 0 tick 30 limit 1
Search(30, 0, 427, from 3): lock -1 tick 30 : < 0 0 0 0 0 0 0 0 0 0 0 > --- 26 0 0 0 0 0 0 21 0 0 0 
Search(26, 1, 428, from 0): lock  1 tick 26 : < 0 1 0 0 0 0 0 0 0 0 0 > --- 16 26 0 0 0 0 0 21 0 0 0 
Search(27, 1, 429, from 1): lock  1 tick 27 : < 0 1 0 0 0 0 0 0 0 0 0 > --- 16 26 0 0 0 0 0 21 0 0 0 
Search(28, 1, 430, from 1): lock  1 tick 28 : < 0 2 0 0 0 0 0 0 0 0 0 > --- 16 26 0 0 0 0 0 21 0 0 0 
Search(29, 1, 431, from 2): lock  1 tick 29 : < 0 3 0 0 0 0 0 0 0 0 0 > --- 16 26 0 0 0 0 0 21 0 0 0 
CRITICAL id 1 lock 1 tick 30 limit 1
Search(30, 0, 432, from 3): lock -1 tick 30 : < 0 0 0 0 0 0 0 0 0 0 0 > --- 16 26 0 0 0 0 0 21 0 0 0 
Search(26, 1, 433, from 0): lock  2 tick 26 : < 0 0 1 0 0 0 0 0 0 0 0 > --- 16 0 26 0 0 0 0 21 0 0 0 
Search(27, 1, 434, from 1): lock  2 tick 27 : < 0 0 1 0 0 0 0 0 0 0 0 > --- 16 0 26 0 0 0 0 21 0 0 0 
Search(28, 1, 435, from 1): lock  2 tick 28 : < 0 0 2 0 0 0 0 0 0 0 0 > --- 16 0 26 0 0 0 0 21 0 0 0 
Search(29, 1, 436, from 2): lock  2 tick 29 : < 0 0 3 0 0 0 0 0 0 0 0 > --- 16 0 26 0 0 0 0 21 0 0 0 
CRITICAL id 2 lock 2 tick 30 limit 1
Search(30, 0, 437, from 3): lock -1 tick 30 : < 0 0 0 0 0 0 0 0 0 0 0 > --- 16 0 26 0 0 0 0 21 0 0 0 
Search(26, 1, 438, from 0): lock  3 tick 26 : < 0 0 0 1 0 0 0 0 0 0 0 > --- 16 0 0 26 0 0 0 21 0 0 0 
Search(27, 1, 439, from 1): lock  3 tick 27 : < 0 0 0 1 0 0 0 0 0 0 0 > --- 16 0 0 26 0 0 0 21 0 0 0 
Search(28, 1, 440, from 1): lock  3 tick 28 : < 0 0 0 2 0 0 0 0 0 0 0 > --- 16 0 0 26 0 0 0 21 0 0 0 
Search(29, 1, 441, from 2): lock  3 tick 29 : < 0 0 0 3 0 0 0 0 0 0 0 > --- 16 0 0 26 0 0 0 21 0 0 0 
CRITICAL id 3 lock 3 tick 30 limit 1
Search(30, 0, 442, from 3): lock -1 tick 30 : < 0 0 0 0 0 0 0 0 0 0 0 > --- 16 0 0 26 0 0 0 21 0 0 0 
Search(26, 1, 443, from 0): lock  4 tick 26 : < 0 0 0 0 1 0 0 0 0 0 0 > --- 16 0 0 0 26 0 0 21 0 0 0 
Search(27, 1, 444, from 1): lock  4 tick 27 : < 0 0 0 0 1 0 0 0 0 0 0 > --- 16 0 0 0 26 0 0 21 0 0 0 
Search(28, 1, 445, from 1): lock  4 tick 28 : < 0 0 0 0 2 0 0 0 0 0 0 > --- 16 0 0 0 26 0 0 21 0 0 0 
Search(29, 1, 446, from 2): lock  4 tick 29 : < 0 0 0 0 3 0 0 0 0 0 0 > --- 16 0 0 0 26 0 0 21 0 0 0 
CRITICAL id 4 lock 4 tick 30 limit 1
Search(30, 0, 447, from 3): lock -1 tick 30 : < 0 0 0 0 0 0 0 0 0 0 0 > --- 16 0 0 0 26 0 0 21 0 0 0 
Search(26, 1, 448, from 0): lock  5 tick 26 : < 0 0 0 0 0 1 0 0 0 0 0 > --- 16 0 0 0 0 26 0 21 0 0 0 
Search(27, 1, 449, from 1): lock  5 tick 27 : < 0 0 0 0 0 1 0 0 0 0 0 > --- 16 0 0 0 0 26 0 21 0 0 0 
Search(28, 1, 450, from 1): lock  5 tick 28 : < 0 0 0 0 0 2 0 0 0 0 0 > --- 16 0 0 0 0 26 0 21 0 0 0 
Search(29, 1, 451, from 2): lock  5 tick 29 : < 0 0 0 0 0 3 0 0 0 0 0 > --- 16 0 0 0 0 26 0 21 0 0 0 
CRITICAL id 5 lock 5 tick 30 limit 1
Search(30, 0, 452, from 3): lock -1 tick 30 : < 0 0 0 0 0 0 0 0 0 0 0 > --- 16 0 0 0 0 26 0 21 0 0 0 
Search(26, 1, 453, from 0): lock  6 tick 26 : < 0 0 0 0 0 0 1 0 0 0 0 > --- 16 0 0 0 0 0 26 21 0 0 0 
Search(27, 1, 454, from 1): lock  6 tick 27 : < 0 0 0 0 0 0 1 0 0 0 0 > --- 16 0 0 0 0 0 26 21 0 0 0 
Search(28, 1, 455, from 1): lock  6 tick 28 : < 0 0 0 0 0 0 2 0 0 0 0 > --- 16 0 0 0 0 0 26 21 0 0 0 
Search(29, 1, 456, from 2): lock  6 tick 29 : < 0 0 0 0 0 0 3 0 0 0 0 > --- 16 0 0 0 0 0 26 21 0 0 0 
CRITICAL id 6 lock 6 tick 30 limit 1
Search(30, 0, 457, from 3): lock -1 tick 30 : < 0 0 0 0 0 0 0 0 0 0 0 > --- 16 0 0 0 0 0 26 21 0 0 0 
Search(26, 1, 458, from 0): lock  7 tick 26 : < 0 0 0 0 0 0 0 1 0 0 0 > --- 16 0 0 0 0 0 0 26 0 0 0 
Search(26, 1, 459, from 0): lock  8 tick 26 : < 0 0 0 0 0 0 0 0 1 0 0 > --- 16 0 0 0 0 0 0 21 26 0 0 
Search(27, 1, 460, from 1): lock  8 tick 27 : < 0 0 0 0 0 0 0 0 1 0 0 > --- 16 0 0 0 0 0 0 21 26 0 0 
Search(28, 1, 461, from 1): lock  8 tick 28 : < 0 0 0 0 0 0 0 0 2 0 0 > --- 16 0 0 0 0 0 0 21 26 0 0 
Search(29, 1, 462, from 2): lock  8 tick 29 : < 0 0 0 0 0 0 0 0 3 0 0 > --- 16 0 0 0 0 0 0 21 26 0 0 
CRITICAL id 8 lock 8 tick 30 limit 1
Search(30, 0, 463, from 3): lock -1 tick 30 : < 0 0 0 0 0 0 0 0 0 0 0 > --- 16 0 0 0 0 0 0 21 26 0 0 
Search(26, 1, 464, from 0): lock  9 tick 26 : < 0 0 0 0 0 0 0 0 0 1 0 > --- 16 0 0 0 0 0 0 21 0 26 0 
Search(27, 1, 465, from 1): lock  9 tick 27 : < 0 0 0 0 0 0 0 0 0 1 0 > --- 16 0 0 0 0 0 0 21 0 26 0 
Search(28, 1, 466, from 1): lock  9 tick 28 : < 0 0 0 0 0 0 0 0 0 2 0 > --- 16 0 0 0 0 0 0 21 0 26 0 
Search(29, 1, 467, from 2): lock  9 tick 29 : < 0 0 0 0 0 0 0 0 0 3 0 > --- 16 0 0 0 0 0 0 21 0 26 0 
CRITICAL id 9 lock 9 tick 30 limit 1
Search(30, 0, 468, from 3): lock -1 tick 30 : < 0 0 0 0 0 0 0 0 0 0 0 > --- 16 0 0 0 0 0 0 21 0 26 0 
Search(26, 1, 469, from 0): lock 10 tick 26 : < 0 0 0 0 0 0 0 0 0 0 1 > --- 16 0 0 0 0 0 0 21 0 0 26 
Search(27, 1, 470, from 1): lock 10 tick 27 : < 0 0 0 0 0 0 0 0 0 0 1 > --- 16 0 0 0 0 0 0 21 0 0 26 
Search(28, 1, 471, from 1): lock 10 tick 28 : < 0 0 0 0 0 0 0 0 0 0 2 > --- 16 0 0 0 0 0 0 21 0 0 26 
Search(29, 1, 472, from 2): lock 10 tick 29 : < 0 0 0 0 0 0 0 0 0 0 3 > --- 16 0 0 0 0 0 0 21 0 0 26 
CRITICAL id 10 lock 10 tick 30 limit 1
Search(30, 0, 473, from 3): lock -1 tick 30 : < 0 0 0 0 0 0 0 0 0 0 0 > --- 16 0 0 0 0 0 0 21 0 0 26 
Search(21, 2, 474, from 0): lock  8 tick 21 : < 0 0 0 0 0 0 0 0 1 0 0 > --- 16 0 0 0 0 0 0 0 21 0 0 
Search(22, 2, 475, from 1): lock  8 tick 22 : < 0 0 0 0 0 0 0 0 1 0 0 > --- 16 0 0 0 0 0 0 0 21 0 0 
Search(23, 2, 476, from 1): lock  8 tick 23 : < 0 0 0 0 0 0 0 0 2 0 0 > --- 16 0 0 0 0 0 0 0 21 0 0 
Search(24, 2, 477, from 2): lock  8 tick 24 : < 0 0 0 0 0 0 0 0 3 0 0 > --- 16 0 0 0 0 0 0 0 21 0 0 
CRITICAL id 8 lock 8 tick 25 limit 2
Search(25, 1, 478, from 3): lock -1 tick 25 : < 0 0 0 0 0 0 0 0 0 0 0 > --- 16 0 0 0 0 0 0 0 21 0 0 
Search(26, 1, 479, from 0): lock  0 tick 26 : < 1 0 0 0 0 0 0 0 0 0 0 > --- 26 0 0 0 0 0 0 0 21 0 0 
Search(27, 1, 480, from 1): lock  0 tick 27 : < 1 0 0 0 0 0 0 0 0 0 0 > --- 26 0 0 0 0 0 0 0 21 0 0 
Search(28, 1, 481, from 1): lock  0 tick 28 : < 2 0 0 0 0 0 0 0 0 0 0 > --- 26 0 0 0 0 0 0 0 21 0 0 
Search(29, 1, 482, from 2): lock  0 tick 29 : < 3 0 0 0 0 0 0 0 0 0 0 > --- 26 0 0 0 0 0 0 0 21 0 0 
CRITICAL id 0 lock 0 tick 30 limit 1
Search(30, 0, 483, from 3): lock -1 tick 30 : < 0 0 0 0 0 0 0 0 0 0 0 > --- 26 0 0 0 0 0 0 0 21 0 0 
Search(26, 1, 484, from 0): lock  1 tick 26 : < 0 1 0 0 0 0 0 0 0 0 0 > --- 16 26 0 0 0 0 0 0 21 0 0 
Search(27, 1, 485, from 1): lock  1 tick 27 : < 0 1 0 0 0 0 0 0 0 0 0 > --- 16 26 0 0 0 0 0 0 21 0 0 
Search(28, 1, 486, from 1): lock  1 tick 28 : < 0 2 0 0 0 0 0 0 0 0 0 > --- 16 26 0 0 0 0 0 0 21 0 0 
Search(29, 1, 487, from 2): lock  1 tick 29 : < 0 3 0 0 0 0 0 0 0 0 0 > --- 16 26 0 0 0 0 0 0 21 0 0 
CRITICAL id 1 lock 1 tick 30 limit 1
Search(30, 0, 488, from 3): lock -1 tick 30 : < 0 0 0 0 0 0 0 0 0 0 0 > --- 16 26 0 0 0 0 0 0 21 0 0 
Search(26, 1, 489, from 0): lock  2 tick 26 : < 0 0 1 0 0 0 0 0 0 0 0 > --- 16 0 26 0 0 0 0 0 21 0 0 
Search(27, 1, 490, from 1): lock  2 tick 27 : < 0 0 1 0 0 0 0 0 0 0 0 > --- 16 0 26 0 0 0 0 0 21 0 0 
Search(28, 1, 491, from 1): lock  2 tick 28 : < 0 0 2 0 0 0 0 0 0 0 0 > --- 16 0 26 0 0 0 0 0 21 0 0 
Search(29, 1, 492, from 2): lock  2 tick 29 : < 0 0 3 0 0 0 0 0 0 0 0 > --- 16 0 26 0 0 0 0 0 21 0 0 
CRITICAL id 2 lock 2 tick 30 limit 1
Search(30, 0, 493, from 3): lock -1 tick 30 : < 0 0 0 0 0 0 0 0 0 0 0 > --- 16 0 26 0 0 0 0 0 21 0 0 
Search(26, 1, 494, from 0): lock  3 tick 26 : < 0 0 0 1 0 0 0 0 0 0 0 > --- 16 0 0 26 0 0 0 0 21 0 0 
Search(27, 1, 495, from 1): lock  3 tick 27 : < 0 0 0 1 0 0 0 0 0 0 0 > --- 16 0 0 26 0 0 0 0 21 0 0 
Search(28, 1, 496, from 1): lock  3 tick 28 : < 0 0 0 2 0 0 0 0 0 0 0 > --- 16 0 0 26 0 0 0 0 21 0 0 
Search(29, 1, 497, from 2): lock  3 tick 29 : < 0 0 0 3 0 0 0 0 0 0 0 > --- 16 0 0 26 0 0 0 0 21 0 0 
CRITICAL id 3 lock 3 tick 30 limit 1
Search(30, 0, 498, from 3): lock -1 tick 30 : < 0 0 0 0 0 0 0 0 0 0 0 > --- 16 0 0 26 0 0 0 0 21 0 0 
Search(26, 1, 499, from 0): lock  4 tick 26 : < 0 0 0 0 1 0 0 0 0 0 0 > --- 16 0 0 0 26 0 0 0 21 0 0 
Search(27, 1, 500, from 1): lock  4 tick 27 : < 0 0 0 0 1 0 0 0 0 0 0 > --- 16 0 0 0 26 0 0 0 21 0 0 
Search(28, 1, 501, from 1): lock  4 tick 28 : < 0 0 0 0 2 0 0 0 0 0 0 > --- 16 0 0 0 26 0 0 0 21 0 0 
Search(29, 1, 502, from 2): lock  4 tick 29 : < 0 0 0 0 3 0 0 0 0 0 0 > --- 16 0 0 0 26 0 0 0 21 0 0 
CRITICAL id 4 lock 4 tick 30 limit 1
Search(30, 0, 503, from 3): lock -1 tick 30 : < 0 0 0 0 0 0 0 0 0 0 0 > --- 16 0 0 0 26 0 0 0 21 0 0 
Search(26, 1, 504, from 0): lock  5 tick 26 : < 0 0 0 0 0 1 0 0 0 0 0 > --- 16 0 0 0 0 26 0 0 21 0 0 
Search(27, 1, 505, from 1): lock  5 tick 27 : < 0 0 0 0 0 1 0 0 0 0 0 > --- 16 0 0 0 0 26 0 0 21 0 0 
Search(28, 1, 506, from 1): lock  5 tick 28 : < 0 0 0 0 0 2 0 0 0 0 0 > --- 16 0 0 0 0 26 0 0 21 0 0 
Search(29, 1, 507, from 2): lock  5 tick 29 : < 0 0 0 0 0 3 0 0 0 0 0 > --- 16 0 0 0 0 26 0 0 21 0 0 
CRITICAL id 5 lock 5 tick 30 limit 1
Search(30, 0, 508, from 3): lock -1 tick 30 : < 0 0 0 0 0 0 0 0 0 0 0 > --- 16 0 0 0 0 26 0 0 21 0 0 
Search(26, 1, 509, from 0): lock  6 tick 26 : < 0 0 0 0 0 0 1 0 0 0 0 > --- 16 0 0 0 0 0 26 0 21 0 0 
Search(27, 1, 510, from 1): lock  6 tick 27 : < 0 0 0 0 0 0 1 0 0 0 0 > --- 16 0 0 0 0 0 26 0 21 0 0 
Search(28, 1, 511, from 1): lock  6 tick 28 : < 0 0 0 0 0 0 2 0 0 0 0 > --- 16 0 0 0 0 0 26 0 21 0 0 
Search(29, 1, 512, from 2): lock  6 tick 29 : < 0 0 0 0 0 0 3 0 0 0 0 > --- 16 0 0 0 0 0 26 0 21 0 0 
CRITICAL id 6 lock 6 tick 30 limit 1
Search(30, 0, 513, from 3): lock -1 tick 30 : < 0 0 0 0 0 0 0 0 0 0 0 > --- 16 0 0 0 0 0 26 0 21 0 0 
Search(26, 1, 514, from 0): lock  7 tick 26 : < 0 0 0 0 0 0 0 1 0 0 0 > --- 16 0 0 0 0 0 0 26 21 0 0 
Search(27, 1, 515, from 1): lock  7 tick 27 : < 0 0 0 0 0 0 0 1 0 0 0 > --- 16 0 0 0 0 0 0 26 21 0 0 
Search(28, 1, 516, from 1): lock  7 tick 28 : < 0 0 0 0 0 0 0 2 0 0 0 > --- 16 0 0 0 0 0 0 26 21 0 0 
Search(29, 1, 517, from 2): lock  7 tick 29 : < 0 0 0 0 0 0 0 3 0 0 0 > --- 16 0 0 0 0 0 0 26 21 0 0 
CRITICAL id 7 lock 7 tick 30 limit 1
Search(30, 0, 518, from 3): lock -1 tick 30 : < 0 0 0 0 0 0 0 0 0 0 0 > --- 16 0 0 0 0 0 0 26 21 0 0 
Search(26, 1, 519, from 0): lock  8 tick 26 : < 0 0 0 0 0 0 0 0 1 0 0 > --- 16 0 0 0 0 0 0 0 26 0 0 
Search(26, 1, 520, from 0): lock  9 tick 26 : < 0 0 0 0 0 0 0 0 0 1 0 > --- 16 0 0 0 0 0 0 0 21 26 0 
Search(27, 1, 521, from 1): lock  9 tick 27 : < 0 0 0 0 0 0 0 0 0 1 0 > --- 16 0 0 0 0 0 0 0 21 26 0 
Search(28, 1, 522, from 1): lock  9 tick 28 : < 0 0 0 0 0 0 0 0 0 2 0 > --- 16 0 0 0 0 0 0 0 21 26 0 
Search(29, 1, 523, from 2): lock  9 tick 29 : < 0 0 0 0 0 0 0 0 0 3 0 > --- 16 0 0 0 0 0 0 0 21 26 0 
CRITICAL id 9 lock 9 tick 30 limit 1
Search(30, 0, 524, from 3): lock -1 tick 30 : < 0 0 0 0 0 0 0 0 0 0 0 > --- 16 0 0 0 0 0 0 0 21 26 0 
Search(26, 1, 525, from 0): lock 10 tick 26 : < 0 0 0 0 0 0 0 0 0 0 1 > --- 16 0 0 0 0 0 0 0 21 0 26 
Search(27, 1, 526, from 1): lock 10 tick 27 : < 0 0 0 0 0 0 0 0 0 0 1 > --- 16 0 0 0 0 0 0 0 21 0 26 
Search(28, 1, 527, from 1): lock 10 tick 28 : < 0 0 0 0 0 0 0 0 0 0 2 > --- 16 0 0 0 0 0 0 0 21 0 26 
Search(29, 1, 528, from 2): lock 10 tick 29 : < 0 0 0 0 0 0 0 0 0 0 3 > --- 16 0 0 0 0 0 0 0 21 0 26 
CRITICAL id 10 lock 10 tick 30 limit 1
Search(30, 0, 529, from 3): lock -1 tick 30 : < 0 0 0 0 0 0 0 0 0 0 0 > --- 16 0 0 0 0 0 0 0 21 0 26 
Search(21, 2, 530, from 0): lock  9 tick 21 : < 0 0 0 0 0 0 0 0 0 1 0 > --- 16 0 0 0 0 0 0 0 0 21 0 
Search(22, 2, 531, from 1): lock  9 tick 22 : < 0 0 0 0 0 0 0 0 0 1 0 > --- 16 0 0 0 0 0 0 0 0 21 0 
Search(23, 2, 532, from 1): lock  9 tick 23 : < 0 0 0 0 0 0 0 0 0 2 0 > --- 16 0 0 0 0 0 0 0 0 21 0 
Search(24, 2, 533, from 2): lock  9 tick 24 : < 0 0 0 0 0 0 0 0 0 3 0 > --- 16 0 0 0 0 0 0 0 0 21 0 
CRITICAL id 9 lock 9 tick 25 limit 2
Search(25, 1, 534, from 3): lock -1 tick 25 : < 0 0 0 0 0 0 0 0 0 0 0 > --- 16 0 0 0 0 0 0 0 0 21 0 
Search(26, 1, 535, from 0): lock  0 tick 26 : < 1 0 0 0 0 0 0 0 0 0 0 > --- 26 0 0 0 0 0 0 0 0 21 0 
Search(27, 1, 536, from 1): lock  0 tick 27 : < 1 0 0 0 0 0 0 0 0 0 0 > --- 26 0 0 0 0 0 0 0 0 21 0 
Search(28, 1, 537, from 1): lock  0 tick 28 : < 2 0 0 0 0 0 0 0 0 0 0 > --- 26 0 0 0 0 0 0 0 0 21 0 
Search(29, 1, 538, from 2): lock  0 tick 29 : < 3 0 0 0 0 0 0 0 0 0 0 > --- 26 0 0 0 0 0 0 0 0 21 0 
CRITICAL id 0 lock 0 tick 30 limit 1
Search(30, 0, 539, from 3): lock -1 tick 30 : < 0 0 0 0 0 0 0 0 0 0 0 > --- 26 0 0 0 0 0 0 0 0 21 0 
Search(26, 1, 540, from 0): lock  1 tick 26 : < 0 1 0 0 0 0 0 0 0 0 0 > --- 16 26 0 0 0 0 0 0 0 21 0 
Search(27, 1, 541, from 1): lock  1 tick 27 : < 0 1 0 0 0 0 0 0 0 0 0 > --- 16 26 0 0 0 0 0 0 0 21 0 
Search(28, 1, 542, from 1): lock  1 tick 28 : < 0 2 0 0 0 0 0 0 0 0 0 > --- 16 26 0 0 0 0 0 0 0 21 0 
Search(29, 1, 543, from 2): lock  1 tick 29 : < 0 3 0 0 0 0 0 0 0 0 0 > --- 16 26 0 0 0 0 0 0 0 21 0 
CRITICAL id 1 lock 1 tick 30 limit 1
Search(30, 0, 544, from 3): lock -1 tick 30 : < 0 0 0 0 0 0 0 0 0 0 0 > --- 16 26 0 0 0 0 0 0 0 21 0 
Search(26, 1, 545, from 0): lock  2 tick 26 : < 0 0 1 0 0 0 0 0 0 0 0 > --- 16 0 26 0 0 0 0 0 0 21 0 
Search(27, 1, 546, from 1): lock  2 tick 27 : < 0 0 1 0 0 0 0 0 0 0 0 > --- 16 0 26 0 0 0 0 0 0 21 0 
Search(28, 1, 547, from 1): lock  2 tick 28 : < 0 0 2 0 0 0 0 0 0 0 0 > --- 16 0 26 0 0 0 0 0 0 21 0 
Search(29, 1, 548, from 2): lock  2 tick 29 : < 0 0 3 0 0 0 0 0 0 0 0 > --- 16 0 26 0 0 0 0 0 0 21 0 
CRITICAL id 2 lock 2 tick 30 limit 1
Search(30, 0, 549, from 3): lock -1 tick 30 : < 0 0 0 0 0 0 0 0 0 0 0 > --- 16 0 26 0 0 0 0 0 0 21 0 
Search(26, 1, 550, from 0): lock  3 tick 26 : < 0 0 0 1 0 0 0 0 0 0 0 > --- 16 0 0 26 0 0 0 0 0 21 0 
Search(27, 1, 551, from 1): lock  3 tick 27 : < 0 0 0 1 0 0 0 0 0 0 0 > --- 16 0 0 26 0 0 0 0 0 21 0 
Search(28, 1, 552, from 1): lock  3 tick 28 : < 0 0 0 2 0 0 0 0 0 0 0 > --- 16 0 0 26 0 0 0 0 0 21 0 
Search(29, 1, 553, from 2): lock  3 tick 29 : < 0 0 0 3 0 0 0 0 0 0 0 > --- 16 0 0 26 0 0 0 0 0 21 0 
CRITICAL id 3 lock 3 tick 30 limit 1
Search(30, 0, 554, from 3): lock -1 tick 30 : < 0 0 0 0 0 0 0 0 0 0 0 > --- 16 0 0 26 0 0 0 0 0 21 0 
Search(26, 1, 555, from 0): lock  4 tick 26 : < 0 0 0 0 1 0 0 0 0 0 0 > --- 16 0 0 0 26 0 0 0 0 21 0 
Search(27, 1, 556, from 1): lock  4 tick 27 : < 0 0 0 0 1 0 0 0 0 0 0 > --- 16 0 0 0 26 0 0 0 0 21 0 
Search(28, 1, 557, from 1): lock  4 tick 28 : < 0 0 0 0 2 0 0 0 0 0 0 > --- 16 0 0 0 26 0 0 0 0 21 0 
Search(29, 1, 558, from 2): lock  4 tick 29 : < 0 0 0 0 3 0 0 0 0 0 0 > --- 16 0 0 0 26 0 0 0 0 21 0 
CRITICAL id 4 lock 4 tick 30 limit 1
Search(30, 0, 559, from 3): lock -1 tick 30 : < 0 0 0 0 0 0 0 0 0 0 0 > --- 16 0 0 0 26 0 0 0 0 21 0 
Search(26, 1, 560, from 0): lock  5 tick 26 : < 0 0 0 0 0 1 0 0 0 0 0 > --- 16 0 0 0 0 26 0 0 0 21 0 
Search(27, 1, 561, from 1): lock  5 tick 27 : < 0 0 0 0 0 1 0 0 0 0 0 > --- 16 0 0 0 0 26 0 0 0 21 0 
Search(28, 1, 562, from 1): lock  5 tick 28 : < 0 0 0 0 0 2 0 0 0 0 0 > --- 16 0 0 0 0 26 0 0 0 21 0 
Search(29, 1, 563, from 2): lock  5 tick 29 : < 0 0 0 0 0 3 0 0 0 0 0 > --- 16 0 0 0 0 26 0 0 0 21 0 
CRITICAL id 5 lock 5 tick 30 limit 1
Search(30, 0, 564, from 3): lock -1 tick 30 : < 0 0 0 0 0 0 0 0 0 0 0 > --- 16 0 0 0 0 26 0 0 0 21 0 
Search(26, 1, 565, from 0): lock  6 tick 26 : < 0 0 0 0 0 0 1 0 0 0 0 > --- 16 0 0 0 0 0 26 0 0 21 0 
Search(27, 1, 566, from 1): lock  6 tick 27 : < 0 0 0 0 0 0 1 0 0 0 0 > --- 16 0 0 0 0 0 26 0 0 21 0 
Search(28, 1, 567, from 1): lock  6 tick 28 : < 0 0 0 0 0 0 2 0 0 0 0 > --- 16 0 0 0 0 0 26 0 0 21 0 
Search(29, 1, 568, from 2): lock  6 tick 29 : < 0 0 0 0 0 0 3 0 0 0 0 > --- 16 0 0 0 0 0 26 0 0 21 0 
CRITICAL id 6 lock 6 tick 30 limit 1
Search(30, 0, 569, from 3): lock -1 tick 30 : < 0 0 0 0 0 0 0 0 0 0 0 > --- 16 0 0 0 0 0 26 0 0 21 0 
Search(26, 1, 570, from 0): lock  7 tick 26 : < 0 0 0 0 0 0 0 1 0 0 0 > --- 16 0 0 0 0 0 0 26 0 21 0 
Search(27, 1, 571, from 1): lock  7 tick 27 : < 0 0 0 0 0 0 0 1 0 0 0 > --- 16 0 0 0 0 0 0 26 0 21 0 
Search(28, 1, 572, from 1): lock  7 tick 28 : < 0 0 0 0 0 0 0 2 0 0 0 > --- 16 0 0 0 0 0 0 26 0 21 0 
Search(29, 1, 573, from 2): lock  7 tick 29 : < 0 0 0 0 0 0 0 3 0 0 0 > --- 16 0 0 0 0 0 0 26 0 21 0 
CRITICAL id 7 lock 7 tick 30 limit 1
Search(30, 0, 574, from 3): lock -1 tick 30 : < 0 0 0 0 0 0 0 0 0 0 0 > --- 16 0 0 0 0 0 0 26 0 21 0 
Search(26, 1, 575, from 0): lock  8 tick 26 : < 0 0 0 0 0 0 0 0 1 0 0 > --- 16 0 0 0 0 0 0 0 26 21 0 
Search(27, 1, 576, from 1): lock  8 tick 27 : < 0 0 0 0 0 0 0 0 1 0 0 > --- 16 0 0 0 0 0 0 0 26 21 0 
Search(28, 1, 577, from 1): lock  8 tick 28 : < 0 0 0 0 0 0 0 0 2 0 0 > --- 16 0 0 0 0 0 0 0 26 21 0 
Search(29, 1, 578, from 2): lock  8 tick 29 : < 0 0 0 0 0 0 0 0 3 0 0 > --- 16 0 0 0 0 0 0 0 26 21 0 
CRITICAL id 8 lock 8 tick 30 limit 1
Search(30, 0, 579, from 3): lock -1 tick 30 : < 0 0 0 0 0 0 0 0 0 0 0 > --- 16 0 0 0 0 0 0 0 26 21 0 
Search(26, 1, 580, from 0): lock  9 tick 26 : < 0 0 0 0 0 0 0 0 0 1 0 > --- 16 0 0 0 0 0 0 0 0 26 0 
Search(26, 1, 581, from 0): lock 10 tick 26 : < 0 0 0 0 0 0 0 0 0 0 1 > --- 16 0 0 0 0 0 0 0 0 21 26 
Search(27, 1, 582, from 1): lock 10 tick 27 : < 0 0 0 0 0 0 0 0 0 0 1 > --- 16 0 0 0 0 0 0 0 0 21 26 
Search(28, 1, 583, from 1): lock 10 tick 28 : < 0 0 0 0 0 0 0 0 0 0 2 > --- 16 0 0 0 0 0 0 0 0 21 26 
Search(29, 1, 584, from 2): lock 10 tick 29 : < 0 0 0 0 0 0 0 0 0 0 3 > --- 16 0 0 0 0 0 0 0 0 21 26 
CRITICAL id 10 lock 10 tick 30 limit 1
Search(30, 0, 585, from 3): lock -1 tick 30 : < 0 0 0 0 0 0 0 0 0 0 0 > --- 16 0 0 0 0 0 0 0 0 21 26 
Search(21, 2, 586, from 0): lock 10 tick 21 : < 0 0 0 0 0 0 0 0 0 0 1 > --- 16 0 0 0 0 0 0 0 0 0 21 
Search(22, 2, 587, from 1): lock 10 tick 22 : < 0 0 0 0 0 0 0 0 0 0 1 > --- 16 0 0 0 0 0 0 0 0 0 21 
Search(23, 2, 588, from 1): lock 10 tick 23 : < 0 0 0 0 0 0 0 0 0 0 2 > --- 16 0 0 0 0 0 0 0 0 0 21 
Search(24, 2, 589, from 2): lock 10 tick 24 : < 0 0 0 0 0 0 0 0 0 0 3 > --- 16 0 0 0 0 0 0 0 0 0 21 
CRITICAL id 10 lock 10 tick 25 limit 2
Search(25, 1, 590, from 3): lock -1 tick 25 : < 0 0 0 0 0 0 0 0 0 0 0 > --- 16 0 0 0 0 0 0 0 0 0 21 
Search(26, 1, 591, from 0): lock  0 tick 26 : < 1 0 0 0 0 0 0 0 0 0 0 > --- 26 0 0 0 0 0 0 0 0 0 21 
Search(27, 1, 592, from 1): lock  0 tick 27 : < 1 0 0 0 0 0 0 0 0 0 0 > --- 26 0 0 0 0 0 0 0 0 0 21 
Search(28, 1, 593, from 1): lock  0 tick 28 : < 2 0 0 0 0 0 0 0 0 0 0 > --- 26 0 0 0 0 0 0 0 0 0 21 
Search(29, 1, 594, from 2): lock  0 tick 29 : < 3 0 0 0 0 0 0 0 0 0 0 > --- 26 0 0 0 0 0 0 0 0 0 21 
CRITICAL id 0 lock 0 tick 30 limit 1
Search(30, 0, 595, from 3): lock -1 tick 30 : < 0 0 0 0 0 0 0 0 0 0 0 > --- 26 0 0 0 0 0 0 0 0 0 21 
Search(26, 1, 596, from 0): lock  1 tick 26 : < 0 1 0 0 0 0 0 0 0 0 0 > --- 16 26 0 0 0 0 0 0 0 0 21 
Search(27, 1, 597, from 1): lock  1 tick 27 : < 0 1 0 0 0 0 0 0 0 0 0 > --- 16 26 0 0 0 0 0 0 0 0 21 
Search(28, 1, 598, from 1): lock  1 tick 28 : < 0 2 0 0 0 0 0 0 0 0 0 > --- 16 26 0 0 0 0 0 0 0 0 21 
Search(29, 1, 599, from 2): lock  1 tick 29 : < 0 3 0 0 0 0 0 0 0 0 0 > --- 16 26 0 0 0 0 0 0 0 0 21 
CRITICAL id 1 lock 1 tick 30 limit 1
Search(30, 0, 600, from 3): lock -1 tick 30 : < 0 0 0 0 0 0 0 0 0 0 0 > --- 16 26 0 0 0 0 0 0 0 0 21 
Search(26, 1, 601, from 0): lock  2 tick 26 : < 0 0 1 0 0 0 0 0 0 0 0 > --- 16 0 26 0 0 0 0 0 0 0 21 
Search(27, 1, 602, from 1): lock  2 tick 27 : < 0 0 1 0 0 0 0 0 0 0 0 > --- 16 0 26 0 0 0 0 0 0 0 21 
Search(28, 1, 603, from 1): lock  2 tick 28 : < 0 0 2 0 0 0 0 0 0 0 0 > --- 16 0 26 0 0 0 0 0 0 0 21 
Search(29, 1, 604, from 2): lock  2 tick 29 : < 0 0 3 0 0 0 0 0 0 0 0 > --- 16 0 26 0 0 0 0 0 0 0 21 
CRITICAL id 2 lock 2 tick 30 limit 1
Search(30, 0, 605, from 3): lock -1 tick 30 : < 0 0 0 0 0 0 0 0 0 0 0 > --- 16 0 26 0 0 0 0 0 0 0 21 
Search(26, 1, 606, from 0): lock  3 tick 26 : < 0 0 0 1 0 0 0 0 0 0 0 > --- 16 0 0 26 0 0 0 0 0 0 21 
Search(27, 1, 607, from 1): lock  3 tick 27 : < 0 0 0 1 0 0 0 0 0 0 0 > --- 16 0 0 26 0 0 0 0 0 0 21 
Search(28, 1, 608, from 1): lock  3 tick 28 : < 0 0 0 2 0 0 0 0 0 0 0 > --- 16 0 0 26 0 0 0 0 0 0 21 
Search(29, 1, 609, from 2): lock  3 tick 29 : < 0 0 0 3 0 0 0 0 0 0 0 > --- 16 0 0 26 0 0 0 0 0 0 21 
CRITICAL id 3 lock 3 tick 30 limit 1
Search(30, 0, 610, from 3): lock -1 tick 30 : < 0 0 0 0 0 0 0 0 0 0 0 > --- 16 0 0 26 0 0 0 0 0 0 21 
Search(26, 1, 611, from 0): lock  4 tick 26 : < 0 0 0 0 1 0 0 0 0 0 0 > --- 16 0 0 0 26 0 0 0 0 0 21 
Search(27, 1, 612, from 1): lock  4 tick 27 : < 0 0 0 0 1 0 0 0 0 0 0 > --- 16 0 0 0 26 0 0 0 0 0 21 
Search(28, 1, 613, from 1): lock  4 tick 28 : < 0 0 0 0 2 0 0 0 0 0 0 > --- 16 0 0 0 26 0 0 0 0 0 21 
Search(29, 1, 614, from 2): lock  4 tick 29 : < 0 0 0 0 3 0 0 0 0 0 0 > --- 16 0 0 0 26 0 0 0 0 0 21 
CRITICAL id 4 lock 4 tick 30 limit 1
Search(30, 0, 615, from 3): lock -1 tick 30 : < 0 0 0 0 0 0 0 0 0 0 0 > --- 16 0 0 0 26 0 0 0 0 0 21 
Search(26, 1, 616, from 0): lock  5 tick 26 : < 0 0 0 0 0 1 0 0 0 0 0 > --- 16 0 0 0 0 26 0 0 0 0 21 
Search(27, 1, 617, from 1): lock  5 tick 27 : < 0 0 0 0 0 1 0 0 0 0 0 > --- 16 0 0 0 0 26 0 0 0 0 21 
Search(28, 1, 618, from 1): lock  5 tick 28 : < 0 0 0 0 0 2 0 0 0 0 0 > --- 16 0 0 0 0 26 0 0 0 0 21 
Search(29, 1, 619, from 2): lock  5 tick 29 : < 0 0 0 0 0 3 0 0 0 0 0 > --- 16 0 0 0 0 26 0 0 0 0 21 
CRITICAL id 5 lock 5 tick 30 limit 1
Search(30, 0, 620, from 3): lock -1 tick 30 : < 0 0 0 0 0 0 0 0 0 0 0 > --- 16 0 0 0 0 26 0 0 0 0 21 
Search(26, 1, 621, from 0): lock  6 tick 26 : < 0 0 0 0 0 0 1 0 0 0 0 > --- 16 0 0 0 0 0 26 0 0 0 21 
Search(27, 1, 622, from 1): lock  6 tick 27 : < 0 0 0 0 0 0 1 0 0 0 0 > --- 16 0 0 0 0 0 26 0 0 0 21 
Search(28, 1, 623, from 1): lock  6 tick 28 : < 0 0 0 0 0 0 2 0 0 0 0 > --- 16 0 0 0 0 0 26 0 0 0 21 
Search(29, 1, 624, from 2): lock  6 tick 29 : < 0 0 0 0 0 0 3 0 0 0 0 > --- 16 0 0 0 0 0 26 0 0 0 21 
CRITICAL id 6 lock 6 tick 30 limit 1
Search(30, 0, 625, from 3): lock -1 tick 30 : < 0 0 0 0 0 0 0 0 0 0 0 > --- 16 0 0 0 0 0 26 0 0 0 21 
Search(26, 1, 626, from 0): lock  7 tick 26 : < 0 0 0 0 0 0 0 1 0 0 0 > --- 16 0 0 0 0 0 0 26 0 0 21 
Search(27, 1, 627, from 1): lock  7 tick 27 : < 0 0 0 0 0 0 0 1 0 0 0 > --- 16 0 0 0 0 0 0 26 0 0 21 
Search(28, 1, 628, from 1): lock  7 tick 28 : < 0 0 0 0 0 0 0 2 0 0 0 > --- 16 0 0 0 0 0 0 26 0 0 21 
Search(29, 1, 629, from 2): lock  7 tick 29 : < 0 0 0 0 0 0 0 3 0 0 0 > --- 16 0 0 0 0 0 0 26 0 0 21 
CRITICAL id 7 lock 7 tick 30 limit 1
Search(30, 0, 630, from 3): lock -1 tick 30 : < 0 0 0 0 0 0 0 0 0 0 0 > --- 16 0 0 0 0 0 0 26 0 0 21 
Search(26, 1, 631, from 0): lock  8 tick 26 : < 0 0 0 0 0 0 0 0 1 0 0 > --- 16 0 0 0 0 0 0 0 26 0 21 
Search(27, 1, 632, from 1): lock  8 tick 27 : < 0 0 0 0 0 0 0 0 1 0 0 > --- 16 0 0 0 0 0 0 0 26 0 21 
Search(28, 1, 633, from 1): lock  8 tick 28 : < 0 0 0 0 0 0 0 0 2 0 0 > --- 16 0 0 0 0 0 0 0 26 0 21 
Search(29, 1, 634, from 2): lock  8 tick 29 : < 0 0 0 0 0 0 0 0 3 0 0 > --- 16 0 0 0 0 0 0 0 26 0 21 
CRITICAL id 8 lock 8 tick 30 limit 1
Search(30, 0, 635, from 3): lock -1 tick 30 : < 0 0 0 0 0 0 0 0 0 0 0 > --- 16 0 0 0 0 0 0 0 26 0 21 
Search(26, 1, 636, from 0): lock  9 tick 26 : < 0 0 0 0 0 0 0 0 0 1 0 > --- 16 0 0 0 0 0 0 0 0 26 21 
Search(27, 1, 637, from 1): lock  9 tick 27 : < 0 0 0 0 0 0 0 0 0 1 0 > --- 16 0 0 0 0 0 0 0 0 26 21 
Search(28, 1, 638, from 1): lock  9 tick 28 : < 0 0 0 0 0 0 0 0 0 2 0 > --- 16 0 0 0 0 0 0 0 0 26 21 
Search(29, 1, 639, from 2): lock  9 tick 29 : < 0 0 0 0 0 0 0 0 0 3 0 > --- 16 0 0 0 0 0 0 0 0 26 21 
CRITICAL id 9 lock 9 tick 30 limit 1
Search(30, 0, 640, from 3): lock -1 tick 30 : < 0 0 0 0 0 0 0 0 0 0 0 > --- 16 0 0 0 0 0 0 0 0 26 21 
Search(26, 1, 641, from 0): lock 10 tick 26 : < 0 0 0 0 0 0 0 0 0 0 1 > --- 16 0 0 0 0 0 0 0 0 0 26 
Search(16, 3, 642, from 0): lock  1 tick 16 : < 0 1 0 0 0 0 0 0 0 0 0 > --- 11 16 0 0 0 0 0 0 0 0 0 
Search(17, 3, 643, from 1): lock  1 tick 17 : < 0 1 0 0 0 0 0 0 0 0 0 > --- 11 16 0 0 0 0 0 0 0 0 0 
Search(18, 3, 644, from 1): lock  1 tick 18 : < 0 2 0 0 0 0 0 0 0 0 0 > --- 11 16 0 0 0 0 0 0 0 0 0 
Search(19, 3, 645, from 2): lock  1 tick 19 : < 0 3 0 0 0 0 0 0 0 0 0 > --- 11 16 0 0 0 0 0 0 0 0 0 
CRITICAL id 1 lock 1 tick 20 limit 3
Search(20, 2, 646, from 3): lock -1 tick 20 : < 0 0 0 0 0 0 0 0 0 0 0 > --- 11 16 0 0 0 0 0 0 0 0 0 
Search(16, 3, 647, from 0): lock  2 tick 16 : < 0 0 1 0 0 0 0 0 0 0 0 > --- 11 0 16 0 0 0 0 0 0 0 0 
Search(17, 3, 648, from 1): lock  2 tick 17 : < 0 0 1 0 0 0 0 0 0 0 0 > --- 11 0 16 0 0 0 0 0 0 0 0 
Search(18, 3, 649, from 1): lock  2 tick 18 : < 0 0 2 0 0 0 0 0 0 0 0 > --- 11 0 16 0 0 0 0 0 0 0 0 
Search(19, 3, 650, from 2): lock  2 tick 19 : < 0 0 3 0 0 0 0 0 0 0 0 > --- 11 0 16 0 0 0 0 0 0 0 0 
CRITICAL id 2 lock 2 tick 20 limit 3
Search(20, 2, 651, from 3): lock -1 tick 20 : < 0 0 0 0 0 0 0 0 0 0 0 > --- 11 0 16 0 0 0 0 0 0 0 0 
Search(16, 3, 652, from 0): lock  3 tick 16 : < 0 0 0 1 0 0 0 0 0 0 0 > --- 11 0 0 16 0 0 0 0 0 0 0 
Search(17, 3, 653, from 1): lock  3 tick 17 : < 0 0 0 1 0 0 0 0 0 0 0 > --- 11 0 0 16 0 0 0 0 0 0 0 
Search(18, 3, 654, from 1): lock  3 tick 18 : < 0 0 0 2 0 0 0 0 0 0 0 > --- 11 0 0 16 0 0 0 0 0 0 0 
Search(19, 3, 655, from 2): lock  3 tick 19 : < 0 0 0 3 0 0 0 0 0 0 0 > --- 11 0 0 16 0 0 0 0 0 0 0 
CRITICAL id 3 lock 3 tick 20 limit 3
Search(20, 2, 656, from 3): lock -1 tick 20 : < 0 0 0 0 0 0 0 0 0 0 0 > --- 11 0 0 16 0 0 0 0 0 0 0 
Search(16, 3, 657, from 0): lock  4 tick 16 : < 0 0 0 0 1 0 0 0 0 0 0 > --- 11 0 0 0 16 0 0 0 0 0 0 
Search(17, 3, 658, from 1): lock  4 tick 17 : < 0 0 0 0 1 0 0 0 0 0 0 > --- 11 0 0 0 16 0 0 0 0 0 0 
Search(18, 3, 659, from 1): lock  4 tick 18 : < 0 0 0 0 2 0 0 0 0 0 0 > --- 11 0 0 0 16 0 0 0 0 0 0 
Search(19, 3, 660, from 2): lock  4 tick 19 : < 0 0 0 0 3 0 0 0 0 0 0 > --- 11 0 0 0 16 0 0 0 0 0 0 
CRITICAL id 4 lock 4 tick 20 limit 3
Search(20, 2, 661, from 3): lock -1 tick 20 : < 0 0 0 0 0 0 0 0 0 0 0 > --- 11 0 0 0 16 0 0 0 0 0 0 
Search(16, 3, 662, from 0): lock  5 tick 16 : < 0 0 0 0 0 1 0 0 0 0 0 > --- 11 0 0 0 0 16 0 0 0 0 0 
Search(17, 3, 663, from 1): lock  5 tick 17 : < 0 0 0 0 0 1 0 0 0 0 0 > --- 11 0 0 0 0 16 0 0 0 0 0 
Search(18, 3, 664, from 1): lock  5 tick 18 : < 0 0 0 0 0 2 0 0 0 0 0 > --- 11 0 0 0 0 16 0 0 0 0 0 
Search(19, 3, 665, from 2): lock  5 tick 19 : < 0 0 0 0 0 3 0 0 0 0 0 > --- 11 0 0 0 0 16 0 0 0 0 0 
CRITICAL id 5 lock 5 tick 20 limit 3
Search(20, 2, 666, from 3): lock -1 tick 20 : < 0 0 0 0 0 0 0 0 0 0 0 > --- 11 0 0 0 0 16 0 0 0 0 0 
Search(16, 3, 667, from 0): lock  6 tick 16 : < 0 0 0 0 0 0 1 0 0 0 0 > --- 11 0 0 0 0 0 16 0 0 0 0 
Search(17, 3, 668, from 1): lock  6 tick 17 : < 0 0 0 0 0 0 1 0 0 0 0 > --- 11 0 0 0 0 0 16 0 0 0 0 
Search(18, 3, 669, from 1): lock  6 tick 18 : < 0 0 0 0 0 0 2 0 0 0 0 > --- 11 0 0 0 0 0 16 0 0 0 0 
Search(19, 3, 670, from 2): lock  6 tick 19 : < 0 0 0 0 0 0 3 0 0 0 0 > --- 11 0 0 0 0 0 16 0 0 0 0 
CRITICAL id 6 lock 6 tick 20 limit 3
Search(20, 2, 671, from 3): lock -1 tick 20 : < 0 0 0 0 0 0 0 0 0 0 0 > --- 11 0 0 0 0 0 16 0 0 0 0 
Search(16, 3, 672, from 0): lock  7 tick 16 : < 0 0 0 0 0 0 0 1 0 0 0 > --- 11 0 0 0 0 0 0 16 0 0 0 
Search(17, 3, 673, from 1): lock  7 tick 17 : < 0 0 0 0 0 0 0 1 0 0 0 > --- 11 0 0 0 0 0 0 16 0 0 0 
Search(18, 3, 674, from 1): lock  7 tick 18 : < 0 0 0 0 0 0 0 2 0 0 0 > --- 11 0 0 0 0 0 0 16 0 0 0 
Search(19, 3, 675, from 2): lock  7 tick 19 : < 0 0 0 0 0 0 0 3 0 0 0 > --- 11 0 0 0 0 0 0 16 0 0 0 
CRITICAL id 7 lock 7 tick 20 limit 3
Search(20, 2, 676, from 3): lock -1 tick 20 : < 0 0 0 0 0 0 0 0 0 0 0 > --- 11 0 0 0 0 0 0 16 0 0 0 
Search(16, 3, 677, from 0): lock  8 tick 16 : < 0 0 0 0 0 0 0 0 1 0 0 > --- 11 0 0 0 0 0 0 0 16 0 0 
Search(17, 3, 678, from 1): lock  8 tick 17 : < 0 0 0 0 0 0 0 0 1 0 0 > --- 11 0 0 0 0 0 0 0 16 0 0 
Search(18, 3, 679, from 1): lock  8 tick 18 : < 0 0 0 0 0 0 0 0 2 0 0 > --- 11 0 0 0 0 0 0 0 16 0 0 
Search(19, 3, 680, from 2): lock  8 tick 19 : < 0 0 0 0 0 0 0 0 3 0 0 > --- 11 0 0 0 0 0 0 0 16 0 0 
CRITICAL id 8 lock 8 tick 20 limit 3
Search(20, 2, 681, from 3): lock -1 tick 20 : < 0 0 0 0 0 0 0 0 0 0 0 > --- 11 0 0 0 0 0 0 0 16 0 0 
Search(16, 3, 682, from 0): lock  9 tick 16 : < 0 0 0 0 0 0 0 0 0 1 0 > --- 11 0 0 0 0 0 0 0 0 16 0 
Search(17, 3, 683, from 1): lock  9 tick 17 : < 0 0 0 0 0 0 0 0 0 1 0 > --- 11 0 0 0 0 0 0 0 0 16 0 
Search(18, 3, 684, from 1): lock  9 tick 18 : < 0 0 0 0 0 0 0 0 0 2 0 > --- 11 0 0 0 0 0 0 0 0 16 0 
Search(19, 3, 685, from 2): lock  9 tick 19 : < 0 0 0 0 0 0 0 0 0 3 0 > --- 11 0 0 0 0 0 0 0 0 16 0 
CRITICAL id 9 lock 9 tick 20 limit 3
Search(20, 2, 686, from 3): lock -1 tick 20 : < 0 0 0 0 0 0 0 0 0 0 0 > --- 11 0 0 0 0 0 0 0 0 16 0 
Search(16, 3, 687, from 0): lock 10 tick 16 : < 0 0 0 0 0 0 0 0 0 0 1 > --- 11 0 0 0 0 0 0 0 0 0 16 
Search(17, 3, 688, from 1): lock 10 tick 17 : < 0 0 0 0 0 0 0 0 0 0 1 > --- 11 0 0 0 0 0 0 0 0 0 16 
Search(18, 3, 689, from 1): lock 10 tick 18 : < 0 0 0 0 0 0 0 0 0 0 2 > --- 11 0 0 0 0 0 0 0 0 0 16 
Search(19, 3, 690, from 2): lock 10 tick 19 : < 0 0 0 0 0 0 0 0 0 0 3 > --- 11 0 0 0 0 0 0 0 0 0 16 
CRITICAL id 10 lock 10 tick 20 limit 3
Search(20, 2, 691, from 3): lock -1 tick 20 : < 0 0 0 0 0 0 0 0 0 0 0 > --- 11 0 0 0 0 0 0 0 0 0 16 
Search(11, 4, 692, from 0): lock  1 tick 11 : < 0 1 0 0 0 0 0 0 0 0 0 > --- 6 11 0 0 0 0 0 0 0 0 0 
Search(12, 4, 693, from 1): lock  1 tick 12 : < 0 1 0 0 0 0 0 0 0 0 0 > --- 6 11 0 0 0 0 0 0 0 0 0 
Search(13, 4, 694, from 1): lock  1 tick 13 : < 0 2 0 0 0 0 0 0 0 0 0 > --- 6 11 0 0 0 0 0 0 0 0 0 
Search(14, 4, 695, from 2): lock  1 tick 14 : < 0 3 0 0 0 0 0 0 0 0 0 > --- 6 11 0 0 0 0 0 0 0 0 0 
CRITICAL id 1 lock 1 tick 15 limit 4
Search(15, 3, 696, from 3): lock -1 tick 15 : < 0 0 0 0 0 0 0 0 0 0 0 > --- 6 11 0 0 0 0 0 0 0 0 0 
Search(11, 4, 697, from 0): lock  2 tick 11 : < 0 0 1 0 0 0 0 0 0 0 0 > --- 6 0 11 0 0 0 0 0 0 0 0 
Search(12, 4, 698, from 1): lock  2 tick 12 : < 0 0 1 0 0 0 0 0 0 0 0 > --- 6 0 11 0 0 0 0 0 0 0 0 
Search(13, 4, 699, from 1): lock  2 tick 13 : < 0 0 2 0 0 0 0 0 0 0 0 > --- 6 0 11 0 0 0 0 0 0 0 0 
Search(14, 4, 700, from 2): lock  2 tick 14 : < 0 0 3 0 0 0 0 0 0 0 0 > --- 6 0 11 0 0 0 0 0 0 0 0 
CRITICAL id 2 lock 2 tick 15 limit 4
Search(15, 3, 701, from 3): lock -1 tick 15 : < 0 0 0 0 0 0 0 0 0 0 0 > --- 6 0 11 0 0 0 0 0 0 0 0 
Search(11, 4, 702, from 0): lock  3 tick 11 : < 0 0 0 1 0 0 0 0 0 0 0 > --- 6 0 0 11 0 0 0 0 0 0 0 
Search(12, 4, 703, from 1): lock  3 tick 12 : < 0 0 0 1 0 0 0 0 0 0 0 > --- 6 0 0 11 0 0 0 0 0 0 0 
Search(13, 4, 704, from 1): lock  3 tick 13 : < 0 0 0 2 0 0 0 0 0 0 0 > --- 6 0 0 11 0 0 0 0 0 0 0 
Search(14, 4, 705, from 2): lock  3 tick 14 : < 0 0 0 3 0 0 0 0 0 0 0 > --- 6 0 0 11 0 0 0 0 0 0 0 
CRITICAL id 3 lock 3 tick 15 limit 4
Search(15, 3, 706, from 3): lock -1 tick 15 : < 0 0 0 0 0 0 0 0 0 0 0 > --- 6 0 0 11 0 0 0 0 0 0 0 
Search(11, 4, 707, from 0): lock  4 tick 11 : < 0 0 0 0 1 0 0 0 0 0 0 > --- 6 0 0 0 11 0 0 0 0 0 0 
Search(12, 4, 708, from 1): lock  4 tick 12 : < 0 0 0 0 1 0 0 0 0 0 0 > --- 6 0 0 0 11 0 0 0 0 0 0 
Search(13, 4, 709, from 1): lock  4 tick 13 : < 0 0 0 0 2 0 0 0 0 0 0 > --- 6 0 0 0 11 0 0 0 0 0 0 
Search(14, 4, 710, from 2): lock  4 tick 14 : < 0 0 0 0 3 0 0 0 0 0 0 > --- 6 0 0 0 11 0 0 0 0 0 0 
CRITICAL id 4 lock 4 tick 15 limit 4
Search(15, 3, 711, from 3): lock -1 tick 15 : < 0 0 0 0 0 0 0 0 0 0 0 > --- 6 0 0 0 11 0 0 0 0 0 0 
Search(11, 4, 712, from 0): lock  5 tick 11 : < 0 0 0 0 0 1 0 0 0 0 0 > --- 6 0 0 0 0 11 0 0 0 0 0 
Search(12, 4, 713, from 1): lock  5 tick 12 : < 0 0 0 0 0 1 0 0 0 0 0 > --- 6 0 0 0 0 11 0 0 0 0 0 
Search(13, 4, 714, from 1): lock  5 tick 13 : < 0 0 0 0 0 2 0 0 0 0 0 > --- 6 0 0 0 0 11 0 0 0 0 0 
Search(14, 4, 715, from 2): lock  5 tick 14 : < 0 0 0 0 0 3 0 0 0 0 0 > --- 6 0 0 0 0 11 0 0 0 0 0 
CRITICAL id 5 lock 5 tick 15 limit 4
Search(15, 3, 716, from 3): lock -1 tick 15 : < 0 0 0 0 0 0 0 0 0 0 0 > --- 6 0 0 0 0 11 0 0 0 0 0 
Search(11, 4, 717, from 0): lock  6 tick 11 : < 0 0 0 0 0 0 1 0 0 0 0 > --- 6 0 0 0 0 0 11 0 0 0 0 
Search(12, 4, 718, from 1): lock  6 tick 12 : < 0 0 0 0 0 0 1 0 0 0 0 > --- 6 0 0 0 0 0 11 0 0 0 0 
Search(13, 4, 719, from 1): lock  6 tick 13 : < 0 0 0 0 0 0 2 0 0 0 0 > --- 6 0 0 0 0 0 11 0 0 0 0 
Search(14, 4, 720, from 2): lock  6 tick 14 : < 0 0 0 0 0 0 3 0 0 0 0 > --- 6 0 0 0 0 0 11 0 0 0 0 
CRITICAL id 6 lock 6 tick 15 limit 4
Search(15, 3, 721, from 3): lock -1 tick 15 : < 0 0 0 0 0 0 0 0 0 0 0 > --- 6 0 0 0 0 0 11 0 0 0 0 
Search(11, 4, 722, from 0): lock  7 tick 11 : < 0 0 0 0 0 0 0 1 0 0 0 > --- 6 0 0 0 0 0 0 11 0 0 0 
Search(12, 4, 723, from 1): lock  7 tick 12 : < 0 0 0 0 0 0 0 1 0 0 0 > --- 6 0 0 0 0 0 0 11 0 0 0 
Search(13, 4, 724, from 1): lock  7 tick 13 : < 0 0 0 0 0 0 0 2 0 0 0 > --- 6 0 0 0 0 0 0 11 0 0 0 
Search(14, 4, 725, from 2): lock  7 tick 14 : < 0 0 0 0 0 0 0 3 0 0 0 > --- 6 0 0 0 0 0 0 11 0 0 0 
CRITICAL id 7 lock 7 tick 15 limit 4
Search(15, 3, 726, from 3): lock -1 tick 15 : < 0 0 0 0 0 0 0 0 0 0 0 > --- 6 0 0 0 0 0 0 11 0 0 0 
Search(11, 4, 727, from 0): lock  8 tick 11 : < 0 0 0 0 0 0 0 0 1 0 0 > --- 6 0 0 0 0 0 0 0 11 0 0 
Search(12, 4, 728, from 1): lock  8 tick 12 : < 0 0 0 0 0 0 0 0 1 0 0 > --- 6 0 0 0 0 0 0 0 11 0 0 
Search(13, 4, 729, from 1): lock  8 tick 13 : < 0 0 0 0 0 0 0 0 2 0 0 > --- 6 0 0 0 0 0 0 0 11 0 0 
Search(14, 4, 730, from 2): lock  8 tick 14 : < 0 0 0 0 0 0 0 0 3 0 0 > --- 6 0 0 0 0 0 0 0 11 0 0 
CRITICAL id 8 lock 8 tick 15 limit 4
Search(15, 3, 731, from 3): lock -1 tick 15 : < 0 0 0 0 0 0 0 0 0 0 0 > --- 6 0 0 0 0 0 0 0 11 0 0 
Search(11, 4, 732, from 0): lock  9 tick 11 : < 0 0 0 0 0 0 0 0 0 1 0 > --- 6 0 0 0 0 0 0 0 0 11 0 
Search(12, 4, 733, from 1): lock  9 tick 12 : < 0 0 0 0 0 0 0 0 0 1 0 > --- 6 0 0 0 0 0 0 0 0 11 0 
Search(13, 4, 734, from 1): lock  9 tick 13 : < 0 0 0 0 0 0 0 0 0 2 0 > --- 6 0 0 0 0 0 0 0 0 11 0 
Search(14, 4, 735, from 2): lock  9 tick 14 : < 0 0 0 0 0 0 0 0 0 3 0 > --- 6 0 0 0 0 0 0 0 0 11 0 
CRITICAL id 9 lock 9 tick 15 limit 4
Search(15, 3, 736, from 3): lock -1 tick 15 : < 0 0 0 0 0 0 0 0 0 0 0 > --- 6 0 0 0 0 0 0 0 0 11 0 
Search(11, 4, 737, from 0): lock 10 tick 11 : < 0 0 0 0 0 0 0 0 0 0 1 > --- 6 0 0 0 0 0 0 0 0 0 11 
Search(12, 4, 738, from 1): lock 10 tick 12 : < 0 0 0 0 0 0 0 0 0 0 1 > --- 6 0 0 0 0 0 0 0 0 0 11 
Search(13, 4, 739, from 1): lock 10 tick 13 : < 0 0 0 0 0 0 0 0 0 0 2 > --- 6 0 0 0 0 0 0 0 0 0 11 
Search(14, 4, 740, from 2): lock 10 tick 14 : < 0 0 0 0 0 0 0 0 0 0 3 > --- 6 0 0 0 0 0 0 0 0 0 11 
CRITICAL id 10 lock 10 tick 15 limit 4
Search(15, 3, 741, from 3): lock -1 tick 15 : < 0 0 0 0 0 0 0 0 0 0 0 > --- 6 0 0 0 0 0 0 0 0 0 11 
Search(6, 5, 742, from 0): lock  1 tick 6 : < 0 1 0 0 0 0 0 0 0 0 0 > --- 1 6 0 0 0 0 0 0 0 0 0 
Search(7, 5, 743, from 1): lock  1 tick 7 : < 0 1 0 0 0 0 0 0 0 0 0 > --- 1 6 0 0 0 0 0 0 0 0 0 
Search(8, 5, 744, from 1): lock  1 tick 8 : < 0 2 0 0 0 0 0 0 0 0 0 > --- 1 6 0 0 0 0 0 0 0 0 0 
Search(9, 5, 745, from 2): lock  1 tick 9 : < 0 3 0 0 0 0 0 0 0 0 0 > --- 1 6 0 0 0 0 0 0 0 0 0 
CRITICAL id 1 lock 1 tick 10 limit 5
Search(10, 4, 746, from 3): lock -1 tick 10 : < 0 0 0 0 0 0 0 0 0 0 0 > --- 1 6 0 0 0 0 0 0 0 0 0 
Search(6, 5, 747, from 0): lock  2 tick 6 : < 0 0 1 0 0 0 0 0 0 0 0 > --- 1 0 6 0 0 0 0 0 0 0 0 
Search(7, 5, 748, from 1): lock  2 tick 7 : < 0 0 1 0 0 0 0 0 0 0 0 > --- 1 0 6 0 0 0 0 0 0 0 0 
Search(8, 5, 749, from 1): lock  2 tick 8 : < 0 0 2 0 0 0 0 0 0 0 0 > --- 1 0 6 0 0 0 0 0 0 0 0 
Search(9, 5, 750, from 2): lock  2 tick 9 : < 0 0 3 0 0 0 0 0 0 0 0 > --- 1 0 6 0 0 0 0 0 0 0 0 
CRITICAL id 2 lock 2 tick 10 limit 5
Search(10, 4, 751, from 3): lock -1 tick 10 : < 0 0 0 0 0 0 0 0 0 0 0 > --- 1 0 6 0 0 0 0 0 0 0 0 
Search(6, 5, 752, from 0): lock  3 tick 6 : < 0 0 0 1 0 0 0 0 0 0 0 > --- 1 0 0 6 0 0 0 0 0 0 0 
Search(7, 5, 753, from 1): lock  3 tick 7 : < 0 0 0 1 0 0 0 0 0 0 0 > --- 1 0 0 6 0 0 0 0 0 0 0 
Search(8, 5, 754, from 1): lock  3 tick 8 : < 0 0 0 2 0 0 0 0 0 0 0 > --- 1 0 0 6 0 0 0 0 0 0 0 
Search(9, 5, 755, from 2): lock  3 tick 9 : < 0 0 0 3 0 0 0 0 0 0 0 > --- 1 0 0 6 0 0 0 0 0 0 0 
CRITICAL id 3 lock 3 tick 10 limit 5
Search(10, 4, 756, from 3): lock -1 tick 10 : < 0 0 0 0 0 0 0 0 0 0 0 > --- 1 0 0 6 0 0 0 0 0 0 0 
Search(6, 5, 757, from 0): lock  4 tick 6 : < 0 0 0 0 1 0 0 0 0 0 0 > --- 1 0 0 0 6 0 0 0 0 0 0 
Search(7, 5, 758, from 1): lock  4 tick 7 : < 0 0 0 0 1 0 0 0 0 0 0 > --- 1 0 0 0 6 0 0 0 0 0 0 
Search(8, 5, 759, from 1): lock  4 tick 8 : < 0 0 0 0 2 0 0 0 0 0 0 > --- 1 0 0 0 6 0 0 0 0 0 0 
Search(9, 5, 760, from 2): lock  4 tick 9 : < 0 0 0 0 3 0 0 0 0 0 0 > --- 1 0 0 0 6 0 0 0 0 0 0 
CRITICAL id 4 lock 4 tick 10 limit 5
Search(10, 4, 761, from 3): lock -1 tick 10 : < 0 0 0 0 0 0 0 0 0 0 0 > --- 1 0 0 0 6 0 0 0 0 0 0 
Search(6, 5, 762, from 0): lock  5 tick 6 : < 0 0 0 0 0 1 0 0 0 0 0 > --- 1 0 0 0 0 6 0 0 0 0 0 
Search(7, 5, 763, from 1): lock  5 tick 7 : < 0 0 0 0 0 1 0 0 0 0 0 > --- 1 0 0 0 0 6 0 0 0 0 0 
Search(8, 5, 764, from 1): lock  5 tick 8 : < 0 0 0 0 0 2 0 0 0 0 0 > --- 1 0 0 0 0 6 0 0 0 0 0 
Search(9, 5, 765, from 2): lock  5 tick 9 : < 0 0 0 0 0 3 0 0 0 0 0 > --- 1 0 0 0 0 6 0 0 0 0 0 
CRITICAL id 5 lock 5 tick 10 limit 5
Search(10, 4, 766, from 3): lock -1 tick 10 : < 0 0 0 0 0 0 0 0 0 0 0 > --- 1 0 0 0 0 6 0 0 0 0 0 
Search(6, 5, 767, from 0): lock  6 tick 6 : < 0 0 0 0 0 0 1 0 0 0 0 > --- 1 0 0 0 0 0 6 0 0 0 0 
Search(7, 5, 768, from 1): lock  6 tick 7 : < 0 0 0 0 0 0 1 0 0 0 0 > --- 1 0 0 0 0 0 6 0 0 0 0 
Search(8, 5, 769, from 1): lock  6 tick 8 : < 0 0 0 0 0 0 2 0 0 0 0 > --- 1 0 0 0 0 0 6 0 0 0 0 
Search(9, 5, 770, from 2): lock  6 tick 9 : < 0 0 0 0 0 0 3 0 0 0 0 > --- 1 0 0 0 0 0 6 0 0 0 0 
CRITICAL id 6 lock 6 tick 10 limit 5
Search(10, 4, 771, from 3): lock -1 tick 10 : < 0 0 0 0 0 0 0 0 0 0 0 > --- 1 0 0 0 0 0 6 0 0 0 0 
Search(6, 5, 772, from 0): lock  7 tick 6 : < 0 0 0 0 0 0 0 1 0 0 0 > --- 1 0 0 0 0 0 0 6 0 0 0 
Search(7, 5, 773, from 1): lock  7 tick 7 : < 0 0 0 0 0 0 0 1 0 0 0 > --- 1 0 0 0 0 0 0 6 0 0 0 
Search(8, 5, 774, from 1): lock  7 tick 8 : < 0 0 0 0 0 0 0 2 0 0 0 > --- 1 0 0 0 0 0 0 6 0 0 0 
Search(9, 5, 775, from 2): lock  7 tick 9 : < 0 0 0 0 0 0 0 3 0 0 0 > --- 1 0 0 0 0 0 0 6 0 0 0 
CRITICAL id 7 lock 7 tick 10 limit 5
Search(10, 4, 776, from 3): lock -1 tick 10 : < 0 0 0 0 0 0 0 0 0 0 0 > --- 1 0 0 0 0 0 0 6 0 0 0 
Search(6, 5, 777, from 0): lock  8 tick 6 : < 0 0 0 0 0 0 0 0 1 0 0 > --- 1 0 0 0 0 0 0 0 6 0 0 
Search(7, 5, 778, from 1): lock  8 tick 7 : < 0 0 0 0 0 0 0 0 1 0 0 > --- 1 0 0 0 0 0 0 0 6 0 0 
Search(8, 5, 779, from 1): lock  8 tick 8 : < 0 0 0 0 0 0 0 0 2 0 0 > --- 1 0 0 0 0 0 0 0 6 0 0 
Search(9, 5, 780, from 2): lock  8 tick 9 : < 0 0 0 0 0 0 0 0 3 0 0 > --- 1 0 0 0 0 0 0 0 6 0 0 
CRITICAL id 8 lock 8 tick 10 limit 5
Search(10, 4, 781, from 3): lock -1 tick 10 : < 0 0 0 0 0 0 0 0 0 0 0 > --- 1 0 0 0 0 0 0 0 6 0 0 
Search(6, 5, 782, from 0): lock  9 tick 6 : < 0 0 0 0 0 0 0 0 0 1 0 > --- 1 0 0 0 0 0 0 0 0 6 0 
Search(7, 5, 783, from 1): lock  9 tick 7 : < 0 0 0 0 0 0 0 0 0 1 0 > --- 1 0 0 0 0 0 0 0 0 6 0 
Search(8, 5, 784, from 1): lock  9 tick 8 : < 0 0 0 0 0 0 0 0 0 2 0 > --- 1 0 0 0 0 0 0 0 0 6 0 
Search(9, 5, 785, from 2): lock  9 tick 9 : < 0 0 0 0 0 0 0 0 0 3 0 > --- 1 0 0 0 0 0 0 0 0 6 0 
CRITICAL id 9 lock 9 tick 10 limit 5
Search(10, 4, 786, from 3): lock -1 tick 10 : < 0 0 0 0 0 0 0 0 0 0 0 > --- 1 0 0 0 0 0 0 0 0 6 0 
Search(6, 5, 787, from 0): lock 10 tick 6 : < 0 0 0 0 0 0 0 0 0 0 1 > --- 1 0 0 0 0 0 0 0 0 0 6 
Search(7, 5, 788, from 1): lock 10 tick 7 : < 0 0 0 0 0 0 0 0 0 0 1 > --- 1 0 0 0 0 0 0 0 0 0 6 
Search(8, 5, 789, from 1): lock 10 tick 8 : < 0 0 0 0 0 0 0 0 0 0 2 > --- 1 0 0 0 0 0 0 0 0 0 6 
Search(9, 5, 790, from 2): lock 10 tick 9 : < 0 0 0 0 0 0 0 0 0 0 3 > --- 1 0 0 0 0 0 0 0 0 0 6 
CRITICAL id 10 lock 10 tick 10 limit 5
Search(10, 4, 791, from 3): lock -1 tick 10 : < 0 0 0 0 0 0 0 0 0 0 0 > --- 1 0 0 0 0 0 0 0 0 0 6 
Search(1, 6, 792, from 0): lock  1 tick 1 : < 0 1 0 0 0 0 0 0 0 0 0 > --- 0 1 0 0 0 0 0 0 0 0 0 
Search(2, 6, 793, from 1): lock  1 tick 2 : < 0 1 0 0 0 0 0 0 0 0 0 > --- 0 1 0 0 0 0 0 0 0 0 0 
Search(3, 6, 794, from 1): lock  1 tick 3 : < 0 2 0 0 0 0 0 0 0 0 0 > --- 0 1 0 0 0 0 0 0 0 0 0 
Search(4, 6, 795, from 2): lock  1 tick 4 : < 0 3 0 0 0 0 0 0 0 0 0 > --- 0 1 0 0 0 0 0 0 0 0 0 
CRITICAL id 1 lock 1 tick 5 limit 6
Search(5, 5, 796, from 3): lock -1 tick 5 : < 0 0 0 0 0 0 0 0 0 0 0 > --- 0 1 0 0 0 0 0 0 0 0 0 
Search(1, 6, 797, from 0): lock  2 tick 1 : < 0 0 1 0 0 0 0 0 0 0 0 > --- 0 0 1 0 0 0 0 0 0 0 0 
Search(2, 6, 798, from 1): lock  2 tick 2 : < 0 0 1 0 0 0 0 0 0 0 0 > --- 0 0 1 0 0 0 0 0 0 0 0 
Search(3, 6, 799, from 1): lock  2 tick 3 : < 0 0 2 0 0 0 0 0 0 0 0 > --- 0 0 1 0 0 0 0 0 0 0 0 
Search(4, 6, 800, from 2): lock  2 tick 4 : < 0 0 3 0 0 0 0 0 0 0 0 > --- 0 0 1 0 0 0 0 0 0 0 0 
CRITICAL id 2 lock 2 tick 5 limit 6
Search(5, 5, 801, from 3): lock -1 tick 5 : < 0 0 0 0 0 0 0 0 0 0 0 > --- 0 0 1 0 0 0 0 0 0 0 0 
Search(1, 6, 802, from 0): lock  3 tick 1 : < 0 0 0 1 0 0 0 0 0 0 0 > --- 0 0 0 1 0 0 0 0 0 0 0 
Search(2, 6, 803, from 1): lock  3 tick 2 : < 0 0 0 1 0 0 0 0 0 0 0 > --- 0 0 0 1 0 0 0 0 0 0 0 
Search(3, 6, 804, from 1): lock  3 tick 3 : < 0 0 0 2 0 0 0 0 0 0 0 > --- 0 0 0 1 0 0 0 0 0 0 0 
Search(4, 6, 805, from 2): lock  3 tick 4 : < 0 0 0 3 0 0 0 0 0 0 0 > --- 0 0 0 1 0 0 0 0 0 0 0 
CRITICAL id 3 lock 3 tick 5 limit 6
Search(5, 5, 806, from 3): lock -1 tick 5 : < 0 0 0 0 0 0 0 0 0 0 0 > --- 0 0 0 1 0 0 0 0 0 0 0 
Search(1, 6, 807, from 0): lock  4 tick 1 : < 0 0 0 0 1 0 0 0 0 0 0 > --- 0 0 0 0 1 0 0 0 0 0 0 
Search(2, 6, 808, from 1): lock  4 tick 2 : < 0 0 0 0 1 0 0 0 0 0 0 > --- 0 0 0 0 1 0 0 0 0 0 0 
Search(3, 6, 809, from 1): lock  4 tick 3 : < 0 0 0 0 2 0 0 0 0 0 0 > --- 0 0 0 0 1 0 0 0 0 0 0 
Search(4, 6, 810, from 2): lock  4 tick 4 : < 0 0 0 0 3 0 0 0 0 0 0 > --- 0 0 0 0 1 0 0 0 0 0 0 
CRITICAL id 4 lock 4 tick 5 limit 6
Search(5, 5, 811, from 3): lock -1 tick 5 : < 0 0 0 0 0 0 0 0 0 0 0 > --- 0 0 0 0 1 0 0 0 0 0 0 
Search(1, 6, 812, from 0): lock  5 tick 1 : < 0 0 0 0 0 1 0 0 0 0 0 > --- 0 0 0 0 0 1 0 0 0 0 0 
Search(2, 6, 813, from 1): lock  5 tick 2 : < 0 0 0 0 0 1 0 0 0 0 0 > --- 0 0 0 0 0 1 0 0 0 0 0 
Search(3, 6, 814, from 1): lock  5 tick 3 : < 0 0 0 0 0 2 0 0 0 0 0 > --- 0 0 0 0 0 1 0 0 0 0 0 
Search(4, 6, 815, from 2): lock  5 tick 4 : < 0 0 0 0 0 3 0 0 0 0 0 > --- 0 0 0 0 0 1 0 0 0 0 0 
CRITICAL id 5 lock 5 tick 5 limit 6
Search(5, 5, 816, from 3): lock -1 tick 5 : < 0 0 0 0 0 0 0 0 0 0 0 > --- 0 0 0 0 0 1 0 0 0 0 0 
Search(1, 6, 817, from 0): lock  6 tick 1 : < 0 0 0 0 0 0 1 0 0 0 0 > --- 0 0 0 0 0 0 1 0 0 0 0 
Search(2, 6, 818, from 1): lock  6 tick 2 : < 0 0 0 0 0 0 1 0 0 0 0 > --- 0 0 0 0 0 0 1 0 0 0 0 
Search(3, 6, 819, from 1): lock  6 tick 3 : < 0 0 0 0 0 0 2 0 0 0 0 > --- 0 0 0 0 0 0 1 0 0 0 0 
Search(4, 6, 820, from 2): lock  6 tick 4 : < 0 0 0 0 0 0 3 0 0 0 0 > --- 0 0 0 0 0 0 1 0 0 0 0 
CRITICAL id 6 lock 6 tick 5 limit 6
Search(5, 5, 821, from 3): lock -1 tick 5 : < 0 0 0 0 0 0 0 0 0 0 0 > --- 0 0 0 0 0 0 1 0 0 0 0 
Search(1, 6, 822, from 0): lock  7 tick 1 : < 0 0 0 0 0 0 0 1 0 0 0 > --- 0 0 0 0 0 0 0 1 0 0 0 
Search(2, 6, 823, from 1): lock  7 tick 2 : < 0 0 0 0 0 0 0 1 0 0 0 > --- 0 0 0 0 0 0 0 1 0 0 0 
Search(3, 6, 824, from 1): lock  7 tick 3 : < 0 0 0 0 0 0 0 2 0 0 0 > --- 0 0 0 0 0 0 0 1 0 0 0 
Search(4, 6, 825, from 2): lock  7 tick 4 : < 0 0 0 0 0 0 0 3 0 0 0 > --- 0 0 0 0 0 0 0 1 0 0 0 
CRITICAL id 7 lock 7 tick 5 limit 6
Search(5, 5, 826, from 3): lock -1 tick 5 : < 0 0 0 0 0 0 0 0 0 0 0 > --- 0 0 0 0 0 0 0 1 0 0 0 
Search(1, 6, 827, from 0): lock  8 tick 1 : < 0 0 0 0 0 0 0 0 1 0 0 > --- 0 0 0 0 0 0 0 0 1 0 0 
Search(2, 6, 828, from 1): lock  8 tick 2 : < 0 0 0 0 0 0 0 0 1 0 0 > --- 0 0 0 0 0 0 0 0 1 0 0 
Search(3, 6, 829, from 1): lock  8 tick 3 : < 0 0 0 0 0 0 0 0 2 0 0 > --- 0 0 0 0 0 0 0 0 1 0 0 
Search(4, 6, 830, from 2): lock  8 tick 4 : < 0 0 0 0 0 0 0 0 3 0 0 > --- 0 0 0 0 0 0 0 0 1 0 0 
CRITICAL id 8 lock 8 tick 5 limit 6
Search(5, 5, 831, from 3): lock -1 tick 5 : < 0 0 0 0 0 0 0 0 0 0 0 > --- 0 0 0 0 0 0 0 0 1 0 0 
Search(1, 6, 832, from 0): lock  9 tick 1 : < 0 0 0 0 0 0 0 0 0 1 0 > --- 0 0 0 0 0 0 0 0 0 1 0 
Search(2, 6, 833, from 1): lock  9 tick 2 : < 0 0 0 0 0 0 0 0 0 1 0 > --- 0 0 0 0 0 0 0 0 0 1 0 
Search(3, 6, 834, from 1): lock  9 tick 3 : < 0 0 0 0 0 0 0 0 0 2 0 > --- 0 0 0 0 0 0 0 0 0 1 0 
Search(4, 6, 835, from 2): lock  9 tick 4 : < 0 0 0 0 0 0 0 0 0 3 0 > --- 0 0 0 0 0 0 0 0 0 1 0 
CRITICAL id 9 lock 9 tick 5 limit 6
Search(5, 5, 836, from 3): lock -1 tick 5 : < 0 0 0 0 0 0 0 0 0 0 0 > --- 0 0 0 0 0 0 0 0 0 1 0 
Search(1, 6, 837, from 0): lock 10 tick 1 : < 0 0 0 0 0 0 0 0 0 0 1 > --- 0 0 0 0 0 0 0 0 0 0 1 
Search(2, 6, 838, from 1): lock 10 tick 2 : < 0 0 0 0 0 0 0 0 0 0 1 > --- 0 0 0 0 0 0 0 0 0 0 1 
Search(3, 6, 839, from 1): lock 10 tick 3 : < 0 0 0 0 0 0 0 0 0 0 2 > --- 0 0 0 0 0 0 0 0 0 0 1 
Search(4, 6, 840, from 2): lock 10 tick 4 : < 0 0 0 0 0 0 0 0 0 0 3 > --- 0 0 0 0 0 0 0 0 0 0 1 
CRITICAL id 10 lock 10 tick 5 limit 6
Search(5, 5, 841, from 3): lock -1 tick 5 : < 0 0 0 0 0 0 0 0 0 0 0 > --- 0 0 0 0 0 0 0 0 0 0 1 
FINAL: Searchspace 841 Table 34 Subcount 50 Nosub 680
