Search(0, 6, 1, from -1): lock -1 tick 0 : < 0 0 0 0 > --- 0 0 0 0 
Search(1, 6, 2, from 0): lock  0 tick 1 : < 1 0 0 0 > --- 1 0 0 0 
Search(2, 6, 3, from 1): lock  0 tick 2 : < 1 0 0 0 > --- 1 0 0 0 
Search(3, 6, 4, from 1): lock  0 tick 3 : < 2 0 0 0 > --- 1 0 0 0 
Search(4, 6, 5, from 2): lock  0 tick 4 : < 3 0 0 0 > --- 1 0 0 0 
CRITICAL id 0 lock 0 tick 5 limit 6
Search(5, 5, 6, from 3): lock -1 tick 5 : < 0 0 0 0 > --- 1 0 0 0 
Search(6, 5, 7, from 0): lock  0 tick 6 : < 1 0 0 0 > --- 6 0 0 0 
Search(7, 5, 8, from 1): lock  0 tick 7 : < 1 0 0 0 > --- 6 0 0 0 
Search(8, 5, 9, from 1): lock  0 tick 8 : < 2 0 0 0 > --- 6 0 0 0 
Search(9, 5, 10, from 2): lock  0 tick 9 : < 3 0 0 0 > --- 6 0 0 0 
CRITICAL id 0 lock 0 tick 10 limit 5
Search(10, 4, 11, from 3): lock -1 tick 10 : < 0 0 0 0 > --- 6 0 0 0 
Search(11, 4, 12, from 0): lock  0 tick 11 : < 1 0 0 0 > --- 11 0 0 0 
Search(12, 4, 13, from 1): lock  0 tick 12 : < 1 0 0 0 > --- 11 0 0 0 
Search(13, 4, 14, from 1): lock  0 tick 13 : < 2 0 0 0 > --- 11 0 0 0 
Search(14, 4, 15, from 2): lock  0 tick 14 : < 3 0 0 0 > --- 11 0 0 0 
CRITICAL id 0 lock 0 tick 15 limit 4
Search(15, 3, 16, from 3): lock -1 tick 15 : < 0 0 0 0 > --- 11 0 0 0 
Search(16, 3, 17, from 0): lock  0 tick 16 : < 1 0 0 0 > --- 16 0 0 0 
Search(17, 3, 18, from 1): lock  0 tick 17 : < 1 0 0 0 > --- 16 0 0 0 
Search(18, 3, 19, from 1): lock  0 tick 18 : < 2 0 0 0 > --- 16 0 0 0 
Search(19, 3, 20, from 2): lock  0 tick 19 : < 3 0 0 0 > --- 16 0 0 0 
CRITICAL id 0 lock 0 tick 20 limit 3
Search(20, 2, 21, from 3): lock -1 tick 20 : < 0 0 0 0 > --- 16 0 0 0 
Search(21, 2, 22, from 0): lock  0 tick 21 : < 1 0 0 0 > --- 21 0 0 0 
Search(22, 2, 23, from 1): lock  0 tick 22 : < 1 0 0 0 > --- 21 0 0 0 
Search(23, 2, 24, from 1): lock  0 tick 23 : < 2 0 0 0 > --- 21 0 0 0 
Search(24, 2, 25, from 2): lock  0 tick 24 : < 3 0 0 0 > --- 21 0 0 0 
CRITICAL id 0 lock 0 tick 25 limit 2
Search(25, 1, 26, from 3): lock -1 tick 25 : < 0 0 0 0 > --- 21 0 0 0 
Search(26, 1, 27, from 0): lock  0 tick 26 : < 1 0 0 0 > --- 26 0 0 0 
Search(27, 1, 28, from 1): lock  0 tick 27 : < 1 0 0 0 > --- 26 0 0 0 
Search(28, 1, 29, from 1): lock  0 tick 28 : < 2 0 0 0 > --- 26 0 0 0 
Search(29, 1, 30, from 2): lock  0 tick 29 : < 3 0 0 0 > --- 26 0 0 0 
CRITICAL id 0 lock 0 tick 30 limit 1
Search(30, 0, 31, from 3): lock -1 tick 30 : < 0 0 0 0 > --- 26 0 0 0 
Search(26, 1, 32, from 0): lock  1 tick 26 : < 0 1 0 0 > --- 21 26 0 0 
Search(27, 1, 33, from 1): lock  1 tick 27 : < 0 1 0 0 > --- 21 26 0 0 
Search(28, 1, 34, from 1): lock  1 tick 28 : < 0 2 0 0 > --- 21 26 0 0 
Search(29, 1, 35, from 2): lock  1 tick 29 : < 0 3 0 0 > --- 21 26 0 0 
CRITICAL id 1 lock 1 tick 30 limit 1
Search(30, 0, 36, from 3): lock -1 tick 30 : < 0 0 0 0 > --- 21 26 0 0 
Search(26, 1, 37, from 0): lock  2 tick 26 : < 0 0 1 0 > --- 21 0 26 0 
Search(27, 1, 38, from 1): lock  2 tick 27 : < 0 0 1 0 > --- 21 0 26 0 
Search(28, 1, 39, from 1): lock  2 tick 28 : < 0 0 2 0 > --- 21 0 26 0 
Search(29, 1, 40, from 2): lock  2 tick 29 : < 0 0 3 0 > --- 21 0 26 0 
CRITICAL id 2 lock 2 tick 30 limit 1
Search(30, 0, 41, from 3): lock -1 tick 30 : < 0 0 0 0 > --- 21 0 26 0 
Search(26, 1, 42, from 0): lock  3 tick 26 : < 0 0 0 1 > --- 21 0 0 26 
Search(27, 1, 43, from 1): lock  3 tick 27 : < 0 0 0 1 > --- 21 0 0 26 
Search(28, 1, 44, from 1): lock  3 tick 28 : < 0 0 0 2 > --- 21 0 0 26 
Search(29, 1, 45, from 2): lock  3 tick 29 : < 0 0 0 3 > --- 21 0 0 26 
CRITICAL id 3 lock 3 tick 30 limit 1
Search(30, 0, 46, from 3): lock -1 tick 30 : < 0 0 0 0 > --- 21 0 0 26 
Search(21, 2, 47, from 0): lock  1 tick 21 : < 0 1 0 0 > --- 16 21 0 0 
Search(22, 2, 48, from 1): lock  1 tick 22 : < 0 1 0 0 > --- 16 21 0 0 
Search(23, 2, 49, from 1): lock  1 tick 23 : < 0 2 0 0 > --- 16 21 0 0 
Search(24, 2, 50, from 2): lock  1 tick 24 : < 0 3 0 0 > --- 16 21 0 0 
CRITICAL id 1 lock 1 tick 25 limit 2
Search(25, 1, 51, from 3): lock -1 tick 25 : < 0 0 0 0 > --- 16 21 0 0 
Search(26, 1, 52, from 0): lock  0 tick 26 : < 1 0 0 0 > --- 26 21 0 0 
Search(27, 1, 53, from 1): lock  0 tick 27 : < 1 0 0 0 > --- 26 21 0 0 
Search(28, 1, 54, from 1): lock  0 tick 28 : < 2 0 0 0 > --- 26 21 0 0 
Search(29, 1, 55, from 2): lock  0 tick 29 : < 3 0 0 0 > --- 26 21 0 0 
CRITICAL id 0 lock 0 tick 30 limit 1
Search(30, 0, 56, from 3): lock -1 tick 30 : < 0 0 0 0 > --- 26 21 0 0 
Search(26, 1, 57, from 0): lock  1 tick 26 : < 0 1 0 0 > --- 16 26 0 0 
Search(26, 1, 58, from 0): lock  2 tick 26 : < 0 0 1 0 > --- 16 21 26 0 
Search(27, 1, 59, from 1): lock  2 tick 27 : < 0 0 1 0 > --- 16 21 26 0 
Search(28, 1, 60, from 1): lock  2 tick 28 : < 0 0 2 0 > --- 16 21 26 0 
Search(29, 1, 61, from 2): lock  2 tick 29 : < 0 0 3 0 > --- 16 21 26 0 
CRITICAL id 2 lock 2 tick 30 limit 1
Search(30, 0, 62, from 3): lock -1 tick 30 : < 0 0 0 0 > --- 16 21 26 0 
Search(26, 1, 63, from 0): lock  3 tick 26 : < 0 0 0 1 > --- 16 21 0 26 
Search(27, 1, 64, from 1): lock  3 tick 27 : < 0 0 0 1 > --- 16 21 0 26 
Search(28, 1, 65, from 1): lock  3 tick 28 : < 0 0 0 2 > --- 16 21 0 26 
Search(29, 1, 66, from 2): lock  3 tick 29 : < 0 0 0 3 > --- 16 21 0 26 
CRITICAL id 3 lock 3 tick 30 limit 1
Search(30, 0, 67, from 3): lock -1 tick 30 : < 0 0 0 0 > --- 16 21 0 26 
Search(21, 2, 68, from 0): lock  2 tick 21 : < 0 0 1 0 > --- 16 0 21 0 
Search(22, 2, 69, from 1): lock  2 tick 22 : < 0 0 1 0 > --- 16 0 21 0 
Search(23, 2, 70, from 1): lock  2 tick 23 : < 0 0 2 0 > --- 16 0 21 0 
Search(24, 2, 71, from 2): lock  2 tick 24 : < 0 0 3 0 > --- 16 0 21 0 
CRITICAL id 2 lock 2 tick 25 limit 2
Search(25, 1, 72, from 3): lock -1 tick 25 : < 0 0 0 0 > --- 16 0 21 0 
Search(26, 1, 73, from 0): lock  0 tick 26 : < 1 0 0 0 > --- 26 0 21 0 
Search(27, 1, 74, from 1): lock  0 tick 27 : < 1 0 0 0 > --- 26 0 21 0 
Search(28, 1, 75, from 1): lock  0 tick 28 : < 2 0 0 0 > --- 26 0 21 0 
Search(29, 1, 76, from 2): lock  0 tick 29 : < 3 0 0 0 > --- 26 0 21 0 
CRITICAL id 0 lock 0 tick 30 limit 1
Search(30, 0, 77, from 3): lock -1 tick 30 : < 0 0 0 0 > --- 26 0 21 0 
Search(26, 1, 78, from 0): lock  1 tick 26 : < 0 1 0 0 > --- 16 26 21 0 
Search(27, 1, 79, from 1): lock  1 tick 27 : < 0 1 0 0 > --- 16 26 21 0 
Search(28, 1, 80, from 1): lock  1 tick 28 : < 0 2 0 0 > --- 16 26 21 0 
Search(29, 1, 81, from 2): lock  1 tick 29 : < 0 3 0 0 > --- 16 26 21 0 
CRITICAL id 1 lock 1 tick 30 limit 1
Search(30, 0, 82, from 3): lock -1 tick 30 : < 0 0 0 0 > --- 16 26 21 0 
Search(26, 1, 83, from 0): lock  2 tick 26 : < 0 0 1 0 > --- 16 0 26 0 
Search(26, 1, 84, from 0): lock  3 tick 26 : < 0 0 0 1 > --- 16 0 21 26 
Search(27, 1, 85, from 1): lock  3 tick 27 : < 0 0 0 1 > --- 16 0 21 26 
Search(28, 1, 86, from 1): lock  3 tick 28 : < 0 0 0 2 > --- 16 0 21 26 
Search(29, 1, 87, from 2): lock  3 tick 29 : < 0 0 0 3 > --- 16 0 21 26 
CRITICAL id 3 lock 3 tick 30 limit 1
Search(30, 0, 88, from 3): lock -1 tick 30 : < 0 0 0 0 > --- 16 0 21 26 
Search(21, 2, 89, from 0): lock  3 tick 21 : < 0 0 0 1 > --- 16 0 0 21 
Search(22, 2, 90, from 1): lock  3 tick 22 : < 0 0 0 1 > --- 16 0 0 21 
Search(23, 2, 91, from 1): lock  3 tick 23 : < 0 0 0 2 > --- 16 0 0 21 
Search(24, 2, 92, from 2): lock  3 tick 24 : < 0 0 0 3 > --- 16 0 0 21 
CRITICAL id 3 lock 3 tick 25 limit 2
Search(25, 1, 93, from 3): lock -1 tick 25 : < 0 0 0 0 > --- 16 0 0 21 
Search(26, 1, 94, from 0): lock  0 tick 26 : < 1 0 0 0 > --- 26 0 0 21 
Search(27, 1, 95, from 1): lock  0 tick 27 : < 1 0 0 0 > --- 26 0 0 21 
Search(28, 1, 96, from 1): lock  0 tick 28 : < 2 0 0 0 > --- 26 0 0 21 
Search(29, 1, 97, from 2): lock  0 tick 29 : < 3 0 0 0 > --- 26 0 0 21 
CRITICAL id 0 lock 0 tick 30 limit 1
Search(30, 0, 98, from 3): lock -1 tick 30 : < 0 0 0 0 > --- 26 0 0 21 
Search(26, 1, 99, from 0): lock  1 tick 26 : < 0 1 0 0 > --- 16 26 0 21 
Search(27, 1, 100, from 1): lock  1 tick 27 : < 0 1 0 0 > --- 16 26 0 21 
Search(28, 1, 101, from 1): lock  1 tick 28 : < 0 2 0 0 > --- 16 26 0 21 
Search(29, 1, 102, from 2): lock  1 tick 29 : < 0 3 0 0 > --- 16 26 0 21 
CRITICAL id 1 lock 1 tick 30 limit 1
Search(30, 0, 103, from 3): lock -1 tick 30 : < 0 0 0 0 > --- 16 26 0 21 
Search(26, 1, 104, from 0): lock  2 tick 26 : < 0 0 1 0 > --- 16 0 26 21 
Search(27, 1, 105, from 1): lock  2 tick 27 : < 0 0 1 0 > --- 16 0 26 21 
Search(28, 1, 106, from 1): lock  2 tick 28 : < 0 0 2 0 > --- 16 0 26 21 
Search(29, 1, 107, from 2): lock  2 tick 29 : < 0 0 3 0 > --- 16 0 26 21 
CRITICAL id 2 lock 2 tick 30 limit 1
Search(30, 0, 108, from 3): lock -1 tick 30 : < 0 0 0 0 > --- 16 0 26 21 
Search(26, 1, 109, from 0): lock  3 tick 26 : < 0 0 0 1 > --- 16 0 0 26 
Search(16, 3, 110, from 0): lock  1 tick 16 : < 0 1 0 0 > --- 11 16 0 0 
Search(17, 3, 111, from 1): lock  1 tick 17 : < 0 1 0 0 > --- 11 16 0 0 
Search(18, 3, 112, from 1): lock  1 tick 18 : < 0 2 0 0 > --- 11 16 0 0 
Search(19, 3, 113, from 2): lock  1 tick 19 : < 0 3 0 0 > --- 11 16 0 0 
CRITICAL id 1 lock 1 tick 20 limit 3
Search(20, 2, 114, from 3): lock -1 tick 20 : < 0 0 0 0 > --- 11 16 0 0 
Search(16, 3, 115, from 0): lock  2 tick 16 : < 0 0 1 0 > --- 11 0 16 0 
Search(17, 3, 116, from 1): lock  2 tick 17 : < 0 0 1 0 > --- 11 0 16 0 
Search(18, 3, 117, from 1): lock  2 tick 18 : < 0 0 2 0 > --- 11 0 16 0 
Search(19, 3, 118, from 2): lock  2 tick 19 : < 0 0 3 0 > --- 11 0 16 0 
CRITICAL id 2 lock 2 tick 20 limit 3
Search(20, 2, 119, from 3): lock -1 tick 20 : < 0 0 0 0 > --- 11 0 16 0 
Search(16, 3, 120, from 0): lock  3 tick 16 : < 0 0 0 1 > --- 11 0 0 16 
Search(17, 3, 121, from 1): lock  3 tick 17 : < 0 0 0 1 > --- 11 0 0 16 
Search(18, 3, 122, from 1): lock  3 tick 18 : < 0 0 0 2 > --- 11 0 0 16 
Search(19, 3, 123, from 2): lock  3 tick 19 : < 0 0 0 3 > --- 11 0 0 16 
CRITICAL id 3 lock 3 tick 20 limit 3
Search(20, 2, 124, from 3): lock -1 tick 20 : < 0 0 0 0 > --- 11 0 0 16 
Search(11, 4, 125, from 0): lock  1 tick 11 : < 0 1 0 0 > --- 6 11 0 0 
Search(12, 4, 126, from 1): lock  1 tick 12 : < 0 1 0 0 > --- 6 11 0 0 
Search(13, 4, 127, from 1): lock  1 tick 13 : < 0 2 0 0 > --- 6 11 0 0 
Search(14, 4, 128, from 2): lock  1 tick 14 : < 0 3 0 0 > --- 6 11 0 0 
CRITICAL id 1 lock 1 tick 15 limit 4
Search(15, 3, 129, from 3): lock -1 tick 15 : < 0 0 0 0 > --- 6 11 0 0 
Search(11, 4, 130, from 0): lock  2 tick 11 : < 0 0 1 0 > --- 6 0 11 0 
Search(12, 4, 131, from 1): lock  2 tick 12 : < 0 0 1 0 > --- 6 0 11 0 
Search(13, 4, 132, from 1): lock  2 tick 13 : < 0 0 2 0 > --- 6 0 11 0 
Search(14, 4, 133, from 2): lock  2 tick 14 : < 0 0 3 0 > --- 6 0 11 0 
CRITICAL id 2 lock 2 tick 15 limit 4
Search(15, 3, 134, from 3): lock -1 tick 15 : < 0 0 0 0 > --- 6 0 11 0 
Search(11, 4, 135, from 0): lock  3 tick 11 : < 0 0 0 1 > --- 6 0 0 11 
Search(12, 4, 136, from 1): lock  3 tick 12 : < 0 0 0 1 > --- 6 0 0 11 
Search(13, 4, 137, from 1): lock  3 tick 13 : < 0 0 0 2 > --- 6 0 0 11 
Search(14, 4, 138, from 2): lock  3 tick 14 : < 0 0 0 3 > --- 6 0 0 11 
CRITICAL id 3 lock 3 tick 15 limit 4
Search(15, 3, 139, from 3): lock -1 tick 15 : < 0 0 0 0 > --- 6 0 0 11 
Search(6, 5, 140, from 0): lock  1 tick 6 : < 0 1 0 0 > --- 1 6 0 0 
Search(7, 5, 141, from 1): lock  1 tick 7 : < 0 1 0 0 > --- 1 6 0 0 
Search(8, 5, 142, from 1): lock  1 tick 8 : < 0 2 0 0 > --- 1 6 0 0 
Search(9, 5, 143, from 2): lock  1 tick 9 : < 0 3 0 0 > --- 1 6 0 0 
CRITICAL id 1 lock 1 tick 10 limit 5
Search(10, 4, 144, from 3): lock -1 tick 10 : < 0 0 0 0 > --- 1 6 0 0 
Search(6, 5, 145, from 0): lock  2 tick 6 : < 0 0 1 0 > --- 1 0 6 0 
Search(7, 5, 146, from 1): lock  2 tick 7 : < 0 0 1 0 > --- 1 0 6 0 
Search(8, 5, 147, from 1): lock  2 tick 8 : < 0 0 2 0 > --- 1 0 6 0 
Search(9, 5, 148, from 2): lock  2 tick 9 : < 0 0 3 0 > --- 1 0 6 0 
CRITICAL id 2 lock 2 tick 10 limit 5
Search(10, 4, 149, from 3): lock -1 tick 10 : < 0 0 0 0 > --- 1 0 6 0 
Search(6, 5, 150, from 0): lock  3 tick 6 : < 0 0 0 1 > --- 1 0 0 6 
Search(7, 5, 151, from 1): lock  3 tick 7 : < 0 0 0 1 > --- 1 0 0 6 
Search(8, 5, 152, from 1): lock  3 tick 8 : < 0 0 0 2 > --- 1 0 0 6 
Search(9, 5, 153, from 2): lock  3 tick 9 : < 0 0 0 3 > --- 1 0 0 6 
CRITICAL id 3 lock 3 tick 10 limit 5
Search(10, 4, 154, from 3): lock -1 tick 10 : < 0 0 0 0 > --- 1 0 0 6 
Search(1, 6, 155, from 0): lock  1 tick 1 : < 0 1 0 0 > --- 0 1 0 0 
Search(2, 6, 156, from 1): lock  1 tick 2 : < 0 1 0 0 > --- 0 1 0 0 
Search(3, 6, 157, from 1): lock  1 tick 3 : < 0 2 0 0 > --- 0 1 0 0 
Search(4, 6, 158, from 2): lock  1 tick 4 : < 0 3 0 0 > --- 0 1 0 0 
CRITICAL id 1 lock 1 tick 5 limit 6
Search(5, 5, 159, from 3): lock -1 tick 5 : < 0 0 0 0 > --- 0 1 0 0 
Search(1, 6, 160, from 0): lock  2 tick 1 : < 0 0 1 0 > --- 0 0 1 0 
Search(2, 6, 161, from 1): lock  2 tick 2 : < 0 0 1 0 > --- 0 0 1 0 
Search(3, 6, 162, from 1): lock  2 tick 3 : < 0 0 2 0 > --- 0 0 1 0 
Search(4, 6, 163, from 2): lock  2 tick 4 : < 0 0 3 0 > --- 0 0 1 0 
CRITICAL id 2 lock 2 tick 5 limit 6
Search(5, 5, 164, from 3): lock -1 tick 5 : < 0 0 0 0 > --- 0 0 1 0 
Search(1, 6, 165, from 0): lock  3 tick 1 : < 0 0 0 1 > --- 0 0 0 1 
Search(2, 6, 166, from 1): lock  3 tick 2 : < 0 0 0 1 > --- 0 0 0 1 
Search(3, 6, 167, from 1): lock  3 tick 3 : < 0 0 0 2 > --- 0 0 0 1 
Search(4, 6, 168, from 2): lock  3 tick 4 : < 0 0 0 3 > --- 0 0 0 1 
CRITICAL id 3 lock 3 tick 5 limit 6
Search(5, 5, 169, from 3): lock -1 tick 5 : < 0 0 0 0 > --- 0 0 0 1 
FINAL: Searchspace 169 Table 13 Subcount 15 Nosub 141
