Search(0, 6, 1, from -1): lock -1 tick 0 : < 0 0 0 0 0 0 0 0 > --- 0 0 0 0 0 0 0 0 
Search(1, 6, 2, from 0): lock  0 tick 1 : < 1 0 0 0 0 0 0 0 > --- 1 0 0 0 0 0 0 0 
Search(2, 6, 3, from 1): lock  0 tick 2 : < 1 0 0 0 0 0 0 0 > --- 1 0 0 0 0 0 0 0 
Search(3, 6, 4, from 1): lock  0 tick 3 : < 2 0 0 0 0 0 0 0 > --- 1 0 0 0 0 0 0 0 
Search(4, 6, 5, from 2): lock  0 tick 4 : < 3 0 0 0 0 0 0 0 > --- 1 0 0 0 0 0 0 0 
CRITICAL id 0 lock 0 tick 5 limit 6
Search(5, 5, 6, from 3): lock -1 tick 5 : < 0 0 0 0 0 0 0 0 > --- 1 0 0 0 0 0 0 0 
Search(6, 5, 7, from 0): lock  0 tick 6 : < 1 0 0 0 0 0 0 0 > --- 6 0 0 0 0 0 0 0 
Search(7, 5, 8, from 1): lock  0 tick 7 : < 1 0 0 0 0 0 0 0 > --- 6 0 0 0 0 0 0 0 
Search(8, 5, 9, from 1): lock  0 tick 8 : < 2 0 0 0 0 0 0 0 > --- 6 0 0 0 0 0 0 0 
Search(9, 5, 10, from 2): lock  0 tick 9 : < 3 0 0 0 0 0 0 0 > --- 6 0 0 0 0 0 0 0 
CRITICAL id 0 lock 0 tick 10 limit 5
Search(10, 4, 11, from 3): lock -1 tick 10 : < 0 0 0 0 0 0 0 0 > --- 6 0 0 0 0 0 0 0 
Search(11, 4, 12, from 0): lock  0 tick 11 : < 1 0 0 0 0 0 0 0 > --- 11 0 0 0 0 0 0 0 
Search(12, 4, 13, from 1): lock  0 tick 12 : < 1 0 0 0 0 0 0 0 > --- 11 0 0 0 0 0 0 0 
Search(13, 4, 14, from 1): lock  0 tick 13 : < 2 0 0 0 0 0 0 0 > --- 11 0 0 0 0 0 0 0 
Search(14, 4, 15, from 2): lock  0 tick 14 : < 3 0 0 0 0 0 0 0 > --- 11 0 0 0 0 0 0 0 
CRITICAL id 0 lock 0 tick 15 limit 4
Search(15, 3, 16, from 3): lock -1 tick 15 : < 0 0 0 0 0 0 0 0 > --- 11 0 0 0 0 0 0 0 
Search(16, 3, 17, from 0): lock  0 tick 16 : < 1 0 0 0 0 0 0 0 > --- 16 0 0 0 0 0 0 0 
Search(17, 3, 18, from 1): lock  0 tick 17 : < 1 0 0 0 0 0 0 0 > --- 16 0 0 0 0 0 0 0 
Search(18, 3, 19, from 1): lock  0 tick 18 : < 2 0 0 0 0 0 0 0 > --- 16 0 0 0 0 0 0 0 
Search(19, 3, 20, from 2): lock  0 tick 19 : < 3 0 0 0 0 0 0 0 > --- 16 0 0 0 0 0 0 0 
CRITICAL id 0 lock 0 tick 20 limit 3
Search(20, 2, 21, from 3): lock -1 tick 20 : < 0 0 0 0 0 0 0 0 > --- 16 0 0 0 0 0 0 0 
Search(21, 2, 22, from 0): lock  0 tick 21 : < 1 0 0 0 0 0 0 0 > --- 21 0 0 0 0 0 0 0 
Search(22, 2, 23, from 1): lock  0 tick 22 : < 1 0 0 0 0 0 0 0 > --- 21 0 0 0 0 0 0 0 
Search(23, 2, 24, from 1): lock  0 tick 23 : < 2 0 0 0 0 0 0 0 > --- 21 0 0 0 0 0 0 0 
Search(24, 2, 25, from 2): lock  0 tick 24 : < 3 0 0 0 0 0 0 0 > --- 21 0 0 0 0 0 0 0 
CRITICAL id 0 lock 0 tick 25 limit 2
Search(25, 1, 26, from 3): lock -1 tick 25 : < 0 0 0 0 0 0 0 0 > --- 21 0 0 0 0 0 0 0 
Search(26, 1, 27, from 0): lock  0 tick 26 : < 1 0 0 0 0 0 0 0 > --- 26 0 0 0 0 0 0 0 
Search(27, 1, 28, from 1): lock  0 tick 27 : < 1 0 0 0 0 0 0 0 > --- 26 0 0 0 0 0 0 0 
Search(28, 1, 29, from 1): lock  0 tick 28 : < 2 0 0 0 0 0 0 0 > --- 26 0 0 0 0 0 0 0 
Search(29, 1, 30, from 2): lock  0 tick 29 : < 3 0 0 0 0 0 0 0 > --- 26 0 0 0 0 0 0 0 
CRITICAL id 0 lock 0 tick 30 limit 1
Search(30, 0, 31, from 3): lock -1 tick 30 : < 0 0 0 0 0 0 0 0 > --- 26 0 0 0 0 0 0 0 
Search(26, 1, 32, from 0): lock  1 tick 26 : < 0 1 0 0 0 0 0 0 > --- 21 26 0 0 0 0 0 0 
Search(27, 1, 33, from 1): lock  1 tick 27 : < 0 1 0 0 0 0 0 0 > --- 21 26 0 0 0 0 0 0 
Search(28, 1, 34, from 1): lock  1 tick 28 : < 0 2 0 0 0 0 0 0 > --- 21 26 0 0 0 0 0 0 
Search(29, 1, 35, from 2): lock  1 tick 29 : < 0 3 0 0 0 0 0 0 > --- 21 26 0 0 0 0 0 0 
CRITICAL id 1 lock 1 tick 30 limit 1
Search(30, 0, 36, from 3): lock -1 tick 30 : < 0 0 0 0 0 0 0 0 > --- 21 26 0 0 0 0 0 0 
Search(26, 1, 37, from 0): lock  2 tick 26 : < 0 0 1 0 0 0 0 0 > --- 21 0 26 0 0 0 0 0 
Search(27, 1, 38, from 1): lock  2 tick 27 : < 0 0 1 0 0 0 0 0 > --- 21 0 26 0 0 0 0 0 
Search(28, 1, 39, from 1): lock  2 tick 28 : < 0 0 2 0 0 0 0 0 > --- 21 0 26 0 0 0 0 0 
Search(29, 1, 40, from 2): lock  2 tick 29 : < 0 0 3 0 0 0 0 0 > --- 21 0 26 0 0 0 0 0 
CRITICAL id 2 lock 2 tick 30 limit 1
Search(30, 0, 41, from 3): lock -1 tick 30 : < 0 0 0 0 0 0 0 0 > --- 21 0 26 0 0 0 0 0 
Search(26, 1, 42, from 0): lock  3 tick 26 : < 0 0 0 1 0 0 0 0 > --- 21 0 0 26 0 0 0 0 
Search(27, 1, 43, from 1): lock  3 tick 27 : < 0 0 0 1 0 0 0 0 > --- 21 0 0 26 0 0 0 0 
Search(28, 1, 44, from 1): lock  3 tick 28 : < 0 0 0 2 0 0 0 0 > --- 21 0 0 26 0 0 0 0 
Search(29, 1, 45, from 2): lock  3 tick 29 : < 0 0 0 3 0 0 0 0 > --- 21 0 0 26 0 0 0 0 
CRITICAL id 3 lock 3 tick 30 limit 1
Search(30, 0, 46, from 3): lock -1 tick 30 : < 0 0 0 0 0 0 0 0 > --- 21 0 0 26 0 0 0 0 
Search(26, 1, 47, from 0): lock  4 tick 26 : < 0 0 0 0 1 0 0 0 > --- 21 0 0 0 26 0 0 0 
Search(27, 1, 48, from 1): lock  4 tick 27 : < 0 0 0 0 1 0 0 0 > --- 21 0 0 0 26 0 0 0 
Search(28, 1, 49, from 1): lock  4 tick 28 : < 0 0 0 0 2 0 0 0 > --- 21 0 0 0 26 0 0 0 
Search(29, 1, 50, from 2): lock  4 tick 29 : < 0 0 0 0 3 0 0 0 > --- 21 0 0 0 26 0 0 0 
CRITICAL id 4 lock 4 tick 30 limit 1
Search(30, 0, 51, from 3): lock -1 tick 30 : < 0 0 0 0 0 0 0 0 > --- 21 0 0 0 26 0 0 0 
Search(26, 1, 52, from 0): lock  5 tick 26 : < 0 0 0 0 0 1 0 0 > --- 21 0 0 0 0 26 0 0 
Search(27, 1, 53, from 1): lock  5 tick 27 : < 0 0 0 0 0 1 0 0 > --- 21 0 0 0 0 26 0 0 
Search(28, 1, 54, from 1): lock  5 tick 28 : < 0 0 0 0 0 2 0 0 > --- 21 0 0 0 0 26 0 0 
Search(29, 1, 55, from 2): lock  5 tick 29 : < 0 0 0 0 0 3 0 0 > --- 21 0 0 0 0 26 0 0 
CRITICAL id 5 lock 5 tick 30 limit 1
Search(30, 0, 56, from 3): lock -1 tick 30 : < 0 0 0 0 0 0 0 0 > --- 21 0 0 0 0 26 0 0 
Search(26, 1, 57, from 0): lock  6 tick 26 : < 0 0 0 0 0 0 1 0 > --- 21 0 0 0 0 0 26 0 
Search(27, 1, 58, from 1): lock  6 tick 27 : < 0 0 0 0 0 0 1 0 > --- 21 0 0 0 0 0 26 0 
Search(28, 1, 59, from 1): lock  6 tick 28 : < 0 0 0 0 0 0 2 0 > --- 21 0 0 0 0 0 26 0 
Search(29, 1, 60, from 2): lock  6 tick 29 : < 0 0 0 0 0 0 3 0 > --- 21 0 0 0 0 0 26 0 
CRITICAL id 6 lock 6 tick 30 limit 1
Search(30, 0, 61, from 3): lock -1 tick 30 : < 0 0 0 0 0 0 0 0 > --- 21 0 0 0 0 0 26 0 
Search(26, 1, 62, from 0): lock  7 tick 26 : < 0 0 0 0 0 0 0 1 > --- 21 0 0 0 0 0 0 26 
Search(27, 1, 63, from 1): lock  7 tick 27 : < 0 0 0 0 0 0 0 1 > --- 21 0 0 0 0 0 0 26 
Search(28, 1, 64, from 1): lock  7 tick 28 : < 0 0 0 0 0 0 0 2 > --- 21 0 0 0 0 0 0 26 
Search(29, 1, 65, from 2): lock  7 tick 29 : < 0 0 0 0 0 0 0 3 > --- 21 0 0 0 0 0 0 26 
CRITICAL id 7 lock 7 tick 30 limit 1
Search(30, 0, 66, from 3): lock -1 tick 30 : < 0 0 0 0 0 0 0 0 > --- 21 0 0 0 0 0 0 26 
Search(21, 2, 67, from 0): lock  1 tick 21 : < 0 1 0 0 0 0 0 0 > --- 16 21 0 0 0 0 0 0 
Search(22, 2, 68, from 1): lock  1 tick 22 : < 0 1 0 0 0 0 0 0 > --- 16 21 0 0 0 0 0 0 
Search(23, 2, 69, from 1): lock  1 tick 23 : < 0 2 0 0 0 0 0 0 > --- 16 21 0 0 0 0 0 0 
Search(24, 2, 70, from 2): lock  1 tick 24 : < 0 3 0 0 0 0 0 0 > --- 16 21 0 0 0 0 0 0 
CRITICAL id 1 lock 1 tick 25 limit 2
Search(25, 1, 71, from 3): lock -1 tick 25 : < 0 0 0 0 0 0 0 0 > --- 16 21 0 0 0 0 0 0 
Search(26, 1, 72, from 0): lock  0 tick 26 : < 1 0 0 0 0 0 0 0 > --- 26 21 0 0 0 0 0 0 
Search(27, 1, 73, from 1): lock  0 tick 27 : < 1 0 0 0 0 0 0 0 > --- 26 21 0 0 0 0 0 0 
Search(28, 1, 74, from 1): lock  0 tick 28 : < 2 0 0 0 0 0 0 0 > --- 26 21 0 0 0 0 0 0 
Search(29, 1, 75, from 2): lock  0 tick 29 : < 3 0 0 0 0 0 0 0 > --- 26 21 0 0 0 0 0 0 
CRITICAL id 0 lock 0 tick 30 limit 1
Search(30, 0, 76, from 3): lock -1 tick 30 : < 0 0 0 0 0 0 0 0 > --- 26 21 0 0 0 0 0 0 
Search(26, 1, 77, from 0): lock  1 tick 26 : < 0 1 0 0 0 0 0 0 > --- 16 26 0 0 0 0 0 0 
Search(26, 1, 78, from 0): lock  2 tick 26 : < 0 0 1 0 0 0 0 0 > --- 16 21 26 0 0 0 0 0 
Search(27, 1, 79, from 1): lock  2 tick 27 : < 0 0 1 0 0 0 0 0 > --- 16 21 26 0 0 0 0 0 
Search(28, 1, 80, from 1): lock  2 tick 28 : < 0 0 2 0 0 0 0 0 > --- 16 21 26 0 0 0 0 0 
Search(29, 1, 81, from 2): lock  2 tick 29 : < 0 0 3 0 0 0 0 0 > --- 16 21 26 0 0 0 0 0 
CRITICAL id 2 lock 2 tick 30 limit 1
Search(30, 0, 82, from 3): lock -1 tick 30 : < 0 0 0 0 0 0 0 0 > --- 16 21 26 0 0 0 0 0 
Search(26, 1, 83, from 0): lock  3 tick 26 : < 0 0 0 1 0 0 0 0 > --- 16 21 0 26 0 0 0 0 
Search(27, 1, 84, from 1): lock  3 tick 27 : < 0 0 0 1 0 0 0 0 > --- 16 21 0 26 0 0 0 0 
Search(28, 1, 85, from 1): lock  3 tick 28 : < 0 0 0 2 0 0 0 0 > --- 16 21 0 26 0 0 0 0 
Search(29, 1, 86, from 2): lock  3 tick 29 : < 0 0 0 3 0 0 0 0 > --- 16 21 0 26 0 0 0 0 
CRITICAL id 3 lock 3 tick 30 limit 1
Search(30, 0, 87, from 3): lock -1 tick 30 : < 0 0 0 0 0 0 0 0 > --- 16 21 0 26 0 0 0 0 
Search(26, 1, 88, from 0): lock  4 tick 26 : < 0 0 0 0 1 0 0 0 > --- 16 21 0 0 26 0 0 0 
Search(27, 1, 89, from 1): lock  4 tick 27 : < 0 0 0 0 1 0 0 0 > --- 16 21 0 0 26 0 0 0 
Search(28, 1, 90, from 1): lock  4 tick 28 : < 0 0 0 0 2 0 0 0 > --- 16 21 0 0 26 0 0 0 
Search(29, 1, 91, from 2): lock  4 tick 29 : < 0 0 0 0 3 0 0 0 > --- 16 21 0 0 26 0 0 0 
CRITICAL id 4 lock 4 tick 30 limit 1
Search(30, 0, 92, from 3): lock -1 tick 30 : < 0 0 0 0 0 0 0 0 > --- 16 21 0 0 26 0 0 0 
Search(26, 1, 93, from 0): lock  5 tick 26 : < 0 0 0 0 0 1 0 0 > --- 16 21 0 0 0 26 0 0 
Search(27, 1, 94, from 1): lock  5 tick 27 : < 0 0 0 0 0 1 0 0 > --- 16 21 0 0 0 26 0 0 
Search(28, 1, 95, from 1): lock  5 tick 28 : < 0 0 0 0 0 2 0 0 > --- 16 21 0 0 0 26 0 0 
Search(29, 1, 96, from 2): lock  5 tick 29 : < 0 0 0 0 0 3 0 0 > --- 16 21 0 0 0 26 0 0 
CRITICAL id 5 lock 5 tick 30 limit 1
Search(30, 0, 97, from 3): lock -1 tick 30 : < 0 0 0 0 0 0 0 0 > --- 16 21 0 0 0 26 0 0 
Search(26, 1, 98, from 0): lock  6 tick 26 : < 0 0 0 0 0 0 1 0 > --- 16 21 0 0 0 0 26 0 
Search(27, 1, 99, from 1): lock  6 tick 27 : < 0 0 0 0 0 0 1 0 > --- 16 21 0 0 0 0 26 0 
Search(28, 1, 100, from 1): lock  6 tick 28 : < 0 0 0 0 0 0 2 0 > --- 16 21 0 0 0 0 26 0 
Search(29, 1, 101, from 2): lock  6 tick 29 : < 0 0 0 0 0 0 3 0 > --- 16 21 0 0 0 0 26 0 
CRITICAL id 6 lock 6 tick 30 limit 1
Search(30, 0, 102, from 3): lock -1 tick 30 : < 0 0 0 0 0 0 0 0 > --- 16 21 0 0 0 0 26 0 
Search(26, 1, 103, from 0): lock  7 tick 26 : < 0 0 0 0 0 0 0 1 > --- 16 21 0 0 0 0 0 26 
Search(27, 1, 104, from 1): lock  7 tick 27 : < 0 0 0 0 0 0 0 1 > --- 16 21 0 0 0 0 0 26 
Search(28, 1, 105, from 1): lock  7 tick 28 : < 0 0 0 0 0 0 0 2 > --- 16 21 0 0 0 0 0 26 
Search(29, 1, 106, from 2): lock  7 tick 29 : < 0 0 0 0 0 0 0 3 > --- 16 21 0 0 0 0 0 26 
CRITICAL id 7 lock 7 tick 30 limit 1
Search(30, 0, 107, from 3): lock -1 tick 30 : < 0 0 0 0 0 0 0 0 > --- 16 21 0 0 0 0 0 26 
Search(21, 2, 108, from 0): lock  2 tick 21 : < 0 0 1 0 0 0 0 0 > --- 16 0 21 0 0 0 0 0 
Search(22, 2, 109, from 1): lock  2 tick 22 : < 0 0 1 0 0 0 0 0 > --- 16 0 21 0 0 0 0 0 
Search(23, 2, 110, from 1): lock  2 tick 23 : < 0 0 2 0 0 0 0 0 > --- 16 0 21 0 0 0 0 0 
Search(24, 2, 111, from 2): lock  2 tick 24 : < 0 0 3 0 0 0 0 0 > --- 16 0 21 0 0 0 0 0 
CRITICAL id 2 lock 2 tick 25 limit 2
Search(25, 1, 112, from 3): lock -1 tick 25 : < 0 0 0 0 0 0 0 0 > --- 16 0 21 0 0 0 0 0 
Search(26, 1, 113, from 0): lock  0 tick 26 : < 1 0 0 0 0 0 0 0 > --- 26 0 21 0 0 0 0 0 
Search(27, 1, 114, from 1): lock  0 tick 27 : < 1 0 0 0 0 0 0 0 > --- 26 0 21 0 0 0 0 0 
Search(28, 1, 115, from 1): lock  0 tick 28 : < 2 0 0 0 0 0 0 0 > --- 26 0 21 0 0 0 0 0 
Search(29, 1, 116, from 2): lock  0 tick 29 : < 3 0 0 0 0 0 0 0 > --- 26 0 21 0 0 0 0 0 
CRITICAL id 0 lock 0 tick 30 limit 1
Search(30, 0, 117, from 3): lock -1 tick 30 : < 0 0 0 0 0 0 0 0 > --- 26 0 21 0 0 0 0 0 
Search(26, 1, 118, from 0): lock  1 tick 26 : < 0 1 0 0 0 0 0 0 > --- 16 26 21 0 0 0 0 0 
Search(27, 1, 119, from 1): lock  1 tick 27 : < 0 1 0 0 0 0 0 0 > --- 16 26 21 0 0 0 0 0 
Search(28, 1, 120, from 1): lock  1 tick 28 : < 0 2 0 0 0 0 0 0 > --- 16 26 21 0 0 0 0 0 
Search(29, 1, 121, from 2): lock  1 tick 29 : < 0 3 0 0 0 0 0 0 > --- 16 26 21 0 0 0 0 0 
CRITICAL id 1 lock 1 tick 30 limit 1
Search(30, 0, 122, from 3): lock -1 tick 30 : < 0 0 0 0 0 0 0 0 > --- 16 26 21 0 0 0 0 0 
Search(26, 1, 123, from 0): lock  2 tick 26 : < 0 0 1 0 0 0 0 0 > --- 16 0 26 0 0 0 0 0 
Search(26, 1, 124, from 0): lock  3 tick 26 : < 0 0 0 1 0 0 0 0 > --- 16 0 21 26 0 0 0 0 
Search(27, 1, 125, from 1): lock  3 tick 27 : < 0 0 0 1 0 0 0 0 > --- 16 0 21 26 0 0 0 0 
Search(28, 1, 126, from 1): lock  3 tick 28 : < 0 0 0 2 0 0 0 0 > --- 16 0 21 26 0 0 0 0 
Search(29, 1, 127, from 2): lock  3 tick 29 : < 0 0 0 3 0 0 0 0 > --- 16 0 21 26 0 0 0 0 
CRITICAL id 3 lock 3 tick 30 limit 1
Search(30, 0, 128, from 3): lock -1 tick 30 : < 0 0 0 0 0 0 0 0 > --- 16 0 21 26 0 0 0 0 
Search(26, 1, 129, from 0): lock  4 tick 26 : < 0 0 0 0 1 0 0 0 > --- 16 0 21 0 26 0 0 0 
Search(27, 1, 130, from 1): lock  4 tick 27 : < 0 0 0 0 1 0 0 0 > --- 16 0 21 0 26 0 0 0 
Search(28, 1, 131, from 1): lock  4 tick 28 : < 0 0 0 0 2 0 0 0 > --- 16 0 21 0 26 0 0 0 
Search(29, 1, 132, from 2): lock  4 tick 29 : < 0 0 0 0 3 0 0 0 > --- 16 0 21 0 26 0 0 0 
CRITICAL id 4 lock 4 tick 30 limit 1
Search(30, 0, 133, from 3): lock -1 tick 30 : < 0 0 0 0 0 0 0 0 > --- 16 0 21 0 26 0 0 0 
Search(26, 1, 134, from 0): lock  5 tick 26 : < 0 0 0 0 0 1 0 0 > --- 16 0 21 0 0 26 0 0 
Search(27, 1, 135, from 1): lock  5 tick 27 : < 0 0 0 0 0 1 0 0 > --- 16 0 21 0 0 26 0 0 
Search(28, 1, 136, from 1): lock  5 tick 28 : < 0 0 0 0 0 2 0 0 > --- 16 0 21 0 0 26 0 0 
Search(29, 1, 137, from 2): lock  5 tick 29 : < 0 0 0 0 0 3 0 0 > --- 16 0 21 0 0 26 0 0 
CRITICAL id 5 lock 5 tick 30 limit 1
Search(30, 0, 138, from 3): lock -1 tick 30 : < 0 0 0 0 0 0 0 0 > --- 16 0 21 0 0 26 0 0 
Search(26, 1, 139, from 0): lock  6 tick 26 : < 0 0 0 0 0 0 1 0 > --- 16 0 21 0 0 0 26 0 
Search(27, 1, 140, from 1): lock  6 tick 27 : < 0 0 0 0 0 0 1 0 > --- 16 0 21 0 0 0 26 0 
Search(28, 1, 141, from 1): lock  6 tick 28 : < 0 0 0 0 0 0 2 0 > --- 16 0 21 0 0 0 26 0 
Search(29, 1, 142, from 2): lock  6 tick 29 : < 0 0 0 0 0 0 3 0 > --- 16 0 21 0 0 0 26 0 
CRITICAL id 6 lock 6 tick 30 limit 1
Search(30, 0, 143, from 3): lock -1 tick 30 : < 0 0 0 0 0 0 0 0 > --- 16 0 21 0 0 0 26 0 
Search(26, 1, 144, from 0): lock  7 tick 26 : < 0 0 0 0 0 0 0 1 > --- 16 0 21 0 0 0 0 26 
Search(27, 1, 145, from 1): lock  7 tick 27 : < 0 0 0 0 0 0 0 1 > --- 16 0 21 0 0 0 0 26 
Search(28, 1, 146, from 1): lock  7 tick 28 : < 0 0 0 0 0 0 0 2 > --- 16 0 21 0 0 0 0 26 
Search(29, 1, 147, from 2): lock  7 tick 29 : < 0 0 0 0 0 0 0 3 > --- 16 0 21 0 0 0 0 26 
CRITICAL id 7 lock 7 tick 30 limit 1
Search(30, 0, 148, from 3): lock -1 tick 30 : < 0 0 0 0 0 0 0 0 > --- 16 0 21 0 0 0 0 26 
Search(21, 2, 149, from 0): lock  3 tick 21 : < 0 0 0 1 0 0 0 0 > --- 16 0 0 21 0 0 0 0 
Search(22, 2, 150, from 1): lock  3 tick 22 : < 0 0 0 1 0 0 0 0 > --- 16 0 0 21 0 0 0 0 
Search(23, 2, 151, from 1): lock  3 tick 23 : < 0 0 0 2 0 0 0 0 > --- 16 0 0 21 0 0 0 0 
Search(24, 2, 152, from 2): lock  3 tick 24 : < 0 0 0 3 0 0 0 0 > --- 16 0 0 21 0 0 0 0 
CRITICAL id 3 lock 3 tick 25 limit 2
Search(25, 1, 153, from 3): lock -1 tick 25 : < 0 0 0 0 0 0 0 0 > --- 16 0 0 21 0 0 0 0 
Search(26, 1, 154, from 0): lock  0 tick 26 : < 1 0 0 0 0 0 0 0 > --- 26 0 0 21 0 0 0 0 
Search(27, 1, 155, from 1): lock  0 tick 27 : < 1 0 0 0 0 0 0 0 > --- 26 0 0 21 0 0 0 0 
Search(28, 1, 156, from 1): lock  0 tick 28 : < 2 0 0 0 0 0 0 0 > --- 26 0 0 21 0 0 0 0 
Search(29, 1, 157, from 2): lock  0 tick 29 : < 3 0 0 0 0 0 0 0 > --- 26 0 0 21 0 0 0 0 
CRITICAL id 0 lock 0 tick 30 limit 1
Search(30, 0, 158, from 3): lock -1 tick 30 : < 0 0 0 0 0 0 0 0 > --- 26 0 0 21 0 0 0 0 
Search(26, 1, 159, from 0): lock  1 tick 26 : < 0 1 0 0 0 0 0 0 > --- 16 26 0 21 0 0 0 0 
Search(27, 1, 160, from 1): lock  1 tick 27 : < 0 1 0 0 0 0 0 0 > --- 16 26 0 21 0 0 0 0 
Search(28, 1, 161, from 1): lock  1 tick 28 : < 0 2 0 0 0 0 0 0 > --- 16 26 0 21 0 0 0 0 
Search(29, 1, 162, from 2): lock  1 tick 29 : < 0 3 0 0 0 0 0 0 > --- 16 26 0 21 0 0 0 0 
CRITICAL id 1 lock 1 tick 30 limit 1
Search(30, 0, 163, from 3): lock -1 tick 30 : < 0 0 0 0 0 0 0 0 > --- 16 26 0 21 0 0 0 0 
Search(26, 1, 164, from 0): lock  2 tick 26 : < 0 0 1 0 0 0 0 0 > --- 16 0 26 21 0 0 0 0 
Search(27, 1, 165, from 1): lock  2 tick 27 : < 0 0 1 0 0 0 0 0 > --- 16 0 26 21 0 0 0 0 
Search(28, 1, 166, from 1): lock  2 tick 28 : < 0 0 2 0 0 0 0 0 > --- 16 0 26 21 0 0 0 0 
Search(29, 1, 167, from 2): lock  2 tick 29 : < 0 0 3 0 0 0 0 0 > --- 16 0 26 21 0 0 0 0 
CRITICAL id 2 lock 2 tick 30 limit 1
Search(30, 0, 168, from 3): lock -1 tick 30 : < 0 0 0 0 0 0 0 0 > --- 16 0 26 21 0 0 0 0 
Search(26, 1, 169, from 0): lock  3 tick 26 : < 0 0 0 1 0 0 0 0 > --- 16 0 0 26 0 0 0 0 
Search(26, 1, 170, from 0): lock  4 tick 26 : < 0 0 0 0 1 0 0 0 > --- 16 0 0 21 26 0 0 0 
Search(27, 1, 171, from 1): lock  4 tick 27 : < 0 0 0 0 1 0 0 0 > --- 16 0 0 21 26 0 0 0 
Search(28, 1, 172, from 1): lock  4 tick 28 : < 0 0 0 0 2 0 0 0 > --- 16 0 0 21 26 0 0 0 
Search(29, 1, 173, from 2): lock  4 tick 29 : < 0 0 0 0 3 0 0 0 > --- 16 0 0 21 26 0 0 0 
CRITICAL id 4 lock 4 tick 30 limit 1
Search(30, 0, 174, from 3): lock -1 tick 30 : < 0 0 0 0 0 0 0 0 > --- 16 0 0 21 26 0 0 0 
Search(26, 1, 175, from 0): lock  5 tick 26 : < 0 0 0 0 0 1 0 0 > --- 16 0 0 21 0 26 0 0 
Search(27, 1, 176, from 1): lock  5 tick 27 : < 0 0 0 0 0 1 0 0 > --- 16 0 0 21 0 26 0 0 
Search(28, 1, 177, from 1): lock  5 tick 28 : < 0 0 0 0 0 2 0 0 > --- 16 0 0 21 0 26 0 0 
Search(29, 1, 178, from 2): lock  5 tick 29 : < 0 0 0 0 0 3 0 0 > --- 16 0 0 21 0 26 0 0 
CRITICAL id 5 lock 5 tick 30 limit 1
Search(30, 0, 179, from 3): lock -1 tick 30 : < 0 0 0 0 0 0 0 0 > --- 16 0 0 21 0 26 0 0 
Search(26, 1, 180, from 0): lock  6 tick 26 : < 0 0 0 0 0 0 1 0 > --- 16 0 0 21 0 0 26 0 
Search(27, 1, 181, from 1): lock  6 tick 27 : < 0 0 0 0 0 0 1 0 > --- 16 0 0 21 0 0 26 0 
Search(28, 1, 182, from 1): lock  6 tick 28 : < 0 0 0 0 0 0 2 0 > --- 16 0 0 21 0 0 26 0 
Search(29, 1, 183, from 2): lock  6 tick 29 : < 0 0 0 0 0 0 3 0 > --- 16 0 0 21 0 0 26 0 
CRITICAL id 6 lock 6 tick 30 limit 1
Search(30, 0, 184, from 3): lock -1 tick 30 : < 0 0 0 0 0 0 0 0 > --- 16 0 0 21 0 0 26 0 
Search(26, 1, 185, from 0): lock  7 tick 26 : < 0 0 0 0 0 0 0 1 > --- 16 0 0 21 0 0 0 26 
Search(27, 1, 186, from 1): lock  7 tick 27 : < 0 0 0 0 0 0 0 1 > --- 16 0 0 21 0 0 0 26 
Search(28, 1, 187, from 1): lock  7 tick 28 : < 0 0 0 0 0 0 0 2 > --- 16 0 0 21 0 0 0 26 
Search(29, 1, 188, from 2): lock  7 tick 29 : < 0 0 0 0 0 0 0 3 > --- 16 0 0 21 0 0 0 26 
CRITICAL id 7 lock 7 tick 30 limit 1
Search(30, 0, 189, from 3): lock -1 tick 30 : < 0 0 0 0 0 0 0 0 > --- 16 0 0 21 0 0 0 26 
Search(21, 2, 190, from 0): lock  4 tick 21 : < 0 0 0 0 1 0 0 0 > --- 16 0 0 0 21 0 0 0 
Search(22, 2, 191, from 1): lock  4 tick 22 : < 0 0 0 0 1 0 0 0 > --- 16 0 0 0 21 0 0 0 
Search(23, 2, 192, from 1): lock  4 tick 23 : < 0 0 0 0 2 0 0 0 > --- 16 0 0 0 21 0 0 0 
Search(24, 2, 193, from 2): lock  4 tick 24 : < 0 0 0 0 3 0 0 0 > --- 16 0 0 0 21 0 0 0 
CRITICAL id 4 lock 4 tick 25 limit 2
Search(25, 1, 194, from 3): lock -1 tick 25 : < 0 0 0 0 0 0 0 0 > --- 16 0 0 0 21 0 0 0 
Search(26, 1, 195, from 0): lock  0 tick 26 : < 1 0 0 0 0 0 0 0 > --- 26 0 0 0 21 0 0 0 
Search(27, 1, 196, from 1): lock  0 tick 27 : < 1 0 0 0 0 0 0 0 > --- 26 0 0 0 21 0 0 0 
Search(28, 1, 197, from 1): lock  0 tick 28 : < 2 0 0 0 0 0 0 0 > --- 26 0 0 0 21 0 0 0 
Search(29, 1, 198, from 2): lock  0 tick 29 : < 3 0 0 0 0 0 0 0 > --- 26 0 0 0 21 0 0 0 
CRITICAL id 0 lock 0 tick 30 limit 1
Search(30, 0, 199, from 3): lock -1 tick 30 : < 0 0 0 0 0 0 0 0 > --- 26 0 0 0 21 0 0 0 
Search(26, 1, 200, from 0): lock  1 tick 26 : < 0 1 0 0 0 0 0 0 > --- 16 26 0 0 21 0 0 0 
Search(27, 1, 201, from 1): lock  1 tick 27 : < 0 1 0 0 0 0 0 0 > --- 16 26 0 0 21 0 0 0 
Search(28, 1, 202, from 1): lock  1 tick 28 : < 0 2 0 0 0 0 0 0 > --- 16 26 0 0 21 0 0 0 
Search(29, 1, 203, from 2): lock  1 tick 29 : < 0 3 0 0 0 0 0 0 > --- 16 26 0 0 21 0 0 0 
CRITICAL id 1 lock 1 tick 30 limit 1
Search(30, 0, 204, from 3): lock -1 tick 30 : < 0 0 0 0 0 0 0 0 > --- 16 26 0 0 21 0 0 0 
Search(26, 1, 205, from 0): lock  2 tick 26 : < 0 0 1 0 0 0 0 0 > --- 16 0 26 0 21 0 0 0 
Search(27, 1, 206, from 1): lock  2 tick 27 : < 0 0 1 0 0 0 0 0 > --- 16 0 26 0 21 0 0 0 
Search(28, 1, 207, from 1): lock  2 tick 28 : < 0 0 2 0 0 0 0 0 > --- 16 0 26 0 21 0 0 0 
Search(29, 1, 208, from 2): lock  2 tick 29 : < 0 0 3 0 0 0 0 0 > --- 16 0 26 0 21 0 0 0 
CRITICAL id 2 lock 2 tick 30 limit 1
Search(30, 0, 209, from 3): lock -1 tick 30 : < 0 0 0 0 0 0 0 0 > --- 16 0 26 0 21 0 0 0 
Search(26, 1, 210, from 0): lock  3 tick 26 : < 0 0 0 1 0 0 0 0 > --- 16 0 0 26 21 0 0 0 
Search(27, 1, 211, from 1): lock  3 tick 27 : < 0 0 0 1 0 0 0 0 > --- 16 0 0 26 21 0 0 0 
Search(28, 1, 212, from 1): lock  3 tick 28 : < 0 0 0 2 0 0 0 0 > --- 16 0 0 26 21 0 0 0 
Search(29, 1, 213, from 2): lock  3 tick 29 : < 0 0 0 3 0 0 0 0 > --- 16 0 0 26 21 0 0 0 
CRITICAL id 3 lock 3 tick 30 limit 1
Search(30, 0, 214, from 3): lock -1 tick 30 : < 0 0 0 0 0 0 0 0 > --- 16 0 0 26 21 0 0 0 
Search(26, 1, 215, from 0): lock  4 tick 26 : < 0 0 0 0 1 0 0 0 > --- 16 0 0 0 26 0 0 0 
Search(26, 1, 216, from 0): lock  5 tick 26 : < 0 0 0 0 0 1 0 0 > --- 16 0 0 0 21 26 0 0 
Search(27, 1, 217, from 1): lock  5 tick 27 : < 0 0 0 0 0 1 0 0 > --- 16 0 0 0 21 26 0 0 
Search(28, 1, 218, from 1): lock  5 tick 28 : < 0 0 0 0 0 2 0 0 > --- 16 0 0 0 21 26 0 0 
Search(29, 1, 219, from 2): lock  5 tick 29 : < 0 0 0 0 0 3 0 0 > --- 16 0 0 0 21 26 0 0 
CRITICAL id 5 lock 5 tick 30 limit 1
Search(30, 0, 220, from 3): lock -1 tick 30 : < 0 0 0 0 0 0 0 0 > --- 16 0 0 0 21 26 0 0 
Search(26, 1, 221, from 0): lock  6 tick 26 : < 0 0 0 0 0 0 1 0 > --- 16 0 0 0 21 0 26 0 
Search(27, 1, 222, from 1): lock  6 tick 27 : < 0 0 0 0 0 0 1 0 > --- 16 0 0 0 21 0 26 0 
Search(28, 1, 223, from 1): lock  6 tick 28 : < 0 0 0 0 0 0 2 0 > --- 16 0 0 0 21 0 26 0 
Search(29, 1, 224, from 2): lock  6 tick 29 : < 0 0 0 0 0 0 3 0 > --- 16 0 0 0 21 0 26 0 
CRITICAL id 6 lock 6 tick 30 limit 1
Search(30, 0, 225, from 3): lock -1 tick 30 : < 0 0 0 0 0 0 0 0 > --- 16 0 0 0 21 0 26 0 
Search(26, 1, 226, from 0): lock  7 tick 26 : < 0 0 0 0 0 0 0 1 > --- 16 0 0 0 21 0 0 26 
Search(27, 1, 227, from 1): lock  7 tick 27 : < 0 0 0 0 0 0 0 1 > --- 16 0 0 0 21 0 0 26 
Search(28, 1, 228, from 1): lock  7 tick 28 : < 0 0 0 0 0 0 0 2 > --- 16 0 0 0 21 0 0 26 
Search(29, 1, 229, from 2): lock  7 tick 29 : < 0 0 0 0 0 0 0 3 > --- 16 0 0 0 21 0 0 26 
CRITICAL id 7 lock 7 tick 30 limit 1
Search(30, 0, 230, from 3): lock -1 tick 30 : < 0 0 0 0 0 0 0 0 > --- 16 0 0 0 21 0 0 26 
Search(21, 2, 231, from 0): lock  5 tick 21 : < 0 0 0 0 0 1 0 0 > --- 16 0 0 0 0 21 0 0 
Search(22, 2, 232, from 1): lock  5 tick 22 : < 0 0 0 0 0 1 0 0 > --- 16 0 0 0 0 21 0 0 
Search(23, 2, 233, from 1): lock  5 tick 23 : < 0 0 0 0 0 2 0 0 > --- 16 0 0 0 0 21 0 0 
Search(24, 2, 234, from 2): lock  5 tick 24 : < 0 0 0 0 0 3 0 0 > --- 16 0 0 0 0 21 0 0 
CRITICAL id 5 lock 5 tick 25 limit 2
Search(25, 1, 235, from 3): lock -1 tick 25 : < 0 0 0 0 0 0 0 0 > --- 16 0 0 0 0 21 0 0 
Search(26, 1, 236, from 0): lock  0 tick 26 : < 1 0 0 0 0 0 0 0 > --- 26 0 0 0 0 21 0 0 
Search(27, 1, 237, from 1): lock  0 tick 27 : < 1 0 0 0 0 0 0 0 > --- 26 0 0 0 0 21 0 0 
Search(28, 1, 238, from 1): lock  0 tick 28 : < 2 0 0 0 0 0 0 0 > --- 26 0 0 0 0 21 0 0 
Search(29, 1, 239, from 2): lock  0 tick 29 : < 3 0 0 0 0 0 0 0 > --- 26 0 0 0 0 21 0 0 
CRITICAL id 0 lock 0 tick 30 limit 1
Search(30, 0, 240, from 3): lock -1 tick 30 : < 0 0 0 0 0 0 0 0 > --- 26 0 0 0 0 21 0 0 
Search(26, 1, 241, from 0): lock  1 tick 26 : < 0 1 0 0 0 0 0 0 > --- 16 26 0 0 0 21 0 0 
Search(27, 1, 242, from 1): lock  1 tick 27 : < 0 1 0 0 0 0 0 0 > --- 16 26 0 0 0 21 0 0 
Search(28, 1, 243, from 1): lock  1 tick 28 : < 0 2 0 0 0 0 0 0 > --- 16 26 0 0 0 21 0 0 
Search(29, 1, 244, from 2): lock  1 tick 29 : < 0 3 0 0 0 0 0 0 > --- 16 26 0 0 0 21 0 0 
CRITICAL id 1 lock 1 tick 30 limit 1
Search(30, 0, 245, from 3): lock -1 tick 30 : < 0 0 0 0 0 0 0 0 > --- 16 26 0 0 0 21 0 0 
Search(26, 1, 246, from 0): lock  2 tick 26 : < 0 0 1 0 0 0 0 0 > --- 16 0 26 0 0 21 0 0 
Search(27, 1, 247, from 1): lock  2 tick 27 : < 0 0 1 0 0 0 0 0 > --- 16 0 26 0 0 21 0 0 
Search(28, 1, 248, from 1): lock  2 tick 28 : < 0 0 2 0 0 0 0 0 > --- 16 0 26 0 0 21 0 0 
Search(29, 1, 249, from 2): lock  2 tick 29 : < 0 0 3 0 0 0 0 0 > --- 16 0 26 0 0 21 0 0 
CRITICAL id 2 lock 2 tick 30 limit 1
Search(30, 0, 250, from 3): lock -1 tick 30 : < 0 0 0 0 0 0 0 0 > --- 16 0 26 0 0 21 0 0 
Search(26, 1, 251, from 0): lock  3 tick 26 : < 0 0 0 1 0 0 0 0 > --- 16 0 0 26 0 21 0 0 
Search(27, 1, 252, from 1): lock  3 tick 27 : < 0 0 0 1 0 0 0 0 > --- 16 0 0 26 0 21 0 0 
Search(28, 1, 253, from 1): lock  3 tick 28 : < 0 0 0 2 0 0 0 0 > --- 16 0 0 26 0 21 0 0 
Search(29, 1, 254, from 2): lock  3 tick 29 : < 0 0 0 3 0 0 0 0 > --- 16 0 0 26 0 21 0 0 
CRITICAL id 3 lock 3 tick 30 limit 1
Search(30, 0, 255, from 3): lock -1 tick 30 : < 0 0 0 0 0 0 0 0 > --- 16 0 0 26 0 21 0 0 
Search(26, 1, 256, from 0): lock  4 tick 26 : < 0 0 0 0 1 0 0 0 > --- 16 0 0 0 26 21 0 0 
Search(27, 1, 257, from 1): lock  4 tick 27 : < 0 0 0 0 1 0 0 0 > --- 16 0 0 0 26 21 0 0 
Search(28, 1, 258, from 1): lock  4 tick 28 : < 0 0 0 0 2 0 0 0 > --- 16 0 0 0 26 21 0 0 
Search(29, 1, 259, from 2): lock  4 tick 29 : < 0 0 0 0 3 0 0 0 > --- 16 0 0 0 26 21 0 0 
CRITICAL id 4 lock 4 tick 30 limit 1
Search(30, 0, 260, from 3): lock -1 tick 30 : < 0 0 0 0 0 0 0 0 > --- 16 0 0 0 26 21 0 0 
Search(26, 1, 261, from 0): lock  5 tick 26 : < 0 0 0 0 0 1 0 0 > --- 16 0 0 0 0 26 0 0 
Search(26, 1, 262, from 0): lock  6 tick 26 : < 0 0 0 0 0 0 1 0 > --- 16 0 0 0 0 21 26 0 
Search(27, 1, 263, from 1): lock  6 tick 27 : < 0 0 0 0 0 0 1 0 > --- 16 0 0 0 0 21 26 0 
Search(28, 1, 264, from 1): lock  6 tick 28 : < 0 0 0 0 0 0 2 0 > --- 16 0 0 0 0 21 26 0 
Search(29, 1, 265, from 2): lock  6 tick 29 : < 0 0 0 0 0 0 3 0 > --- 16 0 0 0 0 21 26 0 
CRITICAL id 6 lock 6 tick 30 limit 1
Search(30, 0, 266, from 3): lock -1 tick 30 : < 0 0 0 0 0 0 0 0 > --- 16 0 0 0 0 21 26 0 
Search(26, 1, 267, from 0): lock  7 tick 26 : < 0 0 0 0 0 0 0 1 > --- 16 0 0 0 0 21 0 26 
Search(27, 1, 268, from 1): lock  7 tick 27 : < 0 0 0 0 0 0 0 1 > --- 16 0 0 0 0 21 0 26 
Search(28, 1, 269, from 1): lock  7 tick 28 : < 0 0 0 0 0 0 0 2 > --- 16 0 0 0 0 21 0 26 
Search(29, 1, 270, from 2): lock  7 tick 29 : < 0 0 0 0 0 0 0 3 > --- 16 0 0 0 0 21 0 26 
CRITICAL id 7 lock 7 tick 30 limit 1
Search(30, 0, 271, from 3): lock -1 tick 30 : < 0 0 0 0 0 0 0 0 > --- 16 0 0 0 0 21 0 26 
Search(21, 2, 272, from 0): lock  6 tick 21 : < 0 0 0 0 0 0 1 0 > --- 16 0 0 0 0 0 21 0 
Search(22, 2, 273, from 1): lock  6 tick 22 : < 0 0 0 0 0 0 1 0 > --- 16 0 0 0 0 0 21 0 
Search(23, 2, 274, from 1): lock  6 tick 23 : < 0 0 0 0 0 0 2 0 > --- 16 0 0 0 0 0 21 0 
Search(24, 2, 275, from 2): lock  6 tick 24 : < 0 0 0 0 0 0 3 0 > --- 16 0 0 0 0 0 21 0 
CRITICAL id 6 lock 6 tick 25 limit 2
Search(25, 1, 276, from 3): lock -1 tick 25 : < 0 0 0 0 0 0 0 0 > --- 16 0 0 0 0 0 21 0 
Search(26, 1, 277, from 0): lock  0 tick 26 : < 1 0 0 0 0 0 0 0 > --- 26 0 0 0 0 0 21 0 
Search(27, 1, 278, from 1): lock  0 tick 27 : < 1 0 0 0 0 0 0 0 > --- 26 0 0 0 0 0 21 0 
Search(28, 1, 279, from 1): lock  0 tick 28 : < 2 0 0 0 0 0 0 0 > --- 26 0 0 0 0 0 21 0 
Search(29, 1, 280, from 2): lock  0 tick 29 : < 3 0 0 0 0 0 0 0 > --- 26 0 0 0 0 0 21 0 
CRITICAL id 0 lock 0 tick 30 limit 1
Search(30, 0, 281, from 3): lock -1 tick 30 : < 0 0 0 0 0 0 0 0 > --- 26 0 0 0 0 0 21 0 
Search(26, 1, 282, from 0): lock  1 tick 26 : < 0 1 0 0 0 0 0 0 > --- 16 26 0 0 0 0 21 0 
Search(27, 1, 283, from 1): lock  1 tick 27 : < 0 1 0 0 0 0 0 0 > --- 16 26 0 0 0 0 21 0 
Search(28, 1, 284, from 1): lock  1 tick 28 : < 0 2 0 0 0 0 0 0 > --- 16 26 0 0 0 0 21 0 
Search(29, 1, 285, from 2): lock  1 tick 29 : < 0 3 0 0 0 0 0 0 > --- 16 26 0 0 0 0 21 0 
CRITICAL id 1 lock 1 tick 30 limit 1
Search(30, 0, 286, from 3): lock -1 tick 30 : < 0 0 0 0 0 0 0 0 > --- 16 26 0 0 0 0 21 0 
Search(26, 1, 287, from 0): lock  2 tick 26 : < 0 0 1 0 0 0 0 0 > --- 16 0 26 0 0 0 21 0 
Search(27, 1, 288, from 1): lock  2 tick 27 : < 0 0 1 0 0 0 0 0 > --- 16 0 26 0 0 0 21 0 
Search(28, 1, 289, from 1): lock  2 tick 28 : < 0 0 2 0 0 0 0 0 > --- 16 0 26 0 0 0 21 0 
Search(29, 1, 290, from 2): lock  2 tick 29 : < 0 0 3 0 0 0 0 0 > --- 16 0 26 0 0 0 21 0 
CRITICAL id 2 lock 2 tick 30 limit 1
Search(30, 0, 291, from 3): lock -1 tick 30 : < 0 0 0 0 0 0 0 0 > --- 16 0 26 0 0 0 21 0 
Search(26, 1, 292, from 0): lock  3 tick 26 : < 0 0 0 1 0 0 0 0 > --- 16 0 0 26 0 0 21 0 
Search(27, 1, 293, from 1): lock  3 tick 27 : < 0 0 0 1 0 0 0 0 > --- 16 0 0 26 0 0 21 0 
Search(28, 1, 294, from 1): lock  3 tick 28 : < 0 0 0 2 0 0 0 0 > --- 16 0 0 26 0 0 21 0 
Search(29, 1, 295, from 2): lock  3 tick 29 : < 0 0 0 3 0 0 0 0 > --- 16 0 0 26 0 0 21 0 
CRITICAL id 3 lock 3 tick 30 limit 1
Search(30, 0, 296, from 3): lock -1 tick 30 : < 0 0 0 0 0 0 0 0 > --- 16 0 0 26 0 0 21 0 
Search(26, 1, 297, from 0): lock  4 tick 26 : < 0 0 0 0 1 0 0 0 > --- 16 0 0 0 26 0 21 0 
Search(27, 1, 298, from 1): lock  4 tick 27 : < 0 0 0 0 1 0 0 0 > --- 16 0 0 0 26 0 21 0 
Search(28, 1, 299, from 1): lock  4 tick 28 : < 0 0 0 0 2 0 0 0 > --- 16 0 0 0 26 0 21 0 
Search(29, 1, 300, from 2): lock  4 tick 29 : < 0 0 0 0 3 0 0 0 > --- 16 0 0 0 26 0 21 0 
CRITICAL id 4 lock 4 tick 30 limit 1
Search(30, 0, 301, from 3): lock -1 tick 30 : < 0 0 0 0 0 0 0 0 > --- 16 0 0 0 26 0 21 0 
Search(26, 1, 302, from 0): lock  5 tick 26 : < 0 0 0 0 0 1 0 0 > --- 16 0 0 0 0 26 21 0 
Search(27, 1, 303, from 1): lock  5 tick 27 : < 0 0 0 0 0 1 0 0 > --- 16 0 0 0 0 26 21 0 
Search(28, 1, 304, from 1): lock  5 tick 28 : < 0 0 0 0 0 2 0 0 > --- 16 0 0 0 0 26 21 0 
Search(29, 1, 305, from 2): lock  5 tick 29 : < 0 0 0 0 0 3 0 0 > --- 16 0 0 0 0 26 21 0 
CRITICAL id 5 lock 5 tick 30 limit 1
Search(30, 0, 306, from 3): lock -1 tick 30 : < 0 0 0 0 0 0 0 0 > --- 16 0 0 0 0 26 21 0 
Search(26, 1, 307, from 0): lock  6 tick 26 : < 0 0 0 0 0 0 1 0 > --- 16 0 0 0 0 0 26 0 
Search(26, 1, 308, from 0): lock  7 tick 26 : < 0 0 0 0 0 0 0 1 > --- 16 0 0 0 0 0 21 26 
Search(27, 1, 309, from 1): lock  7 tick 27 : < 0 0 0 0 0 0 0 1 > --- 16 0 0 0 0 0 21 26 
Search(28, 1, 310, from 1): lock  7 tick 28 : < 0 0 0 0 0 0 0 2 > --- 16 0 0 0 0 0 21 26 
Search(29, 1, 311, from 2): lock  7 tick 29 : < 0 0 0 0 0 0 0 3 > --- 16 0 0 0 0 0 21 26 
CRITICAL id 7 lock 7 tick 30 limit 1
Search(30, 0, 312, from 3): lock -1 tick 30 : < 0 0 0 0 0 0 0 0 > --- 16 0 0 0 0 0 21 26 
Search(21, 2, 313, from 0): lock  7 tick 21 : < 0 0 0 0 0 0 0 1 > --- 16 0 0 0 0 0 0 21 
Search(22, 2, 314, from 1): lock  7 tick 22 : < 0 0 0 0 0 0 0 1 > --- 16 0 0 0 0 0 0 21 
Search(23, 2, 315, from 1): lock  7 tick 23 : < 0 0 0 0 0 0 0 2 > --- 16 0 0 0 0 0 0 21 
Search(24, 2, 316, from 2): lock  7 tick 24 : < 0 0 0 0 0 0 0 3 > --- 16 0 0 0 0 0 0 21 
CRITICAL id 7 lock 7 tick 25 limit 2
Search(25, 1, 317, from 3): lock -1 tick 25 : < 0 0 0 0 0 0 0 0 > --- 16 0 0 0 0 0 0 21 
Search(26, 1, 318, from 0): lock  0 tick 26 : < 1 0 0 0 0 0 0 0 > --- 26 0 0 0 0 0 0 21 
Search(27, 1, 319, from 1): lock  0 tick 27 : < 1 0 0 0 0 0 0 0 > --- 26 0 0 0 0 0 0 21 
Search(28, 1, 320, from 1): lock  0 tick 28 : < 2 0 0 0 0 0 0 0 > --- 26 0 0 0 0 0 0 21 
Search(29, 1, 321, from 2): lock  0 tick 29 : < 3 0 0 0 0 0 0 0 > --- 26 0 0 0 0 0 0 21 
CRITICAL id 0 lock 0 tick 30 limit 1
Search(30, 0, 322, from 3): lock -1 tick 30 : < 0 0 0 0 0 0 0 0 > --- 26 0 0 0 0 0 0 21 
Search(26, 1, 323, from 0): lock  1 tick 26 : < 0 1 0 0 0 0 0 0 > --- 16 26 0 0 0 0 0 21 
Search(27, 1, 324, from 1): lock  1 tick 27 : < 0 1 0 0 0 0 0 0 > --- 16 26 0 0 0 0 0 21 
Search(28, 1, 325, from 1): lock  1 tick 28 : < 0 2 0 0 0 0 0 0 > --- 16 26 0 0 0 0 0 21 
Search(29, 1, 326, from 2): lock  1 tick 29 : < 0 3 0 0 0 0 0 0 > --- 16 26 0 0 0 0 0 21 
CRITICAL id 1 lock 1 tick 30 limit 1
Search(30, 0, 327, from 3): lock -1 tick 30 : < 0 0 0 0 0 0 0 0 > --- 16 26 0 0 0 0 0 21 
Search(26, 1, 328, from 0): lock  2 tick 26 : < 0 0 1 0 0 0 0 0 > --- 16 0 26 0 0 0 0 21 
Search(27, 1, 329, from 1): lock  2 tick 27 : < 0 0 1 0 0 0 0 0 > --- 16 0 26 0 0 0 0 21 
Search(28, 1, 330, from 1): lock  2 tick 28 : < 0 0 2 0 0 0 0 0 > --- 16 0 26 0 0 0 0 21 
Search(29, 1, 331, from 2): lock  2 tick 29 : < 0 0 3 0 0 0 0 0 > --- 16 0 26 0 0 0 0 21 
CRITICAL id 2 lock 2 tick 30 limit 1
Search(30, 0, 332, from 3): lock -1 tick 30 : < 0 0 0 0 0 0 0 0 > --- 16 0 26 0 0 0 0 21 
Search(26, 1, 333, from 0): lock  3 tick 26 : < 0 0 0 1 0 0 0 0 > --- 16 0 0 26 0 0 0 21 
Search(27, 1, 334, from 1): lock  3 tick 27 : < 0 0 0 1 0 0 0 0 > --- 16 0 0 26 0 0 0 21 
Search(28, 1, 335, from 1): lock  3 tick 28 : < 0 0 0 2 0 0 0 0 > --- 16 0 0 26 0 0 0 21 
Search(29, 1, 336, from 2): lock  3 tick 29 : < 0 0 0 3 0 0 0 0 > --- 16 0 0 26 0 0 0 21 
CRITICAL id 3 lock 3 tick 30 limit 1
Search(30, 0, 337, from 3): lock -1 tick 30 : < 0 0 0 0 0 0 0 0 > --- 16 0 0 26 0 0 0 21 
Search(26, 1, 338, from 0): lock  4 tick 26 : < 0 0 0 0 1 0 0 0 > --- 16 0 0 0 26 0 0 21 
Search(27, 1, 339, from 1): lock  4 tick 27 : < 0 0 0 0 1 0 0 0 > --- 16 0 0 0 26 0 0 21 
Search(28, 1, 340, from 1): lock  4 tick 28 : < 0 0 0 0 2 0 0 0 > --- 16 0 0 0 26 0 0 21 
Search(29, 1, 341, from 2): lock  4 tick 29 : < 0 0 0 0 3 0 0 0 > --- 16 0 0 0 26 0 0 21 
CRITICAL id 4 lock 4 tick 30 limit 1
Search(30, 0, 342, from 3): lock -1 tick 30 : < 0 0 0 0 0 0 0 0 > --- 16 0 0 0 26 0 0 21 
Search(26, 1, 343, from 0): lock  5 tick 26 : < 0 0 0 0 0 1 0 0 > --- 16 0 0 0 0 26 0 21 
Search(27, 1, 344, from 1): lock  5 tick 27 : < 0 0 0 0 0 1 0 0 > --- 16 0 0 0 0 26 0 21 
Search(28, 1, 345, from 1): lock  5 tick 28 : < 0 0 0 0 0 2 0 0 > --- 16 0 0 0 0 26 0 21 
Search(29, 1, 346, from 2): lock  5 tick 29 : < 0 0 0 0 0 3 0 0 > --- 16 0 0 0 0 26 0 21 
CRITICAL id 5 lock 5 tick 30 limit 1
Search(30, 0, 347, from 3): lock -1 tick 30 : < 0 0 0 0 0 0 0 0 > --- 16 0 0 0 0 26 0 21 
Search(26, 1, 348, from 0): lock  6 tick 26 : < 0 0 0 0 0 0 1 0 > --- 16 0 0 0 0 0 26 21 
Search(27, 1, 349, from 1): lock  6 tick 27 : < 0 0 0 0 0 0 1 0 > --- 16 0 0 0 0 0 26 21 
Search(28, 1, 350, from 1): lock  6 tick 28 : < 0 0 0 0 0 0 2 0 > --- 16 0 0 0 0 0 26 21 
Search(29, 1, 351, from 2): lock  6 tick 29 : < 0 0 0 0 0 0 3 0 > --- 16 0 0 0 0 0 26 21 
CRITICAL id 6 lock 6 tick 30 limit 1
Search(30, 0, 352, from 3): lock -1 tick 30 : < 0 0 0 0 0 0 0 0 > --- 16 0 0 0 0 0 26 21 
Search(26, 1, 353, from 0): lock  7 tick 26 : < 0 0 0 0 0 0 0 1 > --- 16 0 0 0 0 0 0 26 
Search(16, 3, 354, from 0): lock  1 tick 16 : < 0 1 0 0 0 0 0 0 > --- 11 16 0 0 0 0 0 0 
Search(17, 3, 355, from 1): lock  1 tick 17 : < 0 1 0 0 0 0 0 0 > --- 11 16 0 0 0 0 0 0 
Search(18, 3, 356, from 1): lock  1 tick 18 : < 0 2 0 0 0 0 0 0 > --- 11 16 0 0 0 0 0 0 
Search(19, 3, 357, from 2): lock  1 tick 19 : < 0 3 0 0 0 0 0 0 > --- 11 16 0 0 0 0 0 0 
CRITICAL id 1 lock 1 tick 20 limit 3
Search(20, 2, 358, from 3): lock -1 tick 20 : < 0 0 0 0 0 0 0 0 > --- 11 16 0 0 0 0 0 0 
Search(16, 3, 359, from 0): lock  2 tick 16 : < 0 0 1 0 0 0 0 0 > --- 11 0 16 0 0 0 0 0 
Search(17, 3, 360, from 1): lock  2 tick 17 : < 0 0 1 0 0 0 0 0 > --- 11 0 16 0 0 0 0 0 
Search(18, 3, 361, from 1): lock  2 tick 18 : < 0 0 2 0 0 0 0 0 > --- 11 0 16 0 0 0 0 0 
Search(19, 3, 362, from 2): lock  2 tick 19 : < 0 0 3 0 0 0 0 0 > --- 11 0 16 0 0 0 0 0 
CRITICAL id 2 lock 2 tick 20 limit 3
Search(20, 2, 363, from 3): lock -1 tick 20 : < 0 0 0 0 0 0 0 0 > --- 11 0 16 0 0 0 0 0 
Search(16, 3, 364, from 0): lock  3 tick 16 : < 0 0 0 1 0 0 0 0 > --- 11 0 0 16 0 0 0 0 
Search(17, 3, 365, from 1): lock  3 tick 17 : < 0 0 0 1 0 0 0 0 > --- 11 0 0 16 0 0 0 0 
Search(18, 3, 366, from 1): lock  3 tick 18 : < 0 0 0 2 0 0 0 0 > --- 11 0 0 16 0 0 0 0 
Search(19, 3, 367, from 2): lock  3 tick 19 : < 0 0 0 3 0 0 0 0 > --- 11 0 0 16 0 0 0 0 
CRITICAL id 3 lock 3 tick 20 limit 3
Search(20, 2, 368, from 3): lock -1 tick 20 : < 0 0 0 0 0 0 0 0 > --- 11 0 0 16 0 0 0 0 
Search(16, 3, 369, from 0): lock  4 tick 16 : < 0 0 0 0 1 0 0 0 > --- 11 0 0 0 16 0 0 0 
Search(17, 3, 370, from 1): lock  4 tick 17 : < 0 0 0 0 1 0 0 0 > --- 11 0 0 0 16 0 0 0 
Search(18, 3, 371, from 1): lock  4 tick 18 : < 0 0 0 0 2 0 0 0 > --- 11 0 0 0 16 0 0 0 
Search(19, 3, 372, from 2): lock  4 tick 19 : < 0 0 0 0 3 0 0 0 > --- 11 0 0 0 16 0 0 0 
CRITICAL id 4 lock 4 tick 20 limit 3
Search(20, 2, 373, from 3): lock -1 tick 20 : < 0 0 0 0 0 0 0 0 > --- 11 0 0 0 16 0 0 0 
Search(16, 3, 374, from 0): lock  5 tick 16 : < 0 0 0 0 0 1 0 0 > --- 11 0 0 0 0 16 0 0 
Search(17, 3, 375, from 1): lock  5 tick 17 : < 0 0 0 0 0 1 0 0 > --- 11 0 0 0 0 16 0 0 
Search(18, 3, 376, from 1): lock  5 tick 18 : < 0 0 0 0 0 2 0 0 > --- 11 0 0 0 0 16 0 0 
Search(19, 3, 377, from 2): lock  5 tick 19 : < 0 0 0 0 0 3 0 0 > --- 11 0 0 0 0 16 0 0 
CRITICAL id 5 lock 5 tick 20 limit 3
Search(20, 2, 378, from 3): lock -1 tick 20 : < 0 0 0 0 0 0 0 0 > --- 11 0 0 0 0 16 0 0 
Search(16, 3, 379, from 0): lock  6 tick 16 : < 0 0 0 0 0 0 1 0 > --- 11 0 0 0 0 0 16 0 
Search(17, 3, 380, from 1): lock  6 tick 17 : < 0 0 0 0 0 0 1 0 > --- 11 0 0 0 0 0 16 0 
Search(18, 3, 381, from 1): lock  6 tick 18 : < 0 0 0 0 0 0 2 0 > --- 11 0 0 0 0 0 16 0 
Search(19, 3, 382, from 2): lock  6 tick 19 : < 0 0 0 0 0 0 3 0 > --- 11 0 0 0 0 0 16 0 
CRITICAL id 6 lock 6 tick 20 limit 3
Search(20, 2, 383, from 3): lock -1 tick 20 : < 0 0 0 0 0 0 0 0 > --- 11 0 0 0 0 0 16 0 
Search(16, 3, 384, from 0): lock  7 tick 16 : < 0 0 0 0 0 0 0 1 > --- 11 0 0 0 0 0 0 16 
Search(17, 3, 385, from 1): lock  7 tick 17 : < 0 0 0 0 0 0 0 1 > --- 11 0 0 0 0 0 0 16 
Search(18, 3, 386, from 1): lock  7 tick 18 : < 0 0 0 0 0 0 0 2 > --- 11 0 0 0 0 0 0 16 
Search(19, 3, 387, from 2): lock  7 tick 19 : < 0 0 0 0 0 0 0 3 > --- 11 0 0 0 0 0 0 16 
CRITICAL id 7 lock 7 tick 20 limit 3
Search(20, 2, 388, from 3): lock -1 tick 20 : < 0 0 0 0 0 0 0 0 > --- 11 0 0 0 0 0 0 16 
Search(11, 4, 389, from 0): lock  1 tick 11 : < 0 1 0 0 0 0 0 0 > --- 6 11 0 0 0 0 0 0 
Search(12, 4, 390, from 1): lock  1 tick 12 : < 0 1 0 0 0 0 0 0 > --- 6 11 0 0 0 0 0 0 
Search(13, 4, 391, from 1): lock  1 tick 13 : < 0 2 0 0 0 0 0 0 > --- 6 11 0 0 0 0 0 0 
Search(14, 4, 392, from 2): lock  1 tick 14 : < 0 3 0 0 0 0 0 0 > --- 6 11 0 0 0 0 0 0 
CRITICAL id 1 lock 1 tick 15 limit 4
Search(15, 3, 393, from 3): lock -1 tick 15 : < 0 0 0 0 0 0 0 0 > --- 6 11 0 0 0 0 0 0 
Search(11, 4, 394, from 0): lock  2 tick 11 : < 0 0 1 0 0 0 0 0 > --- 6 0 11 0 0 0 0 0 
Search(12, 4, 395, from 1): lock  2 tick 12 : < 0 0 1 0 0 0 0 0 > --- 6 0 11 0 0 0 0 0 
Search(13, 4, 396, from 1): lock  2 tick 13 : < 0 0 2 0 0 0 0 0 > --- 6 0 11 0 0 0 0 0 
Search(14, 4, 397, from 2): lock  2 tick 14 : < 0 0 3 0 0 0 0 0 > --- 6 0 11 0 0 0 0 0 
CRITICAL id 2 lock 2 tick 15 limit 4
Search(15, 3, 398, from 3): lock -1 tick 15 : < 0 0 0 0 0 0 0 0 > --- 6 0 11 0 0 0 0 0 
Search(11, 4, 399, from 0): lock  3 tick 11 : < 0 0 0 1 0 0 0 0 > --- 6 0 0 11 0 0 0 0 
Search(12, 4, 400, from 1): lock  3 tick 12 : < 0 0 0 1 0 0 0 0 > --- 6 0 0 11 0 0 0 0 
Search(13, 4, 401, from 1): lock  3 tick 13 : < 0 0 0 2 0 0 0 0 > --- 6 0 0 11 0 0 0 0 
Search(14, 4, 402, from 2): lock  3 tick 14 : < 0 0 0 3 0 0 0 0 > --- 6 0 0 11 0 0 0 0 
CRITICAL id 3 lock 3 tick 15 limit 4
Search(15, 3, 403, from 3): lock -1 tick 15 : < 0 0 0 0 0 0 0 0 > --- 6 0 0 11 0 0 0 0 
Search(11, 4, 404, from 0): lock  4 tick 11 : < 0 0 0 0 1 0 0 0 > --- 6 0 0 0 11 0 0 0 
Search(12, 4, 405, from 1): lock  4 tick 12 : < 0 0 0 0 1 0 0 0 > --- 6 0 0 0 11 0 0 0 
Search(13, 4, 406, from 1): lock  4 tick 13 : < 0 0 0 0 2 0 0 0 > --- 6 0 0 0 11 0 0 0 
Search(14, 4, 407, from 2): lock  4 tick 14 : < 0 0 0 0 3 0 0 0 > --- 6 0 0 0 11 0 0 0 
CRITICAL id 4 lock 4 tick 15 limit 4
Search(15, 3, 408, from 3): lock -1 tick 15 : < 0 0 0 0 0 0 0 0 > --- 6 0 0 0 11 0 0 0 
Search(11, 4, 409, from 0): lock  5 tick 11 : < 0 0 0 0 0 1 0 0 > --- 6 0 0 0 0 11 0 0 
Search(12, 4, 410, from 1): lock  5 tick 12 : < 0 0 0 0 0 1 0 0 > --- 6 0 0 0 0 11 0 0 
Search(13, 4, 411, from 1): lock  5 tick 13 : < 0 0 0 0 0 2 0 0 > --- 6 0 0 0 0 11 0 0 
Search(14, 4, 412, from 2): lock  5 tick 14 : < 0 0 0 0 0 3 0 0 > --- 6 0 0 0 0 11 0 0 
CRITICAL id 5 lock 5 tick 15 limit 4
Search(15, 3, 413, from 3): lock -1 tick 15 : < 0 0 0 0 0 0 0 0 > --- 6 0 0 0 0 11 0 0 
Search(11, 4, 414, from 0): lock  6 tick 11 : < 0 0 0 0 0 0 1 0 > --- 6 0 0 0 0 0 11 0 
Search(12, 4, 415, from 1): lock  6 tick 12 : < 0 0 0 0 0 0 1 0 > --- 6 0 0 0 0 0 11 0 
Search(13, 4, 416, from 1): lock  6 tick 13 : < 0 0 0 0 0 0 2 0 > --- 6 0 0 0 0 0 11 0 
Search(14, 4, 417, from 2): lock  6 tick 14 : < 0 0 0 0 0 0 3 0 > --- 6 0 0 0 0 0 11 0 
CRITICAL id 6 lock 6 tick 15 limit 4
Search(15, 3, 418, from 3): lock -1 tick 15 : < 0 0 0 0 0 0 0 0 > --- 6 0 0 0 0 0 11 0 
Search(11, 4, 419, from 0): lock  7 tick 11 : < 0 0 0 0 0 0 0 1 > --- 6 0 0 0 0 0 0 11 
Search(12, 4, 420, from 1): lock  7 tick 12 : < 0 0 0 0 0 0 0 1 > --- 6 0 0 0 0 0 0 11 
Search(13, 4, 421, from 1): lock  7 tick 13 : < 0 0 0 0 0 0 0 2 > --- 6 0 0 0 0 0 0 11 
Search(14, 4, 422, from 2): lock  7 tick 14 : < 0 0 0 0 0 0 0 3 > --- 6 0 0 0 0 0 0 11 
CRITICAL id 7 lock 7 tick 15 limit 4
Search(15, 3, 423, from 3): lock -1 tick 15 : < 0 0 0 0 0 0 0 0 > --- 6 0 0 0 0 0 0 11 
Search(6, 5, 424, from 0): lock  1 tick 6 : < 0 1 0 0 0 0 0 0 > --- 1 6 0 0 0 0 0 0 
Search(7, 5, 425, from 1): lock  1 tick 7 : < 0 1 0 0 0 0 0 0 > --- 1 6 0 0 0 0 0 0 
Search(8, 5, 426, from 1): lock  1 tick 8 : < 0 2 0 0 0 0 0 0 > --- 1 6 0 0 0 0 0 0 
Search(9, 5, 427, from 2): lock  1 tick 9 : < 0 3 0 0 0 0 0 0 > --- 1 6 0 0 0 0 0 0 
CRITICAL id 1 lock 1 tick 10 limit 5
Search(10, 4, 428, from 3): lock -1 tick 10 : < 0 0 0 0 0 0 0 0 > --- 1 6 0 0 0 0 0 0 
Search(6, 5, 429, from 0): lock  2 tick 6 : < 0 0 1 0 0 0 0 0 > --- 1 0 6 0 0 0 0 0 
Search(7, 5, 430, from 1): lock  2 tick 7 : < 0 0 1 0 0 0 0 0 > --- 1 0 6 0 0 0 0 0 
Search(8, 5, 431, from 1): lock  2 tick 8 : < 0 0 2 0 0 0 0 0 > --- 1 0 6 0 0 0 0 0 
Search(9, 5, 432, from 2): lock  2 tick 9 : < 0 0 3 0 0 0 0 0 > --- 1 0 6 0 0 0 0 0 
CRITICAL id 2 lock 2 tick 10 limit 5
Search(10, 4, 433, from 3): lock -1 tick 10 : < 0 0 0 0 0 0 0 0 > --- 1 0 6 0 0 0 0 0 
Search(6, 5, 434, from 0): lock  3 tick 6 : < 0 0 0 1 0 0 0 0 > --- 1 0 0 6 0 0 0 0 
Search(7, 5, 435, from 1): lock  3 tick 7 : < 0 0 0 1 0 0 0 0 > --- 1 0 0 6 0 0 0 0 
Search(8, 5, 436, from 1): lock  3 tick 8 : < 0 0 0 2 0 0 0 0 > --- 1 0 0 6 0 0 0 0 
Search(9, 5, 437, from 2): lock  3 tick 9 : < 0 0 0 3 0 0 0 0 > --- 1 0 0 6 0 0 0 0 
CRITICAL id 3 lock 3 tick 10 limit 5
Search(10, 4, 438, from 3): lock -1 tick 10 : < 0 0 0 0 0 0 0 0 > --- 1 0 0 6 0 0 0 0 
Search(6, 5, 439, from 0): lock  4 tick 6 : < 0 0 0 0 1 0 0 0 > --- 1 0 0 0 6 0 0 0 
Search(7, 5, 440, from 1): lock  4 tick 7 : < 0 0 0 0 1 0 0 0 > --- 1 0 0 0 6 0 0 0 
Search(8, 5, 441, from 1): lock  4 tick 8 : < 0 0 0 0 2 0 0 0 > --- 1 0 0 0 6 0 0 0 
Search(9, 5, 442, from 2): lock  4 tick 9 : < 0 0 0 0 3 0 0 0 > --- 1 0 0 0 6 0 0 0 
CRITICAL id 4 lock 4 tick 10 limit 5
Search(10, 4, 443, from 3): lock -1 tick 10 : < 0 0 0 0 0 0 0 0 > --- 1 0 0 0 6 0 0 0 
Search(6, 5, 444, from 0): lock  5 tick 6 : < 0 0 0 0 0 1 0 0 > --- 1 0 0 0 0 6 0 0 
Search(7, 5, 445, from 1): lock  5 tick 7 : < 0 0 0 0 0 1 0 0 > --- 1 0 0 0 0 6 0 0 
Search(8, 5, 446, from 1): lock  5 tick 8 : < 0 0 0 0 0 2 0 0 > --- 1 0 0 0 0 6 0 0 
Search(9, 5, 447, from 2): lock  5 tick 9 : < 0 0 0 0 0 3 0 0 > --- 1 0 0 0 0 6 0 0 
CRITICAL id 5 lock 5 tick 10 limit 5
Search(10, 4, 448, from 3): lock -1 tick 10 : < 0 0 0 0 0 0 0 0 > --- 1 0 0 0 0 6 0 0 
Search(6, 5, 449, from 0): lock  6 tick 6 : < 0 0 0 0 0 0 1 0 > --- 1 0 0 0 0 0 6 0 
Search(7, 5, 450, from 1): lock  6 tick 7 : < 0 0 0 0 0 0 1 0 > --- 1 0 0 0 0 0 6 0 
Search(8, 5, 451, from 1): lock  6 tick 8 : < 0 0 0 0 0 0 2 0 > --- 1 0 0 0 0 0 6 0 
Search(9, 5, 452, from 2): lock  6 tick 9 : < 0 0 0 0 0 0 3 0 > --- 1 0 0 0 0 0 6 0 
CRITICAL id 6 lock 6 tick 10 limit 5
Search(10, 4, 453, from 3): lock -1 tick 10 : < 0 0 0 0 0 0 0 0 > --- 1 0 0 0 0 0 6 0 
Search(6, 5, 454, from 0): lock  7 tick 6 : < 0 0 0 0 0 0 0 1 > --- 1 0 0 0 0 0 0 6 
Search(7, 5, 455, from 1): lock  7 tick 7 : < 0 0 0 0 0 0 0 1 > --- 1 0 0 0 0 0 0 6 
Search(8, 5, 456, from 1): lock  7 tick 8 : < 0 0 0 0 0 0 0 2 > --- 1 0 0 0 0 0 0 6 
Search(9, 5, 457, from 2): lock  7 tick 9 : < 0 0 0 0 0 0 0 3 > --- 1 0 0 0 0 0 0 6 
CRITICAL id 7 lock 7 tick 10 limit 5
Search(10, 4, 458, from 3): lock -1 tick 10 : < 0 0 0 0 0 0 0 0 > --- 1 0 0 0 0 0 0 6 
Search(1, 6, 459, from 0): lock  1 tick 1 : < 0 1 0 0 0 0 0 0 > --- 0 1 0 0 0 0 0 0 
Search(2, 6, 460, from 1): lock  1 tick 2 : < 0 1 0 0 0 0 0 0 > --- 0 1 0 0 0 0 0 0 
Search(3, 6, 461, from 1): lock  1 tick 3 : < 0 2 0 0 0 0 0 0 > --- 0 1 0 0 0 0 0 0 
Search(4, 6, 462, from 2): lock  1 tick 4 : < 0 3 0 0 0 0 0 0 > --- 0 1 0 0 0 0 0 0 
CRITICAL id 1 lock 1 tick 5 limit 6
Search(5, 5, 463, from 3): lock -1 tick 5 : < 0 0 0 0 0 0 0 0 > --- 0 1 0 0 0 0 0 0 
Search(1, 6, 464, from 0): lock  2 tick 1 : < 0 0 1 0 0 0 0 0 > --- 0 0 1 0 0 0 0 0 
Search(2, 6, 465, from 1): lock  2 tick 2 : < 0 0 1 0 0 0 0 0 > --- 0 0 1 0 0 0 0 0 
Search(3, 6, 466, from 1): lock  2 tick 3 : < 0 0 2 0 0 0 0 0 > --- 0 0 1 0 0 0 0 0 
Search(4, 6, 467, from 2): lock  2 tick 4 : < 0 0 3 0 0 0 0 0 > --- 0 0 1 0 0 0 0 0 
CRITICAL id 2 lock 2 tick 5 limit 6
Search(5, 5, 468, from 3): lock -1 tick 5 : < 0 0 0 0 0 0 0 0 > --- 0 0 1 0 0 0 0 0 
Search(1, 6, 469, from 0): lock  3 tick 1 : < 0 0 0 1 0 0 0 0 > --- 0 0 0 1 0 0 0 0 
Search(2, 6, 470, from 1): lock  3 tick 2 : < 0 0 0 1 0 0 0 0 > --- 0 0 0 1 0 0 0 0 
Search(3, 6, 471, from 1): lock  3 tick 3 : < 0 0 0 2 0 0 0 0 > --- 0 0 0 1 0 0 0 0 
Search(4, 6, 472, from 2): lock  3 tick 4 : < 0 0 0 3 0 0 0 0 > --- 0 0 0 1 0 0 0 0 
CRITICAL id 3 lock 3 tick 5 limit 6
Search(5, 5, 473, from 3): lock -1 tick 5 : < 0 0 0 0 0 0 0 0 > --- 0 0 0 1 0 0 0 0 
Search(1, 6, 474, from 0): lock  4 tick 1 : < 0 0 0 0 1 0 0 0 > --- 0 0 0 0 1 0 0 0 
Search(2, 6, 475, from 1): lock  4 tick 2 : < 0 0 0 0 1 0 0 0 > --- 0 0 0 0 1 0 0 0 
Search(3, 6, 476, from 1): lock  4 tick 3 : < 0 0 0 0 2 0 0 0 > --- 0 0 0 0 1 0 0 0 
Search(4, 6, 477, from 2): lock  4 tick 4 : < 0 0 0 0 3 0 0 0 > --- 0 0 0 0 1 0 0 0 
CRITICAL id 4 lock 4 tick 5 limit 6
Search(5, 5, 478, from 3): lock -1 tick 5 : < 0 0 0 0 0 0 0 0 > --- 0 0 0 0 1 0 0 0 
Search(1, 6, 479, from 0): lock  5 tick 1 : < 0 0 0 0 0 1 0 0 > --- 0 0 0 0 0 1 0 0 
Search(2, 6, 480, from 1): lock  5 tick 2 : < 0 0 0 0 0 1 0 0 > --- 0 0 0 0 0 1 0 0 
Search(3, 6, 481, from 1): lock  5 tick 3 : < 0 0 0 0 0 2 0 0 > --- 0 0 0 0 0 1 0 0 
Search(4, 6, 482, from 2): lock  5 tick 4 : < 0 0 0 0 0 3 0 0 > --- 0 0 0 0 0 1 0 0 
CRITICAL id 5 lock 5 tick 5 limit 6
Search(5, 5, 483, from 3): lock -1 tick 5 : < 0 0 0 0 0 0 0 0 > --- 0 0 0 0 0 1 0 0 
Search(1, 6, 484, from 0): lock  6 tick 1 : < 0 0 0 0 0 0 1 0 > --- 0 0 0 0 0 0 1 0 
Search(2, 6, 485, from 1): lock  6 tick 2 : < 0 0 0 0 0 0 1 0 > --- 0 0 0 0 0 0 1 0 
Search(3, 6, 486, from 1): lock  6 tick 3 : < 0 0 0 0 0 0 2 0 > --- 0 0 0 0 0 0 1 0 
Search(4, 6, 487, from 2): lock  6 tick 4 : < 0 0 0 0 0 0 3 0 > --- 0 0 0 0 0 0 1 0 
CRITICAL id 6 lock 6 tick 5 limit 6
Search(5, 5, 488, from 3): lock -1 tick 5 : < 0 0 0 0 0 0 0 0 > --- 0 0 0 0 0 0 1 0 
Search(1, 6, 489, from 0): lock  7 tick 1 : < 0 0 0 0 0 0 0 1 > --- 0 0 0 0 0 0 0 1 
Search(2, 6, 490, from 1): lock  7 tick 2 : < 0 0 0 0 0 0 0 1 > --- 0 0 0 0 0 0 0 1 
Search(3, 6, 491, from 1): lock  7 tick 3 : < 0 0 0 0 0 0 0 2 > --- 0 0 0 0 0 0 0 1 
Search(4, 6, 492, from 2): lock  7 tick 4 : < 0 0 0 0 0 0 0 3 > --- 0 0 0 0 0 0 0 1 
CRITICAL id 7 lock 7 tick 5 limit 6
Search(5, 5, 493, from 3): lock -1 tick 5 : < 0 0 0 0 0 0 0 0 > --- 0 0 0 0 0 0 0 1 
FINAL: Searchspace 493 Table 25 Subcount 35 Nosub 401
