Search(0, 6, 1, from -1): lock -1 tick 0 : < 0 0 0 0 0 0 0 0 0 0 > --- 0 0 0 0 0 0 0 0 0 0 
Search(1, 6, 2, from 0): lock  0 tick 1 : < 1 0 0 0 0 0 0 0 0 0 > --- 1 0 0 0 0 0 0 0 0 0 
Search(2, 6, 3, from 1): lock  0 tick 2 : < 1 0 0 0 0 0 0 0 0 0 > --- 1 0 0 0 0 0 0 0 0 0 
Search(3, 6, 4, from 1): lock  0 tick 3 : < 2 0 0 0 0 0 0 0 0 0 > --- 1 0 0 0 0 0 0 0 0 0 
Search(4, 6, 5, from 2): lock  0 tick 4 : < 3 0 0 0 0 0 0 0 0 0 > --- 1 0 0 0 0 0 0 0 0 0 
CRITICAL id 0 lock 0 tick 5 limit 6
Search(5, 5, 6, from 3): lock -1 tick 5 : < 0 0 0 0 0 0 0 0 0 0 > --- 1 0 0 0 0 0 0 0 0 0 
Search(6, 5, 7, from 0): lock  0 tick 6 : < 1 0 0 0 0 0 0 0 0 0 > --- 6 0 0 0 0 0 0 0 0 0 
Search(7, 5, 8, from 1): lock  0 tick 7 : < 1 0 0 0 0 0 0 0 0 0 > --- 6 0 0 0 0 0 0 0 0 0 
Search(8, 5, 9, from 1): lock  0 tick 8 : < 2 0 0 0 0 0 0 0 0 0 > --- 6 0 0 0 0 0 0 0 0 0 
Search(9, 5, 10, from 2): lock  0 tick 9 : < 3 0 0 0 0 0 0 0 0 0 > --- 6 0 0 0 0 0 0 0 0 0 
CRITICAL id 0 lock 0 tick 10 limit 5
Search(10, 4, 11, from 3): lock -1 tick 10 : < 0 0 0 0 0 0 0 0 0 0 > --- 6 0 0 0 0 0 0 0 0 0 
Search(11, 4, 12, from 0): lock  0 tick 11 : < 1 0 0 0 0 0 0 0 0 0 > --- 11 0 0 0 0 0 0 0 0 0 
Search(12, 4, 13, from 1): lock  0 tick 12 : < 1 0 0 0 0 0 0 0 0 0 > --- 11 0 0 0 0 0 0 0 0 0 
Search(13, 4, 14, from 1): lock  0 tick 13 : < 2 0 0 0 0 0 0 0 0 0 > --- 11 0 0 0 0 0 0 0 0 0 
Search(14, 4, 15, from 2): lock  0 tick 14 : < 3 0 0 0 0 0 0 0 0 0 > --- 11 0 0 0 0 0 0 0 0 0 
CRITICAL id 0 lock 0 tick 15 limit 4
Search(15, 3, 16, from 3): lock -1 tick 15 : < 0 0 0 0 0 0 0 0 0 0 > --- 11 0 0 0 0 0 0 0 0 0 
Search(16, 3, 17, from 0): lock  0 tick 16 : < 1 0 0 0 0 0 0 0 0 0 > --- 16 0 0 0 0 0 0 0 0 0 
Search(17, 3, 18, from 1): lock  0 tick 17 : < 1 0 0 0 0 0 0 0 0 0 > --- 16 0 0 0 0 0 0 0 0 0 
Search(18, 3, 19, from 1): lock  0 tick 18 : < 2 0 0 0 0 0 0 0 0 0 > --- 16 0 0 0 0 0 0 0 0 0 
Search(19, 3, 20, from 2): lock  0 tick 19 : < 3 0 0 0 0 0 0 0 0 0 > --- 16 0 0 0 0 0 0 0 0 0 
CRITICAL id 0 lock 0 tick 20 limit 3
Search(20, 2, 21, from 3): lock -1 tick 20 : < 0 0 0 0 0 0 0 0 0 0 > --- 16 0 0 0 0 0 0 0 0 0 
Search(21, 2, 22, from 0): lock  0 tick 21 : < 1 0 0 0 0 0 0 0 0 0 > --- 21 0 0 0 0 0 0 0 0 0 
Search(22, 2, 23, from 1): lock  0 tick 22 : < 1 0 0 0 0 0 0 0 0 0 > --- 21 0 0 0 0 0 0 0 0 0 
Search(23, 2, 24, from 1): lock  0 tick 23 : < 2 0 0 0 0 0 0 0 0 0 > --- 21 0 0 0 0 0 0 0 0 0 
Search(24, 2, 25, from 2): lock  0 tick 24 : < 3 0 0 0 0 0 0 0 0 0 > --- 21 0 0 0 0 0 0 0 0 0 
CRITICAL id 0 lock 0 tick 25 limit 2
Search(25, 1, 26, from 3): lock -1 tick 25 : < 0 0 0 0 0 0 0 0 0 0 > --- 21 0 0 0 0 0 0 0 0 0 
Search(26, 1, 27, from 0): lock  0 tick 26 : < 1 0 0 0 0 0 0 0 0 0 > --- 26 0 0 0 0 0 0 0 0 0 
Search(27, 1, 28, from 1): lock  0 tick 27 : < 1 0 0 0 0 0 0 0 0 0 > --- 26 0 0 0 0 0 0 0 0 0 
Search(28, 1, 29, from 1): lock  0 tick 28 : < 2 0 0 0 0 0 0 0 0 0 > --- 26 0 0 0 0 0 0 0 0 0 
Search(29, 1, 30, from 2): lock  0 tick 29 : < 3 0 0 0 0 0 0 0 0 0 > --- 26 0 0 0 0 0 0 0 0 0 
CRITICAL id 0 lock 0 tick 30 limit 1
Search(30, 0, 31, from 3): lock -1 tick 30 : < 0 0 0 0 0 0 0 0 0 0 > --- 26 0 0 0 0 0 0 0 0 0 
Search(26, 1, 32, from 0): lock  1 tick 26 : < 0 1 0 0 0 0 0 0 0 0 > --- 21 26 0 0 0 0 0 0 0 0 
Search(27, 1, 33, from 1): lock  1 tick 27 : < 0 1 0 0 0 0 0 0 0 0 > --- 21 26 0 0 0 0 0 0 0 0 
Search(28, 1, 34, from 1): lock  1 tick 28 : < 0 2 0 0 0 0 0 0 0 0 > --- 21 26 0 0 0 0 0 0 0 0 
Search(29, 1, 35, from 2): lock  1 tick 29 : < 0 3 0 0 0 0 0 0 0 0 > --- 21 26 0 0 0 0 0 0 0 0 
CRITICAL id 1 lock 1 tick 30 limit 1
Search(30, 0, 36, from 3): lock -1 tick 30 : < 0 0 0 0 0 0 0 0 0 0 > --- 21 26 0 0 0 0 0 0 0 0 
Search(26, 1, 37, from 0): lock  2 tick 26 : < 0 0 1 0 0 0 0 0 0 0 > --- 21 0 26 0 0 0 0 0 0 0 
Search(27, 1, 38, from 1): lock  2 tick 27 : < 0 0 1 0 0 0 0 0 0 0 > --- 21 0 26 0 0 0 0 0 0 0 
Search(28, 1, 39, from 1): lock  2 tick 28 : < 0 0 2 0 0 0 0 0 0 0 > --- 21 0 26 0 0 0 0 0 0 0 
Search(29, 1, 40, from 2): lock  2 tick 29 : < 0 0 3 0 0 0 0 0 0 0 > --- 21 0 26 0 0 0 0 0 0 0 
CRITICAL id 2 lock 2 tick 30 limit 1
Search(30, 0, 41, from 3): lock -1 tick 30 : < 0 0 0 0 0 0 0 0 0 0 > --- 21 0 26 0 0 0 0 0 0 0 
Search(26, 1, 42, from 0): lock  3 tick 26 : < 0 0 0 1 0 0 0 0 0 0 > --- 21 0 0 26 0 0 0 0 0 0 
Search(27, 1, 43, from 1): lock  3 tick 27 : < 0 0 0 1 0 0 0 0 0 0 > --- 21 0 0 26 0 0 0 0 0 0 
Search(28, 1, 44, from 1): lock  3 tick 28 : < 0 0 0 2 0 0 0 0 0 0 > --- 21 0 0 26 0 0 0 0 0 0 
Search(29, 1, 45, from 2): lock  3 tick 29 : < 0 0 0 3 0 0 0 0 0 0 > --- 21 0 0 26 0 0 0 0 0 0 
CRITICAL id 3 lock 3 tick 30 limit 1
Search(30, 0, 46, from 3): lock -1 tick 30 : < 0 0 0 0 0 0 0 0 0 0 > --- 21 0 0 26 0 0 0 0 0 0 
Search(26, 1, 47, from 0): lock  4 tick 26 : < 0 0 0 0 1 0 0 0 0 0 > --- 21 0 0 0 26 0 0 0 0 0 
Search(27, 1, 48, from 1): lock  4 tick 27 : < 0 0 0 0 1 0 0 0 0 0 > --- 21 0 0 0 26 0 0 0 0 0 
Search(28, 1, 49, from 1): lock  4 tick 28 : < 0 0 0 0 2 0 0 0 0 0 > --- 21 0 0 0 26 0 0 0 0 0 
Search(29, 1, 50, from 2): lock  4 tick 29 : < 0 0 0 0 3 0 0 0 0 0 > --- 21 0 0 0 26 0 0 0 0 0 
CRITICAL id 4 lock 4 tick 30 limit 1
Search(30, 0, 51, from 3): lock -1 tick 30 : < 0 0 0 0 0 0 0 0 0 0 > --- 21 0 0 0 26 0 0 0 0 0 
Search(26, 1, 52, from 0): lock  5 tick 26 : < 0 0 0 0 0 1 0 0 0 0 > --- 21 0 0 0 0 26 0 0 0 0 
Search(27, 1, 53, from 1): lock  5 tick 27 : < 0 0 0 0 0 1 0 0 0 0 > --- 21 0 0 0 0 26 0 0 0 0 
Search(28, 1, 54, from 1): lock  5 tick 28 : < 0 0 0 0 0 2 0 0 0 0 > --- 21 0 0 0 0 26 0 0 0 0 
Search(29, 1, 55, from 2): lock  5 tick 29 : < 0 0 0 0 0 3 0 0 0 0 > --- 21 0 0 0 0 26 0 0 0 0 
CRITICAL id 5 lock 5 tick 30 limit 1
Search(30, 0, 56, from 3): lock -1 tick 30 : < 0 0 0 0 0 0 0 0 0 0 > --- 21 0 0 0 0 26 0 0 0 0 
Search(26, 1, 57, from 0): lock  6 tick 26 : < 0 0 0 0 0 0 1 0 0 0 > --- 21 0 0 0 0 0 26 0 0 0 
Search(27, 1, 58, from 1): lock  6 tick 27 : < 0 0 0 0 0 0 1 0 0 0 > --- 21 0 0 0 0 0 26 0 0 0 
Search(28, 1, 59, from 1): lock  6 tick 28 : < 0 0 0 0 0 0 2 0 0 0 > --- 21 0 0 0 0 0 26 0 0 0 
Search(29, 1, 60, from 2): lock  6 tick 29 : < 0 0 0 0 0 0 3 0 0 0 > --- 21 0 0 0 0 0 26 0 0 0 
CRITICAL id 6 lock 6 tick 30 limit 1
Search(30, 0, 61, from 3): lock -1 tick 30 : < 0 0 0 0 0 0 0 0 0 0 > --- 21 0 0 0 0 0 26 0 0 0 
Search(26, 1, 62, from 0): lock  7 tick 26 : < 0 0 0 0 0 0 0 1 0 0 > --- 21 0 0 0 0 0 0 26 0 0 
Search(27, 1, 63, from 1): lock  7 tick 27 : < 0 0 0 0 0 0 0 1 0 0 > --- 21 0 0 0 0 0 0 26 0 0 
Search(28, 1, 64, from 1): lock  7 tick 28 : < 0 0 0 0 0 0 0 2 0 0 > --- 21 0 0 0 0 0 0 26 0 0 
Search(29, 1, 65, from 2): lock  7 tick 29 : < 0 0 0 0 0 0 0 3 0 0 > --- 21 0 0 0 0 0 0 26 0 0 
CRITICAL id 7 lock 7 tick 30 limit 1
Search(30, 0, 66, from 3): lock -1 tick 30 : < 0 0 0 0 0 0 0 0 0 0 > --- 21 0 0 0 0 0 0 26 0 0 
Search(26, 1, 67, from 0): lock  8 tick 26 : < 0 0 0 0 0 0 0 0 1 0 > --- 21 0 0 0 0 0 0 0 26 0 
Search(27, 1, 68, from 1): lock  8 tick 27 : < 0 0 0 0 0 0 0 0 1 0 > --- 21 0 0 0 0 0 0 0 26 0 
Search(28, 1, 69, from 1): lock  8 tick 28 : < 0 0 0 0 0 0 0 0 2 0 > --- 21 0 0 0 0 0 0 0 26 0 
Search(29, 1, 70, from 2): lock  8 tick 29 : < 0 0 0 0 0 0 0 0 3 0 > --- 21 0 0 0 0 0 0 0 26 0 
CRITICAL id 8 lock 8 tick 30 limit 1
Search(30, 0, 71, from 3): lock -1 tick 30 : < 0 0 0 0 0 0 0 0 0 0 > --- 21 0 0 0 0 0 0 0 26 0 
Search(26, 1, 72, from 0): lock  9 tick 26 : < 0 0 0 0 0 0 0 0 0 1 > --- 21 0 0 0 0 0 0 0 0 26 
Search(27, 1, 73, from 1): lock  9 tick 27 : < 0 0 0 0 0 0 0 0 0 1 > --- 21 0 0 0 0 0 0 0 0 26 
Search(28, 1, 74, from 1): lock  9 tick 28 : < 0 0 0 0 0 0 0 0 0 2 > --- 21 0 0 0 0 0 0 0 0 26 
Search(29, 1, 75, from 2): lock  9 tick 29 : < 0 0 0 0 0 0 0 0 0 3 > --- 21 0 0 0 0 0 0 0 0 26 
CRITICAL id 9 lock 9 tick 30 limit 1
Search(30, 0, 76, from 3): lock -1 tick 30 : < 0 0 0 0 0 0 0 0 0 0 > --- 21 0 0 0 0 0 0 0 0 26 
Search(21, 2, 77, from 0): lock  1 tick 21 : < 0 1 0 0 0 0 0 0 0 0 > --- 16 21 0 0 0 0 0 0 0 0 
Search(22, 2, 78, from 1): lock  1 tick 22 : < 0 1 0 0 0 0 0 0 0 0 > --- 16 21 0 0 0 0 0 0 0 0 
Search(23, 2, 79, from 1): lock  1 tick 23 : < 0 2 0 0 0 0 0 0 0 0 > --- 16 21 0 0 0 0 0 0 0 0 
Search(24, 2, 80, from 2): lock  1 tick 24 : < 0 3 0 0 0 0 0 0 0 0 > --- 16 21 0 0 0 0 0 0 0 0 
CRITICAL id 1 lock 1 tick 25 limit 2
Search(25, 1, 81, from 3): lock -1 tick 25 : < 0 0 0 0 0 0 0 0 0 0 > --- 16 21 0 0 0 0 0 0 0 0 
Search(26, 1, 82, from 0): lock  0 tick 26 : < 1 0 0 0 0 0 0 0 0 0 > --- 26 21 0 0 0 0 0 0 0 0 
Search(27, 1, 83, from 1): lock  0 tick 27 : < 1 0 0 0 0 0 0 0 0 0 > --- 26 21 0 0 0 0 0 0 0 0 
Search(28, 1, 84, from 1): lock  0 tick 28 : < 2 0 0 0 0 0 0 0 0 0 > --- 26 21 0 0 0 0 0 0 0 0 
Search(29, 1, 85, from 2): lock  0 tick 29 : < 3 0 0 0 0 0 0 0 0 0 > --- 26 21 0 0 0 0 0 0 0 0 
CRITICAL id 0 lock 0 tick 30 limit 1
Search(30, 0, 86, from 3): lock -1 tick 30 : < 0 0 0 0 0 0 0 0 0 0 > --- 26 21 0 0 0 0 0 0 0 0 
Search(26, 1, 87, from 0): lock  1 tick 26 : < 0 1 0 0 0 0 0 0 0 0 > --- 16 26 0 0 0 0 0 0 0 0 
Search(26, 1, 88, from 0): lock  2 tick 26 : < 0 0 1 0 0 0 0 0 0 0 > --- 16 21 26 0 0 0 0 0 0 0 
Search(27, 1, 89, from 1): lock  2 tick 27 : < 0 0 1 0 0 0 0 0 0 0 > --- 16 21 26 0 0 0 0 0 0 0 
Search(28, 1, 90, from 1): lock  2 tick 28 : < 0 0 2 0 0 0 0 0 0 0 > --- 16 21 26 0 0 0 0 0 0 0 
Search(29, 1, 91, from 2): lock  2 tick 29 : < 0 0 3 0 0 0 0 0 0 0 > --- 16 21 26 0 0 0 0 0 0 0 
CRITICAL id 2 lock 2 tick 30 limit 1
Search(30, 0, 92, from 3): lock -1 tick 30 : < 0 0 0 0 0 0 0 0 0 0 > --- 16 21 26 0 0 0 0 0 0 0 
Search(26, 1, 93, from 0): lock  3 tick 26 : < 0 0 0 1 0 0 0 0 0 0 > --- 16 21 0 26 0 0 0 0 0 0 
Search(27, 1, 94, from 1): lock  3 tick 27 : < 0 0 0 1 0 0 0 0 0 0 > --- 16 21 0 26 0 0 0 0 0 0 
Search(28, 1, 95, from 1): lock  3 tick 28 : < 0 0 0 2 0 0 0 0 0 0 > --- 16 21 0 26 0 0 0 0 0 0 
Search(29, 1, 96, from 2): lock  3 tick 29 : < 0 0 0 3 0 0 0 0 0 0 > --- 16 21 0 26 0 0 0 0 0 0 
CRITICAL id 3 lock 3 tick 30 limit 1
Search(30, 0, 97, from 3): lock -1 tick 30 : < 0 0 0 0 0 0 0 0 0 0 > --- 16 21 0 26 0 0 0 0 0 0 
Search(26, 1, 98, from 0): lock  4 tick 26 : < 0 0 0 0 1 0 0 0 0 0 > --- 16 21 0 0 26 0 0 0 0 0 
Search(27, 1, 99, from 1): lock  4 tick 27 : < 0 0 0 0 1 0 0 0 0 0 > --- 16 21 0 0 26 0 0 0 0 0 
Search(28, 1, 100, from 1): lock  4 tick 28 : < 0 0 0 0 2 0 0 0 0 0 > --- 16 21 0 0 26 0 0 0 0 0 
Search(29, 1, 101, from 2): lock  4 tick 29 : < 0 0 0 0 3 0 0 0 0 0 > --- 16 21 0 0 26 0 0 0 0 0 
CRITICAL id 4 lock 4 tick 30 limit 1
Search(30, 0, 102, from 3): lock -1 tick 30 : < 0 0 0 0 0 0 0 0 0 0 > --- 16 21 0 0 26 0 0 0 0 0 
Search(26, 1, 103, from 0): lock  5 tick 26 : < 0 0 0 0 0 1 0 0 0 0 > --- 16 21 0 0 0 26 0 0 0 0 
Search(27, 1, 104, from 1): lock  5 tick 27 : < 0 0 0 0 0 1 0 0 0 0 > --- 16 21 0 0 0 26 0 0 0 0 
Search(28, 1, 105, from 1): lock  5 tick 28 : < 0 0 0 0 0 2 0 0 0 0 > --- 16 21 0 0 0 26 0 0 0 0 
Search(29, 1, 106, from 2): lock  5 tick 29 : < 0 0 0 0 0 3 0 0 0 0 > --- 16 21 0 0 0 26 0 0 0 0 
CRITICAL id 5 lock 5 tick 30 limit 1
Search(30, 0, 107, from 3): lock -1 tick 30 : < 0 0 0 0 0 0 0 0 0 0 > --- 16 21 0 0 0 26 0 0 0 0 
Search(26, 1, 108, from 0): lock  6 tick 26 : < 0 0 0 0 0 0 1 0 0 0 > --- 16 21 0 0 0 0 26 0 0 0 
Search(27, 1, 109, from 1): lock  6 tick 27 : < 0 0 0 0 0 0 1 0 0 0 > --- 16 21 0 0 0 0 26 0 0 0 
Search(28, 1, 110, from 1): lock  6 tick 28 : < 0 0 0 0 0 0 2 0 0 0 > --- 16 21 0 0 0 0 26 0 0 0 
Search(29, 1, 111, from 2): lock  6 tick 29 : < 0 0 0 0 0 0 3 0 0 0 > --- 16 21 0 0 0 0 26 0 0 0 
CRITICAL id 6 lock 6 tick 30 limit 1
Search(30, 0, 112, from 3): lock -1 tick 30 : < 0 0 0 0 0 0 0 0 0 0 > --- 16 21 0 0 0 0 26 0 0 0 
Search(26, 1, 113, from 0): lock  7 tick 26 : < 0 0 0 0 0 0 0 1 0 0 > --- 16 21 0 0 0 0 0 26 0 0 
Search(27, 1, 114, from 1): lock  7 tick 27 : < 0 0 0 0 0 0 0 1 0 0 > --- 16 21 0 0 0 0 0 26 0 0 
Search(28, 1, 115, from 1): lock  7 tick 28 : < 0 0 0 0 0 0 0 2 0 0 > --- 16 21 0 0 0 0 0 26 0 0 
Search(29, 1, 116, from 2): lock  7 tick 29 : < 0 0 0 0 0 0 0 3 0 0 > --- 16 21 0 0 0 0 0 26 0 0 
CRITICAL id 7 lock 7 tick 30 limit 1
Search(30, 0, 117, from 3): lock -1 tick 30 : < 0 0 0 0 0 0 0 0 0 0 > --- 16 21 0 0 0 0 0 26 0 0 
Search(26, 1, 118, from 0): lock  8 tick 26 : < 0 0 0 0 0 0 0 0 1 0 > --- 16 21 0 0 0 0 0 0 26 0 
Search(27, 1, 119, from 1): lock  8 tick 27 : < 0 0 0 0 0 0 0 0 1 0 > --- 16 21 0 0 0 0 0 0 26 0 
Search(28, 1, 120, from 1): lock  8 tick 28 : < 0 0 0 0 0 0 0 0 2 0 > --- 16 21 0 0 0 0 0 0 26 0 
Search(29, 1, 121, from 2): lock  8 tick 29 : < 0 0 0 0 0 0 0 0 3 0 > --- 16 21 0 0 0 0 0 0 26 0 
CRITICAL id 8 lock 8 tick 30 limit 1
Search(30, 0, 122, from 3): lock -1 tick 30 : < 0 0 0 0 0 0 0 0 0 0 > --- 16 21 0 0 0 0 0 0 26 0 
Search(26, 1, 123, from 0): lock  9 tick 26 : < 0 0 0 0 0 0 0 0 0 1 > --- 16 21 0 0 0 0 0 0 0 26 
Search(27, 1, 124, from 1): lock  9 tick 27 : < 0 0 0 0 0 0 0 0 0 1 > --- 16 21 0 0 0 0 0 0 0 26 
Search(28, 1, 125, from 1): lock  9 tick 28 : < 0 0 0 0 0 0 0 0 0 2 > --- 16 21 0 0 0 0 0 0 0 26 
Search(29, 1, 126, from 2): lock  9 tick 29 : < 0 0 0 0 0 0 0 0 0 3 > --- 16 21 0 0 0 0 0 0 0 26 
CRITICAL id 9 lock 9 tick 30 limit 1
Search(30, 0, 127, from 3): lock -1 tick 30 : < 0 0 0 0 0 0 0 0 0 0 > --- 16 21 0 0 0 0 0 0 0 26 
Search(21, 2, 128, from 0): lock  2 tick 21 : < 0 0 1 0 0 0 0 0 0 0 > --- 16 0 21 0 0 0 0 0 0 0 
Search(22, 2, 129, from 1): lock  2 tick 22 : < 0 0 1 0 0 0 0 0 0 0 > --- 16 0 21 0 0 0 0 0 0 0 
Search(23, 2, 130, from 1): lock  2 tick 23 : < 0 0 2 0 0 0 0 0 0 0 > --- 16 0 21 0 0 0 0 0 0 0 
Search(24, 2, 131, from 2): lock  2 tick 24 : < 0 0 3 0 0 0 0 0 0 0 > --- 16 0 21 0 0 0 0 0 0 0 
CRITICAL id 2 lock 2 tick 25 limit 2
Search(25, 1, 132, from 3): lock -1 tick 25 : < 0 0 0 0 0 0 0 0 0 0 > --- 16 0 21 0 0 0 0 0 0 0 
Search(26, 1, 133, from 0): lock  0 tick 26 : < 1 0 0 0 0 0 0 0 0 0 > --- 26 0 21 0 0 0 0 0 0 0 
Search(27, 1, 134, from 1): lock  0 tick 27 : < 1 0 0 0 0 0 0 0 0 0 > --- 26 0 21 0 0 0 0 0 0 0 
Search(28, 1, 135, from 1): lock  0 tick 28 : < 2 0 0 0 0 0 0 0 0 0 > --- 26 0 21 0 0 0 0 0 0 0 
Search(29, 1, 136, from 2): lock  0 tick 29 : < 3 0 0 0 0 0 0 0 0 0 > --- 26 0 21 0 0 0 0 0 0 0 
CRITICAL id 0 lock 0 tick 30 limit 1
Search(30, 0, 137, from 3): lock -1 tick 30 : < 0 0 0 0 0 0 0 0 0 0 > --- 26 0 21 0 0 0 0 0 0 0 
Search(26, 1, 138, from 0): lock  1 tick 26 : < 0 1 0 0 0 0 0 0 0 0 > --- 16 26 21 0 0 0 0 0 0 0 
Search(27, 1, 139, from 1): lock  1 tick 27 : < 0 1 0 0 0 0 0 0 0 0 > --- 16 26 21 0 0 0 0 0 0 0 
Search(28, 1, 140, from 1): lock  1 tick 28 : < 0 2 0 0 0 0 0 0 0 0 > --- 16 26 21 0 0 0 0 0 0 0 
Search(29, 1, 141, from 2): lock  1 tick 29 : < 0 3 0 0 0 0 0 0 0 0 > --- 16 26 21 0 0 0 0 0 0 0 
CRITICAL id 1 lock 1 tick 30 limit 1
Search(30, 0, 142, from 3): lock -1 tick 30 : < 0 0 0 0 0 0 0 0 0 0 > --- 16 26 21 0 0 0 0 0 0 0 
Search(26, 1, 143, from 0): lock  2 tick 26 : < 0 0 1 0 0 0 0 0 0 0 > --- 16 0 26 0 0 0 0 0 0 0 
Search(26, 1, 144, from 0): lock  3 tick 26 : < 0 0 0 1 0 0 0 0 0 0 > --- 16 0 21 26 0 0 0 0 0 0 
Search(27, 1, 145, from 1): lock  3 tick 27 : < 0 0 0 1 0 0 0 0 0 0 > --- 16 0 21 26 0 0 0 0 0 0 
Search(28, 1, 146, from 1): lock  3 tick 28 : < 0 0 0 2 0 0 0 0 0 0 > --- 16 0 21 26 0 0 0 0 0 0 
Search(29, 1, 147, from 2): lock  3 tick 29 : < 0 0 0 3 0 0 0 0 0 0 > --- 16 0 21 26 0 0 0 0 0 0 
CRITICAL id 3 lock 3 tick 30 limit 1
Search(30, 0, 148, from 3): lock -1 tick 30 : < 0 0 0 0 0 0 0 0 0 0 > --- 16 0 21 26 0 0 0 0 0 0 
Search(26, 1, 149, from 0): lock  4 tick 26 : < 0 0 0 0 1 0 0 0 0 0 > --- 16 0 21 0 26 0 0 0 0 0 
Search(27, 1, 150, from 1): lock  4 tick 27 : < 0 0 0 0 1 0 0 0 0 0 > --- 16 0 21 0 26 0 0 0 0 0 
Search(28, 1, 151, from 1): lock  4 tick 28 : < 0 0 0 0 2 0 0 0 0 0 > --- 16 0 21 0 26 0 0 0 0 0 
Search(29, 1, 152, from 2): lock  4 tick 29 : < 0 0 0 0 3 0 0 0 0 0 > --- 16 0 21 0 26 0 0 0 0 0 
CRITICAL id 4 lock 4 tick 30 limit 1
Search(30, 0, 153, from 3): lock -1 tick 30 : < 0 0 0 0 0 0 0 0 0 0 > --- 16 0 21 0 26 0 0 0 0 0 
Search(26, 1, 154, from 0): lock  5 tick 26 : < 0 0 0 0 0 1 0 0 0 0 > --- 16 0 21 0 0 26 0 0 0 0 
Search(27, 1, 155, from 1): lock  5 tick 27 : < 0 0 0 0 0 1 0 0 0 0 > --- 16 0 21 0 0 26 0 0 0 0 
Search(28, 1, 156, from 1): lock  5 tick 28 : < 0 0 0 0 0 2 0 0 0 0 > --- 16 0 21 0 0 26 0 0 0 0 
Search(29, 1, 157, from 2): lock  5 tick 29 : < 0 0 0 0 0 3 0 0 0 0 > --- 16 0 21 0 0 26 0 0 0 0 
CRITICAL id 5 lock 5 tick 30 limit 1
Search(30, 0, 158, from 3): lock -1 tick 30 : < 0 0 0 0 0 0 0 0 0 0 > --- 16 0 21 0 0 26 0 0 0 0 
Search(26, 1, 159, from 0): lock  6 tick 26 : < 0 0 0 0 0 0 1 0 0 0 > --- 16 0 21 0 0 0 26 0 0 0 
Search(27, 1, 160, from 1): lock  6 tick 27 : < 0 0 0 0 0 0 1 0 0 0 > --- 16 0 21 0 0 0 26 0 0 0 
Search(28, 1, 161, from 1): lock  6 tick 28 : < 0 0 0 0 0 0 2 0 0 0 > --- 16 0 21 0 0 0 26 0 0 0 
Search(29, 1, 162, from 2): lock  6 tick 29 : < 0 0 0 0 0 0 3 0 0 0 > --- 16 0 21 0 0 0 26 0 0 0 
CRITICAL id 6 lock 6 tick 30 limit 1
Search(30, 0, 163, from 3): lock -1 tick 30 : < 0 0 0 0 0 0 0 0 0 0 > --- 16 0 21 0 0 0 26 0 0 0 
Search(26, 1, 164, from 0): lock  7 tick 26 : < 0 0 0 0 0 0 0 1 0 0 > --- 16 0 21 0 0 0 0 26 0 0 
Search(27, 1, 165, from 1): lock  7 tick 27 : < 0 0 0 0 0 0 0 1 0 0 > --- 16 0 21 0 0 0 0 26 0 0 
Search(28, 1, 166, from 1): lock  7 tick 28 : < 0 0 0 0 0 0 0 2 0 0 > --- 16 0 21 0 0 0 0 26 0 0 
Search(29, 1, 167, from 2): lock  7 tick 29 : < 0 0 0 0 0 0 0 3 0 0 > --- 16 0 21 0 0 0 0 26 0 0 
CRITICAL id 7 lock 7 tick 30 limit 1
Search(30, 0, 168, from 3): lock -1 tick 30 : < 0 0 0 0 0 0 0 0 0 0 > --- 16 0 21 0 0 0 0 26 0 0 
Search(26, 1, 169, from 0): lock  8 tick 26 : < 0 0 0 0 0 0 0 0 1 0 > --- 16 0 21 0 0 0 0 0 26 0 
Search(27, 1, 170, from 1): lock  8 tick 27 : < 0 0 0 0 0 0 0 0 1 0 > --- 16 0 21 0 0 0 0 0 26 0 
Search(28, 1, 171, from 1): lock  8 tick 28 : < 0 0 0 0 0 0 0 0 2 0 > --- 16 0 21 0 0 0 0 0 26 0 
Search(29, 1, 172, from 2): lock  8 tick 29 : < 0 0 0 0 0 0 0 0 3 0 > --- 16 0 21 0 0 0 0 0 26 0 
CRITICAL id 8 lock 8 tick 30 limit 1
Search(30, 0, 173, from 3): lock -1 tick 30 : < 0 0 0 0 0 0 0 0 0 0 > --- 16 0 21 0 0 0 0 0 26 0 
Search(26, 1, 174, from 0): lock  9 tick 26 : < 0 0 0 0 0 0 0 0 0 1 > --- 16 0 21 0 0 0 0 0 0 26 
Search(27, 1, 175, from 1): lock  9 tick 27 : < 0 0 0 0 0 0 0 0 0 1 > --- 16 0 21 0 0 0 0 0 0 26 
Search(28, 1, 176, from 1): lock  9 tick 28 : < 0 0 0 0 0 0 0 0 0 2 > --- 16 0 21 0 0 0 0 0 0 26 
Search(29, 1, 177, from 2): lock  9 tick 29 : < 0 0 0 0 0 0 0 0 0 3 > --- 16 0 21 0 0 0 0 0 0 26 
CRITICAL id 9 lock 9 tick 30 limit 1
Search(30, 0, 178, from 3): lock -1 tick 30 : < 0 0 0 0 0 0 0 0 0 0 > --- 16 0 21 0 0 0 0 0 0 26 
Search(21, 2, 179, from 0): lock  3 tick 21 : < 0 0 0 1 0 0 0 0 0 0 > --- 16 0 0 21 0 0 0 0 0 0 
Search(22, 2, 180, from 1): lock  3 tick 22 : < 0 0 0 1 0 0 0 0 0 0 > --- 16 0 0 21 0 0 0 0 0 0 
Search(23, 2, 181, from 1): lock  3 tick 23 : < 0 0 0 2 0 0 0 0 0 0 > --- 16 0 0 21 0 0 0 0 0 0 
Search(24, 2, 182, from 2): lock  3 tick 24 : < 0 0 0 3 0 0 0 0 0 0 > --- 16 0 0 21 0 0 0 0 0 0 
CRITICAL id 3 lock 3 tick 25 limit 2
Search(25, 1, 183, from 3): lock -1 tick 25 : < 0 0 0 0 0 0 0 0 0 0 > --- 16 0 0 21 0 0 0 0 0 0 
Search(26, 1, 184, from 0): lock  0 tick 26 : < 1 0 0 0 0 0 0 0 0 0 > --- 26 0 0 21 0 0 0 0 0 0 
Search(27, 1, 185, from 1): lock  0 tick 27 : < 1 0 0 0 0 0 0 0 0 0 > --- 26 0 0 21 0 0 0 0 0 0 
Search(28, 1, 186, from 1): lock  0 tick 28 : < 2 0 0 0 0 0 0 0 0 0 > --- 26 0 0 21 0 0 0 0 0 0 
Search(29, 1, 187, from 2): lock  0 tick 29 : < 3 0 0 0 0 0 0 0 0 0 > --- 26 0 0 21 0 0 0 0 0 0 
CRITICAL id 0 lock 0 tick 30 limit 1
Search(30, 0, 188, from 3): lock -1 tick 30 : < 0 0 0 0 0 0 0 0 0 0 > --- 26 0 0 21 0 0 0 0 0 0 
Search(26, 1, 189, from 0): lock  1 tick 26 : < 0 1 0 0 0 0 0 0 0 0 > --- 16 26 0 21 0 0 0 0 0 0 
Search(27, 1, 190, from 1): lock  1 tick 27 : < 0 1 0 0 0 0 0 0 0 0 > --- 16 26 0 21 0 0 0 0 0 0 
Search(28, 1, 191, from 1): lock  1 tick 28 : < 0 2 0 0 0 0 0 0 0 0 > --- 16 26 0 21 0 0 0 0 0 0 
Search(29, 1, 192, from 2): lock  1 tick 29 : < 0 3 0 0 0 0 0 0 0 0 > --- 16 26 0 21 0 0 0 0 0 0 
CRITICAL id 1 lock 1 tick 30 limit 1
Search(30, 0, 193, from 3): lock -1 tick 30 : < 0 0 0 0 0 0 0 0 0 0 > --- 16 26 0 21 0 0 0 0 0 0 
Search(26, 1, 194, from 0): lock  2 tick 26 : < 0 0 1 0 0 0 0 0 0 0 > --- 16 0 26 21 0 0 0 0 0 0 
Search(27, 1, 195, from 1): lock  2 tick 27 : < 0 0 1 0 0 0 0 0 0 0 > --- 16 0 26 21 0 0 0 0 0 0 
Search(28, 1, 196, from 1): lock  2 tick 28 : < 0 0 2 0 0 0 0 0 0 0 > --- 16 0 26 21 0 0 0 0 0 0 
Search(29, 1, 197, from 2): lock  2 tick 29 : < 0 0 3 0 0 0 0 0 0 0 > --- 16 0 26 21 0 0 0 0 0 0 
CRITICAL id 2 lock 2 tick 30 limit 1
Search(30, 0, 198, from 3): lock -1 tick 30 : < 0 0 0 0 0 0 0 0 0 0 > --- 16 0 26 21 0 0 0 0 0 0 
Search(26, 1, 199, from 0): lock  3 tick 26 : < 0 0 0 1 0 0 0 0 0 0 > --- 16 0 0 26 0 0 0 0 0 0 
Search(26, 1, 200, from 0): lock  4 tick 26 : < 0 0 0 0 1 0 0 0 0 0 > --- 16 0 0 21 26 0 0 0 0 0 
Search(27, 1, 201, from 1): lock  4 tick 27 : < 0 0 0 0 1 0 0 0 0 0 > --- 16 0 0 21 26 0 0 0 0 0 
Search(28, 1, 202, from 1): lock  4 tick 28 : < 0 0 0 0 2 0 0 0 0 0 > --- 16 0 0 21 26 0 0 0 0 0 
Search(29, 1, 203, from 2): lock  4 tick 29 : < 0 0 0 0 3 0 0 0 0 0 > --- 16 0 0 21 26 0 0 0 0 0 
CRITICAL id 4 lock 4 tick 30 limit 1
Search(30, 0, 204, from 3): lock -1 tick 30 : < 0 0 0 0 0 0 0 0 0 0 > --- 16 0 0 21 26 0 0 0 0 0 
Search(26, 1, 205, from 0): lock  5 tick 26 : < 0 0 0 0 0 1 0 0 0 0 > --- 16 0 0 21 0 26 0 0 0 0 
Search(27, 1, 206, from 1): lock  5 tick 27 : < 0 0 0 0 0 1 0 0 0 0 > --- 16 0 0 21 0 26 0 0 0 0 
Search(28, 1, 207, from 1): lock  5 tick 28 : < 0 0 0 0 0 2 0 0 0 0 > --- 16 0 0 21 0 26 0 0 0 0 
Search(29, 1, 208, from 2): lock  5 tick 29 : < 0 0 0 0 0 3 0 0 0 0 > --- 16 0 0 21 0 26 0 0 0 0 
CRITICAL id 5 lock 5 tick 30 limit 1
Search(30, 0, 209, from 3): lock -1 tick 30 : < 0 0 0 0 0 0 0 0 0 0 > --- 16 0 0 21 0 26 0 0 0 0 
Search(26, 1, 210, from 0): lock  6 tick 26 : < 0 0 0 0 0 0 1 0 0 0 > --- 16 0 0 21 0 0 26 0 0 0 
Search(27, 1, 211, from 1): lock  6 tick 27 : < 0 0 0 0 0 0 1 0 0 0 > --- 16 0 0 21 0 0 26 0 0 0 
Search(28, 1, 212, from 1): lock  6 tick 28 : < 0 0 0 0 0 0 2 0 0 0 > --- 16 0 0 21 0 0 26 0 0 0 
Search(29, 1, 213, from 2): lock  6 tick 29 : < 0 0 0 0 0 0 3 0 0 0 > --- 16 0 0 21 0 0 26 0 0 0 
CRITICAL id 6 lock 6 tick 30 limit 1
Search(30, 0, 214, from 3): lock -1 tick 30 : < 0 0 0 0 0 0 0 0 0 0 > --- 16 0 0 21 0 0 26 0 0 0 
Search(26, 1, 215, from 0): lock  7 tick 26 : < 0 0 0 0 0 0 0 1 0 0 > --- 16 0 0 21 0 0 0 26 0 0 
Search(27, 1, 216, from 1): lock  7 tick 27 : < 0 0 0 0 0 0 0 1 0 0 > --- 16 0 0 21 0 0 0 26 0 0 
Search(28, 1, 217, from 1): lock  7 tick 28 : < 0 0 0 0 0 0 0 2 0 0 > --- 16 0 0 21 0 0 0 26 0 0 
Search(29, 1, 218, from 2): lock  7 tick 29 : < 0 0 0 0 0 0 0 3 0 0 > --- 16 0 0 21 0 0 0 26 0 0 
CRITICAL id 7 lock 7 tick 30 limit 1
Search(30, 0, 219, from 3): lock -1 tick 30 : < 0 0 0 0 0 0 0 0 0 0 > --- 16 0 0 21 0 0 0 26 0 0 
Search(26, 1, 220, from 0): lock  8 tick 26 : < 0 0 0 0 0 0 0 0 1 0 > --- 16 0 0 21 0 0 0 0 26 0 
Search(27, 1, 221, from 1): lock  8 tick 27 : < 0 0 0 0 0 0 0 0 1 0 > --- 16 0 0 21 0 0 0 0 26 0 
Search(28, 1, 222, from 1): lock  8 tick 28 : < 0 0 0 0 0 0 0 0 2 0 > --- 16 0 0 21 0 0 0 0 26 0 
Search(29, 1, 223, from 2): lock  8 tick 29 : < 0 0 0 0 0 0 0 0 3 0 > --- 16 0 0 21 0 0 0 0 26 0 
CRITICAL id 8 lock 8 tick 30 limit 1
Search(30, 0, 224, from 3): lock -1 tick 30 : < 0 0 0 0 0 0 0 0 0 0 > --- 16 0 0 21 0 0 0 0 26 0 
Search(26, 1, 225, from 0): lock  9 tick 26 : < 0 0 0 0 0 0 0 0 0 1 > --- 16 0 0 21 0 0 0 0 0 26 
Search(27, 1, 226, from 1): lock  9 tick 27 : < 0 0 0 0 0 0 0 0 0 1 > --- 16 0 0 21 0 0 0 0 0 26 
Search(28, 1, 227, from 1): lock  9 tick 28 : < 0 0 0 0 0 0 0 0 0 2 > --- 16 0 0 21 0 0 0 0 0 26 
Search(29, 1, 228, from 2): lock  9 tick 29 : < 0 0 0 0 0 0 0 0 0 3 > --- 16 0 0 21 0 0 0 0 0 26 
CRITICAL id 9 lock 9 tick 30 limit 1
Search(30, 0, 229, from 3): lock -1 tick 30 : < 0 0 0 0 0 0 0 0 0 0 > --- 16 0 0 21 0 0 0 0 0 26 
Search(21, 2, 230, from 0): lock  4 tick 21 : < 0 0 0 0 1 0 0 0 0 0 > --- 16 0 0 0 21 0 0 0 0 0 
Search(22, 2, 231, from 1): lock  4 tick 22 : < 0 0 0 0 1 0 0 0 0 0 > --- 16 0 0 0 21 0 0 0 0 0 
Search(23, 2, 232, from 1): lock  4 tick 23 : < 0 0 0 0 2 0 0 0 0 0 > --- 16 0 0 0 21 0 0 0 0 0 
Search(24, 2, 233, from 2): lock  4 tick 24 : < 0 0 0 0 3 0 0 0 0 0 > --- 16 0 0 0 21 0 0 0 0 0 
CRITICAL id 4 lock 4 tick 25 limit 2
Search(25, 1, 234, from 3): lock -1 tick 25 : < 0 0 0 0 0 0 0 0 0 0 > --- 16 0 0 0 21 0 0 0 0 0 
Search(26, 1, 235, from 0): lock  0 tick 26 : < 1 0 0 0 0 0 0 0 0 0 > --- 26 0 0 0 21 0 0 0 0 0 
Search(27, 1, 236, from 1): lock  0 tick 27 : < 1 0 0 0 0 0 0 0 0 0 > --- 26 0 0 0 21 0 0 0 0 0 
Search(28, 1, 237, from 1): lock  0 tick 28 : < 2 0 0 0 0 0 0 0 0 0 > --- 26 0 0 0 21 0 0 0 0 0 
Search(29, 1, 238, from 2): lock  0 tick 29 : < 3 0 0 0 0 0 0 0 0 0 > --- 26 0 0 0 21 0 0 0 0 0 
CRITICAL id 0 lock 0 tick 30 limit 1
Search(30, 0, 239, from 3): lock -1 tick 30 : < 0 0 0 0 0 0 0 0 0 0 > --- 26 0 0 0 21 0 0 0 0 0 
Search(26, 1, 240, from 0): lock  1 tick 26 : < 0 1 0 0 0 0 0 0 0 0 > --- 16 26 0 0 21 0 0 0 0 0 
Search(27, 1, 241, from 1): lock  1 tick 27 : < 0 1 0 0 0 0 0 0 0 0 > --- 16 26 0 0 21 0 0 0 0 0 
Search(28, 1, 242, from 1): lock  1 tick 28 : < 0 2 0 0 0 0 0 0 0 0 > --- 16 26 0 0 21 0 0 0 0 0 
Search(29, 1, 243, from 2): lock  1 tick 29 : < 0 3 0 0 0 0 0 0 0 0 > --- 16 26 0 0 21 0 0 0 0 0 
CRITICAL id 1 lock 1 tick 30 limit 1
Search(30, 0, 244, from 3): lock -1 tick 30 : < 0 0 0 0 0 0 0 0 0 0 > --- 16 26 0 0 21 0 0 0 0 0 
Search(26, 1, 245, from 0): lock  2 tick 26 : < 0 0 1 0 0 0 0 0 0 0 > --- 16 0 26 0 21 0 0 0 0 0 
Search(27, 1, 246, from 1): lock  2 tick 27 : < 0 0 1 0 0 0 0 0 0 0 > --- 16 0 26 0 21 0 0 0 0 0 
Search(28, 1, 247, from 1): lock  2 tick 28 : < 0 0 2 0 0 0 0 0 0 0 > --- 16 0 26 0 21 0 0 0 0 0 
Search(29, 1, 248, from 2): lock  2 tick 29 : < 0 0 3 0 0 0 0 0 0 0 > --- 16 0 26 0 21 0 0 0 0 0 
CRITICAL id 2 lock 2 tick 30 limit 1
Search(30, 0, 249, from 3): lock -1 tick 30 : < 0 0 0 0 0 0 0 0 0 0 > --- 16 0 26 0 21 0 0 0 0 0 
Search(26, 1, 250, from 0): lock  3 tick 26 : < 0 0 0 1 0 0 0 0 0 0 > --- 16 0 0 26 21 0 0 0 0 0 
Search(27, 1, 251, from 1): lock  3 tick 27 : < 0 0 0 1 0 0 0 0 0 0 > --- 16 0 0 26 21 0 0 0 0 0 
Search(28, 1, 252, from 1): lock  3 tick 28 : < 0 0 0 2 0 0 0 0 0 0 > --- 16 0 0 26 21 0 0 0 0 0 
Search(29, 1, 253, from 2): lock  3 tick 29 : < 0 0 0 3 0 0 0 0 0 0 > --- 16 0 0 26 21 0 0 0 0 0 
CRITICAL id 3 lock 3 tick 30 limit 1
Search(30, 0, 254, from 3): lock -1 tick 30 : < 0 0 0 0 0 0 0 0 0 0 > --- 16 0 0 26 21 0 0 0 0 0 
Search(26, 1, 255, from 0): lock  4 tick 26 : < 0 0 0 0 1 0 0 0 0 0 > --- 16 0 0 0 26 0 0 0 0 0 
Search(26, 1, 256, from 0): lock  5 tick 26 : < 0 0 0 0 0 1 0 0 0 0 > --- 16 0 0 0 21 26 0 0 0 0 
Search(27, 1, 257, from 1): lock  5 tick 27 : < 0 0 0 0 0 1 0 0 0 0 > --- 16 0 0 0 21 26 0 0 0 0 
Search(28, 1, 258, from 1): lock  5 tick 28 : < 0 0 0 0 0 2 0 0 0 0 > --- 16 0 0 0 21 26 0 0 0 0 
Search(29, 1, 259, from 2): lock  5 tick 29 : < 0 0 0 0 0 3 0 0 0 0 > --- 16 0 0 0 21 26 0 0 0 0 
CRITICAL id 5 lock 5 tick 30 limit 1
Search(30, 0, 260, from 3): lock -1 tick 30 : < 0 0 0 0 0 0 0 0 0 0 > --- 16 0 0 0 21 26 0 0 0 0 
Search(26, 1, 261, from 0): lock  6 tick 26 : < 0 0 0 0 0 0 1 0 0 0 > --- 16 0 0 0 21 0 26 0 0 0 
Search(27, 1, 262, from 1): lock  6 tick 27 : < 0 0 0 0 0 0 1 0 0 0 > --- 16 0 0 0 21 0 26 0 0 0 
Search(28, 1, 263, from 1): lock  6 tick 28 : < 0 0 0 0 0 0 2 0 0 0 > --- 16 0 0 0 21 0 26 0 0 0 
Search(29, 1, 264, from 2): lock  6 tick 29 : < 0 0 0 0 0 0 3 0 0 0 > --- 16 0 0 0 21 0 26 0 0 0 
CRITICAL id 6 lock 6 tick 30 limit 1
Search(30, 0, 265, from 3): lock -1 tick 30 : < 0 0 0 0 0 0 0 0 0 0 > --- 16 0 0 0 21 0 26 0 0 0 
Search(26, 1, 266, from 0): lock  7 tick 26 : < 0 0 0 0 0 0 0 1 0 0 > --- 16 0 0 0 21 0 0 26 0 0 
Search(27, 1, 267, from 1): lock  7 tick 27 : < 0 0 0 0 0 0 0 1 0 0 > --- 16 0 0 0 21 0 0 26 0 0 
Search(28, 1, 268, from 1): lock  7 tick 28 : < 0 0 0 0 0 0 0 2 0 0 > --- 16 0 0 0 21 0 0 26 0 0 
Search(29, 1, 269, from 2): lock  7 tick 29 : < 0 0 0 0 0 0 0 3 0 0 > --- 16 0 0 0 21 0 0 26 0 0 
CRITICAL id 7 lock 7 tick 30 limit 1
Search(30, 0, 270, from 3): lock -1 tick 30 : < 0 0 0 0 0 0 0 0 0 0 > --- 16 0 0 0 21 0 0 26 0 0 
Search(26, 1, 271, from 0): lock  8 tick 26 : < 0 0 0 0 0 0 0 0 1 0 > --- 16 0 0 0 21 0 0 0 26 0 
Search(27, 1, 272, from 1): lock  8 tick 27 : < 0 0 0 0 0 0 0 0 1 0 > --- 16 0 0 0 21 0 0 0 26 0 
Search(28, 1, 273, from 1): lock  8 tick 28 : < 0 0 0 0 0 0 0 0 2 0 > --- 16 0 0 0 21 0 0 0 26 0 
Search(29, 1, 274, from 2): lock  8 tick 29 : < 0 0 0 0 0 0 0 0 3 0 > --- 16 0 0 0 21 0 0 0 26 0 
CRITICAL id 8 lock 8 tick 30 limit 1
Search(30, 0, 275, from 3): lock -1 tick 30 : < 0 0 0 0 0 0 0 0 0 0 > --- 16 0 0 0 21 0 0 0 26 0 
Search(26, 1, 276, from 0): lock  9 tick 26 : < 0 0 0 0 0 0 0 0 0 1 > --- 16 0 0 0 21 0 0 0 0 26 
Search(27, 1, 277, from 1): lock  9 tick 27 : < 0 0 0 0 0 0 0 0 0 1 > --- 16 0 0 0 21 0 0 0 0 26 
Search(28, 1, 278, from 1): lock  9 tick 28 : < 0 0 0 0 0 0 0 0 0 2 > --- 16 0 0 0 21 0 0 0 0 26 
Search(29, 1, 279, from 2): lock  9 tick 29 : < 0 0 0 0 0 0 0 0 0 3 > --- 16 0 0 0 21 0 0 0 0 26 
CRITICAL id 9 lock 9 tick 30 limit 1
Search(30, 0, 280, from 3): lock -1 tick 30 : < 0 0 0 0 0 0 0 0 0 0 > --- 16 0 0 0 21 0 0 0 0 26 
Search(21, 2, 281, from 0): lock  5 tick 21 : < 0 0 0 0 0 1 0 0 0 0 > --- 16 0 0 0 0 21 0 0 0 0 
Search(22, 2, 282, from 1): lock  5 tick 22 : < 0 0 0 0 0 1 0 0 0 0 > --- 16 0 0 0 0 21 0 0 0 0 
Search(23, 2, 283, from 1): lock  5 tick 23 : < 0 0 0 0 0 2 0 0 0 0 > --- 16 0 0 0 0 21 0 0 0 0 
Search(24, 2, 284, from 2): lock  5 tick 24 : < 0 0 0 0 0 3 0 0 0 0 > --- 16 0 0 0 0 21 0 0 0 0 
CRITICAL id 5 lock 5 tick 25 limit 2
Search(25, 1, 285, from 3): lock -1 tick 25 : < 0 0 0 0 0 0 0 0 0 0 > --- 16 0 0 0 0 21 0 0 0 0 
Search(26, 1, 286, from 0): lock  0 tick 26 : < 1 0 0 0 0 0 0 0 0 0 > --- 26 0 0 0 0 21 0 0 0 0 
Search(27, 1, 287, from 1): lock  0 tick 27 : < 1 0 0 0 0 0 0 0 0 0 > --- 26 0 0 0 0 21 0 0 0 0 
Search(28, 1, 288, from 1): lock  0 tick 28 : < 2 0 0 0 0 0 0 0 0 0 > --- 26 0 0 0 0 21 0 0 0 0 
Search(29, 1, 289, from 2): lock  0 tick 29 : < 3 0 0 0 0 0 0 0 0 0 > --- 26 0 0 0 0 21 0 0 0 0 
CRITICAL id 0 lock 0 tick 30 limit 1
Search(30, 0, 290, from 3): lock -1 tick 30 : < 0 0 0 0 0 0 0 0 0 0 > --- 26 0 0 0 0 21 0 0 0 0 
Search(26, 1, 291, from 0): lock  1 tick 26 : < 0 1 0 0 0 0 0 0 0 0 > --- 16 26 0 0 0 21 0 0 0 0 
Search(27, 1, 292, from 1): lock  1 tick 27 : < 0 1 0 0 0 0 0 0 0 0 > --- 16 26 0 0 0 21 0 0 0 0 
Search(28, 1, 293, from 1): lock  1 tick 28 : < 0 2 0 0 0 0 0 0 0 0 > --- 16 26 0 0 0 21 0 0 0 0 
Search(29, 1, 294, from 2): lock  1 tick 29 : < 0 3 0 0 0 0 0 0 0 0 > --- 16 26 0 0 0 21 0 0 0 0 
CRITICAL id 1 lock 1 tick 30 limit 1
Search(30, 0, 295, from 3): lock -1 tick 30 : < 0 0 0 0 0 0 0 0 0 0 > --- 16 26 0 0 0 21 0 0 0 0 
Search(26, 1, 296, from 0): lock  2 tick 26 : < 0 0 1 0 0 0 0 0 0 0 > --- 16 0 26 0 0 21 0 0 0 0 
Search(27, 1, 297, from 1): lock  2 tick 27 : < 0 0 1 0 0 0 0 0 0 0 > --- 16 0 26 0 0 21 0 0 0 0 
Search(28, 1, 298, from 1): lock  2 tick 28 : < 0 0 2 0 0 0 0 0 0 0 > --- 16 0 26 0 0 21 0 0 0 0 
Search(29, 1, 299, from 2): lock  2 tick 29 : < 0 0 3 0 0 0 0 0 0 0 > --- 16 0 26 0 0 21 0 0 0 0 
CRITICAL id 2 lock 2 tick 30 limit 1
Search(30, 0, 300, from 3): lock -1 tick 30 : < 0 0 0 0 0 0 0 0 0 0 > --- 16 0 26 0 0 21 0 0 0 0 
Search(26, 1, 301, from 0): lock  3 tick 26 : < 0 0 0 1 0 0 0 0 0 0 > --- 16 0 0 26 0 21 0 0 0 0 
Search(27, 1, 302, from 1): lock  3 tick 27 : < 0 0 0 1 0 0 0 0 0 0 > --- 16 0 0 26 0 21 0 0 0 0 
Search(28, 1, 303, from 1): lock  3 tick 28 : < 0 0 0 2 0 0 0 0 0 0 > --- 16 0 0 26 0 21 0 0 0 0 
Search(29, 1, 304, from 2): lock  3 tick 29 : < 0 0 0 3 0 0 0 0 0 0 > --- 16 0 0 26 0 21 0 0 0 0 
CRITICAL id 3 lock 3 tick 30 limit 1
Search(30, 0, 305, from 3): lock -1 tick 30 : < 0 0 0 0 0 0 0 0 0 0 > --- 16 0 0 26 0 21 0 0 0 0 
Search(26, 1, 306, from 0): lock  4 tick 26 : < 0 0 0 0 1 0 0 0 0 0 > --- 16 0 0 0 26 21 0 0 0 0 
Search(27, 1, 307, from 1): lock  4 tick 27 : < 0 0 0 0 1 0 0 0 0 0 > --- 16 0 0 0 26 21 0 0 0 0 
Search(28, 1, 308, from 1): lock  4 tick 28 : < 0 0 0 0 2 0 0 0 0 0 > --- 16 0 0 0 26 21 0 0 0 0 
Search(29, 1, 309, from 2): lock  4 tick 29 : < 0 0 0 0 3 0 0 0 0 0 > --- 16 0 0 0 26 21 0 0 0 0 
CRITICAL id 4 lock 4 tick 30 limit 1
Search(30, 0, 310, from 3): lock -1 tick 30 : < 0 0 0 0 0 0 0 0 0 0 > --- 16 0 0 0 26 21 0 0 0 0 
Search(26, 1, 311, from 0): lock  5 tick 26 : < 0 0 0 0 0 1 0 0 0 0 > --- 16 0 0 0 0 26 0 0 0 0 
Search(26, 1, 312, from 0): lock  6 tick 26 : < 0 0 0 0 0 0 1 0 0 0 > --- 16 0 0 0 0 21 26 0 0 0 
Search(27, 1, 313, from 1): lock  6 tick 27 : < 0 0 0 0 0 0 1 0 0 0 > --- 16 0 0 0 0 21 26 0 0 0 
Search(28, 1, 314, from 1): lock  6 tick 28 : < 0 0 0 0 0 0 2 0 0 0 > --- 16 0 0 0 0 21 26 0 0 0 
Search(29, 1, 315, from 2): lock  6 tick 29 : < 0 0 0 0 0 0 3 0 0 0 > --- 16 0 0 0 0 21 26 0 0 0 
CRITICAL id 6 lock 6 tick 30 limit 1
Search(30, 0, 316, from 3): lock -1 tick 30 : < 0 0 0 0 0 0 0 0 0 0 > --- 16 0 0 0 0 21 26 0 0 0 
Search(26, 1, 317, from 0): lock  7 tick 26 : < 0 0 0 0 0 0 0 1 0 0 > --- 16 0 0 0 0 21 0 26 0 0 
Search(27, 1, 318, from 1): lock  7 tick 27 : < 0 0 0 0 0 0 0 1 0 0 > --- 16 0 0 0 0 21 0 26 0 0 
Search(28, 1, 319, from 1): lock  7 tick 28 : < 0 0 0 0 0 0 0 2 0 0 > --- 16 0 0 0 0 21 0 26 0 0 
Search(29, 1, 320, from 2): lock  7 tick 29 : < 0 0 0 0 0 0 0 3 0 0 > --- 16 0 0 0 0 21 0 26 0 0 
CRITICAL id 7 lock 7 tick 30 limit 1
Search(30, 0, 321, from 3): lock -1 tick 30 : < 0 0 0 0 0 0 0 0 0 0 > --- 16 0 0 0 0 21 0 26 0 0 
Search(26, 1, 322, from 0): lock  8 tick 26 : < 0 0 0 0 0 0 0 0 1 0 > --- 16 0 0 0 0 21 0 0 26 0 
Search(27, 1, 323, from 1): lock  8 tick 27 : < 0 0 0 0 0 0 0 0 1 0 > --- 16 0 0 0 0 21 0 0 26 0 
Search(28, 1, 324, from 1): lock  8 tick 28 : < 0 0 0 0 0 0 0 0 2 0 > --- 16 0 0 0 0 21 0 0 26 0 
Search(29, 1, 325, from 2): lock  8 tick 29 : < 0 0 0 0 0 0 0 0 3 0 > --- 16 0 0 0 0 21 0 0 26 0 
CRITICAL id 8 lock 8 tick 30 limit 1
Search(30, 0, 326, from 3): lock -1 tick 30 : < 0 0 0 0 0 0 0 0 0 0 > --- 16 0 0 0 0 21 0 0 26 0 
Search(26, 1, 327, from 0): lock  9 tick 26 : < 0 0 0 0 0 0 0 0 0 1 > --- 16 0 0 0 0 21 0 0 0 26 
Search(27, 1, 328, from 1): lock  9 tick 27 : < 0 0 0 0 0 0 0 0 0 1 > --- 16 0 0 0 0 21 0 0 0 26 
Search(28, 1, 329, from 1): lock  9 tick 28 : < 0 0 0 0 0 0 0 0 0 2 > --- 16 0 0 0 0 21 0 0 0 26 
Search(29, 1, 330, from 2): lock  9 tick 29 : < 0 0 0 0 0 0 0 0 0 3 > --- 16 0 0 0 0 21 0 0 0 26 
CRITICAL id 9 lock 9 tick 30 limit 1
Search(30, 0, 331, from 3): lock -1 tick 30 : < 0 0 0 0 0 0 0 0 0 0 > --- 16 0 0 0 0 21 0 0 0 26 
Search(21, 2, 332, from 0): lock  6 tick 21 : < 0 0 0 0 0 0 1 0 0 0 > --- 16 0 0 0 0 0 21 0 0 0 
Search(22, 2, 333, from 1): lock  6 tick 22 : < 0 0 0 0 0 0 1 0 0 0 > --- 16 0 0 0 0 0 21 0 0 0 
Search(23, 2, 334, from 1): lock  6 tick 23 : < 0 0 0 0 0 0 2 0 0 0 > --- 16 0 0 0 0 0 21 0 0 0 
Search(24, 2, 335, from 2): lock  6 tick 24 : < 0 0 0 0 0 0 3 0 0 0 > --- 16 0 0 0 0 0 21 0 0 0 
CRITICAL id 6 lock 6 tick 25 limit 2
Search(25, 1, 336, from 3): lock -1 tick 25 : < 0 0 0 0 0 0 0 0 0 0 > --- 16 0 0 0 0 0 21 0 0 0 
Search(26, 1, 337, from 0): lock  0 tick 26 : < 1 0 0 0 0 0 0 0 0 0 > --- 26 0 0 0 0 0 21 0 0 0 
Search(27, 1, 338, from 1): lock  0 tick 27 : < 1 0 0 0 0 0 0 0 0 0 > --- 26 0 0 0 0 0 21 0 0 0 
Search(28, 1, 339, from 1): lock  0 tick 28 : < 2 0 0 0 0 0 0 0 0 0 > --- 26 0 0 0 0 0 21 0 0 0 
Search(29, 1, 340, from 2): lock  0 tick 29 : < 3 0 0 0 0 0 0 0 0 0 > --- 26 0 0 0 0 0 21 0 0 0 
CRITICAL id 0 lock 0 tick 30 limit 1
Search(30, 0, 341, from 3): lock -1 tick 30 : < 0 0 0 0 0 0 0 0 0 0 > --- 26 0 0 0 0 0 21 0 0 0 
Search(26, 1, 342, from 0): lock  1 tick 26 : < 0 1 0 0 0 0 0 0 0 0 > --- 16 26 0 0 0 0 21 0 0 0 
Search(27, 1, 343, from 1): lock  1 tick 27 : < 0 1 0 0 0 0 0 0 0 0 > --- 16 26 0 0 0 0 21 0 0 0 
Search(28, 1, 344, from 1): lock  1 tick 28 : < 0 2 0 0 0 0 0 0 0 0 > --- 16 26 0 0 0 0 21 0 0 0 
Search(29, 1, 345, from 2): lock  1 tick 29 : < 0 3 0 0 0 0 0 0 0 0 > --- 16 26 0 0 0 0 21 0 0 0 
CRITICAL id 1 lock 1 tick 30 limit 1
Search(30, 0, 346, from 3): lock -1 tick 30 : < 0 0 0 0 0 0 0 0 0 0 > --- 16 26 0 0 0 0 21 0 0 0 
Search(26, 1, 347, from 0): lock  2 tick 26 : < 0 0 1 0 0 0 0 0 0 0 > --- 16 0 26 0 0 0 21 0 0 0 
Search(27, 1, 348, from 1): lock  2 tick 27 : < 0 0 1 0 0 0 0 0 0 0 > --- 16 0 26 0 0 0 21 0 0 0 
Search(28, 1, 349, from 1): lock  2 tick 28 : < 0 0 2 0 0 0 0 0 0 0 > --- 16 0 26 0 0 0 21 0 0 0 
Search(29, 1, 350, from 2): lock  2 tick 29 : < 0 0 3 0 0 0 0 0 0 0 > --- 16 0 26 0 0 0 21 0 0 0 
CRITICAL id 2 lock 2 tick 30 limit 1
Search(30, 0, 351, from 3): lock -1 tick 30 : < 0 0 0 0 0 0 0 0 0 0 > --- 16 0 26 0 0 0 21 0 0 0 
Search(26, 1, 352, from 0): lock  3 tick 26 : < 0 0 0 1 0 0 0 0 0 0 > --- 16 0 0 26 0 0 21 0 0 0 
Search(27, 1, 353, from 1): lock  3 tick 27 : < 0 0 0 1 0 0 0 0 0 0 > --- 16 0 0 26 0 0 21 0 0 0 
Search(28, 1, 354, from 1): lock  3 tick 28 : < 0 0 0 2 0 0 0 0 0 0 > --- 16 0 0 26 0 0 21 0 0 0 
Search(29, 1, 355, from 2): lock  3 tick 29 : < 0 0 0 3 0 0 0 0 0 0 > --- 16 0 0 26 0 0 21 0 0 0 
CRITICAL id 3 lock 3 tick 30 limit 1
Search(30, 0, 356, from 3): lock -1 tick 30 : < 0 0 0 0 0 0 0 0 0 0 > --- 16 0 0 26 0 0 21 0 0 0 
Search(26, 1, 357, from 0): lock  4 tick 26 : < 0 0 0 0 1 0 0 0 0 0 > --- 16 0 0 0 26 0 21 0 0 0 
Search(27, 1, 358, from 1): lock  4 tick 27 : < 0 0 0 0 1 0 0 0 0 0 > --- 16 0 0 0 26 0 21 0 0 0 
Search(28, 1, 359, from 1): lock  4 tick 28 : < 0 0 0 0 2 0 0 0 0 0 > --- 16 0 0 0 26 0 21 0 0 0 
Search(29, 1, 360, from 2): lock  4 tick 29 : < 0 0 0 0 3 0 0 0 0 0 > --- 16 0 0 0 26 0 21 0 0 0 
CRITICAL id 4 lock 4 tick 30 limit 1
Search(30, 0, 361, from 3): lock -1 tick 30 : < 0 0 0 0 0 0 0 0 0 0 > --- 16 0 0 0 26 0 21 0 0 0 
Search(26, 1, 362, from 0): lock  5 tick 26 : < 0 0 0 0 0 1 0 0 0 0 > --- 16 0 0 0 0 26 21 0 0 0 
Search(27, 1, 363, from 1): lock  5 tick 27 : < 0 0 0 0 0 1 0 0 0 0 > --- 16 0 0 0 0 26 21 0 0 0 
Search(28, 1, 364, from 1): lock  5 tick 28 : < 0 0 0 0 0 2 0 0 0 0 > --- 16 0 0 0 0 26 21 0 0 0 
Search(29, 1, 365, from 2): lock  5 tick 29 : < 0 0 0 0 0 3 0 0 0 0 > --- 16 0 0 0 0 26 21 0 0 0 
CRITICAL id 5 lock 5 tick 30 limit 1
Search(30, 0, 366, from 3): lock -1 tick 30 : < 0 0 0 0 0 0 0 0 0 0 > --- 16 0 0 0 0 26 21 0 0 0 
Search(26, 1, 367, from 0): lock  6 tick 26 : < 0 0 0 0 0 0 1 0 0 0 > --- 16 0 0 0 0 0 26 0 0 0 
Search(26, 1, 368, from 0): lock  7 tick 26 : < 0 0 0 0 0 0 0 1 0 0 > --- 16 0 0 0 0 0 21 26 0 0 
Search(27, 1, 369, from 1): lock  7 tick 27 : < 0 0 0 0 0 0 0 1 0 0 > --- 16 0 0 0 0 0 21 26 0 0 
Search(28, 1, 370, from 1): lock  7 tick 28 : < 0 0 0 0 0 0 0 2 0 0 > --- 16 0 0 0 0 0 21 26 0 0 
Search(29, 1, 371, from 2): lock  7 tick 29 : < 0 0 0 0 0 0 0 3 0 0 > --- 16 0 0 0 0 0 21 26 0 0 
CRITICAL id 7 lock 7 tick 30 limit 1
Search(30, 0, 372, from 3): lock -1 tick 30 : < 0 0 0 0 0 0 0 0 0 0 > --- 16 0 0 0 0 0 21 26 0 0 
Search(26, 1, 373, from 0): lock  8 tick 26 : < 0 0 0 0 0 0 0 0 1 0 > --- 16 0 0 0 0 0 21 0 26 0 
Search(27, 1, 374, from 1): lock  8 tick 27 : < 0 0 0 0 0 0 0 0 1 0 > --- 16 0 0 0 0 0 21 0 26 0 
Search(28, 1, 375, from 1): lock  8 tick 28 : < 0 0 0 0 0 0 0 0 2 0 > --- 16 0 0 0 0 0 21 0 26 0 
Search(29, 1, 376, from 2): lock  8 tick 29 : < 0 0 0 0 0 0 0 0 3 0 > --- 16 0 0 0 0 0 21 0 26 0 
CRITICAL id 8 lock 8 tick 30 limit 1
Search(30, 0, 377, from 3): lock -1 tick 30 : < 0 0 0 0 0 0 0 0 0 0 > --- 16 0 0 0 0 0 21 0 26 0 
Search(26, 1, 378, from 0): lock  9 tick 26 : < 0 0 0 0 0 0 0 0 0 1 > --- 16 0 0 0 0 0 21 0 0 26 
Search(27, 1, 379, from 1): lock  9 tick 27 : < 0 0 0 0 0 0 0 0 0 1 > --- 16 0 0 0 0 0 21 0 0 26 
Search(28, 1, 380, from 1): lock  9 tick 28 : < 0 0 0 0 0 0 0 0 0 2 > --- 16 0 0 0 0 0 21 0 0 26 
Search(29, 1, 381, from 2): lock  9 tick 29 : < 0 0 0 0 0 0 0 0 0 3 > --- 16 0 0 0 0 0 21 0 0 26 
CRITICAL id 9 lock 9 tick 30 limit 1
Search(30, 0, 382, from 3): lock -1 tick 30 : < 0 0 0 0 0 0 0 0 0 0 > --- 16 0 0 0 0 0 21 0 0 26 
Search(21, 2, 383, from 0): lock  7 tick 21 : < 0 0 0 0 0 0 0 1 0 0 > --- 16 0 0 0 0 0 0 21 0 0 
Search(22, 2, 384, from 1): lock  7 tick 22 : < 0 0 0 0 0 0 0 1 0 0 > --- 16 0 0 0 0 0 0 21 0 0 
Search(23, 2, 385, from 1): lock  7 tick 23 : < 0 0 0 0 0 0 0 2 0 0 > --- 16 0 0 0 0 0 0 21 0 0 
Search(24, 2, 386, from 2): lock  7 tick 24 : < 0 0 0 0 0 0 0 3 0 0 > --- 16 0 0 0 0 0 0 21 0 0 
CRITICAL id 7 lock 7 tick 25 limit 2
Search(25, 1, 387, from 3): lock -1 tick 25 : < 0 0 0 0 0 0 0 0 0 0 > --- 16 0 0 0 0 0 0 21 0 0 
Search(26, 1, 388, from 0): lock  0 tick 26 : < 1 0 0 0 0 0 0 0 0 0 > --- 26 0 0 0 0 0 0 21 0 0 
Search(27, 1, 389, from 1): lock  0 tick 27 : < 1 0 0 0 0 0 0 0 0 0 > --- 26 0 0 0 0 0 0 21 0 0 
Search(28, 1, 390, from 1): lock  0 tick 28 : < 2 0 0 0 0 0 0 0 0 0 > --- 26 0 0 0 0 0 0 21 0 0 
Search(29, 1, 391, from 2): lock  0 tick 29 : < 3 0 0 0 0 0 0 0 0 0 > --- 26 0 0 0 0 0 0 21 0 0 
CRITICAL id 0 lock 0 tick 30 limit 1
Search(30, 0, 392, from 3): lock -1 tick 30 : < 0 0 0 0 0 0 0 0 0 0 > --- 26 0 0 0 0 0 0 21 0 0 
Search(26, 1, 393, from 0): lock  1 tick 26 : < 0 1 0 0 0 0 0 0 0 0 > --- 16 26 0 0 0 0 0 21 0 0 
Search(27, 1, 394, from 1): lock  1 tick 27 : < 0 1 0 0 0 0 0 0 0 0 > --- 16 26 0 0 0 0 0 21 0 0 
Search(28, 1, 395, from 1): lock  1 tick 28 : < 0 2 0 0 0 0 0 0 0 0 > --- 16 26 0 0 0 0 0 21 0 0 
Search(29, 1, 396, from 2): lock  1 tick 29 : < 0 3 0 0 0 0 0 0 0 0 > --- 16 26 0 0 0 0 0 21 0 0 
CRITICAL id 1 lock 1 tick 30 limit 1
Search(30, 0, 397, from 3): lock -1 tick 30 : < 0 0 0 0 0 0 0 0 0 0 > --- 16 26 0 0 0 0 0 21 0 0 
Search(26, 1, 398, from 0): lock  2 tick 26 : < 0 0 1 0 0 0 0 0 0 0 > --- 16 0 26 0 0 0 0 21 0 0 
Search(27, 1, 399, from 1): lock  2 tick 27 : < 0 0 1 0 0 0 0 0 0 0 > --- 16 0 26 0 0 0 0 21 0 0 
Search(28, 1, 400, from 1): lock  2 tick 28 : < 0 0 2 0 0 0 0 0 0 0 > --- 16 0 26 0 0 0 0 21 0 0 
Search(29, 1, 401, from 2): lock  2 tick 29 : < 0 0 3 0 0 0 0 0 0 0 > --- 16 0 26 0 0 0 0 21 0 0 
CRITICAL id 2 lock 2 tick 30 limit 1
Search(30, 0, 402, from 3): lock -1 tick 30 : < 0 0 0 0 0 0 0 0 0 0 > --- 16 0 26 0 0 0 0 21 0 0 
Search(26, 1, 403, from 0): lock  3 tick 26 : < 0 0 0 1 0 0 0 0 0 0 > --- 16 0 0 26 0 0 0 21 0 0 
Search(27, 1, 404, from 1): lock  3 tick 27 : < 0 0 0 1 0 0 0 0 0 0 > --- 16 0 0 26 0 0 0 21 0 0 
Search(28, 1, 405, from 1): lock  3 tick 28 : < 0 0 0 2 0 0 0 0 0 0 > --- 16 0 0 26 0 0 0 21 0 0 
Search(29, 1, 406, from 2): lock  3 tick 29 : < 0 0 0 3 0 0 0 0 0 0 > --- 16 0 0 26 0 0 0 21 0 0 
CRITICAL id 3 lock 3 tick 30 limit 1
Search(30, 0, 407, from 3): lock -1 tick 30 : < 0 0 0 0 0 0 0 0 0 0 > --- 16 0 0 26 0 0 0 21 0 0 
Search(26, 1, 408, from 0): lock  4 tick 26 : < 0 0 0 0 1 0 0 0 0 0 > --- 16 0 0 0 26 0 0 21 0 0 
Search(27, 1, 409, from 1): lock  4 tick 27 : < 0 0 0 0 1 0 0 0 0 0 > --- 16 0 0 0 26 0 0 21 0 0 
Search(28, 1, 410, from 1): lock  4 tick 28 : < 0 0 0 0 2 0 0 0 0 0 > --- 16 0 0 0 26 0 0 21 0 0 
Search(29, 1, 411, from 2): lock  4 tick 29 : < 0 0 0 0 3 0 0 0 0 0 > --- 16 0 0 0 26 0 0 21 0 0 
CRITICAL id 4 lock 4 tick 30 limit 1
Search(30, 0, 412, from 3): lock -1 tick 30 : < 0 0 0 0 0 0 0 0 0 0 > --- 16 0 0 0 26 0 0 21 0 0 
Search(26, 1, 413, from 0): lock  5 tick 26 : < 0 0 0 0 0 1 0 0 0 0 > --- 16 0 0 0 0 26 0 21 0 0 
Search(27, 1, 414, from 1): lock  5 tick 27 : < 0 0 0 0 0 1 0 0 0 0 > --- 16 0 0 0 0 26 0 21 0 0 
Search(28, 1, 415, from 1): lock  5 tick 28 : < 0 0 0 0 0 2 0 0 0 0 > --- 16 0 0 0 0 26 0 21 0 0 
Search(29, 1, 416, from 2): lock  5 tick 29 : < 0 0 0 0 0 3 0 0 0 0 > --- 16 0 0 0 0 26 0 21 0 0 
CRITICAL id 5 lock 5 tick 30 limit 1
Search(30, 0, 417, from 3): lock -1 tick 30 : < 0 0 0 0 0 0 0 0 0 0 > --- 16 0 0 0 0 26 0 21 0 0 
Search(26, 1, 418, from 0): lock  6 tick 26 : < 0 0 0 0 0 0 1 0 0 0 > --- 16 0 0 0 0 0 26 21 0 0 
Search(27, 1, 419, from 1): lock  6 tick 27 : < 0 0 0 0 0 0 1 0 0 0 > --- 16 0 0 0 0 0 26 21 0 0 
Search(28, 1, 420, from 1): lock  6 tick 28 : < 0 0 0 0 0 0 2 0 0 0 > --- 16 0 0 0 0 0 26 21 0 0 
Search(29, 1, 421, from 2): lock  6 tick 29 : < 0 0 0 0 0 0 3 0 0 0 > --- 16 0 0 0 0 0 26 21 0 0 
CRITICAL id 6 lock 6 tick 30 limit 1
Search(30, 0, 422, from 3): lock -1 tick 30 : < 0 0 0 0 0 0 0 0 0 0 > --- 16 0 0 0 0 0 26 21 0 0 
Search(26, 1, 423, from 0): lock  7 tick 26 : < 0 0 0 0 0 0 0 1 0 0 > --- 16 0 0 0 0 0 0 26 0 0 
Search(26, 1, 424, from 0): lock  8 tick 26 : < 0 0 0 0 0 0 0 0 1 0 > --- 16 0 0 0 0 0 0 21 26 0 
Search(27, 1, 425, from 1): lock  8 tick 27 : < 0 0 0 0 0 0 0 0 1 0 > --- 16 0 0 0 0 0 0 21 26 0 
Search(28, 1, 426, from 1): lock  8 tick 28 : < 0 0 0 0 0 0 0 0 2 0 > --- 16 0 0 0 0 0 0 21 26 0 
Search(29, 1, 427, from 2): lock  8 tick 29 : < 0 0 0 0 0 0 0 0 3 0 > --- 16 0 0 0 0 0 0 21 26 0 
CRITICAL id 8 lock 8 tick 30 limit 1
Search(30, 0, 428, from 3): lock -1 tick 30 : < 0 0 0 0 0 0 0 0 0 0 > --- 16 0 0 0 0 0 0 21 26 0 
Search(26, 1, 429, from 0): lock  9 tick 26 : < 0 0 0 0 0 0 0 0 0 1 > --- 16 0 0 0 0 0 0 21 0 26 
Search(27, 1, 430, from 1): lock  9 tick 27 : < 0 0 0 0 0 0 0 0 0 1 > --- 16 0 0 0 0 0 0 21 0 26 
Search(28, 1, 431, from 1): lock  9 tick 28 : < 0 0 0 0 0 0 0 0 0 2 > --- 16 0 0 0 0 0 0 21 0 26 
Search(29, 1, 432, from 2): lock  9 tick 29 : < 0 0 0 0 0 0 0 0 0 3 > --- 16 0 0 0 0 0 0 21 0 26 
CRITICAL id 9 lock 9 tick 30 limit 1
Search(30, 0, 433, from 3): lock -1 tick 30 : < 0 0 0 0 0 0 0 0 0 0 > --- 16 0 0 0 0 0 0 21 0 26 
Search(21, 2, 434, from 0): lock  8 tick 21 : < 0 0 0 0 0 0 0 0 1 0 > --- 16 0 0 0 0 0 0 0 21 0 
Search(22, 2, 435, from 1): lock  8 tick 22 : < 0 0 0 0 0 0 0 0 1 0 > --- 16 0 0 0 0 0 0 0 21 0 
Search(23, 2, 436, from 1): lock  8 tick 23 : < 0 0 0 0 0 0 0 0 2 0 > --- 16 0 0 0 0 0 0 0 21 0 
Search(24, 2, 437, from 2): lock  8 tick 24 : < 0 0 0 0 0 0 0 0 3 0 > --- 16 0 0 0 0 0 0 0 21 0 
CRITICAL id 8 lock 8 tick 25 limit 2
Search(25, 1, 438, from 3): lock -1 tick 25 : < 0 0 0 0 0 0 0 0 0 0 > --- 16 0 0 0 0 0 0 0 21 0 
Search(26, 1, 439, from 0): lock  0 tick 26 : < 1 0 0 0 0 0 0 0 0 0 > --- 26 0 0 0 0 0 0 0 21 0 
Search(27, 1, 440, from 1): lock  0 tick 27 : < 1 0 0 0 0 0 0 0 0 0 > --- 26 0 0 0 0 0 0 0 21 0 
Search(28, 1, 441, from 1): lock  0 tick 28 : < 2 0 0 0 0 0 0 0 0 0 > --- 26 0 0 0 0 0 0 0 21 0 
Search(29, 1, 442, from 2): lock  0 tick 29 : < 3 0 0 0 0 0 0 0 0 0 > --- 26 0 0 0 0 0 0 0 21 0 
CRITICAL id 0 lock 0 tick 30 limit 1
Search(30, 0, 443, from 3): lock -1 tick 30 : < 0 0 0 0 0 0 0 0 0 0 > --- 26 0 0 0 0 0 0 0 21 0 
Search(26, 1, 444, from 0): lock  1 tick 26 : < 0 1 0 0 0 0 0 0 0 0 > --- 16 26 0 0 0 0 0 0 21 0 
Search(27, 1, 445, from 1): lock  1 tick 27 : < 0 1 0 0 0 0 0 0 0 0 > --- 16 26 0 0 0 0 0 0 21 0 
Search(28, 1, 446, from 1): lock  1 tick 28 : < 0 2 0 0 0 0 0 0 0 0 > --- 16 26 0 0 0 0 0 0 21 0 
Search(29, 1, 447, from 2): lock  1 tick 29 : < 0 3 0 0 0 0 0 0 0 0 > --- 16 26 0 0 0 0 0 0 21 0 
CRITICAL id 1 lock 1 tick 30 limit 1
Search(30, 0, 448, from 3): lock -1 tick 30 : < 0 0 0 0 0 0 0 0 0 0 > --- 16 26 0 0 0 0 0 0 21 0 
Search(26, 1, 449, from 0): lock  2 tick 26 : < 0 0 1 0 0 0 0 0 0 0 > --- 16 0 26 0 0 0 0 0 21 0 
Search(27, 1, 450, from 1): lock  2 tick 27 : < 0 0 1 0 0 0 0 0 0 0 > --- 16 0 26 0 0 0 0 0 21 0 
Search(28, 1, 451, from 1): lock  2 tick 28 : < 0 0 2 0 0 0 0 0 0 0 > --- 16 0 26 0 0 0 0 0 21 0 
Search(29, 1, 452, from 2): lock  2 tick 29 : < 0 0 3 0 0 0 0 0 0 0 > --- 16 0 26 0 0 0 0 0 21 0 
CRITICAL id 2 lock 2 tick 30 limit 1
Search(30, 0, 453, from 3): lock -1 tick 30 : < 0 0 0 0 0 0 0 0 0 0 > --- 16 0 26 0 0 0 0 0 21 0 
Search(26, 1, 454, from 0): lock  3 tick 26 : < 0 0 0 1 0 0 0 0 0 0 > --- 16 0 0 26 0 0 0 0 21 0 
Search(27, 1, 455, from 1): lock  3 tick 27 : < 0 0 0 1 0 0 0 0 0 0 > --- 16 0 0 26 0 0 0 0 21 0 
Search(28, 1, 456, from 1): lock  3 tick 28 : < 0 0 0 2 0 0 0 0 0 0 > --- 16 0 0 26 0 0 0 0 21 0 
Search(29, 1, 457, from 2): lock  3 tick 29 : < 0 0 0 3 0 0 0 0 0 0 > --- 16 0 0 26 0 0 0 0 21 0 
CRITICAL id 3 lock 3 tick 30 limit 1
Search(30, 0, 458, from 3): lock -1 tick 30 : < 0 0 0 0 0 0 0 0 0 0 > --- 16 0 0 26 0 0 0 0 21 0 
Search(26, 1, 459, from 0): lock  4 tick 26 : < 0 0 0 0 1 0 0 0 0 0 > --- 16 0 0 0 26 0 0 0 21 0 
Search(27, 1, 460, from 1): lock  4 tick 27 : < 0 0 0 0 1 0 0 0 0 0 > --- 16 0 0 0 26 0 0 0 21 0 
Search(28, 1, 461, from 1): lock  4 tick 28 : < 0 0 0 0 2 0 0 0 0 0 > --- 16 0 0 0 26 0 0 0 21 0 
Search(29, 1, 462, from 2): lock  4 tick 29 : < 0 0 0 0 3 0 0 0 0 0 > --- 16 0 0 0 26 0 0 0 21 0 
CRITICAL id 4 lock 4 tick 30 limit 1
Search(30, 0, 463, from 3): lock -1 tick 30 : < 0 0 0 0 0 0 0 0 0 0 > --- 16 0 0 0 26 0 0 0 21 0 
Search(26, 1, 464, from 0): lock  5 tick 26 : < 0 0 0 0 0 1 0 0 0 0 > --- 16 0 0 0 0 26 0 0 21 0 
Search(27, 1, 465, from 1): lock  5 tick 27 : < 0 0 0 0 0 1 0 0 0 0 > --- 16 0 0 0 0 26 0 0 21 0 
Search(28, 1, 466, from 1): lock  5 tick 28 : < 0 0 0 0 0 2 0 0 0 0 > --- 16 0 0 0 0 26 0 0 21 0 
Search(29, 1, 467, from 2): lock  5 tick 29 : < 0 0 0 0 0 3 0 0 0 0 > --- 16 0 0 0 0 26 0 0 21 0 
CRITICAL id 5 lock 5 tick 30 limit 1
Search(30, 0, 468, from 3): lock -1 tick 30 : < 0 0 0 0 0 0 0 0 0 0 > --- 16 0 0 0 0 26 0 0 21 0 
Search(26, 1, 469, from 0): lock  6 tick 26 : < 0 0 0 0 0 0 1 0 0 0 > --- 16 0 0 0 0 0 26 0 21 0 
Search(27, 1, 470, from 1): lock  6 tick 27 : < 0 0 0 0 0 0 1 0 0 0 > --- 16 0 0 0 0 0 26 0 21 0 
Search(28, 1, 471, from 1): lock  6 tick 28 : < 0 0 0 0 0 0 2 0 0 0 > --- 16 0 0 0 0 0 26 0 21 0 
Search(29, 1, 472, from 2): lock  6 tick 29 : < 0 0 0 0 0 0 3 0 0 0 > --- 16 0 0 0 0 0 26 0 21 0 
CRITICAL id 6 lock 6 tick 30 limit 1
Search(30, 0, 473, from 3): lock -1 tick 30 : < 0 0 0 0 0 0 0 0 0 0 > --- 16 0 0 0 0 0 26 0 21 0 
Search(26, 1, 474, from 0): lock  7 tick 26 : < 0 0 0 0 0 0 0 1 0 0 > --- 16 0 0 0 0 0 0 26 21 0 
Search(27, 1, 475, from 1): lock  7 tick 27 : < 0 0 0 0 0 0 0 1 0 0 > --- 16 0 0 0 0 0 0 26 21 0 
Search(28, 1, 476, from 1): lock  7 tick 28 : < 0 0 0 0 0 0 0 2 0 0 > --- 16 0 0 0 0 0 0 26 21 0 
Search(29, 1, 477, from 2): lock  7 tick 29 : < 0 0 0 0 0 0 0 3 0 0 > --- 16 0 0 0 0 0 0 26 21 0 
CRITICAL id 7 lock 7 tick 30 limit 1
Search(30, 0, 478, from 3): lock -1 tick 30 : < 0 0 0 0 0 0 0 0 0 0 > --- 16 0 0 0 0 0 0 26 21 0 
Search(26, 1, 479, from 0): lock  8 tick 26 : < 0 0 0 0 0 0 0 0 1 0 > --- 16 0 0 0 0 0 0 0 26 0 
Search(26, 1, 480, from 0): lock  9 tick 26 : < 0 0 0 0 0 0 0 0 0 1 > --- 16 0 0 0 0 0 0 0 21 26 
Search(27, 1, 481, from 1): lock  9 tick 27 : < 0 0 0 0 0 0 0 0 0 1 > --- 16 0 0 0 0 0 0 0 21 26 
Search(28, 1, 482, from 1): lock  9 tick 28 : < 0 0 0 0 0 0 0 0 0 2 > --- 16 0 0 0 0 0 0 0 21 26 
Search(29, 1, 483, from 2): lock  9 tick 29 : < 0 0 0 0 0 0 0 0 0 3 > --- 16 0 0 0 0 0 0 0 21 26 
CRITICAL id 9 lock 9 tick 30 limit 1
Search(30, 0, 484, from 3): lock -1 tick 30 : < 0 0 0 0 0 0 0 0 0 0 > --- 16 0 0 0 0 0 0 0 21 26 
Search(21, 2, 485, from 0): lock  9 tick 21 : < 0 0 0 0 0 0 0 0 0 1 > --- 16 0 0 0 0 0 0 0 0 21 
Search(22, 2, 486, from 1): lock  9 tick 22 : < 0 0 0 0 0 0 0 0 0 1 > --- 16 0 0 0 0 0 0 0 0 21 
Search(23, 2, 487, from 1): lock  9 tick 23 : < 0 0 0 0 0 0 0 0 0 2 > --- 16 0 0 0 0 0 0 0 0 21 
Search(24, 2, 488, from 2): lock  9 tick 24 : < 0 0 0 0 0 0 0 0 0 3 > --- 16 0 0 0 0 0 0 0 0 21 
CRITICAL id 9 lock 9 tick 25 limit 2
Search(25, 1, 489, from 3): lock -1 tick 25 : < 0 0 0 0 0 0 0 0 0 0 > --- 16 0 0 0 0 0 0 0 0 21 
Search(26, 1, 490, from 0): lock  0 tick 26 : < 1 0 0 0 0 0 0 0 0 0 > --- 26 0 0 0 0 0 0 0 0 21 
Search(27, 1, 491, from 1): lock  0 tick 27 : < 1 0 0 0 0 0 0 0 0 0 > --- 26 0 0 0 0 0 0 0 0 21 
Search(28, 1, 492, from 1): lock  0 tick 28 : < 2 0 0 0 0 0 0 0 0 0 > --- 26 0 0 0 0 0 0 0 0 21 
Search(29, 1, 493, from 2): lock  0 tick 29 : < 3 0 0 0 0 0 0 0 0 0 > --- 26 0 0 0 0 0 0 0 0 21 
CRITICAL id 0 lock 0 tick 30 limit 1
Search(30, 0, 494, from 3): lock -1 tick 30 : < 0 0 0 0 0 0 0 0 0 0 > --- 26 0 0 0 0 0 0 0 0 21 
Search(26, 1, 495, from 0): lock  1 tick 26 : < 0 1 0 0 0 0 0 0 0 0 > --- 16 26 0 0 0 0 0 0 0 21 
Search(27, 1, 496, from 1): lock  1 tick 27 : < 0 1 0 0 0 0 0 0 0 0 > --- 16 26 0 0 0 0 0 0 0 21 
Search(28, 1, 497, from 1): lock  1 tick 28 : < 0 2 0 0 0 0 0 0 0 0 > --- 16 26 0 0 0 0 0 0 0 21 
Search(29, 1, 498, from 2): lock  1 tick 29 : < 0 3 0 0 0 0 0 0 0 0 > --- 16 26 0 0 0 0 0 0 0 21 
CRITICAL id 1 lock 1 tick 30 limit 1
Search(30, 0, 499, from 3): lock -1 tick 30 : < 0 0 0 0 0 0 0 0 0 0 > --- 16 26 0 0 0 0 0 0 0 21 
Search(26, 1, 500, from 0): lock  2 tick 26 : < 0 0 1 0 0 0 0 0 0 0 > --- 16 0 26 0 0 0 0 0 0 21 
Search(27, 1, 501, from 1): lock  2 tick 27 : < 0 0 1 0 0 0 0 0 0 0 > --- 16 0 26 0 0 0 0 0 0 21 
Search(28, 1, 502, from 1): lock  2 tick 28 : < 0 0 2 0 0 0 0 0 0 0 > --- 16 0 26 0 0 0 0 0 0 21 
Search(29, 1, 503, from 2): lock  2 tick 29 : < 0 0 3 0 0 0 0 0 0 0 > --- 16 0 26 0 0 0 0 0 0 21 
CRITICAL id 2 lock 2 tick 30 limit 1
Search(30, 0, 504, from 3): lock -1 tick 30 : < 0 0 0 0 0 0 0 0 0 0 > --- 16 0 26 0 0 0 0 0 0 21 
Search(26, 1, 505, from 0): lock  3 tick 26 : < 0 0 0 1 0 0 0 0 0 0 > --- 16 0 0 26 0 0 0 0 0 21 
Search(27, 1, 506, from 1): lock  3 tick 27 : < 0 0 0 1 0 0 0 0 0 0 > --- 16 0 0 26 0 0 0 0 0 21 
Search(28, 1, 507, from 1): lock  3 tick 28 : < 0 0 0 2 0 0 0 0 0 0 > --- 16 0 0 26 0 0 0 0 0 21 
Search(29, 1, 508, from 2): lock  3 tick 29 : < 0 0 0 3 0 0 0 0 0 0 > --- 16 0 0 26 0 0 0 0 0 21 
CRITICAL id 3 lock 3 tick 30 limit 1
Search(30, 0, 509, from 3): lock -1 tick 30 : < 0 0 0 0 0 0 0 0 0 0 > --- 16 0 0 26 0 0 0 0 0 21 
Search(26, 1, 510, from 0): lock  4 tick 26 : < 0 0 0 0 1 0 0 0 0 0 > --- 16 0 0 0 26 0 0 0 0 21 
Search(27, 1, 511, from 1): lock  4 tick 27 : < 0 0 0 0 1 0 0 0 0 0 > --- 16 0 0 0 26 0 0 0 0 21 
Search(28, 1, 512, from 1): lock  4 tick 28 : < 0 0 0 0 2 0 0 0 0 0 > --- 16 0 0 0 26 0 0 0 0 21 
Search(29, 1, 513, from 2): lock  4 tick 29 : < 0 0 0 0 3 0 0 0 0 0 > --- 16 0 0 0 26 0 0 0 0 21 
CRITICAL id 4 lock 4 tick 30 limit 1
Search(30, 0, 514, from 3): lock -1 tick 30 : < 0 0 0 0 0 0 0 0 0 0 > --- 16 0 0 0 26 0 0 0 0 21 
Search(26, 1, 515, from 0): lock  5 tick 26 : < 0 0 0 0 0 1 0 0 0 0 > --- 16 0 0 0 0 26 0 0 0 21 
Search(27, 1, 516, from 1): lock  5 tick 27 : < 0 0 0 0 0 1 0 0 0 0 > --- 16 0 0 0 0 26 0 0 0 21 
Search(28, 1, 517, from 1): lock  5 tick 28 : < 0 0 0 0 0 2 0 0 0 0 > --- 16 0 0 0 0 26 0 0 0 21 
Search(29, 1, 518, from 2): lock  5 tick 29 : < 0 0 0 0 0 3 0 0 0 0 > --- 16 0 0 0 0 26 0 0 0 21 
CRITICAL id 5 lock 5 tick 30 limit 1
Search(30, 0, 519, from 3): lock -1 tick 30 : < 0 0 0 0 0 0 0 0 0 0 > --- 16 0 0 0 0 26 0 0 0 21 
Search(26, 1, 520, from 0): lock  6 tick 26 : < 0 0 0 0 0 0 1 0 0 0 > --- 16 0 0 0 0 0 26 0 0 21 
Search(27, 1, 521, from 1): lock  6 tick 27 : < 0 0 0 0 0 0 1 0 0 0 > --- 16 0 0 0 0 0 26 0 0 21 
Search(28, 1, 522, from 1): lock  6 tick 28 : < 0 0 0 0 0 0 2 0 0 0 > --- 16 0 0 0 0 0 26 0 0 21 
Search(29, 1, 523, from 2): lock  6 tick 29 : < 0 0 0 0 0 0 3 0 0 0 > --- 16 0 0 0 0 0 26 0 0 21 
CRITICAL id 6 lock 6 tick 30 limit 1
Search(30, 0, 524, from 3): lock -1 tick 30 : < 0 0 0 0 0 0 0 0 0 0 > --- 16 0 0 0 0 0 26 0 0 21 
Search(26, 1, 525, from 0): lock  7 tick 26 : < 0 0 0 0 0 0 0 1 0 0 > --- 16 0 0 0 0 0 0 26 0 21 
Search(27, 1, 526, from 1): lock  7 tick 27 : < 0 0 0 0 0 0 0 1 0 0 > --- 16 0 0 0 0 0 0 26 0 21 
Search(28, 1, 527, from 1): lock  7 tick 28 : < 0 0 0 0 0 0 0 2 0 0 > --- 16 0 0 0 0 0 0 26 0 21 
Search(29, 1, 528, from 2): lock  7 tick 29 : < 0 0 0 0 0 0 0 3 0 0 > --- 16 0 0 0 0 0 0 26 0 21 
CRITICAL id 7 lock 7 tick 30 limit 1
Search(30, 0, 529, from 3): lock -1 tick 30 : < 0 0 0 0 0 0 0 0 0 0 > --- 16 0 0 0 0 0 0 26 0 21 
Search(26, 1, 530, from 0): lock  8 tick 26 : < 0 0 0 0 0 0 0 0 1 0 > --- 16 0 0 0 0 0 0 0 26 21 
Search(27, 1, 531, from 1): lock  8 tick 27 : < 0 0 0 0 0 0 0 0 1 0 > --- 16 0 0 0 0 0 0 0 26 21 
Search(28, 1, 532, from 1): lock  8 tick 28 : < 0 0 0 0 0 0 0 0 2 0 > --- 16 0 0 0 0 0 0 0 26 21 
Search(29, 1, 533, from 2): lock  8 tick 29 : < 0 0 0 0 0 0 0 0 3 0 > --- 16 0 0 0 0 0 0 0 26 21 
CRITICAL id 8 lock 8 tick 30 limit 1
Search(30, 0, 534, from 3): lock -1 tick 30 : < 0 0 0 0 0 0 0 0 0 0 > --- 16 0 0 0 0 0 0 0 26 21 
Search(26, 1, 535, from 0): lock  9 tick 26 : < 0 0 0 0 0 0 0 0 0 1 > --- 16 0 0 0 0 0 0 0 0 26 
Search(16, 3, 536, from 0): lock  1 tick 16 : < 0 1 0 0 0 0 0 0 0 0 > --- 11 16 0 0 0 0 0 0 0 0 
Search(17, 3, 537, from 1): lock  1 tick 17 : < 0 1 0 0 0 0 0 0 0 0 > --- 11 16 0 0 0 0 0 0 0 0 
Search(18, 3, 538, from 1): lock  1 tick 18 : < 0 2 0 0 0 0 0 0 0 0 > --- 11 16 0 0 0 0 0 0 0 0 
Search(19, 3, 539, from 2): lock  1 tick 19 : < 0 3 0 0 0 0 0 0 0 0 > --- 11 16 0 0 0 0 0 0 0 0 
CRITICAL id 1 lock 1 tick 20 limit 3
Search(20, 2, 540, from 3): lock -1 tick 20 : < 0 0 0 0 0 0 0 0 0 0 > --- 11 16 0 0 0 0 0 0 0 0 
Search(16, 3, 541, from 0): lock  2 tick 16 : < 0 0 1 0 0 0 0 0 0 0 > --- 11 0 16 0 0 0 0 0 0 0 
Search(17, 3, 542, from 1): lock  2 tick 17 : < 0 0 1 0 0 0 0 0 0 0 > --- 11 0 16 0 0 0 0 0 0 0 
Search(18, 3, 543, from 1): lock  2 tick 18 : < 0 0 2 0 0 0 0 0 0 0 > --- 11 0 16 0 0 0 0 0 0 0 
Search(19, 3, 544, from 2): lock  2 tick 19 : < 0 0 3 0 0 0 0 0 0 0 > --- 11 0 16 0 0 0 0 0 0 0 
CRITICAL id 2 lock 2 tick 20 limit 3
Search(20, 2, 545, from 3): lock -1 tick 20 : < 0 0 0 0 0 0 0 0 0 0 > --- 11 0 16 0 0 0 0 0 0 0 
Search(16, 3, 546, from 0): lock  3 tick 16 : < 0 0 0 1 0 0 0 0 0 0 > --- 11 0 0 16 0 0 0 0 0 0 
Search(17, 3, 547, from 1): lock  3 tick 17 : < 0 0 0 1 0 0 0 0 0 0 > --- 11 0 0 16 0 0 0 0 0 0 
Search(18, 3, 548, from 1): lock  3 tick 18 : < 0 0 0 2 0 0 0 0 0 0 > --- 11 0 0 16 0 0 0 0 0 0 
Search(19, 3, 549, from 2): lock  3 tick 19 : < 0 0 0 3 0 0 0 0 0 0 > --- 11 0 0 16 0 0 0 0 0 0 
CRITICAL id 3 lock 3 tick 20 limit 3
Search(20, 2, 550, from 3): lock -1 tick 20 : < 0 0 0 0 0 0 0 0 0 0 > --- 11 0 0 16 0 0 0 0 0 0 
Search(16, 3, 551, from 0): lock  4 tick 16 : < 0 0 0 0 1 0 0 0 0 0 > --- 11 0 0 0 16 0 0 0 0 0 
Search(17, 3, 552, from 1): lock  4 tick 17 : < 0 0 0 0 1 0 0 0 0 0 > --- 11 0 0 0 16 0 0 0 0 0 
Search(18, 3, 553, from 1): lock  4 tick 18 : < 0 0 0 0 2 0 0 0 0 0 > --- 11 0 0 0 16 0 0 0 0 0 
Search(19, 3, 554, from 2): lock  4 tick 19 : < 0 0 0 0 3 0 0 0 0 0 > --- 11 0 0 0 16 0 0 0 0 0 
CRITICAL id 4 lock 4 tick 20 limit 3
Search(20, 2, 555, from 3): lock -1 tick 20 : < 0 0 0 0 0 0 0 0 0 0 > --- 11 0 0 0 16 0 0 0 0 0 
Search(16, 3, 556, from 0): lock  5 tick 16 : < 0 0 0 0 0 1 0 0 0 0 > --- 11 0 0 0 0 16 0 0 0 0 
Search(17, 3, 557, from 1): lock  5 tick 17 : < 0 0 0 0 0 1 0 0 0 0 > --- 11 0 0 0 0 16 0 0 0 0 
Search(18, 3, 558, from 1): lock  5 tick 18 : < 0 0 0 0 0 2 0 0 0 0 > --- 11 0 0 0 0 16 0 0 0 0 
Search(19, 3, 559, from 2): lock  5 tick 19 : < 0 0 0 0 0 3 0 0 0 0 > --- 11 0 0 0 0 16 0 0 0 0 
CRITICAL id 5 lock 5 tick 20 limit 3
Search(20, 2, 560, from 3): lock -1 tick 20 : < 0 0 0 0 0 0 0 0 0 0 > --- 11 0 0 0 0 16 0 0 0 0 
Search(16, 3, 561, from 0): lock  6 tick 16 : < 0 0 0 0 0 0 1 0 0 0 > --- 11 0 0 0 0 0 16 0 0 0 
Search(17, 3, 562, from 1): lock  6 tick 17 : < 0 0 0 0 0 0 1 0 0 0 > --- 11 0 0 0 0 0 16 0 0 0 
Search(18, 3, 563, from 1): lock  6 tick 18 : < 0 0 0 0 0 0 2 0 0 0 > --- 11 0 0 0 0 0 16 0 0 0 
Search(19, 3, 564, from 2): lock  6 tick 19 : < 0 0 0 0 0 0 3 0 0 0 > --- 11 0 0 0 0 0 16 0 0 0 
CRITICAL id 6 lock 6 tick 20 limit 3
Search(20, 2, 565, from 3): lock -1 tick 20 : < 0 0 0 0 0 0 0 0 0 0 > --- 11 0 0 0 0 0 16 0 0 0 
Search(16, 3, 566, from 0): lock  7 tick 16 : < 0 0 0 0 0 0 0 1 0 0 > --- 11 0 0 0 0 0 0 16 0 0 
Search(17, 3, 567, from 1): lock  7 tick 17 : < 0 0 0 0 0 0 0 1 0 0 > --- 11 0 0 0 0 0 0 16 0 0 
Search(18, 3, 568, from 1): lock  7 tick 18 : < 0 0 0 0 0 0 0 2 0 0 > --- 11 0 0 0 0 0 0 16 0 0 
Search(19, 3, 569, from 2): lock  7 tick 19 : < 0 0 0 0 0 0 0 3 0 0 > --- 11 0 0 0 0 0 0 16 0 0 
CRITICAL id 7 lock 7 tick 20 limit 3
Search(20, 2, 570, from 3): lock -1 tick 20 : < 0 0 0 0 0 0 0 0 0 0 > --- 11 0 0 0 0 0 0 16 0 0 
Search(16, 3, 571, from 0): lock  8 tick 16 : < 0 0 0 0 0 0 0 0 1 0 > --- 11 0 0 0 0 0 0 0 16 0 
Search(17, 3, 572, from 1): lock  8 tick 17 : < 0 0 0 0 0 0 0 0 1 0 > --- 11 0 0 0 0 0 0 0 16 0 
Search(18, 3, 573, from 1): lock  8 tick 18 : < 0 0 0 0 0 0 0 0 2 0 > --- 11 0 0 0 0 0 0 0 16 0 
Search(19, 3, 574, from 2): lock  8 tick 19 : < 0 0 0 0 0 0 0 0 3 0 > --- 11 0 0 0 0 0 0 0 16 0 
CRITICAL id 8 lock 8 tick 20 limit 3
Search(20, 2, 575, from 3): lock -1 tick 20 : < 0 0 0 0 0 0 0 0 0 0 > --- 11 0 0 0 0 0 0 0 16 0 
Search(16, 3, 576, from 0): lock  9 tick 16 : < 0 0 0 0 0 0 0 0 0 1 > --- 11 0 0 0 0 0 0 0 0 16 
Search(17, 3, 577, from 1): lock  9 tick 17 : < 0 0 0 0 0 0 0 0 0 1 > --- 11 0 0 0 0 0 0 0 0 16 
Search(18, 3, 578, from 1): lock  9 tick 18 : < 0 0 0 0 0 0 0 0 0 2 > --- 11 0 0 0 0 0 0 0 0 16 
Search(19, 3, 579, from 2): lock  9 tick 19 : < 0 0 0 0 0 0 0 0 0 3 > --- 11 0 0 0 0 0 0 0 0 16 
CRITICAL id 9 lock 9 tick 20 limit 3
Search(20, 2, 580, from 3): lock -1 tick 20 : < 0 0 0 0 0 0 0 0 0 0 > --- 11 0 0 0 0 0 0 0 0 16 
Search(11, 4, 581, from 0): lock  1 tick 11 : < 0 1 0 0 0 0 0 0 0 0 > --- 6 11 0 0 0 0 0 0 0 0 
Search(12, 4, 582, from 1): lock  1 tick 12 : < 0 1 0 0 0 0 0 0 0 0 > --- 6 11 0 0 0 0 0 0 0 0 
Search(13, 4, 583, from 1): lock  1 tick 13 : < 0 2 0 0 0 0 0 0 0 0 > --- 6 11 0 0 0 0 0 0 0 0 
Search(14, 4, 584, from 2): lock  1 tick 14 : < 0 3 0 0 0 0 0 0 0 0 > --- 6 11 0 0 0 0 0 0 0 0 
CRITICAL id 1 lock 1 tick 15 limit 4
Search(15, 3, 585, from 3): lock -1 tick 15 : < 0 0 0 0 0 0 0 0 0 0 > --- 6 11 0 0 0 0 0 0 0 0 
Search(11, 4, 586, from 0): lock  2 tick 11 : < 0 0 1 0 0 0 0 0 0 0 > --- 6 0 11 0 0 0 0 0 0 0 
Search(12, 4, 587, from 1): lock  2 tick 12 : < 0 0 1 0 0 0 0 0 0 0 > --- 6 0 11 0 0 0 0 0 0 0 
Search(13, 4, 588, from 1): lock  2 tick 13 : < 0 0 2 0 0 0 0 0 0 0 > --- 6 0 11 0 0 0 0 0 0 0 
Search(14, 4, 589, from 2): lock  2 tick 14 : < 0 0 3 0 0 0 0 0 0 0 > --- 6 0 11 0 0 0 0 0 0 0 
CRITICAL id 2 lock 2 tick 15 limit 4
Search(15, 3, 590, from 3): lock -1 tick 15 : < 0 0 0 0 0 0 0 0 0 0 > --- 6 0 11 0 0 0 0 0 0 0 
Search(11, 4, 591, from 0): lock  3 tick 11 : < 0 0 0 1 0 0 0 0 0 0 > --- 6 0 0 11 0 0 0 0 0 0 
Search(12, 4, 592, from 1): lock  3 tick 12 : < 0 0 0 1 0 0 0 0 0 0 > --- 6 0 0 11 0 0 0 0 0 0 
Search(13, 4, 593, from 1): lock  3 tick 13 : < 0 0 0 2 0 0 0 0 0 0 > --- 6 0 0 11 0 0 0 0 0 0 
Search(14, 4, 594, from 2): lock  3 tick 14 : < 0 0 0 3 0 0 0 0 0 0 > --- 6 0 0 11 0 0 0 0 0 0 
CRITICAL id 3 lock 3 tick 15 limit 4
Search(15, 3, 595, from 3): lock -1 tick 15 : < 0 0 0 0 0 0 0 0 0 0 > --- 6 0 0 11 0 0 0 0 0 0 
Search(11, 4, 596, from 0): lock  4 tick 11 : < 0 0 0 0 1 0 0 0 0 0 > --- 6 0 0 0 11 0 0 0 0 0 
Search(12, 4, 597, from 1): lock  4 tick 12 : < 0 0 0 0 1 0 0 0 0 0 > --- 6 0 0 0 11 0 0 0 0 0 
Search(13, 4, 598, from 1): lock  4 tick 13 : < 0 0 0 0 2 0 0 0 0 0 > --- 6 0 0 0 11 0 0 0 0 0 
Search(14, 4, 599, from 2): lock  4 tick 14 : < 0 0 0 0 3 0 0 0 0 0 > --- 6 0 0 0 11 0 0 0 0 0 
CRITICAL id 4 lock 4 tick 15 limit 4
Search(15, 3, 600, from 3): lock -1 tick 15 : < 0 0 0 0 0 0 0 0 0 0 > --- 6 0 0 0 11 0 0 0 0 0 
Search(11, 4, 601, from 0): lock  5 tick 11 : < 0 0 0 0 0 1 0 0 0 0 > --- 6 0 0 0 0 11 0 0 0 0 
Search(12, 4, 602, from 1): lock  5 tick 12 : < 0 0 0 0 0 1 0 0 0 0 > --- 6 0 0 0 0 11 0 0 0 0 
Search(13, 4, 603, from 1): lock  5 tick 13 : < 0 0 0 0 0 2 0 0 0 0 > --- 6 0 0 0 0 11 0 0 0 0 
Search(14, 4, 604, from 2): lock  5 tick 14 : < 0 0 0 0 0 3 0 0 0 0 > --- 6 0 0 0 0 11 0 0 0 0 
CRITICAL id 5 lock 5 tick 15 limit 4
Search(15, 3, 605, from 3): lock -1 tick 15 : < 0 0 0 0 0 0 0 0 0 0 > --- 6 0 0 0 0 11 0 0 0 0 
Search(11, 4, 606, from 0): lock  6 tick 11 : < 0 0 0 0 0 0 1 0 0 0 > --- 6 0 0 0 0 0 11 0 0 0 
Search(12, 4, 607, from 1): lock  6 tick 12 : < 0 0 0 0 0 0 1 0 0 0 > --- 6 0 0 0 0 0 11 0 0 0 
Search(13, 4, 608, from 1): lock  6 tick 13 : < 0 0 0 0 0 0 2 0 0 0 > --- 6 0 0 0 0 0 11 0 0 0 
Search(14, 4, 609, from 2): lock  6 tick 14 : < 0 0 0 0 0 0 3 0 0 0 > --- 6 0 0 0 0 0 11 0 0 0 
CRITICAL id 6 lock 6 tick 15 limit 4
Search(15, 3, 610, from 3): lock -1 tick 15 : < 0 0 0 0 0 0 0 0 0 0 > --- 6 0 0 0 0 0 11 0 0 0 
Search(11, 4, 611, from 0): lock  7 tick 11 : < 0 0 0 0 0 0 0 1 0 0 > --- 6 0 0 0 0 0 0 11 0 0 
Search(12, 4, 612, from 1): lock  7 tick 12 : < 0 0 0 0 0 0 0 1 0 0 > --- 6 0 0 0 0 0 0 11 0 0 
Search(13, 4, 613, from 1): lock  7 tick 13 : < 0 0 0 0 0 0 0 2 0 0 > --- 6 0 0 0 0 0 0 11 0 0 
Search(14, 4, 614, from 2): lock  7 tick 14 : < 0 0 0 0 0 0 0 3 0 0 > --- 6 0 0 0 0 0 0 11 0 0 
CRITICAL id 7 lock 7 tick 15 limit 4
Search(15, 3, 615, from 3): lock -1 tick 15 : < 0 0 0 0 0 0 0 0 0 0 > --- 6 0 0 0 0 0 0 11 0 0 
Search(11, 4, 616, from 0): lock  8 tick 11 : < 0 0 0 0 0 0 0 0 1 0 > --- 6 0 0 0 0 0 0 0 11 0 
Search(12, 4, 617, from 1): lock  8 tick 12 : < 0 0 0 0 0 0 0 0 1 0 > --- 6 0 0 0 0 0 0 0 11 0 
Search(13, 4, 618, from 1): lock  8 tick 13 : < 0 0 0 0 0 0 0 0 2 0 > --- 6 0 0 0 0 0 0 0 11 0 
Search(14, 4, 619, from 2): lock  8 tick 14 : < 0 0 0 0 0 0 0 0 3 0 > --- 6 0 0 0 0 0 0 0 11 0 
CRITICAL id 8 lock 8 tick 15 limit 4
Search(15, 3, 620, from 3): lock -1 tick 15 : < 0 0 0 0 0 0 0 0 0 0 > --- 6 0 0 0 0 0 0 0 11 0 
Search(11, 4, 621, from 0): lock  9 tick 11 : < 0 0 0 0 0 0 0 0 0 1 > --- 6 0 0 0 0 0 0 0 0 11 
Search(12, 4, 622, from 1): lock  9 tick 12 : < 0 0 0 0 0 0 0 0 0 1 > --- 6 0 0 0 0 0 0 0 0 11 
Search(13, 4, 623, from 1): lock  9 tick 13 : < 0 0 0 0 0 0 0 0 0 2 > --- 6 0 0 0 0 0 0 0 0 11 
Search(14, 4, 624, from 2): lock  9 tick 14 : < 0 0 0 0 0 0 0 0 0 3 > --- 6 0 0 0 0 0 0 0 0 11 
CRITICAL id 9 lock 9 tick 15 limit 4
Search(15, 3, 625, from 3): lock -1 tick 15 : < 0 0 0 0 0 0 0 0 0 0 > --- 6 0 0 0 0 0 0 0 0 11 
Search(6, 5, 626, from 0): lock  1 tick 6 : < 0 1 0 0 0 0 0 0 0 0 > --- 1 6 0 0 0 0 0 0 0 0 
Search(7, 5, 627, from 1): lock  1 tick 7 : < 0 1 0 0 0 0 0 0 0 0 > --- 1 6 0 0 0 0 0 0 0 0 
Search(8, 5, 628, from 1): lock  1 tick 8 : < 0 2 0 0 0 0 0 0 0 0 > --- 1 6 0 0 0 0 0 0 0 0 
Search(9, 5, 629, from 2): lock  1 tick 9 : < 0 3 0 0 0 0 0 0 0 0 > --- 1 6 0 0 0 0 0 0 0 0 
CRITICAL id 1 lock 1 tick 10 limit 5
Search(10, 4, 630, from 3): lock -1 tick 10 : < 0 0 0 0 0 0 0 0 0 0 > --- 1 6 0 0 0 0 0 0 0 0 
Search(6, 5, 631, from 0): lock  2 tick 6 : < 0 0 1 0 0 0 0 0 0 0 > --- 1 0 6 0 0 0 0 0 0 0 
Search(7, 5, 632, from 1): lock  2 tick 7 : < 0 0 1 0 0 0 0 0 0 0 > --- 1 0 6 0 0 0 0 0 0 0 
Search(8, 5, 633, from 1): lock  2 tick 8 : < 0 0 2 0 0 0 0 0 0 0 > --- 1 0 6 0 0 0 0 0 0 0 
Search(9, 5, 634, from 2): lock  2 tick 9 : < 0 0 3 0 0 0 0 0 0 0 > --- 1 0 6 0 0 0 0 0 0 0 
CRITICAL id 2 lock 2 tick 10 limit 5
Search(10, 4, 635, from 3): lock -1 tick 10 : < 0 0 0 0 0 0 0 0 0 0 > --- 1 0 6 0 0 0 0 0 0 0 
Search(6, 5, 636, from 0): lock  3 tick 6 : < 0 0 0 1 0 0 0 0 0 0 > --- 1 0 0 6 0 0 0 0 0 0 
Search(7, 5, 637, from 1): lock  3 tick 7 : < 0 0 0 1 0 0 0 0 0 0 > --- 1 0 0 6 0 0 0 0 0 0 
Search(8, 5, 638, from 1): lock  3 tick 8 : < 0 0 0 2 0 0 0 0 0 0 > --- 1 0 0 6 0 0 0 0 0 0 
Search(9, 5, 639, from 2): lock  3 tick 9 : < 0 0 0 3 0 0 0 0 0 0 > --- 1 0 0 6 0 0 0 0 0 0 
CRITICAL id 3 lock 3 tick 10 limit 5
Search(10, 4, 640, from 3): lock -1 tick 10 : < 0 0 0 0 0 0 0 0 0 0 > --- 1 0 0 6 0 0 0 0 0 0 
Search(6, 5, 641, from 0): lock  4 tick 6 : < 0 0 0 0 1 0 0 0 0 0 > --- 1 0 0 0 6 0 0 0 0 0 
Search(7, 5, 642, from 1): lock  4 tick 7 : < 0 0 0 0 1 0 0 0 0 0 > --- 1 0 0 0 6 0 0 0 0 0 
Search(8, 5, 643, from 1): lock  4 tick 8 : < 0 0 0 0 2 0 0 0 0 0 > --- 1 0 0 0 6 0 0 0 0 0 
Search(9, 5, 644, from 2): lock  4 tick 9 : < 0 0 0 0 3 0 0 0 0 0 > --- 1 0 0 0 6 0 0 0 0 0 
CRITICAL id 4 lock 4 tick 10 limit 5
Search(10, 4, 645, from 3): lock -1 tick 10 : < 0 0 0 0 0 0 0 0 0 0 > --- 1 0 0 0 6 0 0 0 0 0 
Search(6, 5, 646, from 0): lock  5 tick 6 : < 0 0 0 0 0 1 0 0 0 0 > --- 1 0 0 0 0 6 0 0 0 0 
Search(7, 5, 647, from 1): lock  5 tick 7 : < 0 0 0 0 0 1 0 0 0 0 > --- 1 0 0 0 0 6 0 0 0 0 
Search(8, 5, 648, from 1): lock  5 tick 8 : < 0 0 0 0 0 2 0 0 0 0 > --- 1 0 0 0 0 6 0 0 0 0 
Search(9, 5, 649, from 2): lock  5 tick 9 : < 0 0 0 0 0 3 0 0 0 0 > --- 1 0 0 0 0 6 0 0 0 0 
CRITICAL id 5 lock 5 tick 10 limit 5
Search(10, 4, 650, from 3): lock -1 tick 10 : < 0 0 0 0 0 0 0 0 0 0 > --- 1 0 0 0 0 6 0 0 0 0 
Search(6, 5, 651, from 0): lock  6 tick 6 : < 0 0 0 0 0 0 1 0 0 0 > --- 1 0 0 0 0 0 6 0 0 0 
Search(7, 5, 652, from 1): lock  6 tick 7 : < 0 0 0 0 0 0 1 0 0 0 > --- 1 0 0 0 0 0 6 0 0 0 
Search(8, 5, 653, from 1): lock  6 tick 8 : < 0 0 0 0 0 0 2 0 0 0 > --- 1 0 0 0 0 0 6 0 0 0 
Search(9, 5, 654, from 2): lock  6 tick 9 : < 0 0 0 0 0 0 3 0 0 0 > --- 1 0 0 0 0 0 6 0 0 0 
CRITICAL id 6 lock 6 tick 10 limit 5
Search(10, 4, 655, from 3): lock -1 tick 10 : < 0 0 0 0 0 0 0 0 0 0 > --- 1 0 0 0 0 0 6 0 0 0 
Search(6, 5, 656, from 0): lock  7 tick 6 : < 0 0 0 0 0 0 0 1 0 0 > --- 1 0 0 0 0 0 0 6 0 0 
Search(7, 5, 657, from 1): lock  7 tick 7 : < 0 0 0 0 0 0 0 1 0 0 > --- 1 0 0 0 0 0 0 6 0 0 
Search(8, 5, 658, from 1): lock  7 tick 8 : < 0 0 0 0 0 0 0 2 0 0 > --- 1 0 0 0 0 0 0 6 0 0 
Search(9, 5, 659, from 2): lock  7 tick 9 : < 0 0 0 0 0 0 0 3 0 0 > --- 1 0 0 0 0 0 0 6 0 0 
CRITICAL id 7 lock 7 tick 10 limit 5
Search(10, 4, 660, from 3): lock -1 tick 10 : < 0 0 0 0 0 0 0 0 0 0 > --- 1 0 0 0 0 0 0 6 0 0 
Search(6, 5, 661, from 0): lock  8 tick 6 : < 0 0 0 0 0 0 0 0 1 0 > --- 1 0 0 0 0 0 0 0 6 0 
Search(7, 5, 662, from 1): lock  8 tick 7 : < 0 0 0 0 0 0 0 0 1 0 > --- 1 0 0 0 0 0 0 0 6 0 
Search(8, 5, 663, from 1): lock  8 tick 8 : < 0 0 0 0 0 0 0 0 2 0 > --- 1 0 0 0 0 0 0 0 6 0 
Search(9, 5, 664, from 2): lock  8 tick 9 : < 0 0 0 0 0 0 0 0 3 0 > --- 1 0 0 0 0 0 0 0 6 0 
CRITICAL id 8 lock 8 tick 10 limit 5
Search(10, 4, 665, from 3): lock -1 tick 10 : < 0 0 0 0 0 0 0 0 0 0 > --- 1 0 0 0 0 0 0 0 6 0 
Search(6, 5, 666, from 0): lock  9 tick 6 : < 0 0 0 0 0 0 0 0 0 1 > --- 1 0 0 0 0 0 0 0 0 6 
Search(7, 5, 667, from 1): lock  9 tick 7 : < 0 0 0 0 0 0 0 0 0 1 > --- 1 0 0 0 0 0 0 0 0 6 
Search(8, 5, 668, from 1): lock  9 tick 8 : < 0 0 0 0 0 0 0 0 0 2 > --- 1 0 0 0 0 0 0 0 0 6 
Search(9, 5, 669, from 2): lock  9 tick 9 : < 0 0 0 0 0 0 0 0 0 3 > --- 1 0 0 0 0 0 0 0 0 6 
CRITICAL id 9 lock 9 tick 10 limit 5
Search(10, 4, 670, from 3): lock -1 tick 10 : < 0 0 0 0 0 0 0 0 0 0 > --- 1 0 0 0 0 0 0 0 0 6 
Search(1, 6, 671, from 0): lock  1 tick 1 : < 0 1 0 0 0 0 0 0 0 0 > --- 0 1 0 0 0 0 0 0 0 0 
Search(2, 6, 672, from 1): lock  1 tick 2 : < 0 1 0 0 0 0 0 0 0 0 > --- 0 1 0 0 0 0 0 0 0 0 
Search(3, 6, 673, from 1): lock  1 tick 3 : < 0 2 0 0 0 0 0 0 0 0 > --- 0 1 0 0 0 0 0 0 0 0 
Search(4, 6, 674, from 2): lock  1 tick 4 : < 0 3 0 0 0 0 0 0 0 0 > --- 0 1 0 0 0 0 0 0 0 0 
CRITICAL id 1 lock 1 tick 5 limit 6
Search(5, 5, 675, from 3): lock -1 tick 5 : < 0 0 0 0 0 0 0 0 0 0 > --- 0 1 0 0 0 0 0 0 0 0 
Search(1, 6, 676, from 0): lock  2 tick 1 : < 0 0 1 0 0 0 0 0 0 0 > --- 0 0 1 0 0 0 0 0 0 0 
Search(2, 6, 677, from 1): lock  2 tick 2 : < 0 0 1 0 0 0 0 0 0 0 > --- 0 0 1 0 0 0 0 0 0 0 
Search(3, 6, 678, from 1): lock  2 tick 3 : < 0 0 2 0 0 0 0 0 0 0 > --- 0 0 1 0 0 0 0 0 0 0 
Search(4, 6, 679, from 2): lock  2 tick 4 : < 0 0 3 0 0 0 0 0 0 0 > --- 0 0 1 0 0 0 0 0 0 0 
CRITICAL id 2 lock 2 tick 5 limit 6
Search(5, 5, 680, from 3): lock -1 tick 5 : < 0 0 0 0 0 0 0 0 0 0 > --- 0 0 1 0 0 0 0 0 0 0 
Search(1, 6, 681, from 0): lock  3 tick 1 : < 0 0 0 1 0 0 0 0 0 0 > --- 0 0 0 1 0 0 0 0 0 0 
Search(2, 6, 682, from 1): lock  3 tick 2 : < 0 0 0 1 0 0 0 0 0 0 > --- 0 0 0 1 0 0 0 0 0 0 
Search(3, 6, 683, from 1): lock  3 tick 3 : < 0 0 0 2 0 0 0 0 0 0 > --- 0 0 0 1 0 0 0 0 0 0 
Search(4, 6, 684, from 2): lock  3 tick 4 : < 0 0 0 3 0 0 0 0 0 0 > --- 0 0 0 1 0 0 0 0 0 0 
CRITICAL id 3 lock 3 tick 5 limit 6
Search(5, 5, 685, from 3): lock -1 tick 5 : < 0 0 0 0 0 0 0 0 0 0 > --- 0 0 0 1 0 0 0 0 0 0 
Search(1, 6, 686, from 0): lock  4 tick 1 : < 0 0 0 0 1 0 0 0 0 0 > --- 0 0 0 0 1 0 0 0 0 0 
Search(2, 6, 687, from 1): lock  4 tick 2 : < 0 0 0 0 1 0 0 0 0 0 > --- 0 0 0 0 1 0 0 0 0 0 
Search(3, 6, 688, from 1): lock  4 tick 3 : < 0 0 0 0 2 0 0 0 0 0 > --- 0 0 0 0 1 0 0 0 0 0 
Search(4, 6, 689, from 2): lock  4 tick 4 : < 0 0 0 0 3 0 0 0 0 0 > --- 0 0 0 0 1 0 0 0 0 0 
CRITICAL id 4 lock 4 tick 5 limit 6
Search(5, 5, 690, from 3): lock -1 tick 5 : < 0 0 0 0 0 0 0 0 0 0 > --- 0 0 0 0 1 0 0 0 0 0 
Search(1, 6, 691, from 0): lock  5 tick 1 : < 0 0 0 0 0 1 0 0 0 0 > --- 0 0 0 0 0 1 0 0 0 0 
Search(2, 6, 692, from 1): lock  5 tick 2 : < 0 0 0 0 0 1 0 0 0 0 > --- 0 0 0 0 0 1 0 0 0 0 
Search(3, 6, 693, from 1): lock  5 tick 3 : < 0 0 0 0 0 2 0 0 0 0 > --- 0 0 0 0 0 1 0 0 0 0 
Search(4, 6, 694, from 2): lock  5 tick 4 : < 0 0 0 0 0 3 0 0 0 0 > --- 0 0 0 0 0 1 0 0 0 0 
CRITICAL id 5 lock 5 tick 5 limit 6
Search(5, 5, 695, from 3): lock -1 tick 5 : < 0 0 0 0 0 0 0 0 0 0 > --- 0 0 0 0 0 1 0 0 0 0 
Search(1, 6, 696, from 0): lock  6 tick 1 : < 0 0 0 0 0 0 1 0 0 0 > --- 0 0 0 0 0 0 1 0 0 0 
Search(2, 6, 697, from 1): lock  6 tick 2 : < 0 0 0 0 0 0 1 0 0 0 > --- 0 0 0 0 0 0 1 0 0 0 
Search(3, 6, 698, from 1): lock  6 tick 3 : < 0 0 0 0 0 0 2 0 0 0 > --- 0 0 0 0 0 0 1 0 0 0 
Search(4, 6, 699, from 2): lock  6 tick 4 : < 0 0 0 0 0 0 3 0 0 0 > --- 0 0 0 0 0 0 1 0 0 0 
CRITICAL id 6 lock 6 tick 5 limit 6
Search(5, 5, 700, from 3): lock -1 tick 5 : < 0 0 0 0 0 0 0 0 0 0 > --- 0 0 0 0 0 0 1 0 0 0 
Search(1, 6, 701, from 0): lock  7 tick 1 : < 0 0 0 0 0 0 0 1 0 0 > --- 0 0 0 0 0 0 0 1 0 0 
Search(2, 6, 702, from 1): lock  7 tick 2 : < 0 0 0 0 0 0 0 1 0 0 > --- 0 0 0 0 0 0 0 1 0 0 
Search(3, 6, 703, from 1): lock  7 tick 3 : < 0 0 0 0 0 0 0 2 0 0 > --- 0 0 0 0 0 0 0 1 0 0 
Search(4, 6, 704, from 2): lock  7 tick 4 : < 0 0 0 0 0 0 0 3 0 0 > --- 0 0 0 0 0 0 0 1 0 0 
CRITICAL id 7 lock 7 tick 5 limit 6
Search(5, 5, 705, from 3): lock -1 tick 5 : < 0 0 0 0 0 0 0 0 0 0 > --- 0 0 0 0 0 0 0 1 0 0 
Search(1, 6, 706, from 0): lock  8 tick 1 : < 0 0 0 0 0 0 0 0 1 0 > --- 0 0 0 0 0 0 0 0 1 0 
Search(2, 6, 707, from 1): lock  8 tick 2 : < 0 0 0 0 0 0 0 0 1 0 > --- 0 0 0 0 0 0 0 0 1 0 
Search(3, 6, 708, from 1): lock  8 tick 3 : < 0 0 0 0 0 0 0 0 2 0 > --- 0 0 0 0 0 0 0 0 1 0 
Search(4, 6, 709, from 2): lock  8 tick 4 : < 0 0 0 0 0 0 0 0 3 0 > --- 0 0 0 0 0 0 0 0 1 0 
CRITICAL id 8 lock 8 tick 5 limit 6
Search(5, 5, 710, from 3): lock -1 tick 5 : < 0 0 0 0 0 0 0 0 0 0 > --- 0 0 0 0 0 0 0 0 1 0 
Search(1, 6, 711, from 0): lock  9 tick 1 : < 0 0 0 0 0 0 0 0 0 1 > --- 0 0 0 0 0 0 0 0 0 1 
Search(2, 6, 712, from 1): lock  9 tick 2 : < 0 0 0 0 0 0 0 0 0 1 > --- 0 0 0 0 0 0 0 0 0 1 
Search(3, 6, 713, from 1): lock  9 tick 3 : < 0 0 0 0 0 0 0 0 0 2 > --- 0 0 0 0 0 0 0 0 0 1 
Search(4, 6, 714, from 2): lock  9 tick 4 : < 0 0 0 0 0 0 0 0 0 3 > --- 0 0 0 0 0 0 0 0 0 1 
CRITICAL id 9 lock 9 tick 5 limit 6
Search(5, 5, 715, from 3): lock -1 tick 5 : < 0 0 0 0 0 0 0 0 0 0 > --- 0 0 0 0 0 0 0 0 0 1 
FINAL: Searchspace 715 Table 31 Subcount 45 Nosub 579
