CBMC version 5.11 (cbmc-5.11) 64-bit x86_64 linux
Parsing fischer2-3.c
Converting
Type-checking fischer2-3
Generating GOTO Program
Adding CPROVER library (x86_64)
Removal of function pointers and virtual functions
Generic Property Instrumentation
Running with 8 object bits, 56 offset bits (default)
Starting Bounded Model Checking
Unwinding recursion search iteration 1
Unwinding recursion search iteration 2
Unwinding recursion search iteration 3
Unwinding recursion search iteration 4
Unwinding recursion search iteration 4
Unwinding recursion search iteration 4
aborting path on assume(false) at file <builtin-library-exit> line 7 function exit thread 0
Unwinding loop check_mutual_exclusion.0 iteration 1 file fischer2-3.c line 30 function check_mutual_exclusion thread 0
aborting path on assume(false) at file <builtin-library-exit> line 7 function exit thread 0
Unwinding loop check_mutual_exclusion.0 iteration 2 file fischer2-3.c line 30 function check_mutual_exclusion thread 0
Unwinding recursion search iteration 4
Unwinding recursion search iteration 3
Unwinding recursion search iteration 4
Unwinding recursion search iteration 4
Unwinding recursion search iteration 4
aborting path on assume(false) at file <builtin-library-exit> line 7 function exit thread 0
Unwinding loop check_mutual_exclusion.0 iteration 1 file fischer2-3.c line 30 function check_mutual_exclusion thread 0
aborting path on assume(false) at file <builtin-library-exit> line 7 function exit thread 0
Unwinding loop check_mutual_exclusion.0 iteration 2 file fischer2-3.c line 30 function check_mutual_exclusion thread 0
Unwinding recursion search iteration 4
Unwinding recursion search iteration 3
Unwinding recursion search iteration 4
Unwinding recursion search iteration 4
Unwinding recursion search iteration 4
aborting path on assume(false) at file <builtin-library-exit> line 7 function exit thread 0
Unwinding loop check_mutual_exclusion.0 iteration 1 file fischer2-3.c line 30 function check_mutual_exclusion thread 0
aborting path on assume(false) at file <builtin-library-exit> line 7 function exit thread 0
Unwinding loop check_mutual_exclusion.0 iteration 2 file fischer2-3.c line 30 function check_mutual_exclusion thread 0
Unwinding recursion search iteration 4
aborting path on assume(false) at file <builtin-library-exit> line 7 function exit thread 0
Unwinding loop check_mutual_exclusion.0 iteration 1 file fischer2-3.c line 30 function check_mutual_exclusion thread 0
aborting path on assume(false) at file <builtin-library-exit> line 7 function exit thread 0
Unwinding loop check_mutual_exclusion.0 iteration 2 file fischer2-3.c line 30 function check_mutual_exclusion thread 0
Unwinding recursion search iteration 3
Unwinding recursion search iteration 4
Unwinding recursion search iteration 4
Unwinding recursion search iteration 4
aborting path on assume(false) at file <builtin-library-exit> line 7 function exit thread 0
Unwinding loop check_mutual_exclusion.0 iteration 1 file fischer2-3.c line 30 function check_mutual_exclusion thread 0
aborting path on assume(false) at file <builtin-library-exit> line 7 function exit thread 0
Unwinding loop check_mutual_exclusion.0 iteration 2 file fischer2-3.c line 30 function check_mutual_exclusion thread 0
Unwinding recursion search iteration 4
Unwinding recursion search iteration 2
Unwinding recursion search iteration 3
Unwinding recursion search iteration 4
Unwinding recursion search iteration 4
Unwinding recursion search iteration 4
aborting path on assume(false) at file <builtin-library-exit> line 7 function exit thread 0
Unwinding loop check_mutual_exclusion.0 iteration 1 file fischer2-3.c line 30 function check_mutual_exclusion thread 0
aborting path on assume(false) at file <builtin-library-exit> line 7 function exit thread 0
Unwinding loop check_mutual_exclusion.0 iteration 2 file fischer2-3.c line 30 function check_mutual_exclusion thread 0
Unwinding recursion search iteration 4
Unwinding recursion search iteration 3
Unwinding recursion search iteration 4
Unwinding recursion search iteration 4
Unwinding recursion search iteration 4
aborting path on assume(false) at file <builtin-library-exit> line 7 function exit thread 0
Unwinding loop check_mutual_exclusion.0 iteration 1 file fischer2-3.c line 30 function check_mutual_exclusion thread 0
aborting path on assume(false) at file <builtin-library-exit> line 7 function exit thread 0
Unwinding loop check_mutual_exclusion.0 iteration 2 file fischer2-3.c line 30 function check_mutual_exclusion thread 0
Unwinding recursion search iteration 4
Unwinding recursion search iteration 3
Unwinding recursion search iteration 4
Unwinding recursion search iteration 4
Unwinding recursion search iteration 4
aborting path on assume(false) at file <builtin-library-exit> line 7 function exit thread 0
Unwinding loop check_mutual_exclusion.0 iteration 1 file fischer2-3.c line 30 function check_mutual_exclusion thread 0
aborting path on assume(false) at file <builtin-library-exit> line 7 function exit thread 0
Unwinding loop check_mutual_exclusion.0 iteration 2 file fischer2-3.c line 30 function check_mutual_exclusion thread 0
Unwinding recursion search iteration 4
aborting path on assume(false) at file <builtin-library-exit> line 7 function exit thread 0
Unwinding loop check_mutual_exclusion.0 iteration 1 file fischer2-3.c line 30 function check_mutual_exclusion thread 0
aborting path on assume(false) at file <builtin-library-exit> line 7 function exit thread 0
Unwinding loop check_mutual_exclusion.0 iteration 2 file fischer2-3.c line 30 function check_mutual_exclusion thread 0
Unwinding recursion search iteration 3
Unwinding recursion search iteration 4
Unwinding recursion search iteration 4
Unwinding recursion search iteration 4
aborting path on assume(false) at file <builtin-library-exit> line 7 function exit thread 0
Unwinding loop check_mutual_exclusion.0 iteration 1 file fischer2-3.c line 30 function check_mutual_exclusion thread 0
aborting path on assume(false) at file <builtin-library-exit> line 7 function exit thread 0
Unwinding loop check_mutual_exclusion.0 iteration 2 file fischer2-3.c line 30 function check_mutual_exclusion thread 0
Unwinding recursion search iteration 4
Unwinding recursion search iteration 2
Unwinding recursion search iteration 3
Unwinding recursion search iteration 4
Unwinding recursion search iteration 4
Unwinding recursion search iteration 4
aborting path on assume(false) at file <builtin-library-exit> line 7 function exit thread 0
Unwinding loop check_mutual_exclusion.0 iteration 1 file fischer2-3.c line 30 function check_mutual_exclusion thread 0
aborting path on assume(false) at file <builtin-library-exit> line 7 function exit thread 0
Unwinding loop check_mutual_exclusion.0 iteration 2 file fischer2-3.c line 30 function check_mutual_exclusion thread 0
Unwinding recursion search iteration 4
Unwinding recursion search iteration 3
Unwinding recursion search iteration 4
Unwinding recursion search iteration 4
Unwinding recursion search iteration 4
aborting path on assume(false) at file <builtin-library-exit> line 7 function exit thread 0
Unwinding loop check_mutual_exclusion.0 iteration 1 file fischer2-3.c line 30 function check_mutual_exclusion thread 0
aborting path on assume(false) at file <builtin-library-exit> line 7 function exit thread 0
Unwinding loop check_mutual_exclusion.0 iteration 2 file fischer2-3.c line 30 function check_mutual_exclusion thread 0
Unwinding recursion search iteration 4
Unwinding recursion search iteration 3
Unwinding recursion search iteration 4
Unwinding recursion search iteration 4
Unwinding recursion search iteration 4
aborting path on assume(false) at file <builtin-library-exit> line 7 function exit thread 0
Unwinding loop check_mutual_exclusion.0 iteration 1 file fischer2-3.c line 30 function check_mutual_exclusion thread 0
aborting path on assume(false) at file <builtin-library-exit> line 7 function exit thread 0
Unwinding loop check_mutual_exclusion.0 iteration 2 file fischer2-3.c line 30 function check_mutual_exclusion thread 0
Unwinding recursion search iteration 4
aborting path on assume(false) at file <builtin-library-exit> line 7 function exit thread 0
Unwinding loop check_mutual_exclusion.0 iteration 1 file fischer2-3.c line 30 function check_mutual_exclusion thread 0
aborting path on assume(false) at file <builtin-library-exit> line 7 function exit thread 0
Unwinding loop check_mutual_exclusion.0 iteration 2 file fischer2-3.c line 30 function check_mutual_exclusion thread 0
Unwinding recursion search iteration 3
Unwinding recursion search iteration 4
Unwinding recursion search iteration 4
Unwinding recursion search iteration 4
aborting path on assume(false) at file <builtin-library-exit> line 7 function exit thread 0
Unwinding loop check_mutual_exclusion.0 iteration 1 file fischer2-3.c line 30 function check_mutual_exclusion thread 0
aborting path on assume(false) at file <builtin-library-exit> line 7 function exit thread 0
Unwinding loop check_mutual_exclusion.0 iteration 2 file fischer2-3.c line 30 function check_mutual_exclusion thread 0
Unwinding recursion search iteration 4
aborting path on assume(false) at file <builtin-library-exit> line 7 function exit thread 0
Unwinding loop check_mutual_exclusion.0 iteration 1 file fischer2-3.c line 30 function check_mutual_exclusion thread 0
aborting path on assume(false) at file <builtin-library-exit> line 7 function exit thread 0
Unwinding loop check_mutual_exclusion.0 iteration 2 file fischer2-3.c line 30 function check_mutual_exclusion thread 0
Unwinding recursion search iteration 2
Unwinding recursion search iteration 3
Unwinding recursion search iteration 4
Unwinding recursion search iteration 4
Unwinding recursion search iteration 4
aborting path on assume(false) at file <builtin-library-exit> line 7 function exit thread 0
Unwinding loop check_mutual_exclusion.0 iteration 1 file fischer2-3.c line 30 function check_mutual_exclusion thread 0
aborting path on assume(false) at file <builtin-library-exit> line 7 function exit thread 0
Unwinding loop check_mutual_exclusion.0 iteration 2 file fischer2-3.c line 30 function check_mutual_exclusion thread 0
Unwinding recursion search iteration 4
Unwinding recursion search iteration 3
Unwinding recursion search iteration 4
Unwinding recursion search iteration 4
Unwinding recursion search iteration 4
aborting path on assume(false) at file <builtin-library-exit> line 7 function exit thread 0
Unwinding loop check_mutual_exclusion.0 iteration 1 file fischer2-3.c line 30 function check_mutual_exclusion thread 0
aborting path on assume(false) at file <builtin-library-exit> line 7 function exit thread 0
Unwinding loop check_mutual_exclusion.0 iteration 2 file fischer2-3.c line 30 function check_mutual_exclusion thread 0
Unwinding recursion search iteration 4
Unwinding recursion search iteration 3
Unwinding recursion search iteration 4
Unwinding recursion search iteration 4
Unwinding recursion search iteration 4
aborting path on assume(false) at file <builtin-library-exit> line 7 function exit thread 0
Unwinding loop check_mutual_exclusion.0 iteration 1 file fischer2-3.c line 30 function check_mutual_exclusion thread 0
aborting path on assume(false) at file <builtin-library-exit> line 7 function exit thread 0
Unwinding loop check_mutual_exclusion.0 iteration 2 file fischer2-3.c line 30 function check_mutual_exclusion thread 0
Unwinding recursion search iteration 4
aborting path on assume(false) at file <builtin-library-exit> line 7 function exit thread 0
Unwinding loop check_mutual_exclusion.0 iteration 1 file fischer2-3.c line 30 function check_mutual_exclusion thread 0
aborting path on assume(false) at file <builtin-library-exit> line 7 function exit thread 0
Unwinding loop check_mutual_exclusion.0 iteration 2 file fischer2-3.c line 30 function check_mutual_exclusion thread 0
Unwinding recursion search iteration 3
Unwinding recursion search iteration 4
Unwinding recursion search iteration 4
Unwinding recursion search iteration 4
aborting path on assume(false) at file <builtin-library-exit> line 7 function exit thread 0
Unwinding loop check_mutual_exclusion.0 iteration 1 file fischer2-3.c line 30 function check_mutual_exclusion thread 0
aborting path on assume(false) at file <builtin-library-exit> line 7 function exit thread 0
Unwinding loop check_mutual_exclusion.0 iteration 2 file fischer2-3.c line 30 function check_mutual_exclusion thread 0
Unwinding recursion search iteration 4
Unwinding recursion search iteration 1
Unwinding recursion search iteration 2
Unwinding recursion search iteration 3
Unwinding recursion search iteration 4
Unwinding recursion search iteration 4
Unwinding recursion search iteration 4
aborting path on assume(false) at file <builtin-library-exit> line 7 function exit thread 0
Unwinding loop check_mutual_exclusion.0 iteration 1 file fischer2-3.c line 30 function check_mutual_exclusion thread 0
aborting path on assume(false) at file <builtin-library-exit> line 7 function exit thread 0
Unwinding loop check_mutual_exclusion.0 iteration 2 file fischer2-3.c line 30 function check_mutual_exclusion thread 0
Unwinding recursion search iteration 4
Unwinding recursion search iteration 3
Unwinding recursion search iteration 4
Unwinding recursion search iteration 4
Unwinding recursion search iteration 4
aborting path on assume(false) at file <builtin-library-exit> line 7 function exit thread 0
Unwinding loop check_mutual_exclusion.0 iteration 1 file fischer2-3.c line 30 function check_mutual_exclusion thread 0
aborting path on assume(false) at file <builtin-library-exit> line 7 function exit thread 0
Unwinding loop check_mutual_exclusion.0 iteration 2 file fischer2-3.c line 30 function check_mutual_exclusion thread 0
Unwinding recursion search iteration 4
Unwinding recursion search iteration 3
Unwinding recursion search iteration 4
Unwinding recursion search iteration 4
Unwinding recursion search iteration 4
aborting path on assume(false) at file <builtin-library-exit> line 7 function exit thread 0
Unwinding loop check_mutual_exclusion.0 iteration 1 file fischer2-3.c line 30 function check_mutual_exclusion thread 0
aborting path on assume(false) at file <builtin-library-exit> line 7 function exit thread 0
Unwinding loop check_mutual_exclusion.0 iteration 2 file fischer2-3.c line 30 function check_mutual_exclusion thread 0
Unwinding recursion search iteration 4
aborting path on assume(false) at file <builtin-library-exit> line 7 function exit thread 0
Unwinding loop check_mutual_exclusion.0 iteration 1 file fischer2-3.c line 30 function check_mutual_exclusion thread 0
aborting path on assume(false) at file <builtin-library-exit> line 7 function exit thread 0
Unwinding loop check_mutual_exclusion.0 iteration 2 file fischer2-3.c line 30 function check_mutual_exclusion thread 0
Unwinding recursion search iteration 3
Unwinding recursion search iteration 4
Unwinding recursion search iteration 4
Unwinding recursion search iteration 4
aborting path on assume(false) at file <builtin-library-exit> line 7 function exit thread 0
Unwinding loop check_mutual_exclusion.0 iteration 1 file fischer2-3.c line 30 function check_mutual_exclusion thread 0
aborting path on assume(false) at file <builtin-library-exit> line 7 function exit thread 0
Unwinding loop check_mutual_exclusion.0 iteration 2 file fischer2-3.c line 30 function check_mutual_exclusion thread 0
Unwinding recursion search iteration 4
Unwinding recursion search iteration 2
Unwinding recursion search iteration 3
Unwinding recursion search iteration 4
Unwinding recursion search iteration 4
Unwinding recursion search iteration 4
aborting path on assume(false) at file <builtin-library-exit> line 7 function exit thread 0
Unwinding loop check_mutual_exclusion.0 iteration 1 file fischer2-3.c line 30 function check_mutual_exclusion thread 0
aborting path on assume(false) at file <builtin-library-exit> line 7 function exit thread 0
Unwinding loop check_mutual_exclusion.0 iteration 2 file fischer2-3.c line 30 function check_mutual_exclusion thread 0
Unwinding recursion search iteration 4
Unwinding recursion search iteration 3
Unwinding recursion search iteration 4
Unwinding recursion search iteration 4
Unwinding recursion search iteration 4
aborting path on assume(false) at file <builtin-library-exit> line 7 function exit thread 0
Unwinding loop check_mutual_exclusion.0 iteration 1 file fischer2-3.c line 30 function check_mutual_exclusion thread 0
aborting path on assume(false) at file <builtin-library-exit> line 7 function exit thread 0
Unwinding loop check_mutual_exclusion.0 iteration 2 file fischer2-3.c line 30 function check_mutual_exclusion thread 0
Unwinding recursion search iteration 4
Unwinding recursion search iteration 3
Unwinding recursion search iteration 4
Unwinding recursion search iteration 4
Unwinding recursion search iteration 4
aborting path on assume(false) at file <builtin-library-exit> line 7 function exit thread 0
Unwinding loop check_mutual_exclusion.0 iteration 1 file fischer2-3.c line 30 function check_mutual_exclusion thread 0
aborting path on assume(false) at file <builtin-library-exit> line 7 function exit thread 0
Unwinding loop check_mutual_exclusion.0 iteration 2 file fischer2-3.c line 30 function check_mutual_exclusion thread 0
Unwinding recursion search iteration 4
aborting path on assume(false) at file <builtin-library-exit> line 7 function exit thread 0
Unwinding loop check_mutual_exclusion.0 iteration 1 file fischer2-3.c line 30 function check_mutual_exclusion thread 0
aborting path on assume(false) at file <builtin-library-exit> line 7 function exit thread 0
Unwinding loop check_mutual_exclusion.0 iteration 2 file fischer2-3.c line 30 function check_mutual_exclusion thread 0
Unwinding recursion search iteration 3
Unwinding recursion search iteration 4
Unwinding recursion search iteration 4
Unwinding recursion search iteration 4
aborting path on assume(false) at file <builtin-library-exit> line 7 function exit thread 0
Unwinding loop check_mutual_exclusion.0 iteration 1 file fischer2-3.c line 30 function check_mutual_exclusion thread 0
aborting path on assume(false) at file <builtin-library-exit> line 7 function exit thread 0
Unwinding loop check_mutual_exclusion.0 iteration 2 file fischer2-3.c line 30 function check_mutual_exclusion thread 0
Unwinding recursion search iteration 4
Unwinding recursion search iteration 2
Unwinding recursion search iteration 3
Unwinding recursion search iteration 4
Unwinding recursion search iteration 4
Unwinding recursion search iteration 4
aborting path on assume(false) at file <builtin-library-exit> line 7 function exit thread 0
Unwinding loop check_mutual_exclusion.0 iteration 1 file fischer2-3.c line 30 function check_mutual_exclusion thread 0
aborting path on assume(false) at file <builtin-library-exit> line 7 function exit thread 0
Unwinding loop check_mutual_exclusion.0 iteration 2 file fischer2-3.c line 30 function check_mutual_exclusion thread 0
Unwinding recursion search iteration 4
Unwinding recursion search iteration 3
Unwinding recursion search iteration 4
Unwinding recursion search iteration 4
Unwinding recursion search iteration 4
aborting path on assume(false) at file <builtin-library-exit> line 7 function exit thread 0
Unwinding loop check_mutual_exclusion.0 iteration 1 file fischer2-3.c line 30 function check_mutual_exclusion thread 0
aborting path on assume(false) at file <builtin-library-exit> line 7 function exit thread 0
Unwinding loop check_mutual_exclusion.0 iteration 2 file fischer2-3.c line 30 function check_mutual_exclusion thread 0
Unwinding recursion search iteration 4
Unwinding recursion search iteration 3
Unwinding recursion search iteration 4
Unwinding recursion search iteration 4
Unwinding recursion search iteration 4
aborting path on assume(false) at file <builtin-library-exit> line 7 function exit thread 0
Unwinding loop check_mutual_exclusion.0 iteration 1 file fischer2-3.c line 30 function check_mutual_exclusion thread 0
aborting path on assume(false) at file <builtin-library-exit> line 7 function exit thread 0
Unwinding loop check_mutual_exclusion.0 iteration 2 file fischer2-3.c line 30 function check_mutual_exclusion thread 0
Unwinding recursion search iteration 4
aborting path on assume(false) at file <builtin-library-exit> line 7 function exit thread 0
Unwinding loop check_mutual_exclusion.0 iteration 1 file fischer2-3.c line 30 function check_mutual_exclusion thread 0
aborting path on assume(false) at file <builtin-library-exit> line 7 function exit thread 0
Unwinding loop check_mutual_exclusion.0 iteration 2 file fischer2-3.c line 30 function check_mutual_exclusion thread 0
Unwinding recursion search iteration 3
Unwinding recursion search iteration 4
Unwinding recursion search iteration 4
Unwinding recursion search iteration 4
aborting path on assume(false) at file <builtin-library-exit> line 7 function exit thread 0
Unwinding loop check_mutual_exclusion.0 iteration 1 file fischer2-3.c line 30 function check_mutual_exclusion thread 0
aborting path on assume(false) at file <builtin-library-exit> line 7 function exit thread 0
Unwinding loop check_mutual_exclusion.0 iteration 2 file fischer2-3.c line 30 function check_mutual_exclusion thread 0
Unwinding recursion search iteration 4
aborting path on assume(false) at file <builtin-library-exit> line 7 function exit thread 0
Unwinding loop check_mutual_exclusion.0 iteration 1 file fischer2-3.c line 30 function check_mutual_exclusion thread 0
aborting path on assume(false) at file <builtin-library-exit> line 7 function exit thread 0
Unwinding loop check_mutual_exclusion.0 iteration 2 file fischer2-3.c line 30 function check_mutual_exclusion thread 0
Unwinding recursion search iteration 2
Unwinding recursion search iteration 3
Unwinding recursion search iteration 4
Unwinding recursion search iteration 4
Unwinding recursion search iteration 4
aborting path on assume(false) at file <builtin-library-exit> line 7 function exit thread 0
Unwinding loop check_mutual_exclusion.0 iteration 1 file fischer2-3.c line 30 function check_mutual_exclusion thread 0
aborting path on assume(false) at file <builtin-library-exit> line 7 function exit thread 0
Unwinding loop check_mutual_exclusion.0 iteration 2 file fischer2-3.c line 30 function check_mutual_exclusion thread 0
Unwinding recursion search iteration 4
Unwinding recursion search iteration 3
Unwinding recursion search iteration 4
Unwinding recursion search iteration 4
Unwinding recursion search iteration 4
aborting path on assume(false) at file <builtin-library-exit> line 7 function exit thread 0
Unwinding loop check_mutual_exclusion.0 iteration 1 file fischer2-3.c line 30 function check_mutual_exclusion thread 0
aborting path on assume(false) at file <builtin-library-exit> line 7 function exit thread 0
Unwinding loop check_mutual_exclusion.0 iteration 2 file fischer2-3.c line 30 function check_mutual_exclusion thread 0
Unwinding recursion search iteration 4
Unwinding recursion search iteration 3
Unwinding recursion search iteration 4
Unwinding recursion search iteration 4
Unwinding recursion search iteration 4
aborting path on assume(false) at file <builtin-library-exit> line 7 function exit thread 0
Unwinding loop check_mutual_exclusion.0 iteration 1 file fischer2-3.c line 30 function check_mutual_exclusion thread 0
aborting path on assume(false) at file <builtin-library-exit> line 7 function exit thread 0
Unwinding loop check_mutual_exclusion.0 iteration 2 file fischer2-3.c line 30 function check_mutual_exclusion thread 0
Unwinding recursion search iteration 4
aborting path on assume(false) at file <builtin-library-exit> line 7 function exit thread 0
Unwinding loop check_mutual_exclusion.0 iteration 1 file fischer2-3.c line 30 function check_mutual_exclusion thread 0
aborting path on assume(false) at file <builtin-library-exit> line 7 function exit thread 0
Unwinding loop check_mutual_exclusion.0 iteration 2 file fischer2-3.c line 30 function check_mutual_exclusion thread 0
Unwinding recursion search iteration 3
Unwinding recursion search iteration 4
Unwinding recursion search iteration 4
Unwinding recursion search iteration 4
aborting path on assume(false) at file <builtin-library-exit> line 7 function exit thread 0
Unwinding loop check_mutual_exclusion.0 iteration 1 file fischer2-3.c line 30 function check_mutual_exclusion thread 0
aborting path on assume(false) at file <builtin-library-exit> line 7 function exit thread 0
Unwinding loop check_mutual_exclusion.0 iteration 2 file fischer2-3.c line 30 function check_mutual_exclusion thread 0
Unwinding recursion search iteration 4
Unwinding recursion search iteration 1
Unwinding recursion search iteration 2
Unwinding recursion search iteration 3
Unwinding recursion search iteration 4
Unwinding recursion search iteration 4
Unwinding recursion search iteration 4
aborting path on assume(false) at file <builtin-library-exit> line 7 function exit thread 0
Unwinding loop check_mutual_exclusion.0 iteration 1 file fischer2-3.c line 30 function check_mutual_exclusion thread 0
aborting path on assume(false) at file <builtin-library-exit> line 7 function exit thread 0
Unwinding loop check_mutual_exclusion.0 iteration 2 file fischer2-3.c line 30 function check_mutual_exclusion thread 0
Unwinding recursion search iteration 4
Unwinding recursion search iteration 3
Unwinding recursion search iteration 4
Unwinding recursion search iteration 4
Unwinding recursion search iteration 4
aborting path on assume(false) at file <builtin-library-exit> line 7 function exit thread 0
Unwinding loop check_mutual_exclusion.0 iteration 1 file fischer2-3.c line 30 function check_mutual_exclusion thread 0
aborting path on assume(false) at file <builtin-library-exit> line 7 function exit thread 0
Unwinding loop check_mutual_exclusion.0 iteration 2 file fischer2-3.c line 30 function check_mutual_exclusion thread 0
Unwinding recursion search iteration 4
Unwinding recursion search iteration 3
Unwinding recursion search iteration 4
Unwinding recursion search iteration 4
Unwinding recursion search iteration 4
aborting path on assume(false) at file <builtin-library-exit> line 7 function exit thread 0
Unwinding loop check_mutual_exclusion.0 iteration 1 file fischer2-3.c line 30 function check_mutual_exclusion thread 0
aborting path on assume(false) at file <builtin-library-exit> line 7 function exit thread 0
Unwinding loop check_mutual_exclusion.0 iteration 2 file fischer2-3.c line 30 function check_mutual_exclusion thread 0
Unwinding recursion search iteration 4
aborting path on assume(false) at file <builtin-library-exit> line 7 function exit thread 0
Unwinding loop check_mutual_exclusion.0 iteration 1 file fischer2-3.c line 30 function check_mutual_exclusion thread 0
aborting path on assume(false) at file <builtin-library-exit> line 7 function exit thread 0
Unwinding loop check_mutual_exclusion.0 iteration 2 file fischer2-3.c line 30 function check_mutual_exclusion thread 0
Unwinding recursion search iteration 3
Unwinding recursion search iteration 4
Unwinding recursion search iteration 4
Unwinding recursion search iteration 4
aborting path on assume(false) at file <builtin-library-exit> line 7 function exit thread 0
Unwinding loop check_mutual_exclusion.0 iteration 1 file fischer2-3.c line 30 function check_mutual_exclusion thread 0
aborting path on assume(false) at file <builtin-library-exit> line 7 function exit thread 0
Unwinding loop check_mutual_exclusion.0 iteration 2 file fischer2-3.c line 30 function check_mutual_exclusion thread 0
Unwinding recursion search iteration 4
Unwinding recursion search iteration 2
Unwinding recursion search iteration 3
Unwinding recursion search iteration 4
Unwinding recursion search iteration 4
Unwinding recursion search iteration 4
aborting path on assume(false) at file <builtin-library-exit> line 7 function exit thread 0
Unwinding loop check_mutual_exclusion.0 iteration 1 file fischer2-3.c line 30 function check_mutual_exclusion thread 0
aborting path on assume(false) at file <builtin-library-exit> line 7 function exit thread 0
Unwinding loop check_mutual_exclusion.0 iteration 2 file fischer2-3.c line 30 function check_mutual_exclusion thread 0
Unwinding recursion search iteration 4
Unwinding recursion search iteration 3
Unwinding recursion search iteration 4
Unwinding recursion search iteration 4
Unwinding recursion search iteration 4
aborting path on assume(false) at file <builtin-library-exit> line 7 function exit thread 0
Unwinding loop check_mutual_exclusion.0 iteration 1 file fischer2-3.c line 30 function check_mutual_exclusion thread 0
aborting path on assume(false) at file <builtin-library-exit> line 7 function exit thread 0
Unwinding loop check_mutual_exclusion.0 iteration 2 file fischer2-3.c line 30 function check_mutual_exclusion thread 0
Unwinding recursion search iteration 4
Unwinding recursion search iteration 3
Unwinding recursion search iteration 4
Unwinding recursion search iteration 4
Unwinding recursion search iteration 4
aborting path on assume(false) at file <builtin-library-exit> line 7 function exit thread 0
Unwinding loop check_mutual_exclusion.0 iteration 1 file fischer2-3.c line 30 function check_mutual_exclusion thread 0
aborting path on assume(false) at file <builtin-library-exit> line 7 function exit thread 0
Unwinding loop check_mutual_exclusion.0 iteration 2 file fischer2-3.c line 30 function check_mutual_exclusion thread 0
Unwinding recursion search iteration 4
aborting path on assume(false) at file <builtin-library-exit> line 7 function exit thread 0
Unwinding loop check_mutual_exclusion.0 iteration 1 file fischer2-3.c line 30 function check_mutual_exclusion thread 0
aborting path on assume(false) at file <builtin-library-exit> line 7 function exit thread 0
Unwinding loop check_mutual_exclusion.0 iteration 2 file fischer2-3.c line 30 function check_mutual_exclusion thread 0
Unwinding recursion search iteration 3
Unwinding recursion search iteration 4
Unwinding recursion search iteration 4
Unwinding recursion search iteration 4
aborting path on assume(false) at file <builtin-library-exit> line 7 function exit thread 0
Unwinding loop check_mutual_exclusion.0 iteration 1 file fischer2-3.c line 30 function check_mutual_exclusion thread 0
aborting path on assume(false) at file <builtin-library-exit> line 7 function exit thread 0
Unwinding loop check_mutual_exclusion.0 iteration 2 file fischer2-3.c line 30 function check_mutual_exclusion thread 0
Unwinding recursion search iteration 4
Unwinding recursion search iteration 2
Unwinding recursion search iteration 3
Unwinding recursion search iteration 4
Unwinding recursion search iteration 4
Unwinding recursion search iteration 4
aborting path on assume(false) at file <builtin-library-exit> line 7 function exit thread 0
Unwinding loop check_mutual_exclusion.0 iteration 1 file fischer2-3.c line 30 function check_mutual_exclusion thread 0
aborting path on assume(false) at file <builtin-library-exit> line 7 function exit thread 0
Unwinding loop check_mutual_exclusion.0 iteration 2 file fischer2-3.c line 30 function check_mutual_exclusion thread 0
Unwinding recursion search iteration 4
Unwinding recursion search iteration 3
Unwinding recursion search iteration 4
Unwinding recursion search iteration 4
Unwinding recursion search iteration 4
aborting path on assume(false) at file <builtin-library-exit> line 7 function exit thread 0
Unwinding loop check_mutual_exclusion.0 iteration 1 file fischer2-3.c line 30 function check_mutual_exclusion thread 0
aborting path on assume(false) at file <builtin-library-exit> line 7 function exit thread 0
Unwinding loop check_mutual_exclusion.0 iteration 2 file fischer2-3.c line 30 function check_mutual_exclusion thread 0
Unwinding recursion search iteration 4
Unwinding recursion search iteration 3
Unwinding recursion search iteration 4
Unwinding recursion search iteration 4
Unwinding recursion search iteration 4
aborting path on assume(false) at file <builtin-library-exit> line 7 function exit thread 0
Unwinding loop check_mutual_exclusion.0 iteration 1 file fischer2-3.c line 30 function check_mutual_exclusion thread 0
aborting path on assume(false) at file <builtin-library-exit> line 7 function exit thread 0
Unwinding loop check_mutual_exclusion.0 iteration 2 file fischer2-3.c line 30 function check_mutual_exclusion thread 0
Unwinding recursion search iteration 4
aborting path on assume(false) at file <builtin-library-exit> line 7 function exit thread 0
Unwinding loop check_mutual_exclusion.0 iteration 1 file fischer2-3.c line 30 function check_mutual_exclusion thread 0
aborting path on assume(false) at file <builtin-library-exit> line 7 function exit thread 0
Unwinding loop check_mutual_exclusion.0 iteration 2 file fischer2-3.c line 30 function check_mutual_exclusion thread 0
Unwinding recursion search iteration 3
Unwinding recursion search iteration 4
Unwinding recursion search iteration 4
Unwinding recursion search iteration 4
aborting path on assume(false) at file <builtin-library-exit> line 7 function exit thread 0
Unwinding loop check_mutual_exclusion.0 iteration 1 file fischer2-3.c line 30 function check_mutual_exclusion thread 0
aborting path on assume(false) at file <builtin-library-exit> line 7 function exit thread 0
Unwinding loop check_mutual_exclusion.0 iteration 2 file fischer2-3.c line 30 function check_mutual_exclusion thread 0
Unwinding recursion search iteration 4
aborting path on assume(false) at file <builtin-library-exit> line 7 function exit thread 0
Unwinding loop check_mutual_exclusion.0 iteration 1 file fischer2-3.c line 30 function check_mutual_exclusion thread 0
aborting path on assume(false) at file <builtin-library-exit> line 7 function exit thread 0
Unwinding loop check_mutual_exclusion.0 iteration 2 file fischer2-3.c line 30 function check_mutual_exclusion thread 0
Unwinding recursion search iteration 2
Unwinding recursion search iteration 3
Unwinding recursion search iteration 4
Unwinding recursion search iteration 4
Unwinding recursion search iteration 4
aborting path on assume(false) at file <builtin-library-exit> line 7 function exit thread 0
Unwinding loop check_mutual_exclusion.0 iteration 1 file fischer2-3.c line 30 function check_mutual_exclusion thread 0
aborting path on assume(false) at file <builtin-library-exit> line 7 function exit thread 0
Unwinding loop check_mutual_exclusion.0 iteration 2 file fischer2-3.c line 30 function check_mutual_exclusion thread 0
Unwinding recursion search iteration 4
Unwinding recursion search iteration 3
Unwinding recursion search iteration 4
Unwinding recursion search iteration 4
Unwinding recursion search iteration 4
aborting path on assume(false) at file <builtin-library-exit> line 7 function exit thread 0
Unwinding loop check_mutual_exclusion.0 iteration 1 file fischer2-3.c line 30 function check_mutual_exclusion thread 0
aborting path on assume(false) at file <builtin-library-exit> line 7 function exit thread 0
Unwinding loop check_mutual_exclusion.0 iteration 2 file fischer2-3.c line 30 function check_mutual_exclusion thread 0
Unwinding recursion search iteration 4
Unwinding recursion search iteration 3
Unwinding recursion search iteration 4
Unwinding recursion search iteration 4
Unwinding recursion search iteration 4
aborting path on assume(false) at file <builtin-library-exit> line 7 function exit thread 0
Unwinding loop check_mutual_exclusion.0 iteration 1 file fischer2-3.c line 30 function check_mutual_exclusion thread 0
aborting path on assume(false) at file <builtin-library-exit> line 7 function exit thread 0
Unwinding loop check_mutual_exclusion.0 iteration 2 file fischer2-3.c line 30 function check_mutual_exclusion thread 0
Unwinding recursion search iteration 4
aborting path on assume(false) at file <builtin-library-exit> line 7 function exit thread 0
Unwinding loop check_mutual_exclusion.0 iteration 1 file fischer2-3.c line 30 function check_mutual_exclusion thread 0
aborting path on assume(false) at file <builtin-library-exit> line 7 function exit thread 0
Unwinding loop check_mutual_exclusion.0 iteration 2 file fischer2-3.c line 30 function check_mutual_exclusion thread 0
Unwinding recursion search iteration 3
Unwinding recursion search iteration 4
Unwinding recursion search iteration 4
Unwinding recursion search iteration 4
aborting path on assume(false) at file <builtin-library-exit> line 7 function exit thread 0
Unwinding loop check_mutual_exclusion.0 iteration 1 file fischer2-3.c line 30 function check_mutual_exclusion thread 0
aborting path on assume(false) at file <builtin-library-exit> line 7 function exit thread 0
Unwinding loop check_mutual_exclusion.0 iteration 2 file fischer2-3.c line 30 function check_mutual_exclusion thread 0
Unwinding recursion search iteration 4
Unwinding loop check_mutual_exclusion.0 iteration 1 file fischer2-3.c line 30 function check_mutual_exclusion thread 0
Unwinding loop check_mutual_exclusion.0 iteration 2 file fischer2-3.c line 30 function check_mutual_exclusion thread 0
Unwinding recursion search iteration 1
Unwinding recursion search iteration 2
Unwinding recursion search iteration 3
Unwinding recursion search iteration 4
Unwinding recursion search iteration 4
Unwinding recursion search iteration 4
aborting path on assume(false) at file <builtin-library-exit> line 7 function exit thread 0
Unwinding loop check_mutual_exclusion.0 iteration 1 file fischer2-3.c line 30 function check_mutual_exclusion thread 0
aborting path on assume(false) at file <builtin-library-exit> line 7 function exit thread 0
Unwinding loop check_mutual_exclusion.0 iteration 2 file fischer2-3.c line 30 function check_mutual_exclusion thread 0
Unwinding recursion search iteration 4
Unwinding recursion search iteration 3
Unwinding recursion search iteration 4
Unwinding recursion search iteration 4
Unwinding recursion search iteration 4
aborting path on assume(false) at file <builtin-library-exit> line 7 function exit thread 0
Unwinding loop check_mutual_exclusion.0 iteration 1 file fischer2-3.c line 30 function check_mutual_exclusion thread 0
aborting path on assume(false) at file <builtin-library-exit> line 7 function exit thread 0
Unwinding loop check_mutual_exclusion.0 iteration 2 file fischer2-3.c line 30 function check_mutual_exclusion thread 0
Unwinding recursion search iteration 4
Unwinding recursion search iteration 3
Unwinding recursion search iteration 4
Unwinding recursion search iteration 4
Unwinding recursion search iteration 4
aborting path on assume(false) at file <builtin-library-exit> line 7 function exit thread 0
Unwinding loop check_mutual_exclusion.0 iteration 1 file fischer2-3.c line 30 function check_mutual_exclusion thread 0
aborting path on assume(false) at file <builtin-library-exit> line 7 function exit thread 0
Unwinding loop check_mutual_exclusion.0 iteration 2 file fischer2-3.c line 30 function check_mutual_exclusion thread 0
Unwinding recursion search iteration 4
aborting path on assume(false) at file <builtin-library-exit> line 7 function exit thread 0
Unwinding loop check_mutual_exclusion.0 iteration 1 file fischer2-3.c line 30 function check_mutual_exclusion thread 0
aborting path on assume(false) at file <builtin-library-exit> line 7 function exit thread 0
Unwinding loop check_mutual_exclusion.0 iteration 2 file fischer2-3.c line 30 function check_mutual_exclusion thread 0
Unwinding recursion search iteration 3
Unwinding recursion search iteration 4
Unwinding recursion search iteration 4
Unwinding recursion search iteration 4
aborting path on assume(false) at file <builtin-library-exit> line 7 function exit thread 0
Unwinding loop check_mutual_exclusion.0 iteration 1 file fischer2-3.c line 30 function check_mutual_exclusion thread 0
aborting path on assume(false) at file <builtin-library-exit> line 7 function exit thread 0
Unwinding loop check_mutual_exclusion.0 iteration 2 file fischer2-3.c line 30 function check_mutual_exclusion thread 0
Unwinding recursion search iteration 4
Unwinding recursion search iteration 2
Unwinding recursion search iteration 3
Unwinding recursion search iteration 4
Unwinding recursion search iteration 4
Unwinding recursion search iteration 4
aborting path on assume(false) at file <builtin-library-exit> line 7 function exit thread 0
Unwinding loop check_mutual_exclusion.0 iteration 1 file fischer2-3.c line 30 function check_mutual_exclusion thread 0
aborting path on assume(false) at file <builtin-library-exit> line 7 function exit thread 0
Unwinding loop check_mutual_exclusion.0 iteration 2 file fischer2-3.c line 30 function check_mutual_exclusion thread 0
Unwinding recursion search iteration 4
Unwinding recursion search iteration 3
Unwinding recursion search iteration 4
Unwinding recursion search iteration 4
Unwinding recursion search iteration 4
aborting path on assume(false) at file <builtin-library-exit> line 7 function exit thread 0
Unwinding loop check_mutual_exclusion.0 iteration 1 file fischer2-3.c line 30 function check_mutual_exclusion thread 0
aborting path on assume(false) at file <builtin-library-exit> line 7 function exit thread 0
Unwinding loop check_mutual_exclusion.0 iteration 2 file fischer2-3.c line 30 function check_mutual_exclusion thread 0
Unwinding recursion search iteration 4
Unwinding recursion search iteration 3
Unwinding recursion search iteration 4
Unwinding recursion search iteration 4
Unwinding recursion search iteration 4
aborting path on assume(false) at file <builtin-library-exit> line 7 function exit thread 0
Unwinding loop check_mutual_exclusion.0 iteration 1 file fischer2-3.c line 30 function check_mutual_exclusion thread 0
aborting path on assume(false) at file <builtin-library-exit> line 7 function exit thread 0
Unwinding loop check_mutual_exclusion.0 iteration 2 file fischer2-3.c line 30 function check_mutual_exclusion thread 0
Unwinding recursion search iteration 4
aborting path on assume(false) at file <builtin-library-exit> line 7 function exit thread 0
Unwinding loop check_mutual_exclusion.0 iteration 1 file fischer2-3.c line 30 function check_mutual_exclusion thread 0
aborting path on assume(false) at file <builtin-library-exit> line 7 function exit thread 0
Unwinding loop check_mutual_exclusion.0 iteration 2 file fischer2-3.c line 30 function check_mutual_exclusion thread 0
Unwinding recursion search iteration 3
Unwinding recursion search iteration 4
Unwinding recursion search iteration 4
Unwinding recursion search iteration 4
aborting path on assume(false) at file <builtin-library-exit> line 7 function exit thread 0
Unwinding loop check_mutual_exclusion.0 iteration 1 file fischer2-3.c line 30 function check_mutual_exclusion thread 0
aborting path on assume(false) at file <builtin-library-exit> line 7 function exit thread 0
Unwinding loop check_mutual_exclusion.0 iteration 2 file fischer2-3.c line 30 function check_mutual_exclusion thread 0
Unwinding recursion search iteration 4
Unwinding recursion search iteration 2
Unwinding recursion search iteration 3
Unwinding recursion search iteration 4
Unwinding recursion search iteration 4
Unwinding recursion search iteration 4
aborting path on assume(false) at file <builtin-library-exit> line 7 function exit thread 0
Unwinding loop check_mutual_exclusion.0 iteration 1 file fischer2-3.c line 30 function check_mutual_exclusion thread 0
aborting path on assume(false) at file <builtin-library-exit> line 7 function exit thread 0
Unwinding loop check_mutual_exclusion.0 iteration 2 file fischer2-3.c line 30 function check_mutual_exclusion thread 0
Unwinding recursion search iteration 4
Unwinding recursion search iteration 3
Unwinding recursion search iteration 4
Unwinding recursion search iteration 4
Unwinding recursion search iteration 4
aborting path on assume(false) at file <builtin-library-exit> line 7 function exit thread 0
Unwinding loop check_mutual_exclusion.0 iteration 1 file fischer2-3.c line 30 function check_mutual_exclusion thread 0
aborting path on assume(false) at file <builtin-library-exit> line 7 function exit thread 0
Unwinding loop check_mutual_exclusion.0 iteration 2 file fischer2-3.c line 30 function check_mutual_exclusion thread 0
Unwinding recursion search iteration 4
Unwinding recursion search iteration 3
Unwinding recursion search iteration 4
Unwinding recursion search iteration 4
Unwinding recursion search iteration 4
aborting path on assume(false) at file <builtin-library-exit> line 7 function exit thread 0
Unwinding loop check_mutual_exclusion.0 iteration 1 file fischer2-3.c line 30 function check_mutual_exclusion thread 0
aborting path on assume(false) at file <builtin-library-exit> line 7 function exit thread 0
Unwinding loop check_mutual_exclusion.0 iteration 2 file fischer2-3.c line 30 function check_mutual_exclusion thread 0
Unwinding recursion search iteration 4
aborting path on assume(false) at file <builtin-library-exit> line 7 function exit thread 0
Unwinding loop check_mutual_exclusion.0 iteration 1 file fischer2-3.c line 30 function check_mutual_exclusion thread 0
aborting path on assume(false) at file <builtin-library-exit> line 7 function exit thread 0
Unwinding loop check_mutual_exclusion.0 iteration 2 file fischer2-3.c line 30 function check_mutual_exclusion thread 0
Unwinding recursion search iteration 3
Unwinding recursion search iteration 4
Unwinding recursion search iteration 4
Unwinding recursion search iteration 4
aborting path on assume(false) at file <builtin-library-exit> line 7 function exit thread 0
Unwinding loop check_mutual_exclusion.0 iteration 1 file fischer2-3.c line 30 function check_mutual_exclusion thread 0
aborting path on assume(false) at file <builtin-library-exit> line 7 function exit thread 0
Unwinding loop check_mutual_exclusion.0 iteration 2 file fischer2-3.c line 30 function check_mutual_exclusion thread 0
Unwinding recursion search iteration 4
aborting path on assume(false) at file <builtin-library-exit> line 7 function exit thread 0
Unwinding loop check_mutual_exclusion.0 iteration 1 file fischer2-3.c line 30 function check_mutual_exclusion thread 0
aborting path on assume(false) at file <builtin-library-exit> line 7 function exit thread 0
Unwinding loop check_mutual_exclusion.0 iteration 2 file fischer2-3.c line 30 function check_mutual_exclusion thread 0
Unwinding recursion search iteration 2
Unwinding recursion search iteration 3
Unwinding recursion search iteration 4
Unwinding recursion search iteration 4
Unwinding recursion search iteration 4
aborting path on assume(false) at file <builtin-library-exit> line 7 function exit thread 0
Unwinding loop check_mutual_exclusion.0 iteration 1 file fischer2-3.c line 30 function check_mutual_exclusion thread 0
aborting path on assume(false) at file <builtin-library-exit> line 7 function exit thread 0
Unwinding loop check_mutual_exclusion.0 iteration 2 file fischer2-3.c line 30 function check_mutual_exclusion thread 0
Unwinding recursion search iteration 4
Unwinding recursion search iteration 3
Unwinding recursion search iteration 4
Unwinding recursion search iteration 4
Unwinding recursion search iteration 4
aborting path on assume(false) at file <builtin-library-exit> line 7 function exit thread 0
Unwinding loop check_mutual_exclusion.0 iteration 1 file fischer2-3.c line 30 function check_mutual_exclusion thread 0
aborting path on assume(false) at file <builtin-library-exit> line 7 function exit thread 0
Unwinding loop check_mutual_exclusion.0 iteration 2 file fischer2-3.c line 30 function check_mutual_exclusion thread 0
Unwinding recursion search iteration 4
Unwinding recursion search iteration 3
Unwinding recursion search iteration 4
Unwinding recursion search iteration 4
Unwinding recursion search iteration 4
aborting path on assume(false) at file <builtin-library-exit> line 7 function exit thread 0
Unwinding loop check_mutual_exclusion.0 iteration 1 file fischer2-3.c line 30 function check_mutual_exclusion thread 0
aborting path on assume(false) at file <builtin-library-exit> line 7 function exit thread 0
Unwinding loop check_mutual_exclusion.0 iteration 2 file fischer2-3.c line 30 function check_mutual_exclusion thread 0
Unwinding recursion search iteration 4
aborting path on assume(false) at file <builtin-library-exit> line 7 function exit thread 0
Unwinding loop check_mutual_exclusion.0 iteration 1 file fischer2-3.c line 30 function check_mutual_exclusion thread 0
aborting path on assume(false) at file <builtin-library-exit> line 7 function exit thread 0
Unwinding loop check_mutual_exclusion.0 iteration 2 file fischer2-3.c line 30 function check_mutual_exclusion thread 0
Unwinding recursion search iteration 3
Unwinding recursion search iteration 4
Unwinding recursion search iteration 4
Unwinding recursion search iteration 4
aborting path on assume(false) at file <builtin-library-exit> line 7 function exit thread 0
Unwinding loop check_mutual_exclusion.0 iteration 1 file fischer2-3.c line 30 function check_mutual_exclusion thread 0
aborting path on assume(false) at file <builtin-library-exit> line 7 function exit thread 0
Unwinding loop check_mutual_exclusion.0 iteration 2 file fischer2-3.c line 30 function check_mutual_exclusion thread 0
Unwinding recursion search iteration 4
size of program expression: 11681 steps
simple slicing removed 0 assignments
Generated 0 VCC(s), 0 remaining after simplification
VERIFICATION SUCCESSFUL
