Node  1: Res =  4: Type =  0: edges:    0 328 648  66  14 442 799 528 197 455  85 564 748 186 328 711 598 841  51 692 143 380 908 103 327 118 832 804 389 340 592  28 667 986  94 426 425 892 9538888
Node  2: Res =  5: Type =  1: edges:    0   0 183 837 220 510 545 563  94 595 252 984 720 157  84  44 274 662 847 4081001 183 182 411 914 275 836 336 912 786 9571001 566 885 835 531 138 377  91 979
Node  3: Res =  8: Type =  1: edges:    0   0   0 961 689 245 790 478 264 449  69 672 193 999 853 349 910 873 182 991 782 713 692 780  22 320 358 552 458 734 642 434 448 730 138 882 974 674 104 235
Node  4: Res =  8: Type =  0: edges:    0   0   0   0 652  59 662 248 407 315 118 335 303 645 793 740 168 815  58 525 364 515 256 752 694 450 479 578  75 196 249 178 430 114 843 828 172 502  73 325
Node  5: Res =  3: Type =  1: edges:    0   0   0   0   0 405 865 581 195 602 749   7 659  17 371 919  19 120 611 468 344 186 288 539 180 212 714 293  52 539 211 300 358 535 113  40 939 723 366 131
Node  6: Res =  5: Type =  0: edges:    0   0   0   0   0   0 138 727 877 254 644 895 1191000 106 462 931 393 746 108 604 457 400 656 742 356 955 845 890 813 884 572 280 247 449 348 105 332  72 981
Node  7: Res =  7: Type =  0: edges:    0   0   0   0   0   0   0 873 449 204 724 910 880 114 399 987 718 855 131 117 340 486  69 182 120 627 811 691 906  56 885 251 908 214  69 632 544 529 248 992
Node  8: Res = 10: Type =  0: edges:    0   0   0   0   0   0   0   0 645 356  82  41  87 545 642 217 661 981 448 475 909 567 100 717   2   3 518 8861002 169 846  68 800 387 342  45 123 820 761 767
Node  9: Res =  1: Type =  0: edges:    0   0   0   0   0   0   0   0   0 554   6 385 193 222 792 919 669 264 825 982 109 286 983 112 549 612 859 718 455 926 261 588  11 306 710 577 812 220 496 652
Node 10: Res =  9: Type =  0: edges:    0   0   0   0   0   0   0   0   0   0 783 711 468 572 628 882 581 196 607 690 227 587 547 776 945 403 237 397  72 497 984 830 548 437 404 358 657 645 755 173
Node 11: Res =  3: Type =  1: edges:    0   0   0   0   0   0   0   0   0   0   0 884 102 852 255 984 177 450 588 866 677 921 156 196 863 304 432   3 375 928 733 950 220 167 352 323 569 996  75 742
Node 12: Res =  7: Type =  1: edges:    0   0   0   0   0   0   0   0   0   0   0   0 369 732 953 623 713 127  70  45 738 492 711 893 687 317 194 864 319 314 536 797   8 755 964 359  75 276  98 149
Node 13: Res =  7: Type =  1: edges:    0   0   0   0   0   0   0   0   0   0   0   0   0 250 383 458 201   3 916  73 821 706 811 310 414 447 743 730 387 604 795 446 137 589 453 637 296 557 711 572
Node 14: Res =  5: Type =  1: edges:    0   0   0   0   0   0   0   0   0   0   0   0   0   0 332 126 601 715 329 801 463 991 874  27 694 428  83 106 874 825 581   4 172 119 450 309 454 648 691 749
Node 15: Res =  7: Type =  0: edges:    0   0   0   0   0   0   0   0   0   0   0   0   0   0   0  64 603 751 396 474 349 856 549 896 316 537 513  89 228 940 171  79 557 741 406 307 912 524 756 966
Node 16: Res =  9: Type =  1: edges:    0   0   0   0   0   0   0   0   0   0   0   0   0   0   0   0 655 470  95 800 279 697 294 674 917 388 527 463  27 589 999 539 677 972 222 593  49 525 331 200
Node 17: Res =  8: Type =  0: edges:    0   0   0   0   0   0   0   0   0   0   0   0   0   0   0   0   0 469 330 952 190 476 604 405 571 147 683  11 186 355 673 573 627 133 600 213 877 884 635 593
Node 18: Res =  6: Type =  0: edges:    0   0   0   0   0   0   0   0   0   0   0   0   0   0   0   0   0   0 641 628 555 840 456 541 306 785 490 241   4 839 645 320 731 326 331 916 426   1 486  50
Node 19: Res =  1: Type =  0: edges:    0   0   0   0   0   0   0   0   0   0   0   0   0   0   0   0   0   0   0 263 502 713 897  92 816 868 478 187 166 315 388 706 367 170 941 353 921 777 998 239
Node 20: Res =  8: Type =  0: edges:    0   0   0   0   0   0   0   0   0   0   0   0   0   0   0   0   0   0   0   0 315 164 492 315 396 287 942 224 549 442 936 190 279 495 803 757 427 968  69 814
Node 21: Res =  3: Type =  1: edges:    0   0   0   0   0   0   0   0   0   0   0   0   0   0   0   0   0   0   0   0   0 729 356 280 648 879 275 632 127  87 946 291 324   4 686 610 946 909 905 131
Node 22: Res =  1: Type =  0: edges:    0   0   0   0   0   0   0   0   0   0   0   0   0   0   0   0   0   0   0   0   0   0 409 829 640 1631002 605 980 813  20 906 540 376 183 933 252 203 562 378
Node 23: Res =  5: Type =  1: edges:    0   0   0   0   0   0   0   0   0   0   0   0   0   0   0   0   0   0   0   0   0   0   0 414 612 254  97 220 945 752 870 821  84 961 228 658 344 136 657 948
Node 24: Res =  5: Type =  1: edges:    0   0   0   0   0   0   0   0   0   0   0   0   0   0   0   0   0   0   0   0   0   0   0   0 968 765 753  87 693 429  84 896 736 461 930 986 621 286 985 717
Node 25: Res =  2: Type =  0: edges:    0   0   0   0   0   0   0   0   0   0   0   0   0   0   0   0   0   0   0   0   0   0   0   0   0 212 118 746  41 824 719 699 165 601 353 110 459 566 823 969
Node 26: Res =  5: Type =  1: edges:    0   0   0   0   0   0   0   0   0   0   0   0   0   0   0   0   0   0   0   0   0   0   0   0   0   0 660 490 738 299 223 197 226 206 563 511 937  23 761 862
Node 27: Res =  1: Type =  1: edges:    0   0   0   0   0   0   0   0   0   0   0   0   0   0   0   0   0   0   0   0   0   0   0   0   0   0   0 351 275 445 816 719 609 414 818 465 618 381 285 585
Node 28: Res = 10: Type =  0: edges:    0   0   0   0   0   0   0   0   0   0   0   0   0   0   0   0   0   0   0   0   0   0   0   0   0   0   0   0 990 678 675 286 647 617 257 598 177 514 532 948
Node 29: Res =  1: Type =  1: edges:    0   0   0   0   0   0   0   0   0   0   0   0   0   0   0   0   0   0   0   0   0   0   0   0   0   0   0   0   0 180 642 488 200  84  47 919 693 206 734 903
Node 30: Res =  8: Type =  0: edges:    0   0   0   0   0   0   0   0   0   0   0   0   0   0   0   0   0   0   0   0   0   0   0   0   0   0   0   0   0   0 933 151  46 616 138 470  35 423 114 651
Node 31: Res =  9: Type =  0: edges:    0   0   0   0   0   0   0   0   0   0   0   0   0   0   0   0   0   0   0   0   0   0   0   0   0   0   0   0   0   0   0 574 191 241 519 208 377 444 849 610
Node 32: Res =  7: Type =  1: edges:    0   0   0   0   0   0   0   0   0   0   0   0   0   0   0   0   0   0   0   0   0   0   0   0   0   0   0   0   0   0   0   0 656 305 115 861  36  15 428 642
Node 33: Res =  9: Type =  0: edges:    0   0   0   0   0   0   0   0   0   0   0   0   0   0   0   0   0   0   0   0   0   0   0   0   0   0   0   0   0   0   0   0   0 687 561 716 154 595 884  13
Node 34: Res =  8: Type =  0: edges:    0   0   0   0   0   0   0   0   0   0   0   0   0   0   0   0   0   0   0   0   0   0   0   0   0   0   0   0   0   0   0   0   0   0 724 308 497 710 572 451
Node 35: Res = 10: Type =  0: edges:    0   0   0   0   0   0   0   0   0   0   0   0   0   0   0   0   0   0   0   0   0   0   0   0   0   0   0   0   0   0   0   0   0   0   0  43 186 402 721 841
Node 36: Res =  5: Type =  1: edges:    0   0   0   0   0   0   0   0   0   0   0   0   0   0   0   0   0   0   0   0   0   0   0   0   0   0   0   0   0   0   0   0   0   0   0   0 446 488 849 619
Node 37: Res =  5: Type =  0: edges:    0   0   0   0   0   0   0   0   0   0   0   0   0   0   0   0   0   0   0   0   0   0   0   0   0   0   0   0   0   0   0   0   0   0   0   0   0 194 559  98
Node 38: Res =  9: Type =  1: edges:    0   0   0   0   0   0   0   0   0   0   0   0   0   0   0   0   0   0   0   0   0   0   0   0   0   0   0   0   0   0   0   0   0   0   0   0   0   0 438 537
Node 39: Res =  8: Type =  1: edges:    0   0   0   0   0   0   0   0   0   0   0   0   0   0   0   0   0   0   0   0   0   0   0   0   0   0   0   0   0   0   0   0   0   0   0   0   0   0   0 843
Node 40: Res =  2: Type =  0: edges:    0   0   0   0   0   0   0   0   0   0   0   0   0   0   0   0   0   0   0   0   0   0   0   0   0   0   0   0   0   0   0   0   0   0   0   0   0   0   0   0
=========================================================================
Output NDL: robot1.ndl
Bound for NDL:240000
Output NDL: robot2.ndl
Bound for NDL:159
Output NDL: robot3.ndl
Bound for NDL:72
Output NDL: robot4.ndl
Bound for NDL:108
Output NDL: robot5.ndl
Bound for NDL:126
Output NDL: robot6.ndl
Bound for NDL:135
Output NDL: robot7.ndl
Bound for NDL:140
Output NDL: robot8.ndl
Bound for NDL:142
Output NDL: robot9.ndl
Bound for NDL:143
Output NDL: robot10.ndl
Bound for NDL:144
